#
# There is insufficient memory for the Java Runtime Environment to continue.
# Native memory allocation (malloc) failed to allocate 219136 bytes for Chunk::new
# Possible reasons:
#   The system is out of physical RAM or swap space
#   In 32 bit mode, the process size limit was hit
# Possible solutions:
#   Reduce memory load on the system
#   Increase physical memory or swap space
#   Check if swap backing store is full
#   Use 64 bit Java on a 64 bit OS
#   Decrease Java heap size (-Xmx/-Xms)
#   Decrease number of Java threads
#   Decrease Java thread stack sizes (-Xss)
#   Set larger code cache with -XX:ReservedCodeCacheSize=
# This output file may be truncated or incomplete.
#
#  Out of Memory Error (allocation.cpp:390), pid=16876, tid=0x0000000000003aa0
#
# JRE version: Java(TM) SE Runtime Environment (8.0_92-b14) (build 1.8.0_92-b14)
# Java VM: Java HotSpot(TM) 64-Bit Server VM (25.92-b14 mixed mode windows-amd64 compressed oops)
# Failed to write core dump. Minidumps are not enabled by default on client versions of Windows
#

---------------  T H R E A D  ---------------

Current thread (0x0000000016898800):  JavaThread "C2 CompilerThread1" daemon [_thread_in_native, id=15008, stack(0x0000000017c80000,0x0000000017d80000)]

Stack: [0x0000000017c80000,0x0000000017d80000]
[error occurred during error reporting (printing stack bounds), id 0xc0000005]

Native frames: (J=compiled Java code, j=interpreted, Vv=VM code, C=native code)


Current CompileTask:
C2:   4291 1212       4       com.android.dx.ssa.SsaBasicBlock::newFromRop (183 bytes)


---------------  P R O C E S S  ---------------

Java Threads: ( => current thread )
  0x00000000168ab800 JavaThread "Service Thread" daemon [_thread_blocked, id=20300, stack(0x0000000017f80000,0x0000000018080000)]
  0x00000000168a6000 JavaThread "C1 CompilerThread3" daemon [_thread_blocked, id=7796, stack(0x0000000017e80000,0x0000000017f80000)]
  0x00000000168a2000 JavaThread "C2 CompilerThread2" daemon [_thread_in_native, id=16060, stack(0x0000000017d80000,0x0000000017e80000)]
=>0x0000000016898800 JavaThread "C2 CompilerThread1" daemon [_thread_in_native, id=15008, stack(0x0000000017c80000,0x0000000017d80000)]
  0x0000000016892800 JavaThread "C2 CompilerThread0" daemon [_thread_in_native, id=15584, stack(0x0000000017b80000,0x0000000017c80000)]
  0x0000000016891800 JavaThread "Attach Listener" daemon [_thread_blocked, id=7104, stack(0x0000000017a80000,0x0000000017b80000)]
  0x0000000016890800 JavaThread "Signal Dispatcher" daemon [_thread_blocked, id=15728, stack(0x0000000017980000,0x0000000017a80000)]
  0x0000000016841800 JavaThread "Finalizer" daemon [_thread_blocked, id=12556, stack(0x0000000017790000,0x0000000017890000)]
  0x0000000016816000 JavaThread "Reference Handler" daemon [_thread_blocked, id=13096, stack(0x0000000017690000,0x0000000017790000)]
  0x0000000002867800 JavaThread "main" [_thread_in_vm, id=19128, stack(0x0000000002760000,0x0000000002860000)]

Other Threads:
  0x000000001549f800 VMThread [stack: 0x0000000017590000,0x0000000017690000] [id=11032]
  0x000000001691b800 WatcherThread [stack: 0x0000000018080000,0x0000000018180000] [id=19624]

VM state:not at safepoint (normal execution)

VM Mutex/Monitor currently owned by a thread: None

Heap:
 PSYoungGen      total 38400K, used 18370K [0x00000000eab00000, 0x00000000ed580000, 0x0000000100000000)
  eden space 33280K, 39% used [0x00000000eab00000,0x00000000eb7f3e18,0x00000000ecb80000)
  from space 5120K, 99% used [0x00000000ecb80000,0x00000000ed07cac0,0x00000000ed080000)
  to   space 5120K, 0% used [0x00000000ed080000,0x00000000ed080000,0x00000000ed580000)
 ParOldGen       total 87552K, used 5672K [0x00000000c0000000, 0x00000000c5580000, 0x00000000eab00000)
  object space 87552K, 6% used [0x00000000c0000000,0x00000000c058a1e0,0x00000000c5580000)
 Metaspace       used 5471K, capacity 6832K, committed 7040K, reserved 1056768K
  class space    used 549K, capacity 616K, committed 640K, reserved 1048576K

Card table byte_map: [0x0000000011d20000,0x0000000011f30000] byte_map_base: 0x0000000011720000

Marking Bits: (ParMarkBitMap*) 0x000000006e7964f0
 Begin Bits: [0x0000000012890000, 0x0000000013890000)
 End Bits:   [0x0000000013890000, 0x0000000014890000)

Polling page: 0x0000000002610000

CodeCache: size=245760Kb used=5050Kb max_used=5050Kb free=240709Kb
 bounds [0x0000000002960000, 0x0000000002e60000, 0x0000000011960000]
 total_blobs=1469 nmethods=1211 adapters=171
 compilation: enabled

Compilation events (10 events):
Event: 4.268 Thread 0x00000000168a6000 nmethod 1216 0x0000000002e4b690 code [0x0000000002e4b800, 0x0000000002e4bae8]
Event: 4.268 Thread 0x00000000168a6000 1217       3       java.util.HashMap$EntryIterator::next (5 bytes)
Event: 4.268 Thread 0x00000000168a6000 nmethod 1217 0x0000000002e4b210 code [0x0000000002e4b380, 0x0000000002e4b588]
Event: 4.268 Thread 0x0000000016892800 1218       4       com.android.dx.ssa.DeadCodeRemover::isCircularNoSideEffect (140 bytes)
Event: 4.269 Thread 0x00000000168a6000 1219       3       com.android.dx.ssa.SsaMethod::mapRegisters (87 bytes)
Event: 4.270 Thread 0x00000000168a6000 nmethod 1219 0x0000000002e51b10 code [0x0000000002e51d80, 0x0000000002e52ee8]
Event: 4.275 Thread 0x00000000168a6000 1220       3       java.lang.String::replace (127 bytes)
Event: 4.276 Thread 0x00000000168a6000 nmethod 1220 0x0000000002e4cc10 code [0x0000000002e4cdc0, 0x0000000002e4d470]
Event: 4.277 Thread 0x00000000168a6000 1221   !   3       com.android.dx.rop.code.RegisterSpecSet::put (104 bytes)
Event: 4.279 Thread 0x00000000168a6000 nmethod 1221 0x0000000002e536d0 code [0x0000000002e53920, 0x0000000002e548c8]

GC Heap History (2 events):
Event: 3.391 GC heap before
{Heap before GC invocations=1 (full 0):
 PSYoungGen      total 38400K, used 33280K [0x00000000eab00000, 0x00000000ed580000, 0x0000000100000000)
  eden space 33280K, 100% used [0x00000000eab00000,0x00000000ecb80000,0x00000000ecb80000)
  from space 5120K, 0% used [0x00000000ed080000,0x00000000ed080000,0x00000000ed580000)
  to   space 5120K, 0% used [0x00000000ecb80000,0x00000000ecb80000,0x00000000ed080000)
 ParOldGen       total 87552K, used 0K [0x00000000c0000000, 0x00000000c5580000, 0x00000000eab00000)
  object space 87552K, 0% used [0x00000000c0000000,0x00000000c0000000,0x00000000c5580000)
 Metaspace       used 5376K, capacity 6768K, committed 7040K, reserved 1056768K
  class space    used 540K, capacity 616K, committed 640K, reserved 1048576K
Event: 3.597 GC heap after
Heap after GC invocations=1 (full 0):
 PSYoungGen      total 38400K, used 5106K [0x00000000eab00000, 0x00000000ed580000, 0x0000000100000000)
  eden space 33280K, 0% used [0x00000000eab00000,0x00000000eab00000,0x00000000ecb80000)
  from space 5120K, 99% used [0x00000000ecb80000,0x00000000ed07cac0,0x00000000ed080000)
  to   space 5120K, 0% used [0x00000000ed080000,0x00000000ed080000,0x00000000ed580000)
 ParOldGen       total 87552K, used 5672K [0x00000000c0000000, 0x00000000c5580000, 0x00000000eab00000)
  object space 87552K, 6% used [0x00000000c0000000,0x00000000c058a1e0,0x00000000c5580000)
 Metaspace       used 5376K, capacity 6768K, committed 7040K, reserved 1056768K
  class space    used 540K, capacity 616K, committed 640K, reserved 1048576K
}

Deoptimization events (10 events):
Event: 2.537 Thread 0x0000000002867800 Uncommon trap: reason=unstable_if action=reinterpret pc=0x0000000002bccdc8 method=java.util.HashMap.getNode(ILjava/lang/Object;)Ljava/util/HashMap$Node; @ 129
Event: 2.540 Thread 0x0000000002867800 Uncommon trap: reason=unstable_if action=reinterpret pc=0x0000000002bff46c method=java.util.HashMap.getNode(ILjava/lang/Object;)Ljava/util/HashMap$Node; @ 129
Event: 2.544 Thread 0x0000000002867800 Uncommon trap: reason=unstable_if action=reinterpret pc=0x0000000002d92414 method=java.util.HashMap.putVal(ILjava/lang/Object;Ljava/lang/Object;ZZ)Ljava/lang/Object; @ 193
Event: 3.688 Thread 0x0000000002867800 Uncommon trap: reason=class_check action=maybe_recompile pc=0x0000000002dd80c4 method=com.android.dx.ssa.NormalSsaInsn.accept(Lcom/android/dx/ssa/SsaInsn$Visitor;)V @ 9
Event: 3.688 Thread 0x0000000002867800 Uncommon trap: reason=class_check action=maybe_recompile pc=0x0000000002dd80c4 method=com.android.dx.ssa.NormalSsaInsn.accept(Lcom/android/dx/ssa/SsaInsn$Visitor;)V @ 9
Event: 3.690 Thread 0x0000000002867800 Uncommon trap: reason=class_check action=maybe_recompile pc=0x0000000002dd80c4 method=com.android.dx.ssa.NormalSsaInsn.accept(Lcom/android/dx/ssa/SsaInsn$Visitor;)V @ 9
Event: 3.690 Thread 0x0000000002867800 Uncommon trap: reason=class_check action=maybe_recompile pc=0x0000000002dd80c4 method=com.android.dx.ssa.NormalSsaInsn.accept(Lcom/android/dx/ssa/SsaInsn$Visitor;)V @ 9
Event: 3.690 Thread 0x0000000002867800 Uncommon trap: reason=class_check action=maybe_recompile pc=0x0000000002bb08f0 method=com.android.dx.ssa.NormalSsaInsn.accept(Lcom/android/dx/ssa/SsaInsn$Visitor;)V @ 9
Event: 4.275 Thread 0x0000000002867800 Uncommon trap: reason=unstable_if action=reinterpret pc=0x0000000002aecb04 method=java.lang.String.replace(CC)Ljava/lang/String; @ 26
Event: 4.277 Thread 0x0000000002867800 Uncommon trap: reason=unstable_if action=reinterpret pc=0x0000000002d94554 method=com.android.dx.cf.code.RopperMachine.jopToRopOpcode(ILcom/android/dx/rop/cst/Constant;)I @ 1044

Internal exceptions (2 events):
Event: 0.274 Thread 0x0000000002867800 Exception <a 'java/lang/NoSuchMethodError': Method sun.misc.Unsafe.defineClass(Ljava/lang/String;[BII)Ljava/lang/Class; name or signature does not match> (0x00000000eab07cc0) thrown at [D:\re\workspace\8-2-build-windows-amd64-cygwin\jdk8u92\6642\hotspot\sr—P¹ÿ‹Ñ?
Event: 0.274 Thread 0x0000000002867800 Exception <a 'java/lang/NoSuchMethodError': Method sun.misc.Unsafe.prefetchRead(Ljava/lang/Object;J)V name or signature does not match> (0x00000000eab07fa8) thrown at [D:\re\workspace\8-2-build-windows-amd64-cygwin\jdk8u92\6642\hotspot\src\share\vm\prims\j

Events (10 events):
Event: 4.273 loading class com/android/dx/dex/file/UniformListItem
Event: 4.273 loading class com/android/dx/dex/file/UniformListItem done
Event: 4.274 loading class com/android/dx/dex/file/AnnotationSetRefItem
Event: 4.274 loading class com/android/dx/dex/file/AnnotationSetRefItem done
Event: 4.275 Thread 0x0000000002867800 Uncommon trap: trap_request=0xffffff65 fr.pc=0x0000000002aecb04
Event: 4.275 Thread 0x0000000002867800 DEOPT PACKING pc=0x0000000002aecb04 sp=0x000000000285df80
Event: 4.275 Thread 0x0000000002867800 DEOPT UNPACKING pc=0x00000000029a582a sp=0x000000000285df08 mode 2
Event: 4.277 Thread 0x0000000002867800 Uncommon trap: trap_request=0xffffff65 fr.pc=0x0000000002d94554
Event: 4.277 Thread 0x0000000002867800 DEOPT PACKING pc=0x0000000002d94554 sp=0x000000000285e040
Event: 4.277 Thread 0x0000000002867800 DEOPT UNPACKING pc=0x00000000029a582a sp=0x000000000285dfc8 mode 2


Dynamic libraries:
0x00007ff6fbe00000 - 0x00007ff6fbe37000 	C:\Program Files\Java\jdk1.8.0_92\bin\java.exe
0x00007ffed68d0000 - 0x00007ffed6aa1000 	C:\WINDOWS\SYSTEM32\ntdll.dll
0x00007ffed42d0000 - 0x00007ffed437b000 	C:\WINDOWS\System32\KERNEL32.DLL
0x00007ffed2e70000 - 0x00007ffed308d000 	C:\WINDOWS\System32\KERNELBASE.dll
0x00007ffed10e0000 - 0x00007ffed115a000 	C:\WINDOWS\system32\apphelp.dll
0x00007ffeacb00000 - 0x00007ffeacf82000 	C:\WINDOWS\AppPatch\AppPatch64\AcLayers.DLL
0x00007ffed4380000 - 0x00007ffed441e000 	C:\WINDOWS\System32\msvcrt.dll
0x00007ffed6680000 - 0x00007ffed67e5000 	C:\WINDOWS\System32\USER32.dll
0x00007ffed3270000 - 0x00007ffed328e000 	C:\WINDOWS\System32\win32u.dll
0x00007ffed6130000 - 0x00007ffed6164000 	C:\WINDOWS\System32\GDI32.dll
0x00007ffed3090000 - 0x00007ffed3212000 	C:\WINDOWS\System32\gdi32full.dll
0x00007ffed61f0000 - 0x00007ffed6242000 	C:\WINDOWS\System32\SHLWAPI.dll
0x00007ffed3e60000 - 0x00007ffed4127000 	C:\WINDOWS\System32\combase.dll
0x00007ffed3d40000 - 0x00007ffed3e35000 	C:\WINDOWS\System32\ucrtbase.dll
0x00007ffed4880000 - 0x00007ffed49a1000 	C:\WINDOWS\System32\RPCRT4.dll
0x00007ffed2e00000 - 0x00007ffed2e6a000 	C:\WINDOWS\System32\bcryptPrimitives.dll
0x0000000000340000 - 0x0000000000343000 	C:\WINDOWS\SYSTEM32\sfc.dll
0x00007ffecc640000 - 0x00007ffecc6c5000 	C:\WINDOWS\SYSTEM32\WINSPOOL.DRV
0x00007ffed2c50000 - 0x00007ffed2c7b000 	C:\WINDOWS\SYSTEM32\bcrypt.dll
0x00007ffeb7500000 - 0x00007ffeb7511000 	C:\WINDOWS\SYSTEM32\sfc_os.DLL
0x00007ffec57a0000 - 0x00007ffec57b1000 	C:\WINDOWS\SYSTEM32\SortWindows61.dll
0x00007ffed4580000 - 0x00007ffed45ae000 	C:\WINDOWS\System32\IMM32.DLL
0x00007ffed4b70000 - 0x00007ffed4c12000 	C:\WINDOWS\System32\ADVAPI32.dll
0x00007ffed4b10000 - 0x00007ffed4b69000 	C:\WINDOWS\System32\sechost.dll
0x00007ffecb2b0000 - 0x00007ffecb529000 	C:\WINDOWS\WinSxS\amd64_microsoft.windows.common-controls_6595b64144ccf1df_6.0.14393.0_none_2d0f50fcbdb171b8\COMCTL32.dll
0x000000006eac0000 - 0x000000006eb92000 	C:\Program Files\Java\jdk1.8.0_92\jre\bin\msvcr100.dll
0x000000006df80000 - 0x000000006e816000 	C:\Program Files\Java\jdk1.8.0_92\jre\bin\server\jvm.dll
0x00007ffed3e50000 - 0x00007ffed3e58000 	C:\WINDOWS\System32\PSAPI.DLL
0x00007ffec5150000 - 0x00007ffec5159000 	C:\WINDOWS\SYSTEM32\WSOCK32.dll
0x00007ffed6180000 - 0x00007ffed61ea000 	C:\WINDOWS\System32\WS2_32.dll
0x00007ffed0fb0000 - 0x00007ffed0fd3000 	C:\WINDOWS\SYSTEM32\WINMM.dll
0x00000000025e0000 - 0x000000000260b000 	C:\WINDOWS\SYSTEM32\WINMMBASE.dll
0x00007ffecfba0000 - 0x00007ffecfbaa000 	C:\WINDOWS\SYSTEM32\VERSION.dll
0x00007ffed3220000 - 0x00007ffed3262000 	C:\WINDOWS\System32\cfgmgr32.dll
0x000000006ef40000 - 0x000000006ef4f000 	C:\Program Files\Java\jdk1.8.0_92\jre\bin\verify.dll
0x000000006ef10000 - 0x000000006ef39000 	C:\Program Files\Java\jdk1.8.0_92\jre\bin\java.dll
0x000000006eef0000 - 0x000000006ef06000 	C:\Program Files\Java\jdk1.8.0_92\jre\bin\zip.dll
0x00007ffed4c20000 - 0x00007ffed6128000 	C:\WINDOWS\System32\SHELL32.dll
0x00007ffed33e0000 - 0x00007ffed3aba000 	C:\WINDOWS\System32\windows.storage.dll
0x00007ffed2d20000 - 0x00007ffed2d6c000 	C:\WINDOWS\System32\powrprof.dll
0x00007ffed2d70000 - 0x00007ffed2d7f000 	C:\WINDOWS\System32\kernel.appcore.dll
0x00007ffed3ac0000 - 0x00007ffed3b69000 	C:\WINDOWS\System32\shcore.dll
0x00007ffed2d80000 - 0x00007ffed2d94000 	C:\WINDOWS\System32\profapi.dll

VM Arguments:
jvm_args: -Djava.awt.headless=true -Xmx1024M -Dfile.encoding=windows-1252 -Duser.country=US -Duser.language=en -Duser.variant 
java_command: com.android.dx.command.Main --dex --force-jumbo --multi-dex --output C:\Users\kikkos\AndroidStudioProjects\Udacity\Sunshine\app\build\intermediates\transforms\dex\debug\folders\1000\5\slice_4 C:\Users\kikkos\AndroidStudioProjects\Udacity\Sunshine\app\build\intermediates\transforms\instantRunSlicer\debug\folders\1\5\slice_4
java_class_path (initial): C:\Users\kikkos\AppData\Local\Android\sdk\build-tools\22.0.1\lib\dx.jar
Launcher Type: SUN_STANDARD

Environment Variables:
JAVA_HOME=C:\Program Files\Java\jdk1.8.0_92
PATH=C:\Program Files (x86)\Intel\iCLS Client\;C:\Program Files\Intel\iCLS Client\;C:\ProgramData\Oracle\Java\javapath;C:\Program Files\ImageMagick-6.8.9-Q16;C:\WINDOWS\system32;C:\WINDOWS;C:\WINDOWS\System32\Wbem;C:\Program Files\Lenovo\Bluetooth Software\;C:\Program Files\Lenovo\Bluetooth Software\syswow64;C:\Program Files\Intel\WiFi\bin\;C:\Program Files\Common Files\Intel\WirelessCommon\;C:\Program Files\Microsoft\Web Platform Installer\;C:\WINDOWS\System32\WindowsPowerShell\v1.0\;C:\Program Files\Microsoft SQL Server\110\Tools\Binn\;C:\Program Files\Sublime Text 2;C:\Program Files (x86)\Heroku\bin;C:\Program Files\Intel\Intel(R) Management Engine Components\DAL;C:\Program Files\Intel\Intel(R) Management Engine Components\IPT;C:\Program Files (x86)\Intel\Intel(R) Management Engine Components\DAL;C:\Program Files (x86)\Intel\Intel(R) Management Engine Components\IPT;C:\Program Files (x86)\NVIDIA Corporation\PhysX\Common;C:\WINDOWS\system32;C:\WINDOWS;C:\WINDOWS\System32\Wbem;C:\WINDOWS\System32\WindowsPowerShell\v1.0\;C:\Program Files (x86)\Skype\Phone\;C:\Ruby23-x64\bin;C:\Program Files (x86)\MySQL\MySQL Fabric 1.5 & MySQL Utilities 1.5\;C:\Program Files (x86)\MySQL\MySQL Fabric 1.5 & MySQL Utilities 1.5\Doctrine extensions for PHP\;C:\Program Files\MySQL\MySQL Server 5.7\bin;C:\RailsInstaller\Ruby2.2.0\bin;C:\Users\kikkos\AppData\Local\GitHub\PortableGit_d76a6a98c9315931ec4927243517bc09e9b731a0\cmd;C:\Ruby22-x64\bin;C:\Program Files (x86)\Heroku\ruby-1.9.3\bin;C:\Program Files\Intel\WiFi\bin\;C:\Program Files\Common Files\Intel\WirelessCommon\;C:\Program Files\MongoDB\Server\3.2\bin;C:\sqlite;%USERPROFILE%\AppData\Local\Microsoft\WindowsApps;
USERNAME=kikkos
OS=Windows_NT
PROCESSOR_IDENTIFIER=Intel64 Family 6 Model 42 Stepping 7, GenuineIntel



---------------  S Y S T E M  ---------------

OS: Windows 10.0 , 64 bit Build 14393 (10.0.14393.0)

CPU:total 8 (4 cores per cpu, 2 threads per core) family 6 model 42 stepping 7, cmov, cx8, fxsr, mmx, sse, sse2, sse3, ssse3, sse4.1, sse4.2, popcnt, avx, aes, clmul, ht, tsc, tscinvbit

Memory: 4k page, physical 8300684k(1661924k free), swap 8505484k(8312k free)

vm_info: Java HotSpot(TM) 64-Bit Server VM (25.92-b14) for windows-amd64 JRE (1.8.0_92-b14), built on Mar 31 2016 21:03:04 by "java_re" with MS VC++ 10.0 (VS2010)

time: Sun Oct 16 00:52:59 2016
elapsed time: 4 seconds (0d 0h 0m 4s)

