#
# There is insufficient memory for the Java Runtime Environment to continue.
# Native memory allocation (malloc) failed to allocate 32784 bytes for Chunk::new
# Possible reasons:
#   The system is out of physical RAM or swap space
#   In 32 bit mode, the process size limit was hit
# Possible solutions:
#   Reduce memory load on the system
#   Increase physical memory or swap space
#   Check if swap backing store is full
#   Use 64 bit Java on a 64 bit OS
#   Decrease Java heap size (-Xmx/-Xms)
#   Decrease number of Java threads
#   Decrease Java thread stack sizes (-Xss)
#   Set larger code cache with -XX:ReservedCodeCacheSize=
# This output file may be truncated or incomplete.
#
#  Out of Memory Error (allocation.cpp:390), pid=14692, tid=0x0000000000000c10
#
# JRE version: Java(TM) SE Runtime Environment (8.0_92-b14) (build 1.8.0_92-b14)
# Java VM: Java HotSpot(TM) 64-Bit Server VM (25.92-b14 mixed mode windows-amd64 compressed oops)
# Failed to write core dump. Minidumps are not enabled by default on client versions of Windows
#

---------------  T H R E A D  ---------------

Current thread (0x00000000072e2800):  JavaThread "C2 CompilerThread0" daemon [_thread_in_native, id=3088, stack(0x00000000085c0000,0x00000000086c0000)]

Stack: [0x00000000085c0000,0x00000000086c0000]
[error occurred during error reporting (printing stack bounds), id 0xc0000005]

Native frames: (J=compiled Java code, j=interpreted, Vv=VM code, C=native code)


Current CompileTask:
C2:   1489  872       4       com.android.dx.ssa.NormalSsaInsn::mapSourceRegisters (48 bytes)


---------------  P R O C E S S  ---------------

Java Threads: ( => current thread )
  0x0000000007370000 JavaThread "Service Thread" daemon [_thread_blocked, id=13424, stack(0x00000000089c0000,0x0000000008ac0000)]
  0x0000000007339800 JavaThread "C1 CompilerThread3" daemon [_thread_in_native, id=12756, stack(0x00000000088c0000,0x00000000089c0000)]
  0x00000000072f5800 JavaThread "C2 CompilerThread2" daemon [_thread_blocked, id=2276, stack(0x00000000087c0000,0x00000000088c0000)]
  0x00000000072e8800 JavaThread "C2 CompilerThread1" daemon [_thread_in_native, id=12416, stack(0x00000000086c0000,0x00000000087c0000)]
=>0x00000000072e2800 JavaThread "C2 CompilerThread0" daemon [_thread_in_native, id=3088, stack(0x00000000085c0000,0x00000000086c0000)]
  0x00000000072e1000 JavaThread "Attach Listener" daemon [_thread_blocked, id=3004, stack(0x00000000084c0000,0x00000000085c0000)]
  0x00000000072e0000 JavaThread "Signal Dispatcher" daemon [_thread_blocked, id=11108, stack(0x00000000083c0000,0x00000000084c0000)]
  0x0000000007291000 JavaThread "Finalizer" daemon [_thread_blocked, id=3360, stack(0x00000000081e0000,0x00000000082e0000)]
  0x0000000007266000 JavaThread "Reference Handler" daemon [_thread_blocked, id=6848, stack(0x00000000080e0000,0x00000000081e0000)]
  0x00000000022f7800 JavaThread "main" [_thread_in_Java, id=6352, stack(0x0000000000d60000,0x0000000000e60000)]

Other Threads:
  0x0000000005f0d000 VMThread [stack: 0x0000000007fe0000,0x00000000080e0000] [id=15208]
  0x0000000007379800 WatcherThread [stack: 0x0000000008ac0000,0x0000000008bc0000] [id=15112]

VM state:not at safepoint (normal execution)

VM Mutex/Monitor currently owned by a thread: None

Heap:
 PSYoungGen      total 38400K, used 13991K [0x00000000eab00000, 0x00000000ed580000, 0x0000000100000000)
  eden space 33280K, 42% used [0x00000000eab00000,0x00000000eb8a9c08,0x00000000ecb80000)
  from space 5120K, 0% used [0x00000000ed080000,0x00000000ed080000,0x00000000ed580000)
  to   space 5120K, 0% used [0x00000000ecb80000,0x00000000ecb80000,0x00000000ed080000)
 ParOldGen       total 87552K, used 0K [0x00000000c0000000, 0x00000000c5580000, 0x00000000eab00000)
  object space 87552K, 0% used [0x00000000c0000000,0x00000000c0000000,0x00000000c5580000)
 Metaspace       used 5318K, capacity 6704K, committed 6784K, reserved 1058816K
  class space    used 538K, capacity 616K, committed 640K, reserved 1048576K

Card table byte_map: [0x00000000027b0000,0x00000000029c0000] byte_map_base: 0x00000000021b0000

Marking Bits: (ParMarkBitMap*) 0x00000000562864f0
 Begin Bits: [0x0000000003320000, 0x0000000004320000)
 End Bits:   [0x0000000004320000, 0x0000000005320000)

Polling page: 0x0000000000740000

CodeCache: size=245760Kb used=3626Kb max_used=3627Kb free=242133Kb
 bounds [0x000000000f010000, 0x000000000f3b0000, 0x000000001e010000]
 total_blobs=1137 nmethods=878 adapters=170
 compilation: enabled

Compilation events (10 events):
Event: 1.480 Thread 0x00000000072e8800  877       4       com.android.dx.rop.code.BasicBlockList::labelToBlock (46 bytes)
Event: 1.480 Thread 0x0000000007339800  874       3       com.android.dx.rop.code.Insn::contentEquals (84 bytes)
Event: 1.481 Thread 0x0000000007339800 nmethod 874 0x000000000f392990 code [0x000000000f392b80, 0x000000000f3937b8]
Event: 1.481 Thread 0x0000000007339800  878       3       com.android.dx.dex.code.RopTranslator$LocalVariableAwareTranslationVisitor::visitThrowingCstInsn (11 bytes)
Event: 1.482 Thread 0x0000000007339800 nmethod 878 0x000000000f396ed0 code [0x000000000f3970e0, 0x000000000f397c58]
Event: 1.482 Thread 0x0000000007339800  879       3       com.android.dx.dex.code.RopTranslator$TranslationVisitor::visitThrowingCstInsn (225 bytes)
Event: 1.482 Thread 0x00000000072e8800 nmethod 877 0x000000000f37f3d0 code [0x000000000f37f520, 0x000000000f37f678]
Event: 1.485 Thread 0x0000000007339800 nmethod 879 0x000000000f39b9d0 code [0x000000000f39bd60, 0x000000000f39dfa8]
Event: 1.485 Thread 0x0000000007339800  884       3       com.android.dx.util.IntList::mutableCopy (39 bytes)
Event: 1.485 Thread 0x00000000072f5800 nmethod 870 0x000000000f398990 code [0x000000000f398b20, 0x000000000f399258]

GC Heap History (0 events):
No events

Deoptimization events (0 events):
No events

Internal exceptions (2 events):
Event: 0.130 Thread 0x00000000022f7800 Exception <a 'java/lang/NoSuchMethodError': Method sun.misc.Unsafe.defineClass(Ljava/lang/String;[BII)Ljava/lang/Class; name or signature does not match> (0x00000000eab07cc0) thrown at [D:\re\workspace\8-2-build-windows-amd64-cygwin\jdk8u92\6642\hotspot\sr„„Ücö¿?
Event: 0.130 Thread 0x00000000022f7800 Exception <a 'java/lang/NoSuchMethodError': Method sun.misc.Unsafe.prefetchRead(Ljava/lang/Object;J)V name or signature does not match> (0x00000000eab07fa8) thrown at [D:\re\workspace\8-2-build-windows-amd64-cygwin\jdk8u92\6642\hotspot\src\share\vm\prims\j

Events (10 events):
Event: 1.029 loading class com/android/dx/cf/code/SwitchList
Event: 1.029 loading class com/android/dx/cf/code/SwitchList done
Event: 1.099 loading class com/android/dx/ssa/back/FirstFitLocalCombiningAllocator$Multiset
Event: 1.099 loading class com/android/dx/ssa/back/FirstFitLocalCombiningAllocator$Multiset done
Event: 1.104 loading class java/util/DualPivotQuicksort
Event: 1.105 loading class java/util/DualPivotQuicksort done
Event: 1.276 loading class java/util/ArrayList$1
Event: 1.276 loading class java/util/ArrayList$1 done
Event: 1.364 Executing VM operation: ForceSafepoint
Event: 1.365 Executing VM operation: ForceSafepoint done


Dynamic libraries:
0x00007ff6c1860000 - 0x00007ff6c1897000 	C:\Program Files\Java\jdk1.8.0_92\bin\java.exe
0x00007ffa65e20000 - 0x00007ffa65fe1000 	C:\WINDOWS\SYSTEM32\ntdll.dll
0x00007ffa659e0000 - 0x00007ffa65a8d000 	C:\WINDOWS\system32\KERNEL32.DLL
0x00007ffa625b0000 - 0x00007ffa62798000 	C:\WINDOWS\system32\KERNELBASE.dll
0x0000000056640000 - 0x00000000566f1000 	C:\Program Files\Bitdefender\Bitdefender 2016\Active Virus Control\Avc3_00361_034\avcuf64.dll
0x00007ffa60bc0000 - 0x00007ffa60c39000 	C:\WINDOWS\system32\apphelp.dll
0x00007ffa3e1a0000 - 0x00007ffa3e623000 	C:\WINDOWS\AppPatch\AppPatch64\AcLayers.DLL
0x00007ffa63ff0000 - 0x00007ffa6408d000 	C:\WINDOWS\system32\msvcrt.dll
0x00007ffa639d0000 - 0x00007ffa63b26000 	C:\WINDOWS\system32\USER32.dll
0x00007ffa637e0000 - 0x00007ffa63966000 	C:\WINDOWS\system32\GDI32.dll
0x00007ffa63200000 - 0x00007ffa63252000 	C:\WINDOWS\system32\SHLWAPI.dll
0x00007ffa632c0000 - 0x00007ffa6353d000 	C:\WINDOWS\system32\combase.dll
0x00007ffa65ba0000 - 0x00007ffa65cbc000 	C:\WINDOWS\system32\RPCRT4.dll
0x00007ffa62a80000 - 0x00007ffa62aea000 	C:\WINDOWS\system32\bcryptPrimitives.dll
0x0000000000ee0000 - 0x0000000000ee3000 	C:\WINDOWS\SYSTEM32\sfc.dll
0x00007ffa5d790000 - 0x00007ffa5d814000 	C:\WINDOWS\SYSTEM32\WINSPOOL.DRV
0x00007ffa62020000 - 0x00007ffa62049000 	C:\WINDOWS\SYSTEM32\bcrypt.dll
0x00007ffa548e0000 - 0x00007ffa548f1000 	C:\WINDOWS\SYSTEM32\sfc_os.DLL
0x00007ffa4c040000 - 0x00007ffa4c051000 	C:\WINDOWS\SYSTEM32\SortWindows61.dll
0x00007ffa657e0000 - 0x00007ffa6581b000 	C:\WINDOWS\system32\IMM32.DLL
0x00007ffa61680000 - 0x00007ffa616b1000 	C:\Windows\system32\nvinitx.dll
0x00007ffa63540000 - 0x00007ffa635e7000 	C:\WINDOWS\system32\ADVAPI32.dll
0x00007ffa63b60000 - 0x00007ffa63bbb000 	C:\WINDOWS\system32\sechost.dll
0x00007ffa61670000 - 0x00007ffa6167a000 	C:\WINDOWS\SYSTEM32\VERSION.dll
0x000000000f000000 - 0x000000000f006000 	C:\Program Files\NVIDIA Corporation\CoProcManager\_etoured.dll
0x00007ffa5eea0000 - 0x00007ffa5eed3000 	C:\Program Files\NVIDIA Corporation\CoProcManager\nvd3d9wrapx.dll
0x00007ffa63bc0000 - 0x00007ffa63fe9000 	C:\WINDOWS\system32\SETUPAPI.dll
0x00007ffa62560000 - 0x00007ffa625a3000 	C:\WINDOWS\system32\CFGMGR32.dll
0x00007ffa5ee70000 - 0x00007ffa5ee92000 	C:\Program Files\NVIDIA Corporation\CoProcManager\nvdxgiwrapx.dll
0x00007ffa5dbb0000 - 0x00007ffa5de24000 	C:\WINDOWS\WinSxS\amd64_microsoft.windows.common-controls_6595b64144ccf1df_6.0.10586.0_none_8c15ae12515e1c22\COMCTL32.dll
0x0000000054e10000 - 0x0000000054ee2000 	C:\Program Files\Java\jdk1.8.0_92\jre\bin\msvcr100.dll
0x0000000055a70000 - 0x0000000056306000 	C:\Program Files\Java\jdk1.8.0_92\jre\bin\server\jvm.dll
0x00007ffa63b50000 - 0x00007ffa63b58000 	C:\WINDOWS\system32\PSAPI.DLL
0x00007ffa54bd0000 - 0x00007ffa54bd9000 	C:\WINDOWS\SYSTEM32\WSOCK32.dll
0x00007ffa65600000 - 0x00007ffa6566b000 	C:\WINDOWS\system32\WS2_32.dll
0x00007ffa60620000 - 0x00007ffa60643000 	C:\WINDOWS\SYSTEM32\WINMM.dll
0x00007ffa605f0000 - 0x00007ffa6061c000 	C:\WINDOWS\SYSTEM32\WINMMBASE.dll
0x0000000055a60000 - 0x0000000055a6f000 	C:\Program Files\Java\jdk1.8.0_92\jre\bin\verify.dll
0x0000000055a30000 - 0x0000000055a59000 	C:\Program Files\Java\jdk1.8.0_92\jre\bin\java.dll
0x0000000055a10000 - 0x0000000055a26000 	C:\Program Files\Java\jdk1.8.0_92\jre\bin\zip.dll
0x00007ffa64090000 - 0x00007ffa655ec000 	C:\WINDOWS\system32\SHELL32.dll
0x00007ffa62bb0000 - 0x00007ffa631f4000 	C:\WINDOWS\system32\windows.storage.dll
0x00007ffa62430000 - 0x00007ffa6243f000 	C:\WINDOWS\system32\kernel.appcore.dll
0x00007ffa62af0000 - 0x00007ffa62ba5000 	C:\WINDOWS\system32\shcore.dll
0x00007ffa62440000 - 0x00007ffa6248b000 	C:\WINDOWS\system32\powrprof.dll
0x00007ffa62490000 - 0x00007ffa624a4000 	C:\WINDOWS\system32\profapi.dll

VM Arguments:
jvm_args: -Djava.awt.headless=true -Xmx1024M -Dfile.encoding=windows-1252 -Duser.country=US -Duser.language=en -Duser.variant 
java_command: com.android.dx.command.Main --dex --force-jumbo --multi-dex --output C:\Users\kikkos\AndroidStudioProjects\Udacity\Sunshine\app\build\intermediates\transforms\dex\debug\folders\1000\5\slice_2 C:\Users\kikkos\AndroidStudioProjects\Udacity\Sunshine\app\build\intermediates\transforms\instantRunSlicer\debug\folders\1\5\slice_2
java_class_path (initial): C:\Users\kikkos\AppData\Local\Android\sdk\build-tools\22.0.1\lib\dx.jar
Launcher Type: SUN_STANDARD

Environment Variables:
JAVA_HOME=C:\Program Files\Java\jdk1.8.0_92



---------------  S Y S T E M  ---------------

OS: Windows 10.0 , 64 bit Build 10586 (10.0.10586.0)

CPU:total 8 (4 cores per cpu, 2 threads per core) family 6 model 42 stepping 7, cmov, cx8, fxsr, mmx, sse, sse2, sse3, ssse3, sse4.1, sse4.2, popcnt, avx, aes, clmul, ht, tsc, tscinvbit

Memory: 4k page, physical 8300684k(2316820k free), swap 8505484k(5696k free)

vm_info: Java HotSpot(TM) 64-Bit Server VM (25.92-b14) for windows-amd64 JRE (1.8.0_92-b14), built on Mar 31 2016 21:03:04 by "java_re" with MS VC++ 10.0 (VS2010)

time: Tue Jun 14 18:25:15 2016
elapsed time: 1 seconds (0d 0h 0m 1s)

