#
# There is insufficient memory for the Java Runtime Environment to continue.
# Native memory allocation (malloc) failed to allocate 1048576 bytes for AllocateHeap
# Possible reasons:
#   The system is out of physical RAM or swap space
#   In 32 bit mode, the process size limit was hit
# Possible solutions:
#   Reduce memory load on the system
#   Increase physical memory or swap space
#   Check if swap backing store is full
#   Use 64 bit Java on a 64 bit OS
#   Decrease Java heap size (-Xmx/-Xms)
#   Decrease number of Java threads
#   Decrease Java thread stack sizes (-Xss)
#   Set larger code cache with -XX:ReservedCodeCacheSize=
# This output file may be truncated or incomplete.
#
#  Out of Memory Error (memory/allocation.inline.hpp:61), pid=12828, tid=0x00000000000024a0
#
# JRE version:  (8.0_92-b14) (build )
# Java VM: Java HotSpot(TM) 64-Bit Server VM (25.92-b14 mixed mode windows-amd64 compressed oops)
# Failed to write core dump. Minidumps are not enabled by default on client versions of Windows
#

---------------  T H R E A D  ---------------

Current thread (0x0000000002d27800):  JavaThread "Unknown thread" [_thread_in_vm, id=9376, stack(0x0000000002bb0000,0x0000000002cb0000)]

Stack: [0x0000000002bb0000,0x0000000002cb0000]
[error occurred during error reporting (printing stack bounds), id 0xc0000005]

Native frames: (J=compiled Java code, j=interpreted, Vv=VM code, C=native code)


---------------  P R O C E S S  ---------------

Java Threads: ( => current thread )

Other Threads:

=>0x0000000002d27800 (exited) JavaThread "Unknown thread" [_thread_in_vm, id=9376, stack(0x0000000002bb0000,0x0000000002cb0000)]

VM state:not at safepoint (normal execution)

VM Mutex/Monitor currently owned by a thread: None

Heap:
 PSYoungGen      total 38400K, used 665K [0x00000000eab00000, 0x00000000ed580000, 0x0000000100000000)
  eden space 33280K, 2% used [0x00000000eab00000,0x00000000eaba6670,0x00000000ecb80000)
  from space 5120K, 0% used [0x00000000ed080000,0x00000000ed080000,0x00000000ed580000)
  to   space 5120K, 0% used [0x00000000ecb80000,0x00000000ecb80000,0x00000000ed080000)
 ParOldGen       total 87552K, used 0K [0x00000000c0000000, 0x00000000c5580000, 0x00000000eab00000)
  object space 87552K, 0% used [0x00000000c0000000,0x00000000c0000000,0x00000000c5580000)
 Metaspace       used 769K, capacity 4480K, committed 4480K, reserved 1056768K
  class space    used 75K, capacity 384K, committed 384K, reserved 1048576K

Card table byte_map: [0x00000000031e0000,0x00000000033f0000] byte_map_base: 0x0000000002be0000

Marking Bits: (ParMarkBitMap*) 0x00000000658c64f0
 Begin Bits: [0x0000000003d50000, 0x0000000004d50000)
 End Bits:   [0x0000000004d50000, 0x0000000005d50000)

Polling page: 0x0000000002b70000

CodeCache: size=245760Kb used=328Kb max_used=328Kb free=245431Kb
 bounds [0x000000000f010000, 0x000000000f280000, 0x000000001e010000]
 total_blobs=58 nmethods=0 adapters=38
 compilation: enabled

Compilation events (0 events):
No events

GC Heap History (0 events):
No events

Deoptimization events (0 events):
No events

Internal exceptions (0 events):
No events

Events (10 events):
Event: 0.030 loading class java/lang/Short
Event: 0.030 loading class java/lang/Short done
Event: 0.030 loading class java/lang/Integer
Event: 0.030 loading class java/lang/Integer done
Event: 0.030 loading class java/lang/Long
Event: 0.030 loading class java/lang/Long done
Event: 0.031 loading class java/lang/NullPointerException
Event: 0.031 loading class java/lang/NullPointerException done
Event: 0.031 loading class java/lang/ArithmeticException
Event: 0.031 loading class java/lang/ArithmeticException done


Dynamic libraries:
0x00007ff67a5f0000 - 0x00007ff67a627000 	C:\Program Files\Java\jdk1.8.0_92\bin\java.exe
0x00007ffece9a0000 - 0x00007ffeceb61000 	C:\WINDOWS\SYSTEM32\ntdll.dll
0x00007ffecd920000 - 0x00007ffecd9cd000 	C:\WINDOWS\system32\KERNEL32.DLL
0x00007ffecb9c0000 - 0x00007ffecbba8000 	C:\WINDOWS\system32\KERNELBASE.dll
0x00000000663b0000 - 0x000000006645e000 	C:\Program Files\Bitdefender\Bitdefender 2016\Active Virus Control\Avc3_00369_042\avcuf64.dll
0x00007ffec9740000 - 0x00007ffec97b9000 	C:\WINDOWS\system32\apphelp.dll
0x00007ffe92ce0000 - 0x00007ffe93163000 	C:\WINDOWS\AppPatch\AppPatch64\AcLayers.DLL
0x00007ffece780000 - 0x00007ffece81d000 	C:\WINDOWS\system32\msvcrt.dll
0x00007ffece3e0000 - 0x00007ffece536000 	C:\WINDOWS\system32\USER32.dll
0x00007ffecd730000 - 0x00007ffecd8b6000 	C:\WINDOWS\system32\GDI32.dll
0x00007ffece940000 - 0x00007ffece992000 	C:\WINDOWS\system32\SHLWAPI.dll
0x00007ffecd9f0000 - 0x00007ffecdc6d000 	C:\WINDOWS\system32\combase.dll
0x00007ffece820000 - 0x00007ffece93c000 	C:\WINDOWS\system32\RPCRT4.dll
0x00007ffecb0e0000 - 0x00007ffecb14a000 	C:\WINDOWS\system32\bcryptPrimitives.dll
0x0000000000be0000 - 0x0000000000be3000 	C:\WINDOWS\SYSTEM32\sfc.dll
0x00007ffec6040000 - 0x00007ffec60c4000 	C:\WINDOWS\SYSTEM32\WINSPOOL.DRV
0x00007ffecaba0000 - 0x00007ffecabc9000 	C:\WINDOWS\SYSTEM32\bcrypt.dll
0x00007ffebcd20000 - 0x00007ffebcd31000 	C:\WINDOWS\SYSTEM32\sfc_os.DLL
0x00007ffec1d30000 - 0x00007ffec1d41000 	C:\WINDOWS\SYSTEM32\SortWindows61.dll
0x00007ffecd8c0000 - 0x00007ffecd8fb000 	C:\WINDOWS\system32\IMM32.DLL
0x00007ffeca100000 - 0x00007ffeca131000 	C:\Windows\system32\nvinitx.dll
0x00007ffecd4c0000 - 0x00007ffecd567000 	C:\WINDOWS\system32\ADVAPI32.dll
0x00007ffece540000 - 0x00007ffece59b000 	C:\WINDOWS\system32\sechost.dll
0x00007ffeca0f0000 - 0x00007ffeca0fa000 	C:\WINDOWS\SYSTEM32\VERSION.dll
0x000000000f000000 - 0x000000000f006000 	C:\Program Files\NVIDIA Corporation\CoProcManager\_etoured.dll
0x00007ffec7a40000 - 0x00007ffec7a73000 	C:\Program Files\NVIDIA Corporation\CoProcManager\nvd3d9wrapx.dll
0x00007ffecde20000 - 0x00007ffece249000 	C:\WINDOWS\system32\SETUPAPI.dll
0x00007ffecb830000 - 0x00007ffecb873000 	C:\WINDOWS\system32\CFGMGR32.dll
0x00007ffec7a10000 - 0x00007ffec7a32000 	C:\Program Files\NVIDIA Corporation\CoProcManager\nvdxgiwrapx.dll
0x00007ffec6480000 - 0x00007ffec66f4000 	C:\WINDOWS\WinSxS\amd64_microsoft.windows.common-controls_6595b64144ccf1df_6.0.10586.494_none_a2d8b04ea53e3145\COMCTL32.dll
0x0000000064c70000 - 0x0000000064d42000 	C:\Program Files\Java\jdk1.8.0_92\jre\bin\msvcr100.dll
0x00000000650b0000 - 0x0000000065946000 	C:\Program Files\Java\jdk1.8.0_92\jre\bin\server\jvm.dll
0x00007ffecd4b0000 - 0x00007ffecd4b8000 	C:\WINDOWS\system32\PSAPI.DLL
0x00007ffebee50000 - 0x00007ffebee59000 	C:\WINDOWS\SYSTEM32\WSOCK32.dll
0x00007ffece370000 - 0x00007ffece3db000 	C:\WINDOWS\system32\WS2_32.dll
0x00007ffec91a0000 - 0x00007ffec91c3000 	C:\WINDOWS\SYSTEM32\WINMM.dll
0x00007ffec9170000 - 0x00007ffec919c000 	C:\WINDOWS\SYSTEM32\WINMMBASE.dll
0x0000000066300000 - 0x000000006630f000 	C:\Program Files\Java\jdk1.8.0_92\jre\bin\verify.dll
0x00000000662d0000 - 0x00000000662f9000 	C:\Program Files\Java\jdk1.8.0_92\jre\bin\java.dll
0x0000000065090000 - 0x00000000650a6000 	C:\Program Files\Java\jdk1.8.0_92\jre\bin\zip.dll

VM Arguments:
jvm_args: -Djava.awt.headless=true -Xmx1024M -Dfile.encoding=windows-1252 -Duser.country=US -Duser.language=en -Duser.variant 
java_command: com.android.dx.command.Main --dex --force-jumbo --multi-dex --output C:\Users\kikkos\AndroidStudioProjects\Udacity\Sunshine\app\build\intermediates\transforms\dex\debug\folders\1000\10\instant-run-bootstrap_80b372a5d88689ec11f9bab494ffb83d9bf4e0ed C:\Users\kikkos\AndroidStudioProjects\Udacity\Sunshine\app\build\intermediates\incremental-classes\debug\instant-run-bootstrap.jar
java_class_path (initial): C:\Users\kikkos\AppData\Local\Android\sdk\build-tools\22.0.1\lib\dx.jar
Launcher Type: SUN_STANDARD

Environment Variables:
JAVA_HOME=C:\Program Files\Java\jdk1.8.0_92
PATH=C:\Program Files (x86)\Intel\iCLS Client\;C:\Program Files\Intel\iCLS Client\;C:\ProgramData\Oracle\Java\javapath;C:\Program Files\ImageMagick-6.8.9-Q16;C:\WINDOWS\system32;C:\WINDOWS;C:\WINDOWS\System32\Wbem;C:\Program Files\Lenovo\Bluetooth Software\;C:\Program Files\Lenovo\Bluetooth Software\syswow64;C:\Program Files\Intel\WiFi\bin\;C:\Program Files\Common Files\Intel\WirelessCommon\;C:\Program Files\Microsoft\Web Platform Installer\;C:\WINDOWS\System32\WindowsPowerShell\v1.0\;C:\Program Files\Microsoft SQL Server\110\Tools\Binn\;C:\Program Files\Sublime Text 2;C:\Program Files (x86)\Heroku\bin;C:\Program Files\Intel\Intel(R) Management Engine Components\DAL;C:\Program Files\Intel\Intel(R) Management Engine Components\IPT;C:\Program Files (x86)\Intel\Intel(R) Management Engine Components\DAL;C:\Program Files (x86)\Intel\Intel(R) Management Engine Components\IPT;C:\Program Files (x86)\NVIDIA Corporation\PhysX\Common;C:\WINDOWS\system32;C:\WINDOWS;C:\WINDOWS\System32\Wbem;C:\WINDOWS\System32\WindowsPowerShell\v1.0\;C:\Program Files (x86)\Skype\Phone\;C:\Ruby23-x64\bin;C:\Program Files (x86)\MySQL\MySQL Fabric 1.5 & MySQL Utilities 1.5\;C:\Program Files (x86)\MySQL\MySQL Fabric 1.5 & MySQL Utilities 1.5\Doctrine extensions for PHP\;C:\Program Files\MySQL\MySQL Server 5.7\bin;C:\RailsInstaller\Ruby2.2.0\bin;C:\Users\kikkos\AppData\Local\GitHub\PortableGit_d76a6a98c9315931ec4927243517bc09e9b731a0\cmd;C:\Ruby22-x64\bin;C:\Program Files (x86)\Heroku\ruby-1.9.3\bin;C:\Program Files\Intel\WiFi\bin\;C:\Program Files\Common Files\Intel\WirelessCommon\;C:\Program Files\MongoDB\Server\3.2\bin;C:\sqlite
USERNAME=kikkos
OS=Windows_NT
PROCESSOR_IDENTIFIER=Intel64 Family 6 Model 42 Stepping 7, GenuineIntel



---------------  S Y S T E M  ---------------

OS: Windows 10.0 , 64 bit Build 10586 (10.0.10586.0)

CPU:total 8 (4 cores per cpu, 2 threads per core) family 6 model 42 stepping 7, cmov, cx8, fxsr, mmx, sse, sse2, sse3, ssse3, sse4.1, sse4.2, popcnt, avx, aes, clmul, ht, tsc, tscinvbit

Memory: 4k page, physical 8300684k(1446124k free), swap 8505484k(4180k free)

vm_info: Java HotSpot(TM) 64-Bit Server VM (25.92-b14) for windows-amd64 JRE (1.8.0_92-b14), built on Mar 31 2016 21:03:04 by "java_re" with MS VC++ 10.0 (VS2010)

time: Fri Sep 02 16:01:03 2016
elapsed time: 0 seconds (0d 0h 0m 0s)

