#
# There is insufficient memory for the Java Runtime Environment to continue.
# Native memory allocation (malloc) failed to allocate 551696 bytes for Chunk::new
# Possible reasons:
#   The system is out of physical RAM or swap space
#   In 32 bit mode, the process size limit was hit
# Possible solutions:
#   Reduce memory load on the system
#   Increase physical memory or swap space
#   Check if swap backing store is full
#   Use 64 bit Java on a 64 bit OS
#   Decrease Java heap size (-Xmx/-Xms)
#   Decrease number of Java threads
#   Decrease Java thread stack sizes (-Xss)
#   Set larger code cache with -XX:ReservedCodeCacheSize=
# This output file may be truncated or incomplete.
#
#  Out of Memory Error (allocation.cpp:390), pid=4520, tid=0x00000000000016e4
#
# JRE version: Java(TM) SE Runtime Environment (8.0_92-b14) (build 1.8.0_92-b14)
# Java VM: Java HotSpot(TM) 64-Bit Server VM (25.92-b14 mixed mode windows-amd64 compressed oops)
# Failed to write core dump. Minidumps are not enabled by default on client versions of Windows
#

---------------  T H R E A D  ---------------

Current thread (0x00000000166a2800):  JavaThread "C2 CompilerThread0" daemon [_thread_in_native, id=5860, stack(0x0000000017980000,0x0000000017a80000)]

Stack: [0x0000000017980000,0x0000000017a80000]
[error occurred during error reporting (printing stack bounds), id 0xc0000005]

Native frames: (J=compiled Java code, j=interpreted, Vv=VM code, C=native code)


Current CompileTask:
C2:   6979 1869       4       com.android.dx.ssa.back.SsaToRop::removePhiFunctions (83 bytes)


---------------  P R O C E S S  ---------------

Java Threads: ( => current thread )
  0x000000001674d800 JavaThread "Service Thread" daemon [_thread_blocked, id=2068, stack(0x0000000017d80000,0x0000000017e80000)]
  0x00000000166bd800 JavaThread "C1 CompilerThread3" daemon [_thread_in_vm, id=7856, stack(0x0000000017c80000,0x0000000017d80000)]
  0x00000000166b6000 JavaThread "C2 CompilerThread2" daemon [_thread_in_native, id=3948, stack(0x0000000017b80000,0x0000000017c80000)]
  0x00000000166ac800 JavaThread "C2 CompilerThread1" daemon [_thread_in_native, id=1504, stack(0x0000000017a80000,0x0000000017b80000)]
=>0x00000000166a2800 JavaThread "C2 CompilerThread0" daemon [_thread_in_native, id=5860, stack(0x0000000017980000,0x0000000017a80000)]
  0x00000000166a1800 JavaThread "Attach Listener" daemon [_thread_blocked, id=7304, stack(0x0000000017880000,0x0000000017980000)]
  0x00000000166a0800 JavaThread "Signal Dispatcher" daemon [_thread_blocked, id=1972, stack(0x0000000017780000,0x0000000017880000)]
  0x0000000016651800 JavaThread "Finalizer" daemon [_thread_blocked, id=10584, stack(0x0000000017590000,0x0000000017690000)]
  0x0000000016626000 JavaThread "Reference Handler" daemon [_thread_blocked, id=2940, stack(0x0000000017490000,0x0000000017590000)]
  0x00000000026a7800 JavaThread "main" [_thread_in_vm, id=3068, stack(0x00000000025a0000,0x00000000026a0000)]

Other Threads:
  0x00000000152c0000 VMThread [stack: 0x0000000017390000,0x0000000017490000] [id=3240]
  0x0000000016753800 WatcherThread [stack: 0x0000000017e80000,0x0000000017f80000] [id=136]

VM state:not at safepoint (normal execution)

VM Mutex/Monitor currently owned by a thread: None

Heap:
 PSYoungGen      total 71680K, used 15793K [0x00000000eab00000, 0x00000000f4c00000, 0x0000000100000000)
  eden space 66560K, 16% used [0x00000000eab00000,0x00000000eb574508,0x00000000eec00000)
  from space 5120K, 99% used [0x00000000eec00000,0x00000000ef0f80b8,0x00000000ef100000)
  to   space 15872K, 0% used [0x00000000f3c80000,0x00000000f3c80000,0x00000000f4c00000)
 ParOldGen       total 87552K, used 27169K [0x00000000c0000000, 0x00000000c5580000, 0x00000000eab00000)
  object space 87552K, 31% used [0x00000000c0000000,0x00000000c1a88620,0x00000000c5580000)
 Metaspace       used 6045K, capacity 7088K, committed 7296K, reserved 1056768K
  class space    used 587K, capacity 616K, committed 640K, reserved 1048576K

Card table byte_map: [0x0000000011b60000,0x0000000011d70000] byte_map_base: 0x0000000011560000

Marking Bits: (ParMarkBitMap*) 0x000000006e7964f0
 Begin Bits: [0x00000000126d0000, 0x00000000136d0000)
 End Bits:   [0x00000000136d0000, 0x00000000146d0000)

Polling page: 0x00000000006a0000

CodeCache: size=245760Kb used=8918Kb max_used=8918Kb free=236841Kb
 bounds [0x00000000027a0000, 0x0000000003070000, 0x00000000117a0000]
 total_blobs=2115 nmethods=1850 adapters=178
 compilation: enabled

Compilation events (10 events):
Event: 6.896 Thread 0x00000000166bd800 1877       1       com.android.dx.dex.file.OffsettedItem::getAlignment (5 bytes)
Event: 6.896 Thread 0x00000000166bd800 nmethod 1877 0x0000000003042f10 code [0x0000000003043060, 0x0000000003043170]
Event: 6.915 Thread 0x00000000166bd800 1879       2       com.android.dx.ssa.Dominators$DfsWalker::<init> (6 bytes)
Event: 6.915 Thread 0x00000000166bd800 nmethod 1879 0x000000000304ff50 code [0x00000000030500a0, 0x0000000003050210]
Event: 6.915 Thread 0x00000000166bd800 1880       2       com.android.dx.ssa.Dominators$DfsWalker::<init> (15 bytes)
Event: 6.916 Thread 0x00000000166bd800 nmethod 1880 0x000000000304fc10 code [0x000000000304fd60, 0x000000000304fed0]
Event: 6.951 Thread 0x00000000166bd800 1881       2       com.android.dx.ssa.LiteralOpUpgrader$1::visitNonMoveInsn (203 bytes)
Event: 6.953 Thread 0x00000000166bd800 nmethod 1881 0x0000000003054210 code [0x0000000003054560, 0x00000000030553a8]
Event: 6.969 Thread 0x00000000166bd800 1882       2       com.android.dx.dex.cf.OptimizerOptions::loadOptimizeLists (52 bytes)
Event: 6.970 Thread 0x00000000166bd800 nmethod 1882 0x0000000003053cd0 code [0x0000000003053e60, 0x0000000003054108]

GC Heap History (10 events):
Event: 2.630 GC heap before
{Heap before GC invocations=1 (full 0):
 PSYoungGen      total 38400K, used 33280K [0x00000000eab00000, 0x00000000ed580000, 0x0000000100000000)
  eden space 33280K, 100% used [0x00000000eab00000,0x00000000ecb80000,0x00000000ecb80000)
  from space 5120K, 0% used [0x00000000ed080000,0x00000000ed080000,0x00000000ed580000)
  to   space 5120K, 0% used [0x00000000ecb80000,0x00000000ecb80000,0x00000000ed080000)
 ParOldGen       total 87552K, used 0K [0x00000000c0000000, 0x00000000c5580000, 0x00000000eab00000)
  object space 87552K, 0% used [0x00000000c0000000,0x00000000c0000000,0x00000000c5580000)
 Metaspace       used 5780K, capacity 6960K, committed 7040K, reserved 1056768K
  class space    used 566K, capacity 616K, committed 640K, reserved 1048576K
Event: 2.652 GC heap after
Heap after GC invocations=1 (full 0):
 PSYoungGen      total 38400K, used 5106K [0x00000000eab00000, 0x00000000ed580000, 0x0000000100000000)
  eden space 33280K, 0% used [0x00000000eab00000,0x00000000eab00000,0x00000000ecb80000)
  from space 5120K, 99% used [0x00000000ecb80000,0x00000000ed07ca58,0x00000000ed080000)
  to   space 5120K, 0% used [0x00000000ed080000,0x00000000ed080000,0x00000000ed580000)
 ParOldGen       total 87552K, used 1693K [0x00000000c0000000, 0x00000000c5580000, 0x00000000eab00000)
  object space 87552K, 1% used [0x00000000c0000000,0x00000000c01a7568,0x00000000c5580000)
 Metaspace       used 5780K, capacity 6960K, committed 7040K, reserved 1056768K
  class space    used 566K, capacity 616K, committed 640K, reserved 1048576K
}
Event: 4.301 GC heap before
{Heap before GC invocations=2 (full 0):
 PSYoungGen      total 38400K, used 38386K [0x00000000eab00000, 0x00000000ed580000, 0x0000000100000000)
  eden space 33280K, 100% used [0x00000000eab00000,0x00000000ecb80000,0x00000000ecb80000)
  from space 5120K, 99% used [0x00000000ecb80000,0x00000000ed07ca58,0x00000000ed080000)
  to   space 5120K, 0% used [0x00000000ed080000,0x00000000ed080000,0x00000000ed580000)
 ParOldGen       total 87552K, used 1693K [0x00000000c0000000, 0x00000000c5580000, 0x00000000eab00000)
  object space 87552K, 1% used [0x00000000c0000000,0x00000000c01a7568,0x00000000c5580000)
 Metaspace       used 5888K, capacity 7088K, committed 7296K, reserved 1056768K
  class space    used 567K, capacity 616K, committed 640K, reserved 1048576K
Event: 4.511 GC heap after
Heap after GC invocations=2 (full 0):
 PSYoungGen      total 38400K, used 5088K [0x00000000eab00000, 0x00000000ef600000, 0x0000000100000000)
  eden space 33280K, 0% used [0x00000000eab00000,0x00000000eab00000,0x00000000ecb80000)
  from space 5120K, 99% used [0x00000000ed080000,0x00000000ed578158,0x00000000ed580000)
  to   space 5120K, 0% used [0x00000000ecb80000,0x00000000ecb80000,0x00000000ed080000)
 ParOldGen       total 87552K, used 7183K [0x00000000c0000000, 0x00000000c5580000, 0x00000000eab00000)
  object space 87552K, 8% used [0x00000000c0000000,0x00000000c0703f38,0x00000000c5580000)
 Metaspace       used 5888K, capacity 7088K, committed 7296K, reserved 1056768K
  class space    used 567K, capacity 616K, committed 640K, reserved 1048576K
}
Event: 5.045 GC heap before
{Heap before GC invocations=3 (full 0):
 PSYoungGen      total 38400K, used 38368K [0x00000000eab00000, 0x00000000ef600000, 0x0000000100000000)
  eden space 33280K, 100% used [0x00000000eab00000,0x00000000ecb80000,0x00000000ecb80000)
  from space 5120K, 99% used [0x00000000ed080000,0x00000000ed578158,0x00000000ed580000)
  to   space 5120K, 0% used [0x00000000ecb80000,0x00000000ecb80000,0x00000000ed080000)
 ParOldGen       total 87552K, used 7183K [0x00000000c0000000, 0x00000000c5580000, 0x00000000eab00000)
  object space 87552K, 8% used [0x00000000c0000000,0x00000000c0703f38,0x00000000c5580000)
 Metaspace       used 5922K, capacity 7088K, committed 7296K, reserved 1056768K
  class space    used 568K, capacity 616K, committed 640K, reserved 1048576K
Event: 5.237 GC heap after
Heap after GC invocations=3 (full 0):
 PSYoungGen      total 38400K, used 5112K [0x00000000eab00000, 0x00000000ef600000, 0x0000000100000000)
  eden space 33280K, 0% used [0x00000000eab00000,0x00000000eab00000,0x00000000ecb80000)
  from space 5120K, 99% used [0x00000000ecb80000,0x00000000ed07e1c0,0x00000000ed080000)
  to   space 5120K, 0% used [0x00000000ef100000,0x00000000ef100000,0x00000000ef600000)
 ParOldGen       total 87552K, used 11934K [0x00000000c0000000, 0x00000000c5580000, 0x00000000eab00000)
  object space 87552K, 13% used [0x00000000c0000000,0x00000000c0ba7948,0x00000000c5580000)
 Metaspace       used 5922K, capacity 7088K, committed 7296K, reserved 1056768K
  class space    used 568K, capacity 616K, committed 640K, reserved 1048576K
}
Event: 6.049 GC heap before
{Heap before GC invocations=4 (full 0):
 PSYoungGen      total 38400K, used 38392K [0x00000000eab00000, 0x00000000ef600000, 0x0000000100000000)
  eden space 33280K, 100% used [0x00000000eab00000,0x00000000ecb80000,0x00000000ecb80000)
  from space 5120K, 99% used [0x00000000ecb80000,0x00000000ed07e1c0,0x00000000ed080000)
  to   space 5120K, 0% used [0x00000000ef100000,0x00000000ef100000,0x00000000ef600000)
 ParOldGen       total 87552K, used 11934K [0x00000000c0000000, 0x00000000c5580000, 0x00000000eab00000)
  object space 87552K, 13% used [0x00000000c0000000,0x00000000c0ba7948,0x00000000c5580000)
 Metaspace       used 6022K, capacity 7088K, committed 7296K, reserved 1056768K
  class space    used 587K, capacity 616K, committed 640K, reserved 1048576K
Event: 6.092 GC heap after
Heap after GC invocations=4 (full 0):
 PSYoungGen      total 71680K, used 5096K [0x00000000eab00000, 0x00000000ef600000, 0x0000000100000000)
  eden space 66560K, 0% used [0x00000000eab00000,0x00000000eab00000,0x00000000eec00000)
  from space 5120K, 99% used [0x00000000ef100000,0x00000000ef5fa378,0x00000000ef600000)
  to   space 5120K, 0% used [0x00000000eec00000,0x00000000eec00000,0x00000000ef100000)
 ParOldGen       total 87552K, used 17271K [0x00000000c0000000, 0x00000000c5580000, 0x00000000eab00000)
  object space 87552K, 19% used [0x00000000c0000000,0x00000000c10ddf70,0x00000000c5580000)
 Metaspace       used 6022K, capacity 7088K, committed 7296K, reserved 1056768K
  class space    used 587K, capacity 616K, committed 640K, reserved 1048576K
}
Event: 6.748 GC heap before
{Heap before GC invocations=5 (full 0):
 PSYoungGen      total 71680K, used 71656K [0x00000000eab00000, 0x00000000ef600000, 0x0000000100000000)
  eden space 66560K, 100% used [0x00000000eab00000,0x00000000eec00000,0x00000000eec00000)
  from space 5120K, 99% used [0x00000000ef100000,0x00000000ef5fa378,0x00000000ef600000)
  to   space 5120K, 0% used [0x00000000eec00000,0x00000000eec00000,0x00000000ef100000)
 ParOldGen       total 87552K, used 17271K [0x00000000c0000000, 0x00000000c5580000, 0x00000000eab00000)
  object space 87552K, 19% used [0x00000000c0000000,0x00000000c10ddf70,0x00000000c5580000)
 Metaspace       used 6041K, capacity 7088K, committed 7296K, reserved 1056768K
  class space    used 587K, capacity 616K, committed 640K, reserved 1048576K
Event: 6.823 GC heap after
Heap after GC invocations=5 (full 0):
 PSYoungGen      total 71680K, used 5088K [0x00000000eab00000, 0x00000000f4c00000, 0x0000000100000000)
  eden space 66560K, 0% used [0x00000000eab00000,0x00000000eab00000,0x00000000eec00000)
  from space 5120K, 99% used [0x00000000eec00000,0x00000000ef0f80b8,0x00000000ef100000)
  to   space 15872K, 0% used [0x00000000f3c80000,0x00000000f3c80000,0x00000000f4c00000)
 ParOldGen       total 87552K, used 27169K [0x00000000c0000000, 0x00000000c5580000, 0x00000000eab00000)
  object space 87552K, 31% used [0x00000000c0000000,0x00000000c1a88620,0x00000000c5580000)
 Metaspace       used 6041K, capacity 7088K, committed 7296K, reserved 1056768K
  class space    used 587K, capacity 616K, committed 640K, reserved 1048576K
}

Deoptimization events (10 events):
Event: 6.569 Thread 0x00000000026a7800 Uncommon trap: reason=unstable_if action=reinterpret pc=0x0000000002fb9b70 method=com.android.dx.cf.code.Ropper.isSynchronized()Z @ 12
Event: 6.570 Thread 0x00000000026a7800 Uncommon trap: reason=unstable_if action=reinterpret pc=0x0000000002cd508c method=com.android.dx.ssa.MoveParamCombiner$1.visitNonMoveInsn(Lcom/android/dx/ssa/NormalSsaInsn;)V @ 27
Event: 6.667 Thread 0x00000000026a7800 Uncommon trap: reason=unstable_if action=reinterpret pc=0x0000000002d3f000 method=com.android.dx.ssa.SCCP.simulateBranch(Lcom/android/dx/ssa/SsaInsn;)V @ 548
Event: 6.667 Thread 0x00000000026a7800 Uncommon trap: reason=unstable_if action=reinterpret pc=0x0000000002fdb768 method=com.android.dx.ssa.SCCP.replaceBranches()V @ 14
Event: 6.851 Thread 0x00000000026a7800 Uncommon trap: reason=bimorphic action=maybe_recompile pc=0x0000000002f52818 method=com.android.dx.rop.code.RegisterSpec.withSimpleType()Lcom/android/dx/rop/code/RegisterSpec; @ 21
Event: 6.855 Thread 0x00000000026a7800 Uncommon trap: reason=bimorphic action=maybe_recompile pc=0x0000000002f52818 method=com.android.dx.rop.code.RegisterSpec.withSimpleType()Lcom/android/dx/rop/code/RegisterSpec; @ 21
Event: 6.857 Thread 0x00000000026a7800 Uncommon trap: reason=bimorphic action=maybe_recompile pc=0x0000000002f52818 method=com.android.dx.rop.code.RegisterSpec.withSimpleType()Lcom/android/dx/rop/code/RegisterSpec; @ 21
Event: 6.859 Thread 0x00000000026a7800 Uncommon trap: reason=bimorphic action=maybe_recompile pc=0x0000000002f52818 method=com.android.dx.rop.code.RegisterSpec.withSimpleType()Lcom/android/dx/rop/code/RegisterSpec; @ 21
Event: 6.949 Thread 0x00000000026a7800 Uncommon trap: reason=bimorphic action=maybe_recompile pc=0x0000000002e9fa3c method=com.android.dx.ssa.LiteralOpUpgrader.tryReplacingWithConstant(Lcom/android/dx/ssa/NormalSsaInsn;)Z @ 62
Event: 6.949 Thread 0x00000000026a7800 Uncommon trap: reason=unstable_if action=reinterpret pc=0x0000000002e9cea0 method=com.android.dx.ssa.LiteralOpUpgrader$1.visitNonMoveInsn(Lcom/android/dx/ssa/NormalSsaInsn;)V @ 24

Internal exceptions (6 events):
Event: 0.062 Thread 0x00000000026a7800 Exception <a 'java/lang/NoSuchMethodError': Method sun.misc.Unsafe.defineClass(Ljava/lang/String;[BII)Ljava/lang/Class; name or signature does not match> (0x00000000eab07cc0) thrown at [D:\re\workspace\8-2-build-windows-amd64-cygwin\jdk8u92\6642\hotspot\srUšÞÊ‡=¸?
Event: 0.095 Thread 0x00000000026a7800 Exception <a 'java/lang/NoSuchMethodError': Method sun.misc.Unsafe.prefetchRead(Ljava/lang/Object;J)V name or signature does not match> (0x00000000eab07fa8) thrown at [D:\re\workspace\8-2-build-windows-amd64-cygwin\jdk8u92\6642\hotspot\src\share\vm\prims\jeÂ8›}ë@
Event: 2.740 Thread 0x00000000026a7800 Implicit null exception at 0x0000000002cfc822 to 0x0000000002cfc912
Event: 5.940 Thread 0x00000000026a7800 Exception <a 'java/lang/ArrayIndexOutOfBoundsException': 18> (0x00000000ec9aa2f0) thrown at [D:\re\workspace\8-2-build-windows-amd64-cygwin\jdk8u92\6642\hotspot\src\share\vm\interpreter\interpreterRuntime.cpp, line 366]
Event: 5.941 Thread 0x00000000026a7800 Exception <a 'java/lang/ArrayIndexOutOfBoundsException'> (0x00000000ec9abe70) thrown at [D:\re\workspace\8-2-build-windows-amd64-cygwin\jdk8u92\6642\hotspot\src\share\vm\runtime\sharedRuntime.cpp, line 605]
Event: 6.003 Thread 0x00000000026a7800 Exception <a 'java/lang/ArrayIndexOutOfBoundsException'> (0x00000000ec9ad158) thrown at [D:\re\workspace\8-2-build-windows-amd64-cygwin\jdk8u92\6642\hotspot\src\share\vm\runtime\sharedRuntime.cpp, line 605]

Events (10 events):
Event: 6.857 Thread 0x00000000026a7800 DEOPT UNPACKING pc=0x00000000027e582a sp=0x000000000269e848 mode 2
Event: 6.859 Thread 0x00000000026a7800 Uncommon trap: trap_request=0xffffffc6 fr.pc=0x0000000002f52818
Event: 6.859 Thread 0x00000000026a7800 DEOPT PACKING pc=0x0000000002f52818 sp=0x000000000269e830
Event: 6.859 Thread 0x00000000026a7800 DEOPT UNPACKING pc=0x00000000027e582a sp=0x000000000269e798 mode 2
Event: 6.949 Thread 0x00000000026a7800 Uncommon trap: trap_request=0xffffffc6 fr.pc=0x0000000002e9fa3c
Event: 6.949 Thread 0x00000000026a7800 DEOPT PACKING pc=0x0000000002e9fa3c sp=0x000000000269e860
Event: 6.949 Thread 0x00000000026a7800 DEOPT UNPACKING pc=0x00000000027e582a sp=0x000000000269e800 mode 2
Event: 6.949 Thread 0x00000000026a7800 Uncommon trap: trap_request=0xffffff65 fr.pc=0x0000000002e9cea0
Event: 6.949 Thread 0x00000000026a7800 DEOPT PACKING pc=0x0000000002e9cea0 sp=0x000000000269e8d0
Event: 6.949 Thread 0x00000000026a7800 DEOPT UNPACKING pc=0x00000000027e582a sp=0x000000000269e880 mode 2


Dynamic libraries:
0x00007ff604ac0000 - 0x00007ff604af7000 	C:\Program Files\Java\jdk1.8.0_92\bin\java.exe
0x00007ffed68d0000 - 0x00007ffed6aa1000 	C:\WINDOWS\SYSTEM32\ntdll.dll
0x00007ffed42d0000 - 0x00007ffed437b000 	C:\WINDOWS\System32\KERNEL32.DLL
0x00007ffed2e70000 - 0x00007ffed308d000 	C:\WINDOWS\System32\KERNELBASE.dll
0x00007ffed10e0000 - 0x00007ffed115a000 	C:\WINDOWS\system32\apphelp.dll
0x00007ffea3990000 - 0x00007ffea3e12000 	C:\WINDOWS\AppPatch\AppPatch64\AcLayers.DLL
0x00007ffed4380000 - 0x00007ffed441e000 	C:\WINDOWS\System32\msvcrt.dll
0x00007ffed6680000 - 0x00007ffed67e5000 	C:\WINDOWS\System32\USER32.dll
0x00007ffed3270000 - 0x00007ffed328e000 	C:\WINDOWS\System32\win32u.dll
0x00007ffed6130000 - 0x00007ffed6164000 	C:\WINDOWS\System32\GDI32.dll
0x00007ffed3090000 - 0x00007ffed3212000 	C:\WINDOWS\System32\gdi32full.dll
0x00007ffed61f0000 - 0x00007ffed6242000 	C:\WINDOWS\System32\SHLWAPI.dll
0x00007ffed3e60000 - 0x00007ffed4127000 	C:\WINDOWS\System32\combase.dll
0x00007ffed3d40000 - 0x00007ffed3e35000 	C:\WINDOWS\System32\ucrtbase.dll
0x00007ffed4880000 - 0x00007ffed49a1000 	C:\WINDOWS\System32\RPCRT4.dll
0x00007ffed2e00000 - 0x00007ffed2e6a000 	C:\WINDOWS\System32\bcryptPrimitives.dll
0x0000000000260000 - 0x0000000000263000 	C:\WINDOWS\SYSTEM32\sfc.dll
0x00007ffecc640000 - 0x00007ffecc6c5000 	C:\WINDOWS\SYSTEM32\WINSPOOL.DRV
0x00007ffed2c50000 - 0x00007ffed2c7b000 	C:\WINDOWS\SYSTEM32\bcrypt.dll
0x00007ffeb7500000 - 0x00007ffeb7511000 	C:\WINDOWS\SYSTEM32\sfc_os.DLL
0x00007ffecf840000 - 0x00007ffecf851000 	C:\WINDOWS\SYSTEM32\SortWindows61.dll
0x00007ffed4580000 - 0x00007ffed45ae000 	C:\WINDOWS\System32\IMM32.DLL
0x00007ffed4b70000 - 0x00007ffed4c12000 	C:\WINDOWS\System32\ADVAPI32.dll
0x00007ffed4b10000 - 0x00007ffed4b69000 	C:\WINDOWS\System32\sechost.dll
0x00007ffecb2b0000 - 0x00007ffecb529000 	C:\WINDOWS\WinSxS\amd64_microsoft.windows.common-controls_6595b64144ccf1df_6.0.14393.0_none_2d0f50fcbdb171b8\COMCTL32.dll
0x000000006daf0000 - 0x000000006dbc2000 	C:\Program Files\Java\jdk1.8.0_92\jre\bin\msvcr100.dll
0x000000006df80000 - 0x000000006e816000 	C:\Program Files\Java\jdk1.8.0_92\jre\bin\server\jvm.dll
0x00007ffed3e50000 - 0x00007ffed3e58000 	C:\WINDOWS\System32\PSAPI.DLL
0x00007ffec5150000 - 0x00007ffec5159000 	C:\WINDOWS\SYSTEM32\WSOCK32.dll
0x00007ffed6180000 - 0x00007ffed61ea000 	C:\WINDOWS\System32\WS2_32.dll
0x00007ffed0fb0000 - 0x00007ffed0fd3000 	C:\WINDOWS\SYSTEM32\WINMM.dll
0x00007ffecfba0000 - 0x00007ffecfbaa000 	C:\WINDOWS\SYSTEM32\VERSION.dll
0x00007ffed0f50000 - 0x00007ffed0f7b000 	C:\WINDOWS\SYSTEM32\WINMMBASE.dll
0x00007ffed3220000 - 0x00007ffed3262000 	C:\WINDOWS\System32\cfgmgr32.dll
0x000000006df70000 - 0x000000006df7f000 	C:\Program Files\Java\jdk1.8.0_92\jre\bin\verify.dll
0x000000006df40000 - 0x000000006df69000 	C:\Program Files\Java\jdk1.8.0_92\jre\bin\java.dll
0x000000006df20000 - 0x000000006df36000 	C:\Program Files\Java\jdk1.8.0_92\jre\bin\zip.dll
0x00007ffed4c20000 - 0x00007ffed6128000 	C:\WINDOWS\System32\SHELL32.dll
0x00007ffed33e0000 - 0x00007ffed3aba000 	C:\WINDOWS\System32\windows.storage.dll
0x00007ffed2d20000 - 0x00007ffed2d6c000 	C:\WINDOWS\System32\powrprof.dll
0x00007ffed2d70000 - 0x00007ffed2d7f000 	C:\WINDOWS\System32\kernel.appcore.dll
0x00007ffed3ac0000 - 0x00007ffed3b69000 	C:\WINDOWS\System32\shcore.dll
0x00007ffed2d80000 - 0x00007ffed2d94000 	C:\WINDOWS\System32\profapi.dll

VM Arguments:
jvm_args: -Djava.awt.headless=true -Xmx1024M -Dfile.encoding=windows-1252 -Duser.country=US -Duser.language=en -Duser.variant 
java_command: com.android.dx.command.Main --dex --force-jumbo --multi-dex --output C:\Users\kikkos\AndroidStudioProjects\Udacity\Sunshine\app\build\intermediates\transforms\dex\debug\folders\1000\10\com.android.support-appcompat-v7-23.4.0_d8755b5c59a836c358c95117feb65e0d91caedaf C:\Users\kikkos\AndroidStudioProjects\Udacity\Sunshine\app\build\intermediates\exploded-aar\com.android.support\appcompat-v7\23.4.0\jars\classes.jar
java_class_path (initial): C:\Users\kikkos\AppData\Local\Android\sdk\build-tools\22.0.1\lib\dx.jar
Launcher Type: SUN_STANDARD

Environment Variables:
JAVA_HOME=C:\Program Files\Java\jdk1.8.0_92
PATH=C:\Program Files (x86)\Intel\iCLS Client\;C:\Program Files\Intel\iCLS Client\;C:\ProgramData\Oracle\Java\javapath;C:\Program Files\ImageMagick-6.8.9-Q16;C:\WINDOWS\system32;C:\WINDOWS;C:\WINDOWS\System32\Wbem;C:\Program Files\Lenovo\Bluetooth Software\;C:\Program Files\Lenovo\Bluetooth Software\syswow64;C:\Program Files\Intel\WiFi\bin\;C:\Program Files\Common Files\Intel\WirelessCommon\;C:\Program Files\Microsoft\Web Platform Installer\;C:\WINDOWS\System32\WindowsPowerShell\v1.0\;C:\Program Files\Microsoft SQL Server\110\Tools\Binn\;C:\Program Files\Sublime Text 2;C:\Program Files (x86)\Heroku\bin;C:\Program Files\Intel\Intel(R) Management Engine Components\DAL;C:\Program Files\Intel\Intel(R) Management Engine Components\IPT;C:\Program Files (x86)\Intel\Intel(R) Management Engine Components\DAL;C:\Program Files (x86)\Intel\Intel(R) Management Engine Components\IPT;C:\Program Files (x86)\NVIDIA Corporation\PhysX\Common;C:\WINDOWS\system32;C:\WINDOWS;C:\WINDOWS\System32\Wbem;C:\WINDOWS\System32\WindowsPowerShell\v1.0\;C:\Program Files (x86)\Skype\Phone\;C:\Ruby23-x64\bin;C:\Program Files (x86)\MySQL\MySQL Fabric 1.5 & MySQL Utilities 1.5\;C:\Program Files (x86)\MySQL\MySQL Fabric 1.5 & MySQL Utilities 1.5\Doctrine extensions for PHP\;C:\Program Files\MySQL\MySQL Server 5.7\bin;C:\RailsInstaller\Ruby2.2.0\bin;C:\Users\kikkos\AppData\Local\GitHub\PortableGit_d76a6a98c9315931ec4927243517bc09e9b731a0\cmd;C:\Ruby22-x64\bin;C:\Program Files (x86)\Heroku\ruby-1.9.3\bin;C:\Program Files\Intel\WiFi\bin\;C:\Program Files\Common Files\Intel\WirelessCommon\;C:\Program Files\MongoDB\Server\3.2\bin;C:\sqlite;%USERPROFILE%\AppData\Local\Microsoft\WindowsApps;
USERNAME=kikkos
OS=Windows_NT
PROCESSOR_IDENTIFIER=Intel64 Family 6 Model 42 Stepping 7, GenuineIntel



---------------  S Y S T E M  ---------------

OS: Windows 10.0 , 64 bit Build 14393 (10.0.14393.0)

CPU:total 8 (4 cores per cpu, 2 threads per core) family 6 model 42 stepping 7, cmov, cx8, fxsr, mmx, sse, sse2, sse3, ssse3, sse4.1, sse4.2, popcnt, avx, aes, clmul, ht, tsc, tscinvbit

Memory: 4k page, physical 8300684k(1763440k free), swap 8505484k(4808k free)

vm_info: Java HotSpot(TM) 64-Bit Server VM (25.92-b14) for windows-amd64 JRE (1.8.0_92-b14), built on Mar 31 2016 21:03:04 by "java_re" with MS VC++ 10.0 (VS2010)

time: Thu Oct 13 19:43:08 2016
elapsed time: 6 seconds (0d 0h 0m 6s)

