#
# There is insufficient memory for the Java Runtime Environment to continue.
# Native memory allocation (malloc) failed to allocate 810896 bytes for Chunk::new
# Possible reasons:
#   The system is out of physical RAM or swap space
#   In 32 bit mode, the process size limit was hit
# Possible solutions:
#   Reduce memory load on the system
#   Increase physical memory or swap space
#   Check if swap backing store is full
#   Use 64 bit Java on a 64 bit OS
#   Decrease Java heap size (-Xmx/-Xms)
#   Decrease number of Java threads
#   Decrease Java thread stack sizes (-Xss)
#   Set larger code cache with -XX:ReservedCodeCacheSize=
# This output file may be truncated or incomplete.
#
#  Out of Memory Error (allocation.cpp:390), pid=2340, tid=0x00000000000038b4
#
# JRE version: Java(TM) SE Runtime Environment (8.0_92-b14) (build 1.8.0_92-b14)
# Java VM: Java HotSpot(TM) 64-Bit Server VM (25.92-b14 mixed mode windows-amd64 compressed oops)
# Failed to write core dump. Minidumps are not enabled by default on client versions of Windows
#

---------------  T H R E A D  ---------------

Current thread (0x0000000007492800):  JavaThread "C2 CompilerThread2" daemon [_thread_in_native, id=14516, stack(0x0000000008fb0000,0x00000000090b0000)]

Stack: [0x0000000008fb0000,0x00000000090b0000]
[error occurred during error reporting (printing stack bounds), id 0xc0000005]

Native frames: (J=compiled Java code, j=interpreted, Vv=VM code, C=native code)


Current CompileTask:
C2:   3366 1666   !   4       com.android.dx.cf.code.Ropper::processBlock (1101 bytes)


---------------  P R O C E S S  ---------------

Java Threads: ( => current thread )
  0x0000000007528800 JavaThread "Service Thread" daemon [_thread_blocked, id=15048, stack(0x00000000091b0000,0x00000000092b0000)]
  0x000000000749e000 JavaThread "C1 CompilerThread3" daemon [_thread_in_native, id=10664, stack(0x00000000090b0000,0x00000000091b0000)]
=>0x0000000007492800 JavaThread "C2 CompilerThread2" daemon [_thread_in_native, id=14516, stack(0x0000000008fb0000,0x00000000090b0000)]
  0x000000000748d800 JavaThread "C2 CompilerThread1" daemon [_thread_in_native, id=12380, stack(0x0000000008eb0000,0x0000000008fb0000)]
  0x0000000007487800 JavaThread "C2 CompilerThread0" daemon [_thread_in_native, id=2516, stack(0x0000000008db0000,0x0000000008eb0000)]
  0x0000000007486800 JavaThread "Attach Listener" daemon [_thread_blocked, id=13252, stack(0x0000000008cb0000,0x0000000008db0000)]
  0x0000000007481800 JavaThread "Signal Dispatcher" daemon [_thread_blocked, id=12484, stack(0x0000000008bb0000,0x0000000008cb0000)]
  0x0000000007439000 JavaThread "Finalizer" daemon [_thread_blocked, id=14924, stack(0x0000000008380000,0x0000000008480000)]
  0x00000000060ad800 JavaThread "Reference Handler" daemon [_thread_blocked, id=10480, stack(0x0000000008280000,0x0000000008380000)]
  0x0000000002487800 JavaThread "main" [_thread_in_Java, id=10292, stack(0x0000000002380000,0x0000000002480000)]

Other Threads:
  0x00000000060a4000 VMThread [stack: 0x0000000008180000,0x0000000008280000] [id=4452]
  0x0000000007549800 WatcherThread [stack: 0x00000000092b0000,0x00000000093b0000] [id=13900]

VM state:not at safepoint (normal execution)

VM Mutex/Monitor currently owned by a thread: None

Heap:
 PSYoungGen      total 71680K, used 48143K [0x00000000eab00000, 0x00000000ef600000, 0x0000000100000000)
  eden space 66560K, 64% used [0x00000000eab00000,0x00000000ed5061c8,0x00000000eec00000)
  from space 5120K, 99% used [0x00000000ef100000,0x00000000ef5fdc88,0x00000000ef600000)
  to   space 5120K, 0% used [0x00000000eec00000,0x00000000eec00000,0x00000000ef100000)
 ParOldGen       total 87552K, used 6966K [0x00000000c0000000, 0x00000000c5580000, 0x00000000eab00000)
  object space 87552K, 7% used [0x00000000c0000000,0x00000000c06cd9c0,0x00000000c5580000)
 Metaspace       used 6013K, capacity 7152K, committed 7296K, reserved 1056768K
  class space    used 570K, capacity 616K, committed 640K, reserved 1048576K

Card table byte_map: [0x0000000002940000,0x0000000002b50000] byte_map_base: 0x0000000002340000

Marking Bits: (ParMarkBitMap*) 0x0000000062ef64f0
 Begin Bits: [0x00000000034b0000, 0x00000000044b0000)
 End Bits:   [0x00000000044b0000, 0x00000000054b0000)

Polling page: 0x0000000000820000

CodeCache: size=245760Kb used=7822Kb max_used=7822Kb free=237937Kb
 bounds [0x000000000f010000, 0x000000000f7c0000, 0x000000001e010000]
 total_blobs=2003 nmethods=1737 adapters=178
 compilation: enabled

Compilation events (10 events):
Event: 3.361 Thread 0x000000000749e000 nmethod 1747 0x000000000f7b2bd0 code [0x000000000f7b2da0, 0x000000000f7b3748]
Event: 3.361 Thread 0x000000000749e000 1748       3       com.android.dx.dex.file.EncodedMethod::addContents (35 bytes)
Event: 3.361 Thread 0x000000000749e000 nmethod 1748 0x000000000f7b3b50 code [0x000000000f7b3cc0, 0x000000000f7b4118]
Event: 3.362 Thread 0x000000000749e000 1749       3       java.util.Collections::sort (8 bytes)
Event: 3.362 Thread 0x000000000749e000 nmethod 1749 0x000000000f7b4250 code [0x000000000f7b43c0, 0x000000000f7b45c8]
Event: 3.362 Thread 0x000000000749e000 1750       3       java.util.ComparableTimSort::sort (219 bytes)
Event: 3.363 Thread 0x000000000749e000 nmethod 1750 0x000000000f7b4690 code [0x000000000f7b4880, 0x000000000f7b4f18]
Event: 3.363 Thread 0x000000000749e000 1751       3       com.android.dx.dex.file.EncodedField::addContents (15 bytes)
Event: 3.363 Thread 0x000000000749e000 nmethod 1751 0x000000000f7b53d0 code [0x000000000f7b5540, 0x000000000f7b57e8]
Event: 3.363 Thread 0x000000000749e000 1752       3       java.util.ComparableTimSort::binarySort (223 bytes)

GC Heap History (4 events):
Event: 1.536 GC heap before
{Heap before GC invocations=1 (full 0):
 PSYoungGen      total 38400K, used 33280K [0x00000000eab00000, 0x00000000ed580000, 0x0000000100000000)
  eden space 33280K, 100% used [0x00000000eab00000,0x00000000ecb80000,0x00000000ecb80000)
  from space 5120K, 0% used [0x00000000ed080000,0x00000000ed080000,0x00000000ed580000)
  to   space 5120K, 0% used [0x00000000ecb80000,0x00000000ecb80000,0x00000000ed080000)
 ParOldGen       total 87552K, used 0K [0x00000000c0000000, 0x00000000c5580000, 0x00000000eab00000)
  object space 87552K, 0% used [0x00000000c0000000,0x00000000c0000000,0x00000000c5580000)
 Metaspace       used 5803K, capacity 7024K, committed 7296K, reserved 1056768K
  class space    used 565K, capacity 616K, committed 640K, reserved 1048576K
Event: 1.561 GC heap after
Heap after GC invocations=1 (full 0):
 PSYoungGen      total 38400K, used 5111K [0x00000000eab00000, 0x00000000ef600000, 0x0000000100000000)
  eden space 33280K, 0% used [0x00000000eab00000,0x00000000eab00000,0x00000000ecb80000)
  from space 5120K, 99% used [0x00000000ecb80000,0x00000000ed07dc88,0x00000000ed080000)
  to   space 5120K, 0% used [0x00000000ef100000,0x00000000ef100000,0x00000000ef600000)
 ParOldGen       total 87552K, used 1790K [0x00000000c0000000, 0x00000000c5580000, 0x00000000eab00000)
  object space 87552K, 2% used [0x00000000c0000000,0x00000000c01bf8d0,0x00000000c5580000)
 Metaspace       used 5803K, capacity 7024K, committed 7296K, reserved 1056768K
  class space    used 565K, capacity 616K, committed 640K, reserved 1048576K
}
Event: 2.554 GC heap before
{Heap before GC invocations=2 (full 0):
 PSYoungGen      total 38400K, used 38391K [0x00000000eab00000, 0x00000000ef600000, 0x0000000100000000)
  eden space 33280K, 100% used [0x00000000eab00000,0x00000000ecb80000,0x00000000ecb80000)
  from space 5120K, 99% used [0x00000000ecb80000,0x00000000ed07dc88,0x00000000ed080000)
  to   space 5120K, 0% used [0x00000000ef100000,0x00000000ef100000,0x00000000ef600000)
 ParOldGen       total 87552K, used 1790K [0x00000000c0000000, 0x00000000c5580000, 0x00000000eab00000)
  object space 87552K, 2% used [0x00000000c0000000,0x00000000c01bf8d0,0x00000000c5580000)
 Metaspace       used 5912K, capacity 7088K, committed 7296K, reserved 1056768K
  class space    used 566K, capacity 616K, committed 640K, reserved 1048576K
Event: 2.576 GC heap after
Heap after GC invocations=2 (full 0):
 PSYoungGen      total 71680K, used 5111K [0x00000000eab00000, 0x00000000ef600000, 0x0000000100000000)
  eden space 66560K, 0% used [0x00000000eab00000,0x00000000eab00000,0x00000000eec00000)
  from space 5120K, 99% used [0x00000000ef100000,0x00000000ef5fdc88,0x00000000ef600000)
  to   space 5120K, 0% used [0x00000000eec00000,0x00000000eec00000,0x00000000ef100000)
 ParOldGen       total 87552K, used 6966K [0x00000000c0000000, 0x00000000c5580000, 0x00000000eab00000)
  object space 87552K, 7% used [0x00000000c0000000,0x00000000c06cd9c0,0x00000000c5580000)
 Metaspace       used 5912K, capacity 7088K, committed 7296K, reserved 1056768K
  class space    used 566K, capacity 616K, committed 640K, reserved 1048576K
}

Deoptimization events (10 events):
Event: 2.496 Thread 0x0000000002487800 Uncommon trap: reason=bimorphic action=maybe_recompile pc=0x000000000f6b89e4 method=com.android.dx.cf.code.RopperMachine.run(Lcom/android/dx/cf/code/Frame;II)V @ 988
Event: 2.497 Thread 0x0000000002487800 Uncommon trap: reason=unstable_if action=reinterpret pc=0x000000000f55c9f4 method=com.android.dx.ssa.SCCP.simulateBranch(Lcom/android/dx/ssa/SsaInsn;)V @ 64
Event: 2.498 Thread 0x0000000002487800 Uncommon trap: reason=unloaded action=reinterpret pc=0x000000000f5de9ec method=com.android.dx.ssa.LiteralOpUpgrader$1.visitNonMoveInsn(Lcom/android/dx/ssa/NormalSsaInsn;)V @ 72
Event: 2.499 Thread 0x0000000002487800 Uncommon trap: reason=unstable_if action=reinterpret pc=0x000000000f4264dc method=com.android.dx.ssa.SsaMethod.updateOneDefinition(Lcom/android/dx/ssa/SsaInsn;Lcom/android/dx/rop/code/RegisterSpec;)V @ 4
Event: 3.346 Thread 0x0000000002487800 Uncommon trap: reason=class_check action=maybe_recompile pc=0x000000000f499318 method=java.util.Arrays.hashCode([Ljava/lang/Object;)I @ 43
Event: 3.346 Thread 0x0000000002487800 Uncommon trap: reason=class_check action=maybe_recompile pc=0x000000000f499318 method=java.util.Arrays.hashCode([Ljava/lang/Object;)I @ 43
Event: 3.346 Thread 0x0000000002487800 Uncommon trap: reason=class_check action=maybe_recompile pc=0x000000000f499318 method=java.util.Arrays.hashCode([Ljava/lang/Object;)I @ 43
Event: 3.346 Thread 0x0000000002487800 Uncommon trap: reason=class_check action=maybe_recompile pc=0x000000000f499318 method=java.util.Arrays.hashCode([Ljava/lang/Object;)I @ 43
Event: 3.347 Thread 0x0000000002487800 Uncommon trap: reason=class_check action=maybe_recompile pc=0x000000000f4a61f4 method=java.util.Arrays.hashCode([Ljava/lang/Object;)I @ 43
Event: 3.347 Thread 0x0000000002487800 Uncommon trap: reason=bimorphic action=maybe_recompile pc=0x000000000f285934 method=java.util.HashMap.getNode(ILjava/lang/Object;)Ljava/util/HashMap$Node; @ 126

Internal exceptions (3 events):
Event: 0.050 Thread 0x0000000002487800 Exception <a 'java/lang/NoSuchMethodError': Method sun.misc.Unsafe.defineClass(Ljava/lang/String;[BII)Ljava/lang/Class; name or signature does not match> (0x00000000eab07cc0) thrown at [D:\re\workspace\8-2-build-windows-amd64-cygwin\jdk8u92\6642\hotspot\srÇdìÆ>½©?
Event: 0.050 Thread 0x0000000002487800 Exception <a 'java/lang/NoSuchMethodError': Method sun.misc.Unsafe.prefetchRead(Ljava/lang/Object;J)V name or signature does not match> (0x00000000eab07fa8) thrown at [D:\re\workspace\8-2-build-windows-amd64-cygwin\jdk8u92\6642\hotspot\src\share\vm\prims\jÝv×‹Cë?
Event: 0.852 Thread 0x0000000002487800 Implicit null exception at 0x000000000f343022 to 0x000000000f343112

Events (10 events):
Event: 3.346 Thread 0x0000000002487800 DEOPT PACKING pc=0x000000000f499318 sp=0x000000000247ec10
Event: 3.346 Thread 0x0000000002487800 DEOPT UNPACKING pc=0x000000000f05582a sp=0x000000000247eb40 mode 2
Event: 3.346 loading class java/util/ComparableTimSort
Event: 3.346 loading class java/util/ComparableTimSort done
Event: 3.347 Thread 0x0000000002487800 Uncommon trap: trap_request=0xffffffde fr.pc=0x000000000f4a61f4
Event: 3.347 Thread 0x0000000002487800 DEOPT PACKING pc=0x000000000f4a61f4 sp=0x000000000247eee0
Event: 3.347 Thread 0x0000000002487800 DEOPT UNPACKING pc=0x000000000f05582a sp=0x000000000247ee68 mode 2
Event: 3.347 Thread 0x0000000002487800 Uncommon trap: trap_request=0xffffffc6 fr.pc=0x000000000f285934
Event: 3.347 Thread 0x0000000002487800 DEOPT PACKING pc=0x000000000f285934 sp=0x000000000247f040
Event: 3.347 Thread 0x0000000002487800 DEOPT UNPACKING pc=0x000000000f05582a sp=0x000000000247ef68 mode 2


Dynamic libraries:
0x00007ff7ca290000 - 0x00007ff7ca2c7000 	C:\Program Files\Java\jdk1.8.0_92\bin\java.exe
0x00007ffba72b0000 - 0x00007ffba7471000 	C:\WINDOWS\SYSTEM32\ntdll.dll
0x00007ffba6330000 - 0x00007ffba63dd000 	C:\WINDOWS\system32\KERNEL32.DLL
0x00007ffba42b0000 - 0x00007ffba4498000 	C:\WINDOWS\system32\KERNELBASE.dll
0x0000000063470000 - 0x000000006351e000 	C:\Program Files\Bitdefender\Bitdefender 2016\Active Virus Control\Avc3_00369_042\avcuf64.dll
0x00007ffba2050000 - 0x00007ffba20c9000 	C:\WINDOWS\system32\apphelp.dll
0x00007ffb74260000 - 0x00007ffb746e3000 	C:\WINDOWS\AppPatch\AppPatch64\AcLayers.DLL
0x00007ffba6e90000 - 0x00007ffba6f2d000 	C:\WINDOWS\system32\msvcrt.dll
0x00007ffba6460000 - 0x00007ffba65b6000 	C:\WINDOWS\system32\USER32.dll
0x00007ffba4690000 - 0x00007ffba4816000 	C:\WINDOWS\system32\GDI32.dll
0x00007ffba6e30000 - 0x00007ffba6e82000 	C:\WINDOWS\system32\SHLWAPI.dll
0x00007ffba5f50000 - 0x00007ffba61cd000 	C:\WINDOWS\system32\combase.dll
0x00007ffba6820000 - 0x00007ffba693c000 	C:\WINDOWS\system32\RPCRT4.dll
0x00007ffba4240000 - 0x00007ffba42aa000 	C:\WINDOWS\system32\bcryptPrimitives.dll
0x0000000000690000 - 0x0000000000693000 	C:\WINDOWS\SYSTEM32\sfc.dll
0x00007ffb9e8c0000 - 0x00007ffb9e944000 	C:\WINDOWS\SYSTEM32\WINSPOOL.DRV
0x00007ffba34b0000 - 0x00007ffba34d9000 	C:\WINDOWS\SYSTEM32\bcrypt.dll
0x00007ffb95050000 - 0x00007ffb95061000 	C:\WINDOWS\SYSTEM32\sfc_os.DLL
0x00007ffb9a570000 - 0x00007ffb9a581000 	C:\WINDOWS\SYSTEM32\SortWindows61.dll
0x00007ffba6dd0000 - 0x00007ffba6e0b000 	C:\WINDOWS\system32\IMM32.DLL
0x00007ffba2a10000 - 0x00007ffba2a41000 	C:\Windows\system32\nvinitx.dll
0x00007ffba6280000 - 0x00007ffba6327000 	C:\WINDOWS\system32\ADVAPI32.dll
0x00007ffba67c0000 - 0x00007ffba681b000 	C:\WINDOWS\system32\sechost.dll
0x00007ffba2a00000 - 0x00007ffba2a0a000 	C:\WINDOWS\SYSTEM32\VERSION.dll
0x000000000f000000 - 0x000000000f006000 	C:\Program Files\NVIDIA Corporation\CoProcManager\_etoured.dll
0x00007ffba0550000 - 0x00007ffba0583000 	C:\Program Files\NVIDIA Corporation\CoProcManager\nvd3d9wrapx.dll
0x00007ffba69a0000 - 0x00007ffba6dc9000 	C:\WINDOWS\system32\SETUPAPI.dll
0x00007ffba3ba0000 - 0x00007ffba3be3000 	C:\WINDOWS\system32\CFGMGR32.dll
0x00007ffba0460000 - 0x00007ffba0482000 	C:\Program Files\NVIDIA Corporation\CoProcManager\nvdxgiwrapx.dll
0x00007ffb9ec90000 - 0x00007ffb9ef04000 	C:\WINDOWS\WinSxS\amd64_microsoft.windows.common-controls_6595b64144ccf1df_6.0.10586.494_none_a2d8b04ea53e3145\COMCTL32.dll
0x0000000061c50000 - 0x0000000061d22000 	C:\Program Files\Java\jdk1.8.0_92\jre\bin\msvcr100.dll
0x00000000626e0000 - 0x0000000062f76000 	C:\Program Files\Java\jdk1.8.0_92\jre\bin\server\jvm.dll
0x00007ffba72a0000 - 0x00007ffba72a8000 	C:\WINDOWS\system32\PSAPI.DLL
0x00007ffb97290000 - 0x00007ffb97299000 	C:\WINDOWS\SYSTEM32\WSOCK32.dll
0x00007ffba5d80000 - 0x00007ffba5deb000 	C:\WINDOWS\system32\WS2_32.dll
0x00007ffba1ae0000 - 0x00007ffba1b03000 	C:\WINDOWS\SYSTEM32\WINMM.dll
0x00007ffba1a80000 - 0x00007ffba1aac000 	C:\WINDOWS\SYSTEM32\WINMMBASE.dll
0x00000000633b0000 - 0x00000000633bf000 	C:\Program Files\Java\jdk1.8.0_92\jre\bin\verify.dll
0x0000000063380000 - 0x00000000633a9000 	C:\Program Files\Java\jdk1.8.0_92\jre\bin\java.dll
0x00000000626c0000 - 0x00000000626d6000 	C:\Program Files\Java\jdk1.8.0_92\jre\bin\zip.dll
0x00007ffba4820000 - 0x00007ffba5d7c000 	C:\WINDOWS\system32\SHELL32.dll
0x0000000008560000 - 0x0000000008ba5000 	C:\WINDOWS\system32\windows.storage.dll
0x00007ffba3930000 - 0x00007ffba393f000 	C:\WINDOWS\system32\kernel.appcore.dll
0x00007ffba44a0000 - 0x00007ffba4555000 	C:\WINDOWS\system32\shcore.dll
0x00007ffba38b0000 - 0x00007ffba38fb000 	C:\WINDOWS\system32\powrprof.dll
0x00007ffba3900000 - 0x00007ffba3914000 	C:\WINDOWS\system32\profapi.dll

VM Arguments:
jvm_args: -Djava.awt.headless=true -Xmx1024M -Dfile.encoding=windows-1252 -Duser.country=US -Duser.language=en -Duser.variant 
java_command: com.android.dx.command.Main --dex --force-jumbo --multi-dex --output C:\Users\kikkos\AndroidStudioProjects\Udacity\Sunshine\app\build\intermediates\transforms\dex\debug\folders\1000\10\internal_impl-23.4.0_c09fb2848a8d372c64d0c4f887c1ea375ac940b9 C:\Users\kikkos\AndroidStudioProjects\Udacity\Sunshine\app\build\intermediates\exploded-aar\com.android.support\support-v4\23.4.0\jars\libs\internal_impl-23.4.0.jar
java_class_path (initial): C:\Users\kikkos\AppData\Local\Android\sdk\build-tools\22.0.1\lib\dx.jar
Launcher Type: SUN_STANDARD

Environment Variables:
JAVA_HOME=C:\Program Files\Java\jdk1.8.0_92
PATH=C:\Program Files (x86)\Intel\iCLS Client\;C:\Program Files\Intel\iCLS Client\;C:\ProgramData\Oracle\Java\javapath;C:\Program Files\ImageMagick-6.8.9-Q16;C:\WINDOWS\system32;C:\WINDOWS;C:\WINDOWS\System32\Wbem;C:\Program Files\Lenovo\Bluetooth Software\;C:\Program Files\Lenovo\Bluetooth Software\syswow64;C:\Program Files\Intel\WiFi\bin\;C:\Program Files\Common Files\Intel\WirelessCommon\;C:\Program Files\Microsoft\Web Platform Installer\;C:\WINDOWS\System32\WindowsPowerShell\v1.0\;C:\Program Files\Microsoft SQL Server\110\Tools\Binn\;C:\Program Files\Sublime Text 2;C:\Program Files (x86)\Heroku\bin;C:\Program Files\Intel\Intel(R) Management Engine Components\DAL;C:\Program Files\Intel\Intel(R) Management Engine Components\IPT;C:\Program Files (x86)\Intel\Intel(R) Management Engine Components\DAL;C:\Program Files (x86)\Intel\Intel(R) Management Engine Components\IPT;C:\Program Files (x86)\NVIDIA Corporation\PhysX\Common;C:\WINDOWS\system32;C:\WINDOWS;C:\WINDOWS\System32\Wbem;C:\WINDOWS\System32\WindowsPowerShell\v1.0\;C:\Program Files (x86)\Skype\Phone\;C:\Ruby23-x64\bin;C:\Program Files (x86)\MySQL\MySQL Fabric 1.5 & MySQL Utilities 1.5\;C:\Program Files (x86)\MySQL\MySQL Fabric 1.5 & MySQL Utilities 1.5\Doctrine extensions for PHP\;C:\Program Files\MySQL\MySQL Server 5.7\bin;C:\RailsInstaller\Ruby2.2.0\bin;C:\Users\kikkos\AppData\Local\GitHub\PortableGit_d76a6a98c9315931ec4927243517bc09e9b731a0\cmd;C:\Ruby22-x64\bin;C:\Program Files (x86)\Heroku\ruby-1.9.3\bin;C:\Program Files\Intel\WiFi\bin\;C:\Program Files\Common Files\Intel\WirelessCommon\;C:\Program Files\MongoDB\Server\3.2\bin;C:\sqlite
USERNAME=kikkos
OS=Windows_NT
PROCESSOR_IDENTIFIER=Intel64 Family 6 Model 42 Stepping 7, GenuineIntel



---------------  S Y S T E M  ---------------

OS: Windows 10.0 , 64 bit Build 10586 (10.0.10586.0)

CPU:total 8 (4 cores per cpu, 2 threads per core) family 6 model 42 stepping 7, cmov, cx8, fxsr, mmx, sse, sse2, sse3, ssse3, sse4.1, sse4.2, popcnt, avx, aes, clmul, ht, tsc, tscinvbit

Memory: 4k page, physical 8300684k(2064096k free), swap 8505484k(3464k free)

vm_info: Java HotSpot(TM) 64-Bit Server VM (25.92-b14) for windows-amd64 JRE (1.8.0_92-b14), built on Mar 31 2016 21:03:04 by "java_re" with MS VC++ 10.0 (VS2010)

time: Fri Sep 09 15:59:52 2016
elapsed time: 3 seconds (0d 0h 0m 3s)

