#
# There is insufficient memory for the Java Runtime Environment to continue.
# Native memory allocation (malloc) failed to allocate 84496 bytes for Chunk::new
# Possible reasons:
#   The system is out of physical RAM or swap space
#   In 32 bit mode, the process size limit was hit
# Possible solutions:
#   Reduce memory load on the system
#   Increase physical memory or swap space
#   Check if swap backing store is full
#   Use 64 bit Java on a 64 bit OS
#   Decrease Java heap size (-Xmx/-Xms)
#   Decrease number of Java threads
#   Decrease Java thread stack sizes (-Xss)
#   Set larger code cache with -XX:ReservedCodeCacheSize=
# This output file may be truncated or incomplete.
#
#  Out of Memory Error (allocation.cpp:390), pid=9708, tid=0x00000000000004c0
#
# JRE version: Java(TM) SE Runtime Environment (8.0_92-b14) (build 1.8.0_92-b14)
# Java VM: Java HotSpot(TM) 64-Bit Server VM (25.92-b14 mixed mode windows-amd64 compressed oops)
# Failed to write core dump. Minidumps are not enabled by default on client versions of Windows
#

---------------  T H R E A D  ---------------

Current thread (0x0000000007316000):  JavaThread "C2 CompilerThread0" daemon [_thread_in_native, id=1216, stack(0x00000000085e0000,0x00000000086e0000)]

Stack: [0x00000000085e0000,0x00000000086e0000]
[error occurred during error reporting (printing stack bounds), id 0xc0000005]

Native frames: (J=compiled Java code, j=interpreted, Vv=VM code, C=native code)


Current CompileTask:
C2:    545  410       4       sun.misc.MetaIndex::mayContain (51 bytes)


---------------  P R O C E S S  ---------------

Java Threads: ( => current thread )
  0x000000000738d800 JavaThread "Service Thread" daemon [_thread_blocked, id=12364, stack(0x00000000089e0000,0x0000000008ae0000)]
  0x0000000007325000 JavaThread "C1 CompilerThread3" daemon [_thread_blocked, id=5056, stack(0x00000000088e0000,0x00000000089e0000)]
  0x0000000007321000 JavaThread "C2 CompilerThread2" daemon [_thread_blocked, id=6908, stack(0x00000000087e0000,0x00000000088e0000)]
  0x000000000731c000 JavaThread "C2 CompilerThread1" daemon [_thread_blocked, id=8732, stack(0x00000000086e0000,0x00000000087e0000)]
=>0x0000000007316000 JavaThread "C2 CompilerThread0" daemon [_thread_in_native, id=1216, stack(0x00000000085e0000,0x00000000086e0000)]
  0x0000000007311000 JavaThread "Attach Listener" daemon [_thread_blocked, id=11612, stack(0x00000000084e0000,0x00000000085e0000)]
  0x000000000730f800 JavaThread "Signal Dispatcher" daemon [_thread_blocked, id=11076, stack(0x00000000083e0000,0x00000000084e0000)]
  0x00000000072c7800 JavaThread "Finalizer" daemon [_thread_blocked, id=5848, stack(0x0000000008200000,0x0000000008300000)]
  0x0000000007296000 JavaThread "Reference Handler" daemon [_thread_blocked, id=14036, stack(0x0000000008100000,0x0000000008200000)]
  0x00000000022d7800 JavaThread "main" [_thread_in_native, id=10836, stack(0x00000000021d0000,0x00000000022d0000)]

Other Threads:
  0x0000000005ef0000 VMThread [stack: 0x0000000008000000,0x0000000008100000] [id=12616]
  0x00000000073ad000 WatcherThread [stack: 0x0000000008ae0000,0x0000000008be0000] [id=14760]

VM state:not at safepoint (normal execution)

VM Mutex/Monitor currently owned by a thread: None

Heap:
 PSYoungGen      total 38400K, used 7382K [0x00000000eab00000, 0x00000000ed580000, 0x0000000100000000)
  eden space 33280K, 22% used [0x00000000eab00000,0x00000000eb2359a8,0x00000000ecb80000)
  from space 5120K, 0% used [0x00000000ed080000,0x00000000ed080000,0x00000000ed580000)
  to   space 5120K, 0% used [0x00000000ecb80000,0x00000000ecb80000,0x00000000ed080000)
 ParOldGen       total 87552K, used 0K [0x00000000c0000000, 0x00000000c5580000, 0x00000000eab00000)
  object space 87552K, 0% used [0x00000000c0000000,0x00000000c0000000,0x00000000c5580000)
 Metaspace       used 4804K, capacity 6096K, committed 6272K, reserved 1056768K
  class space    used 527K, capacity 584K, committed 640K, reserved 1048576K

Card table byte_map: [0x0000000002790000,0x00000000029a0000] byte_map_base: 0x0000000002190000

Marking Bits: (ParMarkBitMap*) 0x00000000562864f0
 Begin Bits: [0x0000000003300000, 0x0000000004300000)
 End Bits:   [0x0000000004300000, 0x0000000005300000)

Polling page: 0x0000000000890000

CodeCache: size=245760Kb used=1829Kb max_used=1829Kb free=243930Kb
 bounds [0x000000000f010000, 0x000000000f280000, 0x000000001e010000]
 total_blobs=675 nmethods=412 adapters=176
 compilation: enabled

Compilation events (10 events):
Event: 0.535 Thread 0x0000000007325000 nmethod 408 0x000000000f1d5450 code [0x000000000f1d5680, 0x000000000f1d6278]
Event: 0.535 Thread 0x0000000007325000  409       3       java.lang.ClassLoader::compareCerts (149 bytes)
Event: 0.535 Thread 0x0000000007325000 nmethod 409 0x000000000f1d8150 code [0x000000000f1d8320, 0x000000000f1d8bd8]
Event: 0.540 Thread 0x0000000007316000  410       4       sun.misc.MetaIndex::mayContain (51 bytes)
Event: 0.540 Thread 0x0000000007325000  411   !   3       java.util.zip.ZipFile::getEntry (86 bytes)
Event: 0.541 Thread 0x0000000007325000 nmethod 411 0x000000000f1d8ed0 code [0x000000000f1d90a0, 0x000000000f1d96f8]
Event: 0.541 Thread 0x0000000007325000  412       3       java.util.zip.ZipEntry::<init> (146 bytes)
Event: 0.541 Thread 0x0000000007325000 nmethod 412 0x000000000f1d7a10 code [0x000000000f1d7ba0, 0x000000000f1d7fc8]
Event: 0.541 Thread 0x0000000007325000  413   !   3       sun.misc.URLClassPath$JarLoader::checkResource (55 bytes)
Event: 0.542 Thread 0x0000000007325000 nmethod 413 0x000000000f1d99d0 code [0x000000000f1d9b80, 0x000000000f1da1e8]

GC Heap History (0 events):
No events

Deoptimization events (0 events):
No events

Internal exceptions (2 events):
Event: 0.048 Thread 0x00000000022d7800 Exception <a 'java/lang/NoSuchMethodError': Method sun.misc.Unsafe.defineClass(Ljava/lang/String;[BII)Ljava/lang/Class; name or signature does not match> (0x00000000eab07cc0) thrown at [D:\re\workspace\8-2-build-windows-amd64-cygwin\jdk8u92\6642\hotspot\sr∞‰‰µ®?
Event: 0.048 Thread 0x00000000022d7800 Exception <a 'java/lang/NoSuchMethodError': Method sun.misc.Unsafe.prefetchRead(Ljava/lang/Object;J)V name or signature does not match> (0x00000000eab07fa8) thrown at [D:\re\workspace\8-2-build-windows-amd64-cygwin\jdk8u92\6642\hotspot\src\share\vm\prims\j

Events (10 events):
Event: 0.538 loading class com/android/dx/dex/code/HighRegisterPrefix
Event: 0.538 loading class com/android/dx/dex/code/HighRegisterPrefix done
Event: 0.539 loading class com/android/dx/dex/code/VariableSizeInsn
Event: 0.539 loading class com/android/dx/dex/code/VariableSizeInsn done
Event: 0.540 loading class com/android/dx/dex/code/SimpleInsn
Event: 0.540 loading class com/android/dx/dex/code/SimpleInsn done
Event: 0.540 loading class com/android/dx/dex/code/Dops
Event: 0.540 loading class com/android/dx/dex/code/Dops done
Event: 0.543 loading class com/android/dx/dex/code/Dop
Event: 0.543 loading class com/android/dx/dex/code/Dop done


Dynamic libraries:
0x00007ff6c1860000 - 0x00007ff6c1897000 	C:\Program Files\Java\jdk1.8.0_92\bin\java.exe
0x00007ffa65e20000 - 0x00007ffa65fe1000 	C:\WINDOWS\SYSTEM32\ntdll.dll
0x00007ffa659e0000 - 0x00007ffa65a8d000 	C:\WINDOWS\system32\KERNEL32.DLL
0x00007ffa625b0000 - 0x00007ffa62798000 	C:\WINDOWS\system32\KERNELBASE.dll
0x0000000056640000 - 0x00000000566f1000 	C:\Program Files\Bitdefender\Bitdefender 2016\Active Virus Control\Avc3_00361_034\avcuf64.dll
0x00007ffa60bc0000 - 0x00007ffa60c39000 	C:\WINDOWS\system32\apphelp.dll
0x00007ffa3e1a0000 - 0x00007ffa3e623000 	C:\WINDOWS\AppPatch\AppPatch64\AcLayers.DLL
0x00007ffa63ff0000 - 0x00007ffa6408d000 	C:\WINDOWS\system32\msvcrt.dll
0x00007ffa639d0000 - 0x00007ffa63b26000 	C:\WINDOWS\system32\USER32.dll
0x00007ffa637e0000 - 0x00007ffa63966000 	C:\WINDOWS\system32\GDI32.dll
0x00007ffa63200000 - 0x00007ffa63252000 	C:\WINDOWS\system32\SHLWAPI.dll
0x00007ffa632c0000 - 0x00007ffa6353d000 	C:\WINDOWS\system32\combase.dll
0x00007ffa65ba0000 - 0x00007ffa65cbc000 	C:\WINDOWS\system32\RPCRT4.dll
0x00007ffa62a80000 - 0x00007ffa62aea000 	C:\WINDOWS\system32\bcryptPrimitives.dll
0x0000000000920000 - 0x0000000000923000 	C:\WINDOWS\SYSTEM32\sfc.dll
0x00007ffa5d790000 - 0x00007ffa5d814000 	C:\WINDOWS\SYSTEM32\WINSPOOL.DRV
0x00007ffa62020000 - 0x00007ffa62049000 	C:\WINDOWS\SYSTEM32\bcrypt.dll
0x00007ffa548e0000 - 0x00007ffa548f1000 	C:\WINDOWS\SYSTEM32\sfc_os.DLL
0x00007ffa4c040000 - 0x00007ffa4c051000 	C:\WINDOWS\SYSTEM32\SortWindows61.dll
0x00007ffa657e0000 - 0x00007ffa6581b000 	C:\WINDOWS\system32\IMM32.DLL
0x00007ffa61680000 - 0x00007ffa616b1000 	C:\Windows\system32\nvinitx.dll
0x00007ffa63540000 - 0x00007ffa635e7000 	C:\WINDOWS\system32\ADVAPI32.dll
0x00007ffa63b60000 - 0x00007ffa63bbb000 	C:\WINDOWS\system32\sechost.dll
0x00007ffa61670000 - 0x00007ffa6167a000 	C:\WINDOWS\SYSTEM32\VERSION.dll
0x000000000f000000 - 0x000000000f006000 	C:\Program Files\NVIDIA Corporation\CoProcManager\_etoured.dll
0x00007ffa5eea0000 - 0x00007ffa5eed3000 	C:\Program Files\NVIDIA Corporation\CoProcManager\nvd3d9wrapx.dll
0x00007ffa63bc0000 - 0x00007ffa63fe9000 	C:\WINDOWS\system32\SETUPAPI.dll
0x00007ffa62560000 - 0x00007ffa625a3000 	C:\WINDOWS\system32\CFGMGR32.dll
0x00007ffa5ee70000 - 0x00007ffa5ee92000 	C:\Program Files\NVIDIA Corporation\CoProcManager\nvdxgiwrapx.dll
0x00007ffa5dbb0000 - 0x00007ffa5de24000 	C:\WINDOWS\WinSxS\amd64_microsoft.windows.common-controls_6595b64144ccf1df_6.0.10586.0_none_8c15ae12515e1c22\COMCTL32.dll
0x0000000054e10000 - 0x0000000054ee2000 	C:\Program Files\Java\jdk1.8.0_92\jre\bin\msvcr100.dll
0x0000000055a70000 - 0x0000000056306000 	C:\Program Files\Java\jdk1.8.0_92\jre\bin\server\jvm.dll
0x00007ffa63b50000 - 0x00007ffa63b58000 	C:\WINDOWS\system32\PSAPI.DLL
0x00007ffa54bd0000 - 0x00007ffa54bd9000 	C:\WINDOWS\SYSTEM32\WSOCK32.dll
0x00007ffa65600000 - 0x00007ffa6566b000 	C:\WINDOWS\system32\WS2_32.dll
0x00007ffa60620000 - 0x00007ffa60643000 	C:\WINDOWS\SYSTEM32\WINMM.dll
0x00007ffa605f0000 - 0x00007ffa6061c000 	C:\WINDOWS\SYSTEM32\WINMMBASE.dll
0x0000000055a60000 - 0x0000000055a6f000 	C:\Program Files\Java\jdk1.8.0_92\jre\bin\verify.dll
0x0000000055a30000 - 0x0000000055a59000 	C:\Program Files\Java\jdk1.8.0_92\jre\bin\java.dll
0x0000000055a10000 - 0x0000000055a26000 	C:\Program Files\Java\jdk1.8.0_92\jre\bin\zip.dll
0x00007ffa64090000 - 0x00007ffa655ec000 	C:\WINDOWS\system32\SHELL32.dll
0x00007ffa62bb0000 - 0x00007ffa631f4000 	C:\WINDOWS\system32\windows.storage.dll
0x00007ffa62430000 - 0x00007ffa6243f000 	C:\WINDOWS\system32\kernel.appcore.dll
0x00007ffa62af0000 - 0x00007ffa62ba5000 	C:\WINDOWS\system32\shcore.dll
0x00007ffa62440000 - 0x00007ffa6248b000 	C:\WINDOWS\system32\powrprof.dll
0x00007ffa62490000 - 0x00007ffa624a4000 	C:\WINDOWS\system32\profapi.dll

VM Arguments:
jvm_args: -Djava.awt.headless=true -Xmx1024M -Dfile.encoding=windows-1252 -Duser.country=US -Duser.language=en -Duser.variant 
java_command: com.android.dx.command.Main --dex --force-jumbo --multi-dex --output C:\Users\kikkos\AndroidStudioProjects\Udacity\Sunshine\app\build\intermediates\transforms\dex\debug\folders\1000\10\com.android.support-animated-vector-drawable-23.4.0_76f13e02c10656e94d1139bc59b8880858c329d7 C:\Users\kikkos\AndroidStudioProjects\Udacity\Sunshine\app\build\intermediates\exploded-aar\com.android.support\animated-vector-drawable\23.4.0\jars\classes.jar
java_class_path (initial): C:\Users\kikkos\AppData\Local\Android\sdk\build-tools\22.0.1\lib\dx.jar
Launcher Type: SUN_STANDARD

Environment Variables:
JAVA_HOME=C:\Program Files\Java\jdk1.8.0_92



---------------  S Y S T E M  ---------------

OS: Windows 10.0 , 64 bit Build 10586 (10.0.10586.0)

CPU:total 8 (4 cores per cpu, 2 threads per core) family 6 model 42 stepping 7, cmov, cx8, fxsr, mmx, sse, sse2, sse3, ssse3, sse4.1, sse4.2, popcnt, avx, aes, clmul, ht, tsc, tscinvbit

Memory: 4k page, physical 8300684k(2587324k free), swap 8505484k(5120k free)

vm_info: Java HotSpot(TM) 64-Bit Server VM (25.92-b14) for windows-amd64 JRE (1.8.0_92-b14), built on Mar 31 2016 21:03:04 by "java_re" with MS VC++ 10.0 (VS2010)

time: Tue Jun 14 18:55:25 2016
elapsed time: 0 seconds (0d 0h 0m 0s)

