#
# There is insufficient memory for the Java Runtime Environment to continue.
# Native memory allocation (malloc) failed to allocate 357136 bytes for Chunk::new
# Possible reasons:
#   The system is out of physical RAM or swap space
#   In 32 bit mode, the process size limit was hit
# Possible solutions:
#   Reduce memory load on the system
#   Increase physical memory or swap space
#   Check if swap backing store is full
#   Use 64 bit Java on a 64 bit OS
#   Decrease Java heap size (-Xmx/-Xms)
#   Decrease number of Java threads
#   Decrease Java thread stack sizes (-Xss)
#   Set larger code cache with -XX:ReservedCodeCacheSize=
# This output file may be truncated or incomplete.
#
#  Out of Memory Error (allocation.cpp:390), pid=12764, tid=0x0000000000001bec
#
# JRE version: Java(TM) SE Runtime Environment (8.0_92-b14) (build 1.8.0_92-b14)
# Java VM: Java HotSpot(TM) 64-Bit Server VM (25.92-b14 mixed mode windows-amd64 compressed oops)
# Failed to write core dump. Minidumps are not enabled by default on client versions of Windows
#

---------------  T H R E A D  ---------------

Current thread (0x00000000074b8800):  JavaThread "C2 CompilerThread2" daemon [_thread_in_native, id=7148, stack(0x0000000008920000,0x0000000008a20000)]

Stack: [0x0000000008920000,0x0000000008a20000]
[error occurred during error reporting (printing stack bounds), id 0xc0000005]

Native frames: (J=compiled Java code, j=interpreted, Vv=VM code, C=native code)


Current CompileTask:
C2:   4486 1330       4       com.android.dx.dex.code.OutputFinisher::addConstants (93 bytes)


---------------  P R O C E S S  ---------------

Java Threads: ( => current thread )
  0x00000000074c3800 JavaThread "Service Thread" daemon [_thread_blocked, id=3780, stack(0x0000000008b20000,0x0000000008c20000)]
  0x00000000074bc000 JavaThread "C1 CompilerThread3" daemon [_thread_blocked, id=12208, stack(0x0000000008a20000,0x0000000008b20000)]
=>0x00000000074b8800 JavaThread "C2 CompilerThread2" daemon [_thread_in_native, id=7148, stack(0x0000000008920000,0x0000000008a20000)]
  0x00000000074b3800 JavaThread "C2 CompilerThread1" daemon [_thread_in_native, id=13656, stack(0x0000000008820000,0x0000000008920000)]
  0x0000000007452800 JavaThread "C2 CompilerThread0" daemon [_thread_in_native, id=12656, stack(0x0000000008720000,0x0000000008820000)]
  0x0000000007451800 JavaThread "Attach Listener" daemon [_thread_blocked, id=580, stack(0x0000000008620000,0x0000000008720000)]
  0x0000000007450800 JavaThread "Signal Dispatcher" daemon [_thread_blocked, id=3936, stack(0x0000000008520000,0x0000000008620000)]
  0x0000000007408000 JavaThread "Finalizer" daemon [_thread_blocked, id=2892, stack(0x0000000008340000,0x0000000008440000)]
  0x00000000073d6000 JavaThread "Reference Handler" daemon [_thread_blocked, id=15220, stack(0x0000000008240000,0x0000000008340000)]
  0x00000000023c7800 JavaThread "main" [_thread_in_Java, id=13264, stack(0x0000000002240000,0x0000000002340000)]

Other Threads:
  0x000000000607f800 VMThread [stack: 0x0000000008140000,0x0000000008240000] [id=13640]
  0x00000000074cb800 WatcherThread [stack: 0x0000000008c20000,0x0000000008d20000] [id=10828]

VM state:not at safepoint (normal execution)

VM Mutex/Monitor currently owned by a thread:  ([mutex/lock_event])
[0x00000000023c5b10] AdapterHandlerLibrary_lock - owner thread: 0x00000000023c7800

Heap:
 PSYoungGen      total 38400K, used 8107K [0x00000000eab00000, 0x00000000ed580000, 0x0000000100000000)
  eden space 33280K, 9% used [0x00000000eab00000,0x00000000eadece30,0x00000000ecb80000)
  from space 5120K, 99% used [0x00000000ecb80000,0x00000000ed07e078,0x00000000ed080000)
  to   space 5120K, 0% used [0x00000000ed080000,0x00000000ed080000,0x00000000ed580000)
 ParOldGen       total 87552K, used 1065K [0x00000000c0000000, 0x00000000c5580000, 0x00000000eab00000)
  object space 87552K, 1% used [0x00000000c0000000,0x00000000c010a7d0,0x00000000c5580000)
 Metaspace       used 5920K, capacity 7088K, committed 7296K, reserved 1056768K
  class space    used 581K, capacity 616K, committed 640K, reserved 1048576K

Card table byte_map: [0x0000000002920000,0x0000000002b30000] byte_map_base: 0x0000000002320000

Marking Bits: (ParMarkBitMap*) 0x00000000561c64f0
 Begin Bits: [0x0000000003490000, 0x0000000004490000)
 End Bits:   [0x0000000004490000, 0x0000000005490000)

Polling page: 0x0000000000730000

CodeCache: size=245760Kb used=5791Kb max_used=5791Kb free=239969Kb
 bounds [0x000000000f010000, 0x000000000f5c0000, 0x000000001e010000]
 total_blobs=1648 nmethods=1381 adapters=178
 compilation: enabled

Compilation events (10 events):
Event: 4.478 Thread 0x00000000074bc000 nmethod 1376 0x000000000f5a12d0 code [0x000000000f5a1440, 0x000000000f5a1728]
Event: 4.480 Thread 0x00000000074bc000 1377       3       java.util.ArrayDeque::poll (5 bytes)
Event: 4.481 Thread 0x00000000074bc000 nmethod 1377 0x000000000f5a0f10 code [0x000000000f5a1080, 0x000000000f5a1228]
Event: 4.481 Thread 0x00000000074bc000 1378       3       java.util.ArrayDeque::pollFirst (42 bytes)
Event: 4.481 Thread 0x00000000074bc000 nmethod 1378 0x000000000f5a39d0 code [0x000000000f5a3b40, 0x000000000f5a3e70]
Event: 4.482 Thread 0x00000000074bc000 1379       1       com.android.dx.dex.code.form.SpecialFormat::isCompatible (2 bytes)
Event: 4.482 Thread 0x00000000074bc000 nmethod 1379 0x000000000f5a0c10 code [0x000000000f5a0d60, 0x000000000f5a0e70]
Event: 4.482 Thread 0x00000000074bc000 1380       1       com.android.dx.dex.code.ZeroSizeInsn::codeSize (2 bytes)
Event: 4.482 Thread 0x00000000074bc000 nmethod 1380 0x000000000f5a3710 code [0x000000000f5a3860, 0x000000000f5a3970]
Event: 4.483 Thread 0x00000000074bc000 1381       3       com.android.dx.rop.code.SourcePosition::equals (46 bytes)

GC Heap History (2 events):
Event: 4.078 GC heap before
{Heap before GC invocations=1 (full 0):
 PSYoungGen      total 38400K, used 33280K [0x00000000eab00000, 0x00000000ed580000, 0x0000000100000000)
  eden space 33280K, 100% used [0x00000000eab00000,0x00000000ecb80000,0x00000000ecb80000)
  from space 5120K, 0% used [0x00000000ed080000,0x00000000ed080000,0x00000000ed580000)
  to   space 5120K, 0% used [0x00000000ecb80000,0x00000000ecb80000,0x00000000ed080000)
 ParOldGen       total 87552K, used 0K [0x00000000c0000000, 0x00000000c5580000, 0x00000000eab00000)
  object space 87552K, 0% used [0x00000000c0000000,0x00000000c0000000,0x00000000c5580000)
 Metaspace       used 5741K, capacity 6960K, committed 7040K, reserved 1056768K
  class space    used 566K, capacity 616K, committed 640K, reserved 1048576K
Event: 4.185 GC heap after
Heap after GC invocations=1 (full 0):
 PSYoungGen      total 38400K, used 5112K [0x00000000eab00000, 0x00000000ed580000, 0x0000000100000000)
  eden space 33280K, 0% used [0x00000000eab00000,0x00000000eab00000,0x00000000ecb80000)
  from space 5120K, 99% used [0x00000000ecb80000,0x00000000ed07e078,0x00000000ed080000)
  to   space 5120K, 0% used [0x00000000ed080000,0x00000000ed080000,0x00000000ed580000)
 ParOldGen       total 87552K, used 1065K [0x00000000c0000000, 0x00000000c5580000, 0x00000000eab00000)
  object space 87552K, 1% used [0x00000000c0000000,0x00000000c010a7d0,0x00000000c5580000)
 Metaspace       used 5741K, capacity 6960K, committed 7040K, reserved 1056768K
  class space    used 566K, capacity 616K, committed 640K, reserved 1048576K
}

Deoptimization events (10 events):
Event: 4.243 Thread 0x00000000023c7800 Uncommon trap: reason=class_check action=maybe_recompile pc=0x000000000f466b08 method=java.util.Arrays.hashCode([Ljava/lang/Object;)I @ 43
Event: 4.243 Thread 0x00000000023c7800 Uncommon trap: reason=class_check action=maybe_recompile pc=0x000000000f466b08 method=java.util.Arrays.hashCode([Ljava/lang/Object;)I @ 43
Event: 4.243 Thread 0x00000000023c7800 Uncommon trap: reason=class_check action=maybe_recompile pc=0x000000000f482828 method=java.util.Arrays.hashCode([Ljava/lang/Object;)I @ 43
Event: 4.280 Thread 0x00000000023c7800 Uncommon trap: reason=bimorphic action=maybe_recompile pc=0x000000000f3ee908 method=java.util.HashMap.putVal(ILjava/lang/Object;Ljava/lang/Object;ZZ)Ljava/lang/Object; @ 203
Event: 4.289 Thread 0x00000000023c7800 Uncommon trap: reason=bimorphic action=maybe_recompile pc=0x000000000f3ee908 method=java.util.HashMap.putVal(ILjava/lang/Object;Ljava/lang/Object;ZZ)Ljava/lang/Object; @ 203
Event: 4.289 Thread 0x00000000023c7800 Uncommon trap: reason=bimorphic action=maybe_recompile pc=0x000000000f3ee908 method=java.util.HashMap.putVal(ILjava/lang/Object;Ljava/lang/Object;ZZ)Ljava/lang/Object; @ 203
Event: 4.289 Thread 0x00000000023c7800 Uncommon trap: reason=bimorphic action=maybe_recompile pc=0x000000000f3ee908 method=java.util.HashMap.putVal(ILjava/lang/Object;Ljava/lang/Object;ZZ)Ljava/lang/Object; @ 203
Event: 4.289 Thread 0x00000000023c7800 Uncommon trap: reason=bimorphic action=maybe_recompile pc=0x000000000f3e40cc method=java.util.HashMap.putVal(ILjava/lang/Object;Ljava/lang/Object;ZZ)Ljava/lang/Object; @ 203
Event: 4.315 Thread 0x00000000023c7800 Uncommon trap: reason=bimorphic action=maybe_recompile pc=0x000000000f2232cc method=java.util.HashMap.getNode(ILjava/lang/Object;)Ljava/util/HashMap$Node; @ 126
Event: 4.315 Thread 0x00000000023c7800 Uncommon trap: reason=bimorphic action=maybe_recompile pc=0x000000000f2232cc method=java.util.HashMap.getNode(ILjava/lang/Object;)Ljava/util/HashMap$Node; @ 126

Internal exceptions (2 events):
Event: 0.462 Thread 0x00000000023c7800 Exception <a 'java/lang/NoSuchMethodError': Method sun.misc.Unsafe.defineClass(Ljava/lang/String;[BII)Ljava/lang/Class; name or signature does not match> (0x00000000eab07cc0) thrown at [D:\re\workspace\8-2-build-windows-amd64-cygwin\jdk8u92\6642\hotspot\srL⁄Å{≤ç›?
Event: 0.462 Thread 0x00000000023c7800 Exception <a 'java/lang/NoSuchMethodError': Method sun.misc.Unsafe.prefetchRead(Ljava/lang/Object;J)V name or signature does not match> (0x00000000eab07fa8) thrown at [D:\re\workspace\8-2-build-windows-amd64-cygwin\jdk8u92\6642\hotspot\src\share\vm\prims\j

Events (10 events):
Event: 4.471 loading class com/android/dx/dex/code/LocalList$MakeState
Event: 4.471 loading class com/android/dx/dex/code/LocalList$MakeState done
Event: 4.478 loading class com/android/dx/dex/code/CatchHandlerList
Event: 4.478 loading class com/android/dx/dex/code/CatchHandlerList done
Event: 4.479 loading class com/android/dx/dex/code/CatchTable
Event: 4.479 loading class com/android/dx/dex/code/CatchTable done
Event: 4.480 loading class com/android/dx/dex/code/LocalList$Disposition
Event: 4.480 loading class com/android/dx/dex/code/LocalList$Disposition done
Event: 4.481 loading class com/android/dx/dex/code/LocalList$Entry
Event: 4.481 loading class com/android/dx/dex/code/LocalList$Entry done


Dynamic libraries:
0x00007ff667870000 - 0x00007ff6678a7000 	C:\Program Files\NVIDIA Corporation\CoProcManager\_etoured.dll
0x00007ffa65e20000 - 0x00007ffa65fe1000 	C:\WINDOWS\SYSTEM32\ntdll.dll
0x00007ffa659e0000 - 0x00007ffa65a8d000 	C:\WINDOWS\system32\KERNEL32.DLL
0x00007ffa625b0000 - 0x00007ffa62798000 	C:\WINDOWS\system32\KERNELBASE.dll
0x0000000056250000 - 0x0000000056301000 	C:\WINDOWS\WinSxS\amd64_microsoft.windows.common-controls_6595b64144ccf1df_6.0.10586.0_none_8
0x00007ffa60bc0000 - 0x00007ffa60c39000 	C:\Program Files\Java\jdk1.8.0_92\jre\bin\msvcr100.dll
0x00007ffa377a0000 - 0x00007ffa37c23000 	C:\Program Files\Java\jdk1.8.0_92\jre\bin\server\jvm.dll
0x00007ffa63ff0000 - 0x00007ffa6408d000 	C:\WINDOWS\system32\PSAPI.DLL
0x00007ffa639d0000 - 0x00007ffa63b26000 	C:\WINDOWS\SYSTEM32\WSOCK32.dll
0x00007ffa637e0000 - 0x00007ffa63966000 	C:\WINDOWS\system32\WS2_32.dll
0x00007ffa63200000 - 0x00007ffa63252000 	C:\WINDOWS\SYSTEM32\WINMM.dll
0x00007ffa632c0000 - 0x00007ffa6353d000 	C:\WINDOWS\SYSTEM32\WINMMBASE.dll
0x00007ffa65ba0000 - 0x00007ffa65cbc000 	C:\Program Files\Java\jdk1.8.0_92\jre\bin\verify.dll
0x00007ffa62a80000 - 0x00007ffa62aea000 	C:\Program Files\Java\jdk1.8.0_92\jre\bin\java.dll
0x0000000000e30000 - 0x0000000000e33000 	C:\Program Files\Java\jdk1.8.0_92\jre\bin\zip.dll
0x00007ffa5d790000 - 0x00007ffa5d814000 	C:\WINDOWS\SYSTEM32\WINSPOOL.DRV
0x00007ffa62020000 - 0x00007ffa62049000 	C:\WINDOWS\SYSTEM32\ntdll.dll
0x00007ffa548e0000 - 0x00007ffa548f1000 	C:\WINDOWS\system32\apphelp.dll
0x00007ffa54a50000 - 0x00007ffa54a61000 	C:\WINDOWS\system32\msvcrt.dll
0x00007ffa657e0000 - 0x00007ffa6581b000 	C:\WINDOWS\system32\SHLWAPI.dll
0x00007ffa61680000 - 0x00007ffa616b1000 	C:\WINDOWS\system32\bcryptPrimitives.dll
0x00007ffa63540000 - 0x00007ffa635e7000 	C:\WINDOWS\SYSTEM32\WINSPOOL.DRV
0x00007ffa63b60000 - 0x00007ffa63bbb000 	C:\WINDOWS\SYSTEM32\sfc_os.DLL
0x00007ffa61670000 - 0x00007ffa6167a000 	C:\WINDOWS\SYSTEM32\VERSION.dll
0x000000000f000000 - 0x000000000f006000 	C:\Program Files\NVIDIA Corporation\CoProcManager\_etoured.dll
0x00007ffa5eea0000 - 0x00007ffa5eed3000 	C:\Program Files\NVIDIA Corporation\CoProcManager\nvd3d9wrapx.dll
0x00007ffa63bc0000 - 0x00007ffa63fe9000 	C:\Program Files\NVIDIA Corporation\CoProcManager\nvd3d9wrapx.dll
0x00007ffa62560000 - 0x00007ffa625a3000 	C:\WINDOWS\system32\CFGMGR32.dll
0x00007ffa5ee70000 - 0x00007ffa5ee92000 	C:\WINDOWS\WinSxS\amd64_microsoft.windows.common-controls_6595b64144ccf1df_6.0.10586.0_none_8c15ae12515e1c22\COMCTL32.dll
0x00007ffa5dbb0000 - 0x00007ffa5de24000 	C:\Program Files\Java\jdk1.8.0_92\jre\bin\msvcr100.dll
0x0000000055550000 - 0x0000000055622000 	C:\WINDOWS\system32\PSAPI.DLL
0x00000000559b0000 - 0x0000000056246000 	C:\Program Files\Java\jdk1.8.0_92\jre\bin\server\jvm.dll
0x00007ffa63b50000 - 0x00007ffa63b58000 	C:\WINDOWS\SYSTEM32\WINMM.dll
0x00007ffa54bd0000 - 0x00007ffa54bd9000 	C:\Program Files\Java\jdk1.8.0_92\jre\bin\verify.dll
0x00007ffa65600000 - 0x00007ffa6566b000 	C:\Program Files\Java\jdk1.8.0_92\jre\bin\java.dll
0x00007ffa60620000 - 0x00007ffa60643000 	C:\WINDOWS\SYSTEM32\WINMM.dll
0x00007ffa605f0000 - 0x00007ffa6061c000 	C:\WINDOWS\SYSTEM32\WINMMBASE.dll
0x0000000056350000 - 0x000000005635f000 	C:\Program Files\Java\jdk1.8.0_92\jre\bin\verify.dll
0x0000000056320000 - 0x0000000056349000 	C:\Program Files\Java\jdk1.8.0_92\jre\bin\java.dll
0x0000000055990000 - 0x00000000559a6000 	C:\Program Files\Java\jdk1.8.0_92\jre\bin\zip.dll
0x00007ffa64090000 - 0x00007ffa655ec000 	C:\WINDOWS\system32\SHELL32.dll
0x00007ffa62bb0000 - 0x00007ffa631f4000 	C:\WINDOWS\system32\windows.storage.dll
0x00007ffa62430000 - 0x00007ffa6243f000 	C:\WINDOWS\system32\kernel.appcore.dll
0x00007ffa62af0000 - 0x00007ffa62ba5000 	C:\WINDOWS\system32\shcore.dll
0x00007ffa62440000 - 0x00007ffa6248b000 	C:\WINDOWS\system32\powrprof.dll
0x00007ffa62490000 - 0x00007ffa624a4000 	C:\WINDOWS\system32\profapi.dll

VM Arguments:
jvm_args: -Djava.awt.headless=true -Xmx1024M -Dfile.encoding=windows-1252 -Duser.country=US -Duser.language=en -Duser.variant 
java_command: com.android.dx.command.Main --dex --force-jumbo --multi-dex --output C:\Users\kikkos\AndroidStudioProjects\Udacity\Sunshine\app\build\intermediates\transforms\dex\debug\folders\1000\10\com.android.support-support-vector-drawable-23.4.0_1e17270db11dcc4c4e036f9d508c1ed1205cc38d C:\Users\kikkos\AndroidStudioProjects\Udacity\Sunshine\app\build\intermediates\exploded-aar\com.android.support\support-vector-drawable\23.4.0\jars\classes.jar
java_class_path (initial): C:\Users\kikkos\AppData\Local\Android\sdk\build-tools\22.0.1\lib\dx.jar
Launcher Type: SUN_STANDARD

Environment Variables:
JAVA_HOME=C:\Program Files\Java\jdk1.8.0_92
PATH=C:\Program Files (x86)\Intel\iCLS Client\;C:\Program Files\Intel\iCLS Client\;C:\ProgramData\Oracle\Java\javapath;C:\Program Files\ImageMagick-6.8.9-Q16;C:\WINDOWS\system32;C:\WINDOWS;C:\WINDOWS\System32\Wbem;C:\Program Files\Lenovo\Bluetooth Software\;C:\Program Files\Lenovo\Bluetooth Software\syswow64;C:\Program Files\Intel\WiFi\bin\;C:\Program Files\Common Files\Intel\WirelessCommon\;C:\Program Files\Microsoft\Web Platform Installer\;C:\WINDOWS\System32\WindowsPowerShell\v1.0\;C:\Program Files\Microsoft SQL Server\110\Tools\Binn\;C:\Program Files\Sublime Text 2;C:\Program Files (x86)\Heroku\bin;C:\Program Files\Intel\Intel(R) Management Engine Components\DAL;C:\Program Files\Intel\Intel(R) Management Engine Components\IPT;C:\Program Files (x86)\Intel\Intel(R) Management Engine Components\DAL;C:\Program Files (x86)\Intel\Intel(R) Management Engine Components\IPT;C:\Program Files (x86)\NVIDIA Corporation\PhysX\Common;C:\WINDOWS\system32;C:\WINDOWS;C:\WINDOWS\System32\Wbem;C:\WINDOWS\System32\WindowsPowerShell\v1.0\;C:\Program Files (x86)\Skype\Phone\;C:\Ruby23-x64\bin;C:\Program Files (x86)\MySQL\MySQL Fabric 1.5 & MySQL Utilities 1.5\;C:\Program Files (x86)\MySQL\MySQL Fabric 1.5 & MySQL Utilities 1.5\Doctrine extensions for PHP\;C:\Program Files\MySQL\MySQL Server 5.7\bin;C:\RailsInstaller\Ruby2.2.0\bin;C:\Users\kikkos\AppData\Local\GitHub\PortableGit_d76a6a98c9315931ec4927243517bc09e9b731a0\cmd;C:\Ruby22-x64\bin;C:\Program Files (x86)\Heroku\ruby-1.9.3\bin;C:\Program Files\Intel\WiFi\bin\;C:\Program Files\Common Files\Intel\WirelessCommon\
USERNAME=kikkos
OS=Windows_NT
PROCESSOR_IDENTIFIER=Intel64 Family 6 Model 42 Stepping 7, GenuineIntel



---------------  S Y S T E M  ---------------

OS: Windows 10.0 , 64 bit Build 10586 (10.0.10586.0)

CPU:total 8 (4 cores per cpu, 2 threads per core) family 6 model 42 stepping 7, cmov, cx8, fxsr, mmx, sse, sse2, sse3, ssse3, sse4.1, sse4.2, popcnt, avx, aes, clmul, ht, tsc, tscinvbit

Memory: 4k page, physical 8300684k(1999564k free), swap 8505484k(6824k free)

vm_info: Java HotSpot(TM) 64-Bit Server VM (25.92-b14) for windows-amd64 JRE (1.8.0_92-b14), built on Mar 31 2016 21:03:04 by "java_re" with MS VC++ 10.0 (VS2010)

time: Thu Jun 16 15:09:32 2016
elapsed time: 4 seconds (0d 0h 0m 4s)

