#
# There is insufficient memory for the Java Runtime Environment to continue.
# Native memory allocation (malloc) failed to allocate 309456 bytes for Chunk::new
# Possible reasons:
#   The system is out of physical RAM or swap space
#   In 32 bit mode, the process size limit was hit
# Possible solutions:
#   Reduce memory load on the system
#   Increase physical memory or swap space
#   Check if swap backing store is full
#   Use 64 bit Java on a 64 bit OS
#   Decrease Java heap size (-Xmx/-Xms)
#   Decrease number of Java threads
#   Decrease Java thread stack sizes (-Xss)
#   Set larger code cache with -XX:ReservedCodeCacheSize=
# This output file may be truncated or incomplete.
#
#  Out of Memory Error (allocation.cpp:390), pid=9496, tid=0x0000000000001b68
#
# JRE version: Java(TM) SE Runtime Environment (8.0_92-b14) (build 1.8.0_92-b14)
# Java VM: Java HotSpot(TM) 64-Bit Server VM (25.92-b14 mixed mode windows-amd64 compressed oops)
# Failed to write core dump. Minidumps are not enabled by default on client versions of Windows
#

---------------  T H R E A D  ---------------

Current thread (0x00000000073e1800):  JavaThread "C2 CompilerThread2" daemon [_thread_in_native, id=7016, stack(0x00000000088a0000,0x00000000089a0000)]

Stack: [0x00000000088a0000,0x00000000089a0000]
[error occurred during error reporting (printing stack bounds), id 0xc0000005]

Native frames: (J=compiled Java code, j=interpreted, Vv=VM code, C=native code)


Current CompileTask:
C2:   5451 1821       4       com.android.dx.ssa.SsaConverter::placePhiFunctions (394 bytes)


---------------  P R O C E S S  ---------------

Java Threads: ( => current thread )
  0x0000000007467800 JavaThread "Service Thread" daemon [_thread_blocked, id=10200, stack(0x0000000008aa0000,0x0000000008ba0000)]
  0x0000000007447800 JavaThread "C1 CompilerThread3" daemon [_thread_blocked, id=5424, stack(0x00000000089a0000,0x0000000008aa0000)]
=>0x00000000073e1800 JavaThread "C2 CompilerThread2" daemon [_thread_in_native, id=7016, stack(0x00000000088a0000,0x00000000089a0000)]
  0x00000000073d8800 JavaThread "C2 CompilerThread1" daemon [_thread_in_native, id=9260, stack(0x00000000087a0000,0x00000000088a0000)]
  0x00000000073d2800 JavaThread "C2 CompilerThread0" daemon [_thread_in_native, id=13092, stack(0x00000000086a0000,0x00000000087a0000)]
  0x00000000073d1000 JavaThread "Attach Listener" daemon [_thread_blocked, id=5316, stack(0x00000000085a0000,0x00000000086a0000)]
  0x00000000073d0000 JavaThread "Signal Dispatcher" daemon [_thread_blocked, id=608, stack(0x00000000084a0000,0x00000000085a0000)]
  0x0000000007388000 JavaThread "Finalizer" daemon [_thread_blocked, id=14764, stack(0x00000000082c0000,0x00000000083c0000)]
  0x0000000007356000 JavaThread "Reference Handler" daemon [_thread_blocked, id=13832, stack(0x00000000081c0000,0x00000000082c0000)]
  0x0000000002317800 JavaThread "main" [_thread_in_Java, id=12736, stack(0x0000000002190000,0x0000000002290000)]

Other Threads:
  0x0000000005ff0800 VMThread [stack: 0x00000000080c0000,0x00000000081c0000] [id=9964]
  0x000000000746e000 WatcherThread [stack: 0x0000000008ba0000,0x0000000008ca0000] [id=10652]

VM state:not at safepoint (normal execution)

VM Mutex/Monitor currently owned by a thread: None

Heap:
 PSYoungGen      total 138240K, used 15712K [0x00000000eab00000, 0x00000000f3700000, 0x0000000100000000)
  eden space 133120K, 7% used [0x00000000eab00000,0x00000000eb55e2b0,0x00000000f2d00000)
  from space 5120K, 99% used [0x00000000f3200000,0x00000000f36f9e40,0x00000000f3700000)
  to   space 5120K, 0% used [0x00000000f2d00000,0x00000000f2d00000,0x00000000f3200000)
 ParOldGen       total 87552K, used 26920K [0x00000000c0000000, 0x00000000c5580000, 0x00000000eab00000)
  object space 87552K, 30% used [0x00000000c0000000,0x00000000c1a4a0e8,0x00000000c5580000)
 Metaspace       used 6057K, capacity 7088K, committed 7296K, reserved 1056768K
  class space    used 586K, capacity 616K, committed 640K, reserved 1048576K

Card table byte_map: [0x0000000002890000,0x0000000002aa0000] byte_map_base: 0x0000000002290000

Marking Bits: (ParMarkBitMap*) 0x00000000562864f0
 Begin Bits: [0x0000000003400000, 0x0000000004400000)
 End Bits:   [0x0000000004400000, 0x0000000005400000)

Polling page: 0x00000000008d0000

CodeCache: size=245760Kb used=8693Kb max_used=8707Kb free=237066Kb
 bounds [0x000000000f010000, 0x000000000f8a0000, 0x000000001e010000]
 total_blobs=2053 nmethods=1788 adapters=178
 compilation: enabled

Compilation events (10 events):
Event: 5.396 Thread 0x0000000007447800 1845       3       com.android.dx.dex.cf.CfTranslator::translate0 (259 bytes)
Event: 5.400 Thread 0x0000000007447800 nmethod 1845 0x000000000f8830d0 code [0x000000000f883540, 0x000000000f8863b8]
Event: 5.404 Thread 0x0000000007447800 1846 %     3       com.android.dx.cf.cst.ConstantPoolParser::parse @ 96 (365 bytes)
Event: 5.408 Thread 0x00000000073d2800 nmethod 1748 0x000000000f8881d0 code [0x000000000f8897e0, 0x000000000f8921c0]
Event: 5.408 Thread 0x0000000007447800 nmethod 1846% 0x000000000f87d1d0 code [0x000000000f87d760, 0x000000000f880dc8]
Event: 5.409 Thread 0x00000000073d2800 1820       4       com.android.dx.cf.code.BaseMachine::popArgs (62 bytes)
Event: 5.417 Thread 0x00000000073d2800 nmethod 1820 0x000000000f847950 code [0x000000000f847ac0, 0x000000000f847fb8]
Event: 5.417 Thread 0x00000000073d2800 1807       4       com.android.dx.ssa.SsaConverter::edgeSplitSuccessors (98 bytes)
Event: 5.437 Thread 0x0000000007447800 1848       2       com.android.dx.ssa.LocalVariableInfo::getStarts (19 bytes)
Event: 5.437 Thread 0x0000000007447800 nmethod 1848 0x000000000f8682d0 code [0x000000000f868440, 0x000000000f868688]

GC Heap History (8 events):
Event: 1.945 GC heap before
{Heap before GC invocations=1 (full 0):
 PSYoungGen      total 38400K, used 33280K [0x00000000eab00000, 0x00000000ed580000, 0x0000000100000000)
  eden space 33280K, 100% used [0x00000000eab00000,0x00000000ecb80000,0x00000000ecb80000)
  from space 5120K, 0% used [0x00000000ed080000,0x00000000ed080000,0x00000000ed580000)
  to   space 5120K, 0% used [0x00000000ecb80000,0x00000000ecb80000,0x00000000ed080000)
 ParOldGen       total 87552K, used 0K [0x00000000c0000000, 0x00000000c5580000, 0x00000000eab00000)
  object space 87552K, 0% used [0x00000000c0000000,0x00000000c0000000,0x00000000c5580000)
 Metaspace       used 5820K, capacity 7024K, committed 7296K, reserved 1056768K
  class space    used 566K, capacity 616K, committed 640K, reserved 1048576K
Event: 2.003 GC heap after
Heap after GC invocations=1 (full 0):
 PSYoungGen      total 38400K, used 5110K [0x00000000eab00000, 0x00000000ef600000, 0x0000000100000000)
  eden space 33280K, 0% used [0x00000000eab00000,0x00000000eab00000,0x00000000ecb80000)
  from space 5120K, 99% used [0x00000000ecb80000,0x00000000ed07db98,0x00000000ed080000)
  to   space 5120K, 0% used [0x00000000ef100000,0x00000000ef100000,0x00000000ef600000)
 ParOldGen       total 87552K, used 1691K [0x00000000c0000000, 0x00000000c5580000, 0x00000000eab00000)
  object space 87552K, 1% used [0x00000000c0000000,0x00000000c01a6fd8,0x00000000c5580000)
 Metaspace       used 5820K, capacity 7024K, committed 7296K, reserved 1056768K
  class space    used 566K, capacity 616K, committed 640K, reserved 1048576K
}
Event: 2.617 GC heap before
{Heap before GC invocations=2 (full 0):
 PSYoungGen      total 38400K, used 38390K [0x00000000eab00000, 0x00000000ef600000, 0x0000000100000000)
  eden space 33280K, 100% used [0x00000000eab00000,0x00000000ecb80000,0x00000000ecb80000)
  from space 5120K, 99% used [0x00000000ecb80000,0x00000000ed07db98,0x00000000ed080000)
  to   space 5120K, 0% used [0x00000000ef100000,0x00000000ef100000,0x00000000ef600000)
 ParOldGen       total 87552K, used 1691K [0x00000000c0000000, 0x00000000c5580000, 0x00000000eab00000)
  object space 87552K, 1% used [0x00000000c0000000,0x00000000c01a6fd8,0x00000000c5580000)
 Metaspace       used 5894K, capacity 7088K, committed 7296K, reserved 1056768K
  class space    used 566K, capacity 616K, committed 640K, reserved 1048576K
Event: 2.653 GC heap after
Heap after GC invocations=2 (full 0):
 PSYoungGen      total 71680K, used 5088K [0x00000000eab00000, 0x00000000ef600000, 0x0000000100000000)
  eden space 66560K, 0% used [0x00000000eab00000,0x00000000eab00000,0x00000000eec00000)
  from space 5120K, 99% used [0x00000000ef100000,0x00000000ef5f8158,0x00000000ef600000)
  to   space 5120K, 0% used [0x00000000eec00000,0x00000000eec00000,0x00000000ef100000)
 ParOldGen       total 87552K, used 7149K [0x00000000c0000000, 0x00000000c5580000, 0x00000000eab00000)
  object space 87552K, 8% used [0x00000000c0000000,0x00000000c06fb488,0x00000000c5580000)
 Metaspace       used 5894K, capacity 7088K, committed 7296K, reserved 1056768K
  class space    used 566K, capacity 616K, committed 640K, reserved 1048576K
}
Event: 4.555 GC heap before
{Heap before GC invocations=3 (full 0):
 PSYoungGen      total 71680K, used 71648K [0x00000000eab00000, 0x00000000ef600000, 0x0000000100000000)
  eden space 66560K, 100% used [0x00000000eab00000,0x00000000eec00000,0x00000000eec00000)
  from space 5120K, 99% used [0x00000000ef100000,0x00000000ef5f8158,0x00000000ef600000)
  to   space 5120K, 0% used [0x00000000eec00000,0x00000000eec00000,0x00000000ef100000)
 ParOldGen       total 87552K, used 7149K [0x00000000c0000000, 0x00000000c5580000, 0x00000000eab00000)
  object space 87552K, 8% used [0x00000000c0000000,0x00000000c06fb488,0x00000000c5580000)
 Metaspace       used 6029K, capacity 7088K, committed 7296K, reserved 1056768K
  class space    used 586K, capacity 616K, committed 640K, reserved 1048576K
Event: 4.613 GC heap after
Heap after GC invocations=3 (full 0):
 PSYoungGen      total 71680K, used 5092K [0x00000000eab00000, 0x00000000f3700000, 0x0000000100000000)
  eden space 66560K, 0% used [0x00000000eab00000,0x00000000eab00000,0x00000000eec00000)
  from space 5120K, 99% used [0x00000000eec00000,0x00000000ef0f9258,0x00000000ef100000)
  to   space 5120K, 0% used [0x00000000f3200000,0x00000000f3200000,0x00000000f3700000)
 ParOldGen       total 87552K, used 17070K [0x00000000c0000000, 0x00000000c5580000, 0x00000000eab00000)
  object space 87552K, 19% used [0x00000000c0000000,0x00000000c10abba8,0x00000000c5580000)
 Metaspace       used 6029K, capacity 7088K, committed 7296K, reserved 1056768K
  class space    used 586K, capacity 616K, committed 640K, reserved 1048576K
}
Event: 5.275 GC heap before
{Heap before GC invocations=4 (full 0):
 PSYoungGen      total 71680K, used 71652K [0x00000000eab00000, 0x00000000f3700000, 0x0000000100000000)
  eden space 66560K, 100% used [0x00000000eab00000,0x00000000eec00000,0x00000000eec00000)
  from space 5120K, 99% used [0x00000000eec00000,0x00000000ef0f9258,0x00000000ef100000)
  to   space 5120K, 0% used [0x00000000f3200000,0x00000000f3200000,0x00000000f3700000)
 ParOldGen       total 87552K, used 17070K [0x00000000c0000000, 0x00000000c5580000, 0x00000000eab00000)
  object space 87552K, 19% used [0x00000000c0000000,0x00000000c10abba8,0x00000000c5580000)
 Metaspace       used 6055K, capacity 7088K, committed 7296K, reserved 1056768K
  class space    used 586K, capacity 616K, committed 640K, reserved 1048576K
Event: 5.313 GC heap after
Heap after GC invocations=4 (full 0):
 PSYoungGen      total 138240K, used 5095K [0x00000000eab00000, 0x00000000f3700000, 0x0000000100000000)
  eden space 133120K, 0% used [0x00000000eab00000,0x00000000eab00000,0x00000000f2d00000)
  from space 5120K, 99% used [0x00000000f3200000,0x00000000f36f9e40,0x00000000f3700000)
  to   space 5120K, 0% used [0x00000000f2d00000,0x00000000f2d00000,0x00000000f3200000)
 ParOldGen       total 87552K, used 26920K [0x00000000c0000000, 0x00000000c5580000, 0x00000000eab00000)
  object space 87552K, 30% used [0x00000000c0000000,0x00000000c1a4a0e8,0x00000000c5580000)
 Metaspace       used 6055K, capacity 7088K, committed 7296K, reserved 1056768K
  class space    used 586K, capacity 616K, committed 640K, reserved 1048576K
}

Deoptimization events (10 events):
Event: 4.734 Thread 0x0000000002317800 Uncommon trap: reason=bimorphic action=maybe_recompile pc=0x000000000f7aa974 method=java.util.HashMap.putVal(ILjava/lang/Object;Ljava/lang/Object;ZZ)Ljava/lang/Object; @ 203
Event: 4.734 Thread 0x0000000002317800 Uncommon trap: reason=bimorphic action=maybe_recompile pc=0x000000000f7aa974 method=java.util.HashMap.putVal(ILjava/lang/Object;Ljava/lang/Object;ZZ)Ljava/lang/Object; @ 203
Event: 4.737 Thread 0x0000000002317800 Uncommon trap: reason=unstable_if action=reinterpret pc=0x000000000f755430 method=com.android.dx.ssa.InterferenceRegisterMapper.interferes(III)Z @ 69
Event: 4.863 Thread 0x0000000002317800 Uncommon trap: reason=unstable_if action=reinterpret pc=0x000000000f4dffa4 method=java.util.HashMap.putVal(ILjava/lang/Object;Ljava/lang/Object;ZZ)Ljava/lang/Object; @ 109
Event: 5.050 Thread 0x0000000002317800 Uncommon trap: reason=unstable_if action=reinterpret pc=0x000000000f54028c method=com.android.dx.ssa.MoveParamCombiner$1.visitNonMoveInsn(Lcom/android/dx/ssa/NormalSsaInsn;)V @ 27
Event: 5.206 Thread 0x0000000002317800 Uncommon trap: reason=unstable_if action=reinterpret pc=0x000000000f5b5cb4 method=com.android.dx.ssa.SCCP.simulateBranch(Lcom/android/dx/ssa/SsaInsn;)V @ 548
Event: 5.334 Thread 0x0000000002317800 Uncommon trap: reason=bimorphic action=maybe_recompile pc=0x000000000f82b718 method=com.android.dx.rop.code.RegisterSpec.withSimpleType()Lcom/android/dx/rop/code/RegisterSpec; @ 21
Event: 5.337 Thread 0x0000000002317800 Uncommon trap: reason=bimorphic action=maybe_recompile pc=0x000000000f82b718 method=com.android.dx.rop.code.RegisterSpec.withSimpleType()Lcom/android/dx/rop/code/RegisterSpec; @ 21
Event: 5.339 Thread 0x0000000002317800 Uncommon trap: reason=bimorphic action=maybe_recompile pc=0x000000000f82b718 method=com.android.dx.rop.code.RegisterSpec.withSimpleType()Lcom/android/dx/rop/code/RegisterSpec; @ 21
Event: 5.341 Thread 0x0000000002317800 Uncommon trap: reason=bimorphic action=maybe_recompile pc=0x000000000f82b718 method=com.android.dx.rop.code.RegisterSpec.withSimpleType()Lcom/android/dx/rop/code/RegisterSpec; @ 21

Internal exceptions (5 events):
Event: 0.095 Thread 0x0000000002317800 Exception <a 'java/lang/NoSuchMethodError': Method sun.misc.Unsafe.defineClass(Ljava/lang/String;[BII)Ljava/lang/Class; name or signature does not match> (0x00000000eab07cc0) thrown at [D:\re\workspace\8-2-build-windows-amd64-cygwin\jdk8u92\6642\hotspot\sr6”H|F¸?
Event: 0.095 Thread 0x0000000002317800 Exception <a 'java/lang/NoSuchMethodError': Method sun.misc.Unsafe.prefetchRead(Ljava/lang/Object;J)V name or signature does not match> (0x00000000eab07fa8) thrown at [D:\re\workspace\8-2-build-windows-amd64-cygwin\jdk8u92\6642\hotspot\src\share\vm\prims\j)OwÛ,@
Event: 4.544 Thread 0x0000000002317800 Exception <a 'java/lang/ArrayIndexOutOfBoundsException': 18> (0x00000000eeb57c40) thrown at [D:\re\workspace\8-2-build-windows-amd64-cygwin\jdk8u92\6642\hotspot\src\share\vm\interpreter\interpreterRuntime.cpp, line 366]
Event: 4.545 Thread 0x0000000002317800 Exception <a 'java/lang/ArrayIndexOutOfBoundsException'> (0x00000000eeb597c0) thrown at [D:\re\workspace\8-2-build-windows-amd64-cygwin\jdk8u92\6642\hotspot\src\share\vm\runtime\sharedRuntime.cpp, line 605]
Event: 4.546 Thread 0x0000000002317800 Exception <a 'java/lang/ArrayIndexOutOfBoundsException'> (0x00000000eeb5aaa8) thrown at [D:\re\workspace\8-2-build-windows-amd64-cygwin\jdk8u92\6642\hotspot\src\share\vm\runtime\sharedRuntime.cpp, line 605]

Events (10 events):
Event: 5.339 Thread 0x0000000002317800 DEOPT UNPACKING pc=0x000000000f05582a sp=0x000000000228e4b8 mode 2
Event: 5.341 Thread 0x0000000002317800 Uncommon trap: trap_request=0xffffffc6 fr.pc=0x000000000f82b718
Event: 5.341 Thread 0x0000000002317800 DEOPT PACKING pc=0x000000000f82b718 sp=0x000000000228e480
Event: 5.341 Thread 0x0000000002317800 DEOPT UNPACKING pc=0x000000000f05582a sp=0x000000000228e408 mode 2
Event: 5.389 Thread 0x0000000002317800 DEOPT PACKING pc=0x000000000f78f521 sp=0x000000000228e760
Event: 5.389 Thread 0x0000000002317800 DEOPT UNPACKING pc=0x000000000f05787f sp=0x000000000228e520 mode 0
Event: 5.400 Thread 0x0000000002317800 DEOPT PACKING pc=0x000000000f752429 sp=0x000000000228e9f0
Event: 5.400 Thread 0x0000000002317800 DEOPT UNPACKING pc=0x000000000f05787f sp=0x000000000228e7f8 mode 0
Event: 5.437 Thread 0x0000000002317800 DEOPT PACKING pc=0x000000000f429d21 sp=0x000000000228e4c0
Event: 5.437 Thread 0x0000000002317800 DEOPT UNPACKING pc=0x000000000f05787f sp=0x000000000228e2f0 mode 0


Dynamic libraries:
0x00007ff6c1860000 - 0x00007ff6c1897000 	C:\Program Files\Java\jdk1.8.0_92\bin\java.exe
0x00007ffa65e20000 - 0x00007ffa65fe1000 	C:\WINDOWS\SYSTEM32\ntdll.dll
0x00007ffa659e0000 - 0x00007ffa65a8d000 	C:\WINDOWS\system32\KERNEL32.DLL
0x00007ffa625b0000 - 0x00007ffa62798000 	C:\WINDOWS\system32\KERNELBASE.dll
0x0000000056640000 - 0x00000000566f1000 	C:\Program Files\Bitdefender\Bitdefender 2016\Active Virus Control\Avc3_00361_034\avcuf64.dll
0x00007ffa60bc0000 - 0x00007ffa60c39000 	C:\WINDOWS\system32\apphelp.dll
0x00007ffa1f1d0000 - 0x00007ffa1f653000 	C:\WINDOWS\AppPatch\AppPatch64\AcLayers.DLL
0x00007ffa63ff0000 - 0x00007ffa6408d000 	C:\WINDOWS\system32\msvcrt.dll
0x00007ffa639d0000 - 0x00007ffa63b26000 	C:\WINDOWS\system32\USER32.dll
0x00007ffa637e0000 - 0x00007ffa63966000 	C:\WINDOWS\system32\GDI32.dll
0x00007ffa63200000 - 0x00007ffa63252000 	C:\WINDOWS\system32\SHLWAPI.dll
0x00007ffa632c0000 - 0x00007ffa6353d000 	C:\WINDOWS\system32\combase.dll
0x00007ffa65ba0000 - 0x00007ffa65cbc000 	C:\WINDOWS\system32\RPCRT4.dll
0x00007ffa62a80000 - 0x00007ffa62aea000 	C:\WINDOWS\system32\bcryptPrimitives.dll
0x0000000000920000 - 0x0000000000923000 	C:\WINDOWS\SYSTEM32\sfc.dll
0x00007ffa5d790000 - 0x00007ffa5d814000 	C:\WINDOWS\SYSTEM32\WINSPOOL.DRV
0x00007ffa62020000 - 0x00007ffa62049000 	C:\WINDOWS\SYSTEM32\bcrypt.dll
0x00007ffa548e0000 - 0x00007ffa548f1000 	C:\WINDOWS\SYSTEM32\sfc_os.DLL
0x00007ffa4c040000 - 0x00007ffa4c051000 	C:\WINDOWS\SYSTEM32\SortWindows61.dll
0x00007ffa657e0000 - 0x00007ffa6581b000 	C:\WINDOWS\system32\IMM32.DLL
0x00007ffa61680000 - 0x00007ffa616b1000 	C:\Windows\system32\nvinitx.dll
0x00007ffa63540000 - 0x00007ffa635e7000 	C:\WINDOWS\system32\ADVAPI32.dll
0x00007ffa63b60000 - 0x00007ffa63bbb000 	C:\WINDOWS\system32\sechost.dll
0x00007ffa61670000 - 0x00007ffa6167a000 	C:\WINDOWS\SYSTEM32\VERSION.dll
0x000000000f000000 - 0x000000000f006000 	C:\Program Files\NVIDIA Corporation\CoProcManager\_etoured.dll
0x00007ffa5eea0000 - 0x00007ffa5eed3000 	C:\Program Files\NVIDIA Corporation\CoProcManager\nvd3d9wrapx.dll
0x00007ffa63bc0000 - 0x00007ffa63fe9000 	C:\WINDOWS\system32\SETUPAPI.dll
0x00007ffa62560000 - 0x00007ffa625a3000 	C:\WINDOWS\system32\CFGMGR32.dll
0x00007ffa5ee70000 - 0x00007ffa5ee92000 	C:\Program Files\NVIDIA Corporation\CoProcManager\nvdxgiwrapx.dll
0x00007ffa5dbb0000 - 0x00007ffa5de24000 	C:\WINDOWS\WinSxS\amd64_microsoft.windows.common-controls_6595b64144ccf1df_6.0.10586.0_none_8c15ae12515e1c22\COMCTL32.dll
0x00000000555e0000 - 0x00000000556b2000 	C:\Program Files\Java\jdk1.8.0_92\jre\bin\msvcr100.dll
0x0000000055a70000 - 0x0000000056306000 	C:\Program Files\Java\jdk1.8.0_92\jre\bin\server\jvm.dll
0x00007ffa63b50000 - 0x00007ffa63b58000 	C:\WINDOWS\system32\PSAPI.DLL
0x00007ffa54bd0000 - 0x00007ffa54bd9000 	C:\WINDOWS\SYSTEM32\WSOCK32.dll
0x00007ffa65600000 - 0x00007ffa6566b000 	C:\WINDOWS\system32\WS2_32.dll
0x00007ffa60620000 - 0x00007ffa60643000 	C:\WINDOWS\SYSTEM32\WINMM.dll
0x00007ffa605f0000 - 0x00007ffa6061c000 	C:\WINDOWS\SYSTEM32\WINMMBASE.dll
0x0000000055a60000 - 0x0000000055a6f000 	C:\Program Files\Java\jdk1.8.0_92\jre\bin\verify.dll
0x0000000055a30000 - 0x0000000055a59000 	C:\Program Files\Java\jdk1.8.0_92\jre\bin\java.dll
0x0000000055a10000 - 0x0000000055a26000 	C:\Program Files\Java\jdk1.8.0_92\jre\bin\zip.dll
0x00007ffa64090000 - 0x00007ffa655ec000 	C:\WINDOWS\system32\SHELL32.dll
0x00007ffa62bb0000 - 0x00007ffa631f4000 	C:\WINDOWS\system32\windows.storage.dll
0x00007ffa62430000 - 0x00007ffa6243f000 	C:\WINDOWS\system32\kernel.appcore.dll
0x00007ffa62af0000 - 0x00007ffa62ba5000 	C:\WINDOWS\system32\shcore.dll
0x00007ffa62440000 - 0x00007ffa6248b000 	C:\WINDOWS\system32\powrprof.dll
0x00007ffa62490000 - 0x00007ffa624a4000 	C:\WINDOWS\system32\profapi.dll

VM Arguments:
jvm_args: -Djava.awt.headless=true -Xmx1024M -Dfile.encoding=windows-1252 -Duser.country=US -Duser.language=en -Duser.variant 
java_command: com.android.dx.command.Main --dex --force-jumbo --multi-dex --output C:\Users\kikkos\AndroidStudioProjects\Udacity\Sunshine\app\build\intermediates\transforms\dex\debug\folders\1000\10\com.android.support-appcompat-v7-23.4.0_d8755b5c59a836c358c95117feb65e0d91caedaf C:\Users\kikkos\AndroidStudioProjects\Udacity\Sunshine\app\build\intermediates\exploded-aar\com.android.support\appcompat-v7\23.4.0\jars\classes.jar
java_class_path (initial): C:\Users\kikkos\AppData\Local\Android\sdk\build-tools\22.0.1\lib\dx.jar
Launcher Type: SUN_STANDARD

Environment Variables:
JAVA_HOME=C:\Program Files\Java\jdk1.8.0_92
PATH=C:\Program Files (x86)\Intel\iCLS Client\;C:\Program Files\Intel\iCLS Client\;C:\ProgramData\Oracle\Java\javapath;C:\Program Files\ImageMagick-6.8.9-Q16;C:\WINDOWS\system32;C:\WINDOWS;C:\WINDOWS\System32\Wbem;C:\Program Files\Lenovo\Bluetooth Software\;C:\Program Files\Lenovo\Bluetooth Software\syswow64;C:\Program Files\Intel\WiFi\bin\;C:\Program Files\Common Files\Intel\WirelessCommon\;C:\Program Files\Microsoft\Web Platform Installer\;C:\WINDOWS\System32\WindowsPowerShell\v1.0\;C:\Program Files\Microsoft SQL Server\110\Tools\Binn\;C:\Program Files\Sublime Text 2;C:\Program Files (x86)\Heroku\bin;C:\Program Files\Intel\Intel(R) Management Engine Components\DAL;C:\Program Files\Intel\Intel(R) Management Engine Components\IPT;C:\Program Files (x86)\Intel\Intel(R) Management Engine Components\DAL;C:\Program Files (x86)\Intel\Intel(R) Management Engine Components\IPT;C:\Program Files (x86)\NVIDIA Corporation\PhysX\Common;C:\WINDOWS\system32;C:\WINDOWS;C:\WINDOWS\System32\Wbem;C:\WINDOWS\System32\WindowsPowerShell\v1.0\;C:\Program Files (x86)\Skype\Phone\;C:\Ruby23-x64\bin;C:\Program Files (x86)\MySQL\MySQL Fabric 1.5 & MySQL Utilities 1.5\;C:\Program Files (x86)\MySQL\MySQL Fabric 1.5 & MySQL Utilities 1.5\Doctrine extensions for PHP\;C:\Program Files\MySQL\MySQL Server 5.7\bin;C:\RailsInstaller\Ruby2.2.0\bin;C:\Users\kikkos\AppData\Local\GitHub\PortableGit_d76a6a98c9315931ec4927243517bc09e9b731a0\cmd;C:\Ruby22-x64\bin;C:\Program Files (x86)\Heroku\ruby-1.9.3\bin;C:\Program Files\Intel\WiFi\bin\;C:\Program Files\Common Files\Intel\WirelessCommon\
USERNAME=kikkos
OS=Windows_NT
PROCESSOR_IDENTIFIER=Intel64 Family 6 Model 42 Stepping 7, GenuineIntel



---------------  S Y S T E M  ---------------

OS: Windows 10.0 , 64 bit Build 10586 (10.0.10586.0)

CPU:total 8 (4 cores per cpu, 2 threads per core) family 6 model 42 stepping 7, cmov, cx8, fxsr, mmx, sse, sse2, sse3, ssse3, sse4.1, sse4.2, popcnt, avx, aes, clmul, ht, tsc, tscinvbit

Memory: 4k page, physical 8300684k(2225680k free), swap 8505484k(4092k free)

vm_info: Java HotSpot(TM) 64-Bit Server VM (25.92-b14) for windows-amd64 JRE (1.8.0_92-b14), built on Mar 31 2016 21:03:04 by "java_re" with MS VC++ 10.0 (VS2010)

time: Tue Jun 14 20:04:49 2016
elapsed time: 5 seconds (0d 0h 0m 5s)

