#
# There is insufficient memory for the Java Runtime Environment to continue.
# Native memory allocation (malloc) failed to allocate 468848 bytes for Chunk::new
# Possible reasons:
#   The system is out of physical RAM or swap space
#   In 32 bit mode, the process size limit was hit
# Possible solutions:
#   Reduce memory load on the system
#   Increase physical memory or swap space
#   Check if swap backing store is full
#   Use 64 bit Java on a 64 bit OS
#   Decrease Java heap size (-Xmx/-Xms)
#   Decrease number of Java threads
#   Decrease Java thread stack sizes (-Xss)
#   Set larger code cache with -XX:ReservedCodeCacheSize=
# This output file may be truncated or incomplete.
#
#  Out of Memory Error (allocation.cpp:390), pid=13384, tid=0x0000000000001d94
#
# JRE version: Java(TM) SE Runtime Environment (8.0_92-b14) (build 1.8.0_92-b14)
# Java VM: Java HotSpot(TM) 64-Bit Server VM (25.92-b14 mixed mode windows-amd64 compressed oops)
# Failed to write core dump. Minidumps are not enabled by default on client versions of Windows
#

---------------  T H R E A D  ---------------

Current thread (0x0000000007302800):  JavaThread "C2 CompilerThread0" daemon [_thread_in_native, id=7572, stack(0x00000000085d0000,0x00000000086d0000)]

Stack: [0x00000000085d0000,0x00000000086d0000]
[error occurred during error reporting (printing stack bounds), id 0xc0000005]

Native frames: (J=compiled Java code, j=interpreted, Vv=VM code, C=native code)


Current CompileTask:
C2:   6234 1710 %     4       com.android.dx.ssa.SsaConverter::placePhiFunctions @ 53 (394 bytes)


---------------  P R O C E S S  ---------------

Java Threads: ( => current thread )
  0x000000000731b800 JavaThread "Service Thread" daemon [_thread_blocked, id=11308, stack(0x00000000089d0000,0x0000000008ad0000)]
  0x0000000007315800 JavaThread "C1 CompilerThread3" daemon [_thread_blocked, id=14800, stack(0x00000000088d0000,0x00000000089d0000)]
  0x0000000007311800 JavaThread "C2 CompilerThread2" daemon [_thread_in_native, id=13480, stack(0x00000000087d0000,0x00000000088d0000)]
  0x0000000007308800 JavaThread "C2 CompilerThread1" daemon [_thread_in_native, id=13640, stack(0x00000000086d0000,0x00000000087d0000)]
=>0x0000000007302800 JavaThread "C2 CompilerThread0" daemon [_thread_in_native, id=7572, stack(0x00000000085d0000,0x00000000086d0000)]
  0x0000000007301800 JavaThread "Attach Listener" daemon [_thread_blocked, id=9456, stack(0x00000000084d0000,0x00000000085d0000)]
  0x0000000007300800 JavaThread "Signal Dispatcher" daemon [_thread_blocked, id=8040, stack(0x00000000083d0000,0x00000000084d0000)]
  0x00000000072af000 JavaThread "Finalizer" daemon [_thread_blocked, id=9720, stack(0x00000000081f0000,0x00000000082f0000)]
  0x0000000007284000 JavaThread "Reference Handler" daemon [_thread_blocked, id=14240, stack(0x00000000080f0000,0x00000000081f0000)]
  0x0000000002287800 JavaThread "main" [_thread_in_Java, id=9276, stack(0x0000000002150000,0x0000000002250000)]

Other Threads:
  0x0000000005f20000 VMThread [stack: 0x0000000007ff0000,0x00000000080f0000] [id=4492]
  0x000000000738b800 WatcherThread [stack: 0x0000000008ad0000,0x0000000008bd0000] [id=12804]

VM state:not at safepoint (normal execution)

VM Mutex/Monitor currently owned by a thread: None

Heap:
 PSYoungGen      total 38400K, used 37134K [0x00000000eab00000, 0x00000000ef600000, 0x0000000100000000)
  eden space 33280K, 96% used [0x00000000eab00000,0x00000000eca44490,0x00000000ecb80000)
  from space 5120K, 99% used [0x00000000ecb80000,0x00000000ed07f6a0,0x00000000ed080000)
  to   space 5120K, 0% used [0x00000000ef100000,0x00000000ef100000,0x00000000ef600000)
 ParOldGen       total 87552K, used 11987K [0x00000000c0000000, 0x00000000c5580000, 0x00000000eab00000)
  object space 87552K, 13% used [0x00000000c0000000,0x00000000c0bb4f00,0x00000000c5580000)
 Metaspace       used 6015K, capacity 7088K, committed 7296K, reserved 1056768K
  class space    used 586K, capacity 616K, committed 640K, reserved 1048576K

Card table byte_map: [0x00000000027c0000,0x00000000029d0000] byte_map_base: 0x00000000021c0000

Marking Bits: (ParMarkBitMap*) 0x00000000561c64f0
 Begin Bits: [0x0000000003330000, 0x0000000004330000)
 End Bits:   [0x0000000004330000, 0x0000000005330000)

Polling page: 0x0000000002250000

CodeCache: size=245760Kb used=7666Kb max_used=7666Kb free=238093Kb
 bounds [0x000000000f010000, 0x000000000f7a0000, 0x000000001e010000]
 total_blobs=1964 nmethods=1698 adapters=178
 compilation: enabled

Compilation events (10 events):
Event: 6.094 Thread 0x0000000007315800 1719   !   2       com.android.dx.cf.cst.ConstantPoolParser::parse0 (731 bytes)
Event: 6.099 Thread 0x0000000007315800 nmethod 1719 0x000000000f78ce50 code [0x000000000f78d460, 0x000000000f78f7a8]
Event: 6.104 Thread 0x0000000007315800 1722       2       com.android.dx.rop.code.Rops::opGetStatic (97 bytes)
Event: 6.106 Thread 0x0000000007315800 nmethod 1722 0x000000000f7889d0 code [0x000000000f788ba0, 0x000000000f789118]
Event: 6.187 Thread 0x0000000007315800 1724       2       com.android.dx.rop.cst.CstType::hashCode (8 bytes)
Event: 6.187 Thread 0x0000000007315800 nmethod 1724 0x000000000f771050 code [0x000000000f7711c0, 0x000000000f771348]
Event: 6.223 Thread 0x0000000007315800 1725   !   2       sun.reflect.generics.parser.SignatureParser::current (40 bytes)
Event: 6.223 Thread 0x0000000007315800 nmethod 1725 0x000000000f788590 code [0x000000000f7886e0, 0x000000000f788890]
Event: 6.229 Thread 0x0000000007315800 1726   !   2       com.android.dx.rop.code.RegisterSpec::intern (70 bytes)
Event: 6.230 Thread 0x0000000007315800 nmethod 1726 0x000000000f78c2d0 code [0x000000000f78c480, 0x000000000f78c9e8]

GC Heap History (6 events):
Event: 3.796 GC heap before
{Heap before GC invocations=1 (full 0):
 PSYoungGen      total 38400K, used 33280K [0x00000000eab00000, 0x00000000ed580000, 0x0000000100000000)
  eden space 33280K, 100% used [0x00000000eab00000,0x00000000ecb80000,0x00000000ecb80000)
  from space 5120K, 0% used [0x00000000ed080000,0x00000000ed080000,0x00000000ed580000)
  to   space 5120K, 0% used [0x00000000ecb80000,0x00000000ecb80000,0x00000000ed080000)
 ParOldGen       total 87552K, used 0K [0x00000000c0000000, 0x00000000c5580000, 0x00000000eab00000)
  object space 87552K, 0% used [0x00000000c0000000,0x00000000c0000000,0x00000000c5580000)
 Metaspace       used 5758K, capacity 6960K, committed 7040K, reserved 1056768K
  class space    used 566K, capacity 616K, committed 640K, reserved 1048576K
Event: 3.827 GC heap after
Heap after GC invocations=1 (full 0):
 PSYoungGen      total 38400K, used 5094K [0x00000000eab00000, 0x00000000ed580000, 0x0000000100000000)
  eden space 33280K, 0% used [0x00000000eab00000,0x00000000eab00000,0x00000000ecb80000)
  from space 5120K, 99% used [0x00000000ecb80000,0x00000000ed079ba8,0x00000000ed080000)
  to   space 5120K, 0% used [0x00000000ed080000,0x00000000ed080000,0x00000000ed580000)
 ParOldGen       total 87552K, used 1692K [0x00000000c0000000, 0x00000000c5580000, 0x00000000eab00000)
  object space 87552K, 1% used [0x00000000c0000000,0x00000000c01a73d8,0x00000000c5580000)
 Metaspace       used 5758K, capacity 6960K, committed 7040K, reserved 1056768K
  class space    used 566K, capacity 616K, committed 640K, reserved 1048576K
}
Event: 4.971 GC heap before
{Heap before GC invocations=2 (full 0):
 PSYoungGen      total 38400K, used 38374K [0x00000000eab00000, 0x00000000ed580000, 0x0000000100000000)
  eden space 33280K, 100% used [0x00000000eab00000,0x00000000ecb80000,0x00000000ecb80000)
  from space 5120K, 99% used [0x00000000ecb80000,0x00000000ed079ba8,0x00000000ed080000)
  to   space 5120K, 0% used [0x00000000ed080000,0x00000000ed080000,0x00000000ed580000)
 ParOldGen       total 87552K, used 1692K [0x00000000c0000000, 0x00000000c5580000, 0x00000000eab00000)
  object space 87552K, 1% used [0x00000000c0000000,0x00000000c01a73d8,0x00000000c5580000)
 Metaspace       used 5869K, capacity 7024K, committed 7296K, reserved 1056768K
  class space    used 567K, capacity 616K, committed 640K, reserved 1048576K
Event: 5.070 GC heap after
Heap after GC invocations=2 (full 0):
 PSYoungGen      total 38400K, used 5088K [0x00000000eab00000, 0x00000000ef600000, 0x0000000100000000)
  eden space 33280K, 0% used [0x00000000eab00000,0x00000000eab00000,0x00000000ecb80000)
  from space 5120K, 99% used [0x00000000ed080000,0x00000000ed578388,0x00000000ed580000)
  to   space 5120K, 0% used [0x00000000ecb80000,0x00000000ecb80000,0x00000000ed080000)
 ParOldGen       total 87552K, used 7085K [0x00000000c0000000, 0x00000000c5580000, 0x00000000eab00000)
  object space 87552K, 8% used [0x00000000c0000000,0x00000000c06eb508,0x00000000c5580000)
 Metaspace       used 5869K, capacity 7024K, committed 7296K, reserved 1056768K
  class space    used 567K, capacity 616K, committed 640K, reserved 1048576K
}
Event: 5.633 GC heap before
{Heap before GC invocations=3 (full 0):
 PSYoungGen      total 38400K, used 38368K [0x00000000eab00000, 0x00000000ef600000, 0x0000000100000000)
  eden space 33280K, 100% used [0x00000000eab00000,0x00000000ecb80000,0x00000000ecb80000)
  from space 5120K, 99% used [0x00000000ed080000,0x00000000ed578388,0x00000000ed580000)
  to   space 5120K, 0% used [0x00000000ecb80000,0x00000000ecb80000,0x00000000ed080000)
 ParOldGen       total 87552K, used 7085K [0x00000000c0000000, 0x00000000c5580000, 0x00000000eab00000)
  object space 87552K, 8% used [0x00000000c0000000,0x00000000c06eb508,0x00000000c5580000)
 Metaspace       used 5913K, capacity 7088K, committed 7296K, reserved 1056768K
  class space    used 567K, capacity 616K, committed 640K, reserved 1048576K
Event: 5.655 GC heap after
Heap after GC invocations=3 (full 0):
 PSYoungGen      total 38400K, used 5117K [0x00000000eab00000, 0x00000000ef600000, 0x0000000100000000)
  eden space 33280K, 0% used [0x00000000eab00000,0x00000000eab00000,0x00000000ecb80000)
  from space 5120K, 99% used [0x00000000ecb80000,0x00000000ed07f6a0,0x00000000ed080000)
  to   space 5120K, 0% used [0x00000000ef100000,0x00000000ef100000,0x00000000ef600000)
 ParOldGen       total 87552K, used 11987K [0x00000000c0000000, 0x00000000c5580000, 0x00000000eab00000)
  object space 87552K, 13% used [0x00000000c0000000,0x00000000c0bb4f00,0x00000000c5580000)
 Metaspace       used 5913K, capacity 7088K, committed 7296K, reserved 1056768K
  class space    used 567K, capacity 616K, committed 640K, reserved 1048576K
}

Deoptimization events (10 events):
Event: 4.582 Thread 0x0000000002287800 Uncommon trap: reason=bimorphic action=maybe_recompile pc=0x000000000f380174 method=java.util.HashMap.getNode(ILjava/lang/Object;)Ljava/util/HashMap$Node; @ 126
Event: 4.748 Thread 0x0000000002287800 Uncommon trap: reason=bimorphic action=maybe_recompile pc=0x000000000f5ffbf8 method=com.android.dx.ssa.LiteralOpUpgrader.tryReplacingWithConstant(Lcom/android/dx/ssa/NormalSsaInsn;)Z @ 52
Event: 4.748 Thread 0x0000000002287800 Uncommon trap: reason=bimorphic action=maybe_recompile pc=0x000000000f5ffbf8 method=com.android.dx.ssa.LiteralOpUpgrader.tryReplacingWithConstant(Lcom/android/dx/ssa/NormalSsaInsn;)Z @ 52
Event: 4.748 Thread 0x0000000002287800 Uncommon trap: reason=bimorphic action=maybe_recompile pc=0x000000000f616288 method=com.android.dx.ssa.LiteralOpUpgrader.tryReplacingWithConstant(Lcom/android/dx/ssa/NormalSsaInsn;)Z @ 52
Event: 5.321 Thread 0x0000000002287800 Uncommon trap: reason=bimorphic action=maybe_recompile pc=0x000000000f6e0ee4 method=com.android.dx.cf.code.BytecodeArray.parseInstruction(ILcom/android/dx/cf/code/BytecodeArray$Visitor;)I @ 2484
Event: 5.321 Thread 0x0000000002287800 Uncommon trap: reason=bimorphic action=maybe_recompile pc=0x000000000f6e0ee4 method=com.android.dx.cf.code.BytecodeArray.parseInstruction(ILcom/android/dx/cf/code/BytecodeArray$Visitor;)I @ 2484
Event: 5.434 Thread 0x0000000002287800 Uncommon trap: reason=class_check action=maybe_recompile pc=0x000000000f484698 method=java.util.HashMap.putVal(ILjava/lang/Object;Ljava/lang/Object;ZZ)Ljava/lang/Object; @ 203
Event: 5.974 Thread 0x0000000002287800 Uncommon trap: reason=unstable_if action=reinterpret pc=0x000000000f681d88 method=com.android.dx.rop.code.LocalVariableInfo.mergeStarts(ILcom/android/dx/rop/code/RegisterSpecSet;)Z @ 31
Event: 6.094 Thread 0x0000000002287800 Uncommon trap: reason=unloaded action=reinterpret pc=0x000000000f6bf904 method=com.android.dx.cf.cst.ConstantPoolParser.parse0(ILjava/util/BitSet;)Lcom/android/dx/rop/cst/Constant; @ 220
Event: 6.219 Thread 0x0000000002287800 Uncommon trap: reason=unstable_if action=reinterpret pc=0x000000000f4c016c method=java.util.HashMap.putVal(ILjava/lang/Object;Ljava/lang/Object;ZZ)Ljava/lang/Object; @ 162

Internal exceptions (5 events):
Event: 0.104 Thread 0x0000000002287800 Exception <a 'java/lang/NoSuchMethodError': Method sun.misc.Unsafe.defineClass(Ljava/lang/String;[BII)Ljava/lang/Class; name or signature does not match> (0x00000000eab07cc0) thrown at [D:\re\workspace\8-2-build-windows-amd64-cygwin\jdk8u92\6642\hotspot\srœÎ†š¨º?
Event: 0.104 Thread 0x0000000002287800 Exception <a 'java/lang/NoSuchMethodError': Method sun.misc.Unsafe.prefetchRead(Ljava/lang/Object;J)V name or signature does not match> (0x00000000eab07fa8) thrown at [D:\re\workspace\8-2-build-windows-amd64-cygwin\jdk8u92\6642\hotspot\src\share\vm\prims\j[ô‘]èã@
Event: 6.223 Thread 0x0000000002287800 Exception <a 'java/lang/ArrayIndexOutOfBoundsException': 18> (0x00000000ec98e688) thrown at [D:\re\workspace\8-2-build-windows-amd64-cygwin\jdk8u92\6642\hotspot\src\share\vm\interpreter\interpreterRuntime.cpp, line 366]
Event: 6.224 Thread 0x0000000002287800 Exception <a 'java/lang/ArrayIndexOutOfBoundsException'> (0x00000000ec990208) thrown at [D:\re\workspace\8-2-build-windows-amd64-cygwin\jdk8u92\6642\hotspot\src\share\vm\runtime\sharedRuntime.cpp, line 605]
Event: 6.225 Thread 0x0000000002287800 Exception <a 'java/lang/ArrayIndexOutOfBoundsException'> (0x00000000ec9914f0) thrown at [D:\re\workspace\8-2-build-windows-amd64-cygwin\jdk8u92\6642\hotspot\src\share\vm\runtime\sharedRuntime.cpp, line 605]

Events (10 events):
Event: 6.224 loading class sun/reflect/generics/reflectiveObjects/ParameterizedTypeImpl
Event: 6.225 loading class java/lang/reflect/ParameterizedType
Event: 6.225 loading class java/lang/reflect/ParameterizedType done
Event: 6.225 loading class sun/reflect/generics/reflectiveObjects/ParameterizedTypeImpl done
Event: 6.225 loading class java/lang/reflect/TypeVariable
Event: 6.225 loading class java/lang/reflect/TypeVariable done
Event: 6.225 loading class sun/reflect/generics/reflectiveObjects/TypeVariableImpl
Event: 6.225 loading class sun/reflect/generics/reflectiveObjects/LazyReflectiveObjectGenerator
Event: 6.225 loading class sun/reflect/generics/reflectiveObjects/LazyReflectiveObjectGenerator done
Event: 6.225 loading class sun/reflect/generics/reflectiveObjects/TypeVariableImpl done


Dynamic libraries:
0x00007ff667870000 - 0x00007ff6678a7000 	C:\Program Files\Java\jdk1.8.0_92\bin\java.exe
0x00007ffa65e20000 - 0x00007ffa65fe1000 	C:\WINDOWS\SYSTEM32\ntdll.dll
0x00007ffa659e0000 - 0x00007ffa65a8d000 	C:\WINDOWS\system32\KERNEL32.DLL
0x00007ffa625b0000 - 0x00007ffa62798000 	C:\WINDOWS\system32\KERNELBASE.dll
0x0000000056250000 - 0x0000000056301000 	C:\Program Files\Bitdefender\Bitdefender 2016\Active Virus Control\Avc3_00362_035\avcuf64.dll
0x00007ffa60bc0000 - 0x00007ffa60c39000 	C:\WINDOWS\system32\apphelp.dll
0x00007ffa377a0000 - 0x00007ffa37c23000 	C:\WINDOWS\AppPatch\AppPatch64\AcLayers.DLL
0x00007ffa63ff0000 - 0x00007ffa6408d000 	C:\WINDOWS\system32\msvcrt.dll
0x00007ffa639d0000 - 0x00007ffa63b26000 	C:\WINDOWS\system32\USER32.dll
0x00007ffa637e0000 - 0x00007ffa63966000 	C:\WINDOWS\system32\GDI32.dll
0x00007ffa63200000 - 0x00007ffa63252000 	C:\WINDOWS\system32\SHLWAPI.dll
0x00007ffa632c0000 - 0x00007ffa6353d000 	C:\WINDOWS\system32\combase.dll
0x00007ffa65ba0000 - 0x00007ffa65cbc000 	C:\WINDOWS\system32\RPCRT4.dll
0x00007ffa62a80000 - 0x00007ffa62aea000 	C:\WINDOWS\system32\bcryptPrimitives.dll
0x0000000000830000 - 0x0000000000833000 	C:\WINDOWS\SYSTEM32\sfc.dll
0x00007ffa5d790000 - 0x00007ffa5d814000 	C:\WINDOWS\SYSTEM32\WINSPOOL.DRV
0x00007ffa62020000 - 0x00007ffa62049000 	C:\WINDOWS\SYSTEM32\bcrypt.dll
0x00007ffa548e0000 - 0x00007ffa548f1000 	C:\WINDOWS\SYSTEM32\sfc_os.DLL
0x00007ffa55570000 - 0x00007ffa55581000 	C:\WINDOWS\SYSTEM32\SortWindows61.dll
0x00007ffa657e0000 - 0x00007ffa6581b000 	C:\WINDOWS\system32\IMM32.DLL
0x00007ffa61680000 - 0x00007ffa616b1000 	C:\Windows\system32\nvinitx.dll
0x00007ffa63540000 - 0x00007ffa635e7000 	C:\WINDOWS\system32\ADVAPI32.dll
0x00007ffa63b60000 - 0x00007ffa63bbb000 	C:\WINDOWS\system32\sechost.dll
0x00007ffa61670000 - 0x00007ffa6167a000 	C:\WINDOWS\SYSTEM32\VERSION.dll
0x000000000f000000 - 0x000000000f006000 	C:\Program Files\NVIDIA Corporation\CoProcManager\_etoured.dll
0x00007ffa5eea0000 - 0x00007ffa5eed3000 	C:\Program Files\NVIDIA Corporation\CoProcManager\nvd3d9wrapx.dll
0x00007ffa63bc0000 - 0x00007ffa63fe9000 	C:\WINDOWS\system32\SETUPAPI.dll
0x00007ffa62560000 - 0x00007ffa625a3000 	C:\WINDOWS\system32\CFGMGR32.dll
0x00007ffa5ee70000 - 0x00007ffa5ee92000 	C:\Program Files\NVIDIA Corporation\CoProcManager\nvdxgiwrapx.dll
0x00007ffa5dbb0000 - 0x00007ffa5de24000 	C:\WINDOWS\WinSxS\amd64_microsoft.windows.common-controls_6595b64144ccf1df_6.0.10586.0_none_8c15ae12515e1c22\COMCTL32.dll
0x0000000055550000 - 0x0000000055622000 	C:\Program Files\Java\jdk1.8.0_92\jre\bin\msvcr100.dll
0x00000000559b0000 - 0x0000000056246000 	C:\Program Files\Java\jdk1.8.0_92\jre\bin\server\jvm.dll
0x00007ffa63b50000 - 0x00007ffa63b58000 	C:\WINDOWS\system32\PSAPI.DLL
0x00007ffa54bd0000 - 0x00007ffa54bd9000 	C:\WINDOWS\SYSTEM32\WSOCK32.dll
0x00007ffa65600000 - 0x00007ffa6566b000 	C:\WINDOWS\system32\WS2_32.dll
0x00007ffa60620000 - 0x00007ffa60643000 	C:\WINDOWS\SYSTEM32\WINMM.dll
0x00007ffa605f0000 - 0x00007ffa6061c000 	C:\WINDOWS\SYSTEM32\WINMMBASE.dll
0x0000000056350000 - 0x000000005635f000 	C:\Program Files\Java\jdk1.8.0_92\jre\bin\verify.dll
0x0000000056320000 - 0x0000000056349000 	C:\Program Files\Java\jdk1.8.0_92\jre\bin\java.dll
0x0000000055990000 - 0x00000000559a6000 	C:\Program Files\Java\jdk1.8.0_92\jre\bin\zip.dll
0x00007ffa64090000 - 0x00007ffa655ec000 	C:\WINDOWS\system32\SHELL32.dll
0x00007ffa62bb0000 - 0x00007ffa631f4000 	C:\WINDOWS\system32\windows.storage.dll
0x00007ffa62430000 - 0x00007ffa6243f000 	C:\WINDOWS\system32\kernel.appcore.dll
0x00007ffa62af0000 - 0x00007ffa62ba5000 	C:\WINDOWS\system32\shcore.dll
0x00007ffa62440000 - 0x00007ffa6248b000 	C:\WINDOWS\system32\powrprof.dll
0x00007ffa62490000 - 0x00007ffa624a4000 	C:\WINDOWS\system32\profapi.dll

VM Arguments:
jvm_args: -Djava.awt.headless=true -Xmx1024M -Dfile.encoding=windows-1252 -Duser.country=US -Duser.language=en -Duser.variant 
java_command: com.android.dx.command.Main --dex --force-jumbo --multi-dex --output C:\Users\kikkos\AndroidStudioProjects\Udacity\Sunshine\app\build\intermediates\transforms\dex\debug\folders\1000\10\com.android.support-appcompat-v7-23.4.0_d8755b5c59a836c358c95117feb65e0d91caedaf C:\Users\kikkos\AndroidStudioProjects\Udacity\Sunshine\app\build\intermediates\exploded-aar\com.android.support\appcompat-v7\23.4.0\jars\classes.jar
java_class_path (initial): C:\Users\kikkos\AppData\Local\Android\sdk\build-tools\22.0.1\lib\dx.jar
Launcher Type: SUN_STANDARD

Environment Variables:
JAVA_HOME=C:\Program Files\Java\jdk1.8.0_92
PATH=C:\Program Files (x86)\Intel\iCLS Client\;C:\Program Files\Intel\iCLS Client\;C:\ProgramData\Oracle\Java\javapath;C:\Program Files\ImageMagick-6.8.9-Q16;C:\WINDOWS\system32;C:\WINDOWS;C:\WINDOWS\System32\Wbem;C:\Program Files\Lenovo\Bluetooth Software\;C:\Program Files\Lenovo\Bluetooth Software\syswow64;C:\Program Files\Intel\WiFi\bin\;C:\Program Files\Common Files\Intel\WirelessCommon\;C:\Program Files\Microsoft\Web Platform Installer\;C:\WINDOWS\System32\WindowsPowerShell\v1.0\;C:\Program Files\Microsoft SQL Server\110\Tools\Binn\;C:\Program Files\Sublime Text 2;C:\Program Files (x86)\Heroku\bin;C:\Program Files\Intel\Intel(R) Management Engine Components\DAL;C:\Program Files\Intel\Intel(R) Management Engine Components\IPT;C:\Program Files (x86)\Intel\Intel(R) Management Engine Components\DAL;C:\Program Files (x86)\Intel\Intel(R) Management Engine Components\IPT;C:\Program Files (x86)\NVIDIA Corporation\PhysX\Common;C:\WINDOWS\system32;C:\WINDOWS;C:\WINDOWS\System32\Wbem;C:\WINDOWS\System32\WindowsPowerShell\v1.0\;C:\Program Files (x86)\Skype\Phone\;C:\Ruby23-x64\bin;C:\Program Files (x86)\MySQL\MySQL Fabric 1.5 & MySQL Utilities 1.5\;C:\Program Files (x86)\MySQL\MySQL Fabric 1.5 & MySQL Utilities 1.5\Doctrine extensions for PHP\;C:\Program Files\MySQL\MySQL Server 5.7\bin;C:\RailsInstaller\Ruby2.2.0\bin;C:\Users\kikkos\AppData\Local\GitHub\PortableGit_d76a6a98c9315931ec4927243517bc09e9b731a0\cmd;C:\Ruby22-x64\bin;C:\Program Files (x86)\Heroku\ruby-1.9.3\bin;C:\Program Files\Intel\WiFi\bin\;C:\Program Files\Common Files\Intel\WirelessCommon\
USERNAME=kikkos
OS=Windows_NT
PROCESSOR_IDENTIFIER=Intel64 Family 6 Model 42 Stepping 7, GenuineIntel



---------------  S Y S T E M  ---------------

OS: Windows 10.0 , 64 bit Build 10586 (10.0.10586.0)

CPU:total 8 (4 cores per cpu, 2 threads per core) family 6 model 42 stepping 7, cmov, cx8, fxsr, mmx, sse, sse2, sse3, ssse3, sse4.1, sse4.2, popcnt, avx, aes, clmul, ht, tsc, tscinvbit

Memory: 4k page, physical 8300684k(2170728k free), swap 8505484k(3508k free)

vm_info: Java HotSpot(TM) 64-Bit Server VM (25.92-b14) for windows-amd64 JRE (1.8.0_92-b14), built on Mar 31 2016 21:03:04 by "java_re" with MS VC++ 10.0 (VS2010)

time: Thu Jun 16 20:17:53 2016
elapsed time: 6 seconds (0d 0h 0m 6s)

