#
# There is insufficient memory for the Java Runtime Environment to continue.
# Native memory allocation (malloc) failed to allocate 798480 bytes for Chunk::new
# Possible reasons:
#   The system is out of physical RAM or swap space
#   In 32 bit mode, the process size limit was hit
# Possible solutions:
#   Reduce memory load on the system
#   Increase physical memory or swap space
#   Check if swap backing store is full
#   Use 64 bit Java on a 64 bit OS
#   Decrease Java heap size (-Xmx/-Xms)
#   Decrease number of Java threads
#   Decrease Java thread stack sizes (-Xss)
#   Set larger code cache with -XX:ReservedCodeCacheSize=
# This output file may be truncated or incomplete.
#
#  Out of Memory Error (allocation.cpp:390), pid=11448, tid=0x0000000000000b5c
#
# JRE version: Java(TM) SE Runtime Environment (8.0_92-b14) (build 1.8.0_92-b14)
# Java VM: Java HotSpot(TM) 64-Bit Server VM (25.92-b14 mixed mode windows-amd64 compressed oops)
# Failed to write core dump. Minidumps are not enabled by default on client versions of Windows
#

---------------  T H R E A D  ---------------

Current thread (0x0000000007788800):  JavaThread "C2 CompilerThread2" daemon [_thread_in_native, id=2908, stack(0x0000000008c00000,0x0000000008d00000)]

Stack: [0x0000000008c00000,0x0000000008d00000]
[error occurred during error reporting (printing stack bounds), id 0xc0000005]

Native frames: (J=compiled Java code, j=interpreted, Vv=VM code, C=native code)


Current CompileTask:
C2:   3705 1609   !   4       com.android.dx.cf.code.BytecodeArray::parseInstruction (2764 bytes)


---------------  P R O C E S S  ---------------

Java Threads: ( => current thread )
  0x0000000007795800 JavaThread "Service Thread" daemon [_thread_blocked, id=13236, stack(0x0000000008e00000,0x0000000008f00000)]
  0x000000000778f800 JavaThread "C1 CompilerThread3" daemon [_thread_blocked, id=10124, stack(0x0000000008d00000,0x0000000008e00000)]
=>0x0000000007788800 JavaThread "C2 CompilerThread2" daemon [_thread_in_native, id=2908, stack(0x0000000008c00000,0x0000000008d00000)]
  0x0000000007728800 JavaThread "C2 CompilerThread1" daemon [_thread_in_native, id=7668, stack(0x0000000008b00000,0x0000000008c00000)]
  0x0000000007722800 JavaThread "C2 CompilerThread0" daemon [_thread_in_native, id=9256, stack(0x0000000008a00000,0x0000000008b00000)]
  0x0000000007721800 JavaThread "Attach Listener" daemon [_thread_blocked, id=9452, stack(0x0000000008900000,0x0000000008a00000)]
  0x0000000007720800 JavaThread "Signal Dispatcher" daemon [_thread_blocked, id=10548, stack(0x0000000008800000,0x0000000008900000)]
  0x00000000076d1000 JavaThread "Finalizer" daemon [_thread_blocked, id=9132, stack(0x0000000008620000,0x0000000008720000)]
  0x00000000076a6000 JavaThread "Reference Handler" daemon [_thread_blocked, id=7968, stack(0x0000000008520000,0x0000000008620000)]
  0x0000000002727800 JavaThread "main" [_thread_in_Java, id=11224, stack(0x0000000002620000,0x0000000002720000)]

Other Threads:
  0x0000000006342800 VMThread [stack: 0x0000000008420000,0x0000000008520000] [id=10552]
  0x000000000779b800 WatcherThread [stack: 0x0000000008f00000,0x0000000009000000] [id=10840]

VM state:not at safepoint (normal execution)

VM Mutex/Monitor currently owned by a thread: None

Heap:
 PSYoungGen      total 38400K, used 27133K [0x00000000eab00000, 0x00000000ef600000, 0x0000000100000000)
  eden space 33280K, 66% used [0x00000000eab00000,0x00000000ec084ce8,0x00000000ecb80000)
  from space 5120K, 99% used [0x00000000ed080000,0x00000000ed57aaf8,0x00000000ed580000)
  to   space 5120K, 0% used [0x00000000ecb80000,0x00000000ecb80000,0x00000000ed080000)
 ParOldGen       total 87552K, used 6721K [0x00000000c0000000, 0x00000000c5580000, 0x00000000eab00000)
  object space 87552K, 7% used [0x00000000c0000000,0x00000000c0690578,0x00000000c5580000)
 Metaspace       used 5953K, capacity 7088K, committed 7296K, reserved 1056768K
  class space    used 568K, capacity 616K, committed 640K, reserved 1048576K

Card table byte_map: [0x0000000002be0000,0x0000000002df0000] byte_map_base: 0x00000000025e0000

Marking Bits: (ParMarkBitMap*) 0x00000000658c64f0
 Begin Bits: [0x0000000003750000, 0x0000000004750000)
 End Bits:   [0x0000000004750000, 0x0000000005750000)

Polling page: 0x0000000000ab0000

CodeCache: size=245760Kb used=7326Kb max_used=7330Kb free=238433Kb
 bounds [0x000000000f010000, 0x000000000f750000, 0x000000001e010000]
 total_blobs=1918 nmethods=1653 adapters=178
 compilation: enabled

Compilation events (10 events):
Event: 3.607 Thread 0x000000000778f800 nmethod 1672 0x000000000f725790 code [0x000000000f7258e0, 0x000000000f7259f0]
Event: 3.608 Thread 0x000000000778f800 1673       3       com.android.dx.cf.attrib.RawAttribute::<init> (17 bytes)
Event: 3.609 Thread 0x000000000778f800 nmethod 1673 0x000000000f736dd0 code [0x000000000f736f80, 0x000000000f737568]
Event: 3.609 Thread 0x000000000778f800 1674       3       com.android.dx.cf.direct.AttributeFactory::parse0 (53 bytes)
Event: 3.610 Thread 0x000000000778f800 nmethod 1674 0x000000000f727d10 code [0x000000000f727f00, 0x000000000f728868]
Event: 3.694 Thread 0x000000000778f800 1681       2       com.android.dx.dex.file.ClassDefItem::addDirectMethod (9 bytes)
Event: 3.694 Thread 0x000000000778f800 nmethod 1681 0x000000000f727590 code [0x000000000f727720, 0x000000000f727a58]
Event: 3.700 Thread 0x000000000778f800 1682       1       com.android.dx.cf.attrib.AttConstantValue::byteLength (3 bytes)
Event: 3.700 Thread 0x000000000778f800 nmethod 1682 0x000000000f7272d0 code [0x000000000f727420, 0x000000000f727530]
Event: 3.701 Thread 0x000000000778f800 1683       1       com.android.dx.cf.attrib.AttConstantValue::getConstantValue (5 bytes)

GC Heap History (4 events):
Event: 2.391 GC heap before
{Heap before GC invocations=1 (full 0):
 PSYoungGen      total 38400K, used 33280K [0x00000000eab00000, 0x00000000ed580000, 0x0000000100000000)
  eden space 33280K, 100% used [0x00000000eab00000,0x00000000ecb80000,0x00000000ecb80000)
  from space 5120K, 0% used [0x00000000ed080000,0x00000000ed080000,0x00000000ed580000)
  to   space 5120K, 0% used [0x00000000ecb80000,0x00000000ecb80000,0x00000000ed080000)
 ParOldGen       total 87552K, used 0K [0x00000000c0000000, 0x00000000c5580000, 0x00000000eab00000)
  object space 87552K, 0% used [0x00000000c0000000,0x00000000c0000000,0x00000000c5580000)
 Metaspace       used 5771K, capacity 6960K, committed 7040K, reserved 1056768K
  class space    used 560K, capacity 616K, committed 640K, reserved 1048576K
Event: 2.401 GC heap after
Heap after GC invocations=1 (full 0):
 PSYoungGen      total 38400K, used 5095K [0x00000000eab00000, 0x00000000ed580000, 0x0000000100000000)
  eden space 33280K, 0% used [0x00000000eab00000,0x00000000eab00000,0x00000000ecb80000)
  from space 5120K, 99% used [0x00000000ecb80000,0x00000000ed079c98,0x00000000ed080000)
  to   space 5120K, 0% used [0x00000000ed080000,0x00000000ed080000,0x00000000ed580000)
 ParOldGen       total 87552K, used 1745K [0x00000000c0000000, 0x00000000c5580000, 0x00000000eab00000)
  object space 87552K, 1% used [0x00000000c0000000,0x00000000c01b44a8,0x00000000c5580000)
 Metaspace       used 5771K, capacity 6960K, committed 7040K, reserved 1056768K
  class space    used 560K, capacity 616K, committed 640K, reserved 1048576K
}
Event: 3.125 GC heap before
{Heap before GC invocations=2 (full 0):
 PSYoungGen      total 38400K, used 38375K [0x00000000eab00000, 0x00000000ed580000, 0x0000000100000000)
  eden space 33280K, 100% used [0x00000000eab00000,0x00000000ecb80000,0x00000000ecb80000)
  from space 5120K, 99% used [0x00000000ecb80000,0x00000000ed079c98,0x00000000ed080000)
  to   space 5120K, 0% used [0x00000000ed080000,0x00000000ed080000,0x00000000ed580000)
 ParOldGen       total 87552K, used 1745K [0x00000000c0000000, 0x00000000c5580000, 0x00000000eab00000)
  object space 87552K, 1% used [0x00000000c0000000,0x00000000c01b44a8,0x00000000c5580000)
 Metaspace       used 5919K, capacity 7088K, committed 7296K, reserved 1056768K
  class space    used 567K, capacity 616K, committed 640K, reserved 1048576K
Event: 3.139 GC heap after
Heap after GC invocations=2 (full 0):
 PSYoungGen      total 38400K, used 5098K [0x00000000eab00000, 0x00000000ef600000, 0x0000000100000000)
  eden space 33280K, 0% used [0x00000000eab00000,0x00000000eab00000,0x00000000ecb80000)
  from space 5120K, 99% used [0x00000000ed080000,0x00000000ed57aaf8,0x00000000ed580000)
  to   space 5120K, 0% used [0x00000000ecb80000,0x00000000ecb80000,0x00000000ed080000)
 ParOldGen       total 87552K, used 6721K [0x00000000c0000000, 0x00000000c5580000, 0x00000000eab00000)
  object space 87552K, 7% used [0x00000000c0000000,0x00000000c0690578,0x00000000c5580000)
 Metaspace       used 5919K, capacity 7088K, committed 7296K, reserved 1056768K
  class space    used 567K, capacity 616K, committed 640K, reserved 1048576K
}

Deoptimization events (10 events):
Event: 2.346 Thread 0x0000000002727800 Uncommon trap: reason=unstable_if action=reinterpret pc=0x000000000f5666cc method=com.android.dx.ssa.MoveParamCombiner$1.visitNonMoveInsn(Lcom/android/dx/ssa/NormalSsaInsn;)V @ 27
Event: 2.359 Thread 0x0000000002727800 Uncommon trap: reason=unstable_if action=reinterpret pc=0x000000000f57ebec method=com.android.dx.ssa.SCCP.simulateStmt(Lcom/android/dx/ssa/SsaInsn;)V @ 53
Event: 2.407 Thread 0x0000000002727800 Uncommon trap: reason=unstable_if action=reinterpret pc=0x000000000f37d3d0 method=com.android.dx.rop.code.RegisterSpec.equals(ILcom/android/dx/rop/type/TypeBearer;Lcom/android/dx/rop/code/LocalItem;)Z @ 42
Event: 2.422 Thread 0x0000000002727800 Uncommon trap: reason=uninitialized action=reinterpret pc=0x000000000f56a2f0 method=com.android.dx.cf.code.BytecodeArray.parseInstruction(ILcom/android/dx/cf/code/BytecodeArray$Visitor;)I @ 999
Event: 2.427 Thread 0x0000000002727800 Uncommon trap: reason=bimorphic action=maybe_recompile pc=0x000000000f58c790 method=com.android.dx.ssa.LiteralOpUpgrader.tryReplacingWithConstant(Lcom/android/dx/ssa/NormalSsaInsn;)Z @ 52
Event: 2.428 Thread 0x0000000002727800 Uncommon trap: reason=unstable_if action=reinterpret pc=0x000000000f33295c method=com.android.dx.rop.cst.Constant.compareTo(Lcom/android/dx/rop/cst/Constant;)I @ 12
Event: 2.428 Thread 0x0000000002727800 Uncommon trap: reason=unstable_if action=reinterpret pc=0x000000000f278ae8 method=java.util.HashMap.getNode(ILjava/lang/Object;)Ljava/util/HashMap$Node; @ 62
Event: 2.506 Thread 0x0000000002727800 Uncommon trap: reason=bimorphic action=maybe_recompile pc=0x000000000f46875c method=java.util.HashMap.getNode(ILjava/lang/Object;)Ljava/util/HashMap$Node; @ 126
Event: 2.551 Thread 0x0000000002727800 Uncommon trap: reason=unstable_if action=reinterpret pc=0x000000000f613b88 method=com.android.dx.rop.code.DexTranslationAdvice.requiresSourcesInOrder(Lcom/android/dx/rop/code/Rop;Lcom/android/dx/rop/code/RegisterSpecList;)Z @ 21
Event: 2.855 Thread 0x0000000002727800 Uncommon trap: reason=unstable_if action=reinterpret pc=0x000000000f468740 method=java.util.HashMap.getNode(ILjava/lang/Object;)Ljava/util/HashMap$Node; @ 84

Internal exceptions (4 events):
Event: 0.056 Thread 0x0000000002727800 Exception <a 'java/lang/NoSuchMethodError': Method sun.misc.Unsafe.defineClass(Ljava/lang/String;[BII)Ljava/lang/Class; name or signature does not match> (0x00000000eab07cc0) thrown at [D:\re\workspace\8-2-build-windows-amd64-cygwin\jdk8u92\6642\hotspot\srª)œ#)¨¬?
Event: 0.056 Thread 0x0000000002727800 Exception <a 'java/lang/NoSuchMethodError': Method sun.misc.Unsafe.prefetchRead(Ljava/lang/Object;J)V name or signature does not match> (0x00000000eab07fa8) thrown at [D:\re\workspace\8-2-build-windows-amd64-cygwin\jdk8u92\6642\hotspot\src\share\vm\prims\jçõVÑÆ.û?
Event: 1.699 Thread 0x0000000002727800 Implicit null exception at 0x000000000f43ea11 to 0x000000000f43f9bd
Event: 1.781 Thread 0x0000000002727800 Implicit null exception at 0x000000000f4247c4 to 0x000000000f42548d

Events (10 events):
Event: 2.551 Thread 0x0000000002727800 DEOPT UNPACKING pc=0x000000000f05582a sp=0x000000000271e7f0 mode 2
Event: 2.855 Thread 0x0000000002727800 Uncommon trap: trap_request=0xffffff65 fr.pc=0x000000000f468740
Event: 2.855 Thread 0x0000000002727800 DEOPT PACKING pc=0x000000000f468740 sp=0x000000000271e6a0
Event: 2.855 Thread 0x0000000002727800 DEOPT UNPACKING pc=0x000000000f05582a sp=0x000000000271e628 mode 2
Event: 3.125 Executing VM operation: ParallelGCFailedAllocation
Event: 3.139 Executing VM operation: ParallelGCFailedAllocation done
Event: 3.306 loading class com/android/dx/cf/attrib/AttDeprecated
Event: 3.306 loading class com/android/dx/cf/attrib/AttDeprecated done
Event: 3.606 loading class com/android/dx/cf/attrib/AttRuntimeVisibleAnnotations
Event: 3.606 loading class com/android/dx/cf/attrib/AttRuntimeVisibleAnnotations done


Dynamic libraries:
0x00007ff67a5f0000 - 0x00007ff67a627000 	C:\Program Files\Java\jdk1.8.0_92\bin\java.exe
0x00007ffece9a0000 - 0x00007ffeceb61000 	C:\WINDOWS\SYSTEM32\ntdll.dll
0x00007ffecd920000 - 0x00007ffecd9cd000 	C:\WINDOWS\system32\KERNEL32.DLL
0x00007ffecb9c0000 - 0x00007ffecbba8000 	C:\WINDOWS\system32\KERNELBASE.dll
0x00000000663b0000 - 0x000000006645e000 	C:\Program Files\Bitdefender\Bitdefender 2016\Active Virus Control\Avc3_00369_042\avcuf64.dll
0x00007ffec9740000 - 0x00007ffec97b9000 	C:\WINDOWS\system32\apphelp.dll
0x00007ffe92ce0000 - 0x00007ffe93163000 	C:\WINDOWS\AppPatch\AppPatch64\AcLayers.DLL
0x00007ffece780000 - 0x00007ffece81d000 	C:\WINDOWS\system32\msvcrt.dll
0x00007ffece3e0000 - 0x00007ffece536000 	C:\WINDOWS\system32\USER32.dll
0x00007ffecd730000 - 0x00007ffecd8b6000 	C:\WINDOWS\system32\GDI32.dll
0x00007ffece940000 - 0x00007ffece992000 	C:\WINDOWS\system32\SHLWAPI.dll
0x00007ffecd9f0000 - 0x00007ffecdc6d000 	C:\WINDOWS\system32\combase.dll
0x00007ffece820000 - 0x00007ffece93c000 	C:\WINDOWS\system32\RPCRT4.dll
0x00007ffecb0e0000 - 0x00007ffecb14a000 	C:\WINDOWS\system32\bcryptPrimitives.dll
0x0000000000a20000 - 0x0000000000a23000 	C:\WINDOWS\SYSTEM32\sfc.dll
0x00007ffec6040000 - 0x00007ffec60c4000 	C:\WINDOWS\SYSTEM32\WINSPOOL.DRV
0x00007ffecaba0000 - 0x00007ffecabc9000 	C:\WINDOWS\SYSTEM32\bcrypt.dll
0x00007ffebcd20000 - 0x00007ffebcd31000 	C:\WINDOWS\SYSTEM32\sfc_os.DLL
0x00007ffec1d30000 - 0x00007ffec1d41000 	C:\WINDOWS\SYSTEM32\SortWindows61.dll
0x00007ffecd8c0000 - 0x00007ffecd8fb000 	C:\WINDOWS\system32\IMM32.DLL
0x00007ffeca100000 - 0x00007ffeca131000 	C:\Windows\system32\nvinitx.dll
0x00007ffecd4c0000 - 0x00007ffecd567000 	C:\WINDOWS\system32\ADVAPI32.dll
0x00007ffece540000 - 0x00007ffece59b000 	C:\WINDOWS\system32\sechost.dll
0x00007ffeca0f0000 - 0x00007ffeca0fa000 	C:\WINDOWS\SYSTEM32\VERSION.dll
0x000000000f000000 - 0x000000000f006000 	C:\Program Files\NVIDIA Corporation\CoProcManager\_etoured.dll
0x00007ffec7a40000 - 0x00007ffec7a73000 	C:\Program Files\NVIDIA Corporation\CoProcManager\nvd3d9wrapx.dll
0x00007ffecde20000 - 0x00007ffece249000 	C:\WINDOWS\system32\SETUPAPI.dll
0x00007ffecb830000 - 0x00007ffecb873000 	C:\WINDOWS\system32\CFGMGR32.dll
0x00007ffec7a10000 - 0x00007ffec7a32000 	C:\Program Files\NVIDIA Corporation\CoProcManager\nvdxgiwrapx.dll
0x00007ffec6480000 - 0x00007ffec66f4000 	C:\WINDOWS\WinSxS\amd64_microsoft.windows.common-controls_6595b64144ccf1df_6.0.10586.494_none_a2d8b04ea53e3145\COMCTL32.dll
0x0000000064c70000 - 0x0000000064d42000 	C:\Program Files\Java\jdk1.8.0_92\jre\bin\msvcr100.dll
0x00000000650b0000 - 0x0000000065946000 	C:\Program Files\Java\jdk1.8.0_92\jre\bin\server\jvm.dll
0x00007ffecd4b0000 - 0x00007ffecd4b8000 	C:\WINDOWS\system32\PSAPI.DLL
0x00007ffebee50000 - 0x00007ffebee59000 	C:\WINDOWS\SYSTEM32\WSOCK32.dll
0x00007ffece370000 - 0x00007ffece3db000 	C:\WINDOWS\system32\WS2_32.dll
0x00007ffec91a0000 - 0x00007ffec91c3000 	C:\WINDOWS\SYSTEM32\WINMM.dll
0x00007ffec9170000 - 0x00007ffec919c000 	C:\WINDOWS\SYSTEM32\WINMMBASE.dll
0x0000000066300000 - 0x000000006630f000 	C:\Program Files\Java\jdk1.8.0_92\jre\bin\verify.dll
0x00000000662d0000 - 0x00000000662f9000 	C:\Program Files\Java\jdk1.8.0_92\jre\bin\java.dll
0x0000000065090000 - 0x00000000650a6000 	C:\Program Files\Java\jdk1.8.0_92\jre\bin\zip.dll
0x00007ffecbde0000 - 0x00007ffecd33c000 	C:\WINDOWS\system32\SHELL32.dll
0x00007ffecb1e0000 - 0x00007ffecb825000 	C:\WINDOWS\system32\windows.storage.dll
0x00007ffecb000000 - 0x00007ffecb00f000 	C:\WINDOWS\system32\kernel.appcore.dll
0x00007ffecb8e0000 - 0x00007ffecb995000 	C:\WINDOWS\system32\shcore.dll
0x00007ffecafb0000 - 0x00007ffecaffb000 	C:\WINDOWS\system32\powrprof.dll
0x00007ffecb010000 - 0x00007ffecb024000 	C:\WINDOWS\system32\profapi.dll

VM Arguments:
jvm_args: -Djava.awt.headless=true -Xmx1024M -Dfile.encoding=windows-1252 -Duser.country=US -Duser.language=en -Duser.variant 
java_command: com.android.dx.command.Main --dex --force-jumbo --multi-dex --output C:\Users\kikkos\AndroidStudioProjects\Udacity\Sunshine\app\build\intermediates\transforms\dex\debug\folders\1000\10\com.android.support-support-v4-23.4.0_c230b01a6739b2dfa837316b28c5af1bf126ad01 C:\Users\kikkos\AndroidStudioProjects\Udacity\Sunshine\app\build\intermediates\exploded-aar\com.android.support\support-v4\23.4.0\jars\classes.jar
java_class_path (initial): C:\Users\kikkos\AppData\Local\Android\sdk\build-tools\22.0.1\lib\dx.jar
Launcher Type: SUN_STANDARD

Environment Variables:
JAVA_HOME=C:\Program Files\Java\jdk1.8.0_92
PATH=C:\Program Files (x86)\Intel\iCLS Client\;C:\Program Files\Intel\iCLS Client\;C:\ProgramData\Oracle\Java\javapath;C:\Program Files\ImageMagick-6.8.9-Q16;C:\WINDOWS\system32;C:\WINDOWS;C:\WINDOWS\System32\Wbem;C:\Program Files\Lenovo\Bluetooth Software\;C:\Program Files\Lenovo\Bluetooth Software\syswow64;C:\Program Files\Intel\WiFi\bin\;C:\Program Files\Common Files\Intel\WirelessCommon\;C:\Program Files\Microsoft\Web Platform Installer\;C:\WINDOWS\System32\WindowsPowerShell\v1.0\;C:\Program Files\Microsoft SQL Server\110\Tools\Binn\;C:\Program Files\Sublime Text 2;C:\Program Files (x86)\Heroku\bin;C:\Program Files\Intel\Intel(R) Management Engine Components\DAL;C:\Program Files\Intel\Intel(R) Management Engine Components\IPT;C:\Program Files (x86)\Intel\Intel(R) Management Engine Components\DAL;C:\Program Files (x86)\Intel\Intel(R) Management Engine Components\IPT;C:\Program Files (x86)\NVIDIA Corporation\PhysX\Common;C:\WINDOWS\system32;C:\WINDOWS;C:\WINDOWS\System32\Wbem;C:\WINDOWS\System32\WindowsPowerShell\v1.0\;C:\Program Files (x86)\Skype\Phone\;C:\Ruby23-x64\bin;C:\Program Files (x86)\MySQL\MySQL Fabric 1.5 & MySQL Utilities 1.5\;C:\Program Files (x86)\MySQL\MySQL Fabric 1.5 & MySQL Utilities 1.5\Doctrine extensions for PHP\;C:\Program Files\MySQL\MySQL Server 5.7\bin;C:\RailsInstaller\Ruby2.2.0\bin;C:\Users\kikkos\AppData\Local\GitHub\PortableGit_d76a6a98c9315931ec4927243517bc09e9b731a0\cmd;C:\Ruby22-x64\bin;C:\Program Files (x86)\Heroku\ruby-1.9.3\bin;C:\Program Files\Intel\WiFi\bin\;C:\Program Files\Common Files\Intel\WirelessCommon\;C:\Program Files\MongoDB\Server\3.2\bin;C:\sqlite
USERNAME=kikkos
OS=Windows_NT
PROCESSOR_IDENTIFIER=Intel64 Family 6 Model 42 Stepping 7, GenuineIntel



---------------  S Y S T E M  ---------------

OS: Windows 10.0 , 64 bit Build 10586 (10.0.10586.0)

CPU:total 8 (4 cores per cpu, 2 threads per core) family 6 model 42 stepping 7, cmov, cx8, fxsr, mmx, sse, sse2, sse3, ssse3, sse4.1, sse4.2, popcnt, avx, aes, clmul, ht, tsc, tscinvbit

Memory: 4k page, physical 8300684k(1450820k free), swap 8505484k(7440k free)

vm_info: Java HotSpot(TM) 64-Bit Server VM (25.92-b14) for windows-amd64 JRE (1.8.0_92-b14), built on Mar 31 2016 21:03:04 by "java_re" with MS VC++ 10.0 (VS2010)

time: Fri Sep 02 16:00:24 2016
elapsed time: 3 seconds (0d 0h 0m 3s)

