#
# There is insufficient memory for the Java Runtime Environment to continue.
# Native memory allocation (malloc) failed to allocate 1040976 bytes for Chunk::new
# Possible reasons:
#   The system is out of physical RAM or swap space
#   In 32 bit mode, the process size limit was hit
# Possible solutions:
#   Reduce memory load on the system
#   Increase physical memory or swap space
#   Check if swap backing store is full
#   Use 64 bit Java on a 64 bit OS
#   Decrease Java heap size (-Xmx/-Xms)
#   Decrease number of Java threads
#   Decrease Java thread stack sizes (-Xss)
#   Set larger code cache with -XX:ReservedCodeCacheSize=
# This output file may be truncated or incomplete.
#
#  Out of Memory Error (allocation.cpp:390), pid=1872, tid=0x0000000000002e08
#
# JRE version: Java(TM) SE Runtime Environment (8.0_92-b14) (build 1.8.0_92-b14)
# Java VM: Java HotSpot(TM) 64-Bit Server VM (25.92-b14 mixed mode windows-amd64 compressed oops)
# Failed to write core dump. Minidumps are not enabled by default on client versions of Windows
#

---------------  T H R E A D  ---------------

Current thread (0x0000000008092800):  JavaThread "C2 CompilerThread0" daemon [_thread_in_native, id=11784, stack(0x00000000099c0000,0x0000000009ac0000)]

Stack: [0x00000000099c0000,0x0000000009ac0000]
[error occurred during error reporting (printing stack bounds), id 0xc0000005]

Native frames: (J=compiled Java code, j=interpreted, Vv=VM code, C=native code)


Current CompileTask:
C2:  10203 2093       4       com.android.dx.dex.code.OutputFinisher::addConstants (93 bytes)


---------------  P R O C E S S  ---------------

Java Threads: ( => current thread )
  0x0000000008114000 JavaThread "Service Thread" daemon [_thread_blocked, id=2008, stack(0x0000000009dc0000,0x0000000009ec0000)]
  0x00000000080a6000 JavaThread "C1 CompilerThread3" daemon [_thread_in_native, id=2740, stack(0x0000000009cc0000,0x0000000009dc0000)]
  0x00000000080a2000 JavaThread "C2 CompilerThread2" daemon [_thread_in_native, id=7072, stack(0x0000000009bc0000,0x0000000009cc0000)]
  0x0000000008098800 JavaThread "C2 CompilerThread1" daemon [_thread_in_native, id=7704, stack(0x0000000009ac0000,0x0000000009bc0000)]
=>0x0000000008092800 JavaThread "C2 CompilerThread0" daemon [_thread_in_native, id=11784, stack(0x00000000099c0000,0x0000000009ac0000)]
  0x0000000008091800 JavaThread "Attach Listener" daemon [_thread_blocked, id=6440, stack(0x00000000098c0000,0x00000000099c0000)]
  0x0000000008090800 JavaThread "Signal Dispatcher" daemon [_thread_blocked, id=8080, stack(0x00000000097c0000,0x00000000098c0000)]
  0x0000000008041800 JavaThread "Finalizer" daemon [_thread_blocked, id=236, stack(0x0000000008f80000,0x0000000009080000)]
  0x0000000008016000 JavaThread "Reference Handler" daemon [_thread_blocked, id=6236, stack(0x0000000008e80000,0x0000000008f80000)]
  0x0000000003077800 JavaThread "main" [_thread_in_Java, id=9708, stack(0x0000000002f60000,0x0000000003060000)]

Other Threads:
  0x0000000006cb0000 VMThread [stack: 0x0000000008d80000,0x0000000008e80000] [id=11968]
  0x000000000810d000 WatcherThread [stack: 0x0000000009ec0000,0x0000000009fc0000] [id=2568]

VM state:not at safepoint (normal execution)

VM Mutex/Monitor currently owned by a thread: None

Heap:
 PSYoungGen      total 138240K, used 122274K [0x00000000eab00000, 0x00000000f3700000, 0x0000000100000000)
  eden space 133120K, 88% used [0x00000000eab00000,0x00000000f1d6b040,0x00000000f2d00000)
  from space 5120K, 99% used [0x00000000f3200000,0x00000000f36fd808,0x00000000f3700000)
  to   space 5120K, 0% used [0x00000000f2d00000,0x00000000f2d00000,0x00000000f3200000)
 ParOldGen       total 87552K, used 26966K [0x00000000c0000000, 0x00000000c5580000, 0x00000000eab00000)
  object space 87552K, 30% used [0x00000000c0000000,0x00000000c1a55b18,0x00000000c5580000)
 Metaspace       used 6375K, capacity 7344K, committed 7552K, reserved 1056768K
  class space    used 605K, capacity 616K, committed 640K, reserved 1048576K

Card table byte_map: [0x0000000003530000,0x0000000003740000] byte_map_base: 0x0000000002f30000

Marking Bits: (ParMarkBitMap*) 0x0000000056e364f0
 Begin Bits: [0x00000000040a0000, 0x00000000050a0000)
 End Bits:   [0x00000000050a0000, 0x00000000060a0000)

Polling page: 0x0000000002f20000

CodeCache: size=245760Kb used=11161Kb max_used=11161Kb free=234598Kb
 bounds [0x000000000f010000, 0x000000000fb10000, 0x000000001e010000]
 total_blobs=2441 nmethods=2176 adapters=178
 compilation: enabled

Compilation events (10 events):
Event: 10.196 Thread 0x00000000080a6000 nmethod 2218 0x000000000faf9b50 code [0x000000000faf9cc0, 0x000000000faf9f18]
Event: 10.196 Thread 0x00000000080a6000 2217       2       com.android.dx.dex.code.LocalSnapshot::withRegisterOffset (20 bytes)
Event: 10.197 Thread 0x00000000080a6000 nmethod 2217 0x000000000fafa010 code [0x000000000fafa1a0, 0x000000000fafa4a8]
Event: 10.197 Thread 0x00000000080a6000 2220       2       com.android.dx.rop.code.RegisterSpecList::access$400 (7 bytes)
Event: 10.197 Thread 0x00000000080a6000 nmethod 2220 0x000000000fafa650 code [0x000000000fafa800, 0x000000000fafac28]
Event: 10.197 Thread 0x00000000080a6000 2219       2       com.android.dx.dex.code.CstInsn::withRegisters (53 bytes)
Event: 10.197 Thread 0x00000000080a6000 nmethod 2219 0x000000000fafb0d0 code [0x000000000fafb240, 0x000000000fafb488]
Event: 10.197 Thread 0x00000000080a6000 2221       2       com.android.dx.dex.code.DalvInsn::hasResult (8 bytes)
Event: 10.198 Thread 0x00000000080a6000 nmethod 2221 0x000000000fafb590 code [0x000000000fafb6e0, 0x000000000fafb830]
Event: 10.198 Thread 0x00000000080a6000 2223       2       com.android.dx.rop.code.RegisterSpecList::withExpandedRegisters (56 bytes)

GC Heap History (8 events):
Event: 3.793 GC heap before
{Heap before GC invocations=1 (full 0):
 PSYoungGen      total 38400K, used 33280K [0x00000000eab00000, 0x00000000ed580000, 0x0000000100000000)
  eden space 33280K, 100% used [0x00000000eab00000,0x00000000ecb80000,0x00000000ecb80000)
  from space 5120K, 0% used [0x00000000ed080000,0x00000000ed080000,0x00000000ed580000)
  to   space 5120K, 0% used [0x00000000ecb80000,0x00000000ecb80000,0x00000000ed080000)
 ParOldGen       total 87552K, used 0K [0x00000000c0000000, 0x00000000c5580000, 0x00000000eab00000)
  object space 87552K, 0% used [0x00000000c0000000,0x00000000c0000000,0x00000000c5580000)
 Metaspace       used 5814K, capacity 7024K, committed 7296K, reserved 1056768K
  class space    used 566K, capacity 616K, committed 640K, reserved 1048576K
Event: 4.039 GC heap after
Heap after GC invocations=1 (full 0):
 PSYoungGen      total 38400K, used 5106K [0x00000000eab00000, 0x00000000ef600000, 0x0000000100000000)
  eden space 33280K, 0% used [0x00000000eab00000,0x00000000eab00000,0x00000000ecb80000)
  from space 5120K, 99% used [0x00000000ecb80000,0x00000000ed07c828,0x00000000ed080000)
  to   space 5120K, 0% used [0x00000000ef100000,0x00000000ef100000,0x00000000ef600000)
 ParOldGen       total 87552K, used 1699K [0x00000000c0000000, 0x00000000c5580000, 0x00000000eab00000)
  object space 87552K, 1% used [0x00000000c0000000,0x00000000c01a8f20,0x00000000c5580000)
 Metaspace       used 5814K, capacity 7024K, committed 7296K, reserved 1056768K
  class space    used 566K, capacity 616K, committed 640K, reserved 1048576K
}
Event: 5.565 GC heap before
{Heap before GC invocations=2 (full 0):
 PSYoungGen      total 38400K, used 38386K [0x00000000eab00000, 0x00000000ef600000, 0x0000000100000000)
  eden space 33280K, 100% used [0x00000000eab00000,0x00000000ecb80000,0x00000000ecb80000)
  from space 5120K, 99% used [0x00000000ecb80000,0x00000000ed07c828,0x00000000ed080000)
  to   space 5120K, 0% used [0x00000000ef100000,0x00000000ef100000,0x00000000ef600000)
 ParOldGen       total 87552K, used 1699K [0x00000000c0000000, 0x00000000c5580000, 0x00000000eab00000)
  object space 87552K, 1% used [0x00000000c0000000,0x00000000c01a8f20,0x00000000c5580000)
 Metaspace       used 5884K, capacity 7088K, committed 7296K, reserved 1056768K
  class space    used 567K, capacity 616K, committed 640K, reserved 1048576K
Event: 5.615 GC heap after
Heap after GC invocations=2 (full 0):
 PSYoungGen      total 71680K, used 5088K [0x00000000eab00000, 0x00000000ef600000, 0x0000000100000000)
  eden space 66560K, 0% used [0x00000000eab00000,0x00000000eab00000,0x00000000eec00000)
  from space 5120K, 99% used [0x00000000ef100000,0x00000000ef5f8158,0x00000000ef600000)
  to   space 5120K, 0% used [0x00000000eec00000,0x00000000eec00000,0x00000000ef100000)
 ParOldGen       total 87552K, used 7201K [0x00000000c0000000, 0x00000000c5580000, 0x00000000eab00000)
  object space 87552K, 8% used [0x00000000c0000000,0x00000000c07087c0,0x00000000c5580000)
 Metaspace       used 5884K, capacity 7088K, committed 7296K, reserved 1056768K
  class space    used 567K, capacity 616K, committed 640K, reserved 1048576K
}
Event: 6.508 GC heap before
{Heap before GC invocations=3 (full 0):
 PSYoungGen      total 71680K, used 71648K [0x00000000eab00000, 0x00000000ef600000, 0x0000000100000000)
  eden space 66560K, 100% used [0x00000000eab00000,0x00000000eec00000,0x00000000eec00000)
  from space 5120K, 99% used [0x00000000ef100000,0x00000000ef5f8158,0x00000000ef600000)
  to   space 5120K, 0% used [0x00000000eec00000,0x00000000eec00000,0x00000000ef100000)
 ParOldGen       total 87552K, used 7201K [0x00000000c0000000, 0x00000000c5580000, 0x00000000eab00000)
  object space 87552K, 8% used [0x00000000c0000000,0x00000000c07087c0,0x00000000c5580000)
 Metaspace       used 6028K, capacity 7088K, committed 7296K, reserved 1056768K
  class space    used 587K, capacity 616K, committed 640K, reserved 1048576K
Event: 6.558 GC heap after
Heap after GC invocations=3 (full 0):
 PSYoungGen      total 71680K, used 5094K [0x00000000eab00000, 0x00000000f3700000, 0x0000000100000000)
  eden space 66560K, 0% used [0x00000000eab00000,0x00000000eab00000,0x00000000eec00000)
  from space 5120K, 99% used [0x00000000eec00000,0x00000000ef0f9978,0x00000000ef100000)
  to   space 5120K, 0% used [0x00000000f3200000,0x00000000f3200000,0x00000000f3700000)
 ParOldGen       total 87552K, used 17138K [0x00000000c0000000, 0x00000000c5580000, 0x00000000eab00000)
  object space 87552K, 19% used [0x00000000c0000000,0x00000000c10bc830,0x00000000c5580000)
 Metaspace       used 6028K, capacity 7088K, committed 7296K, reserved 1056768K
  class space    used 587K, capacity 616K, committed 640K, reserved 1048576K
}
Event: 7.591 GC heap before
{Heap before GC invocations=4 (full 0):
 PSYoungGen      total 71680K, used 71654K [0x00000000eab00000, 0x00000000f3700000, 0x0000000100000000)
  eden space 66560K, 100% used [0x00000000eab00000,0x00000000eec00000,0x00000000eec00000)
  from space 5120K, 99% used [0x00000000eec00000,0x00000000ef0f9978,0x00000000ef100000)
  to   space 5120K, 0% used [0x00000000f3200000,0x00000000f3200000,0x00000000f3700000)
 ParOldGen       total 87552K, used 17138K [0x00000000c0000000, 0x00000000c5580000, 0x00000000eab00000)
  object space 87552K, 19% used [0x00000000c0000000,0x00000000c10bc830,0x00000000c5580000)
 Metaspace       used 6044K, capacity 7088K, committed 7296K, reserved 1056768K
  class space    used 587K, capacity 616K, committed 640K, reserved 1048576K
Event: 7.734 GC heap after
Heap after GC invocations=4 (full 0):
 PSYoungGen      total 138240K, used 5110K [0x00000000eab00000, 0x00000000f3700000, 0x0000000100000000)
  eden space 133120K, 0% used [0x00000000eab00000,0x00000000eab00000,0x00000000f2d00000)
  from space 5120K, 99% used [0x00000000f3200000,0x00000000f36fd808,0x00000000f3700000)
  to   space 5120K, 0% used [0x00000000f2d00000,0x00000000f2d00000,0x00000000f3200000)
 ParOldGen       total 87552K, used 26966K [0x00000000c0000000, 0x00000000c5580000, 0x00000000eab00000)
  object space 87552K, 30% used [0x00000000c0000000,0x00000000c1a55b18,0x00000000c5580000)
 Metaspace       used 6044K, capacity 7088K, committed 7296K, reserved 1056768K
  class space    used 587K, capacity 616K, committed 640K, reserved 1048576K
}

Deoptimization events (10 events):
Event: 9.023 Thread 0x0000000003077800 Uncommon trap: reason=unstable_if action=reinterpret pc=0x000000000f53f06c method=java.util.HashMap.putVal(ILjava/lang/Object;Ljava/lang/Object;ZZ)Ljava/lang/Object; @ 162
Event: 9.543 Thread 0x0000000003077800 Uncommon trap: reason=bimorphic action=maybe_recompile pc=0x000000000f75924c method=com.android.dx.ssa.LiteralOpUpgrader.tryReplacingWithConstant(Lcom/android/dx/ssa/NormalSsaInsn;)Z @ 62
Event: 9.660 Thread 0x0000000003077800 Uncommon trap: reason=unstable_if action=reinterpret pc=0x000000000f980168 method=com.android.dx.rop.code.BasicBlockList.preferredSuccessorOf(Lcom/android/dx/rop/code/BasicBlock;)Lcom/android/dx/rop/code/BasicBlock; @ 58
Event: 9.660 Thread 0x0000000003077800 Uncommon trap: reason=unstable_if action=reinterpret pc=0x000000000f6c6fb4 method=com.android.dx.rop.code.BasicBlockList.preferredSuccessorOf(Lcom/android/dx/rop/code/BasicBlock;)Lcom/android/dx/rop/code/BasicBlock; @ 58
Event: 9.830 Thread 0x0000000003077800 Uncommon trap: reason=class_check action=maybe_recompile pc=0x000000000f4ccc08 method=java.util.Arrays.hashCode([Ljava/lang/Object;)I @ 43
Event: 9.830 Thread 0x0000000003077800 Uncommon trap: reason=class_check action=maybe_recompile pc=0x000000000f4ccc08 method=java.util.Arrays.hashCode([Ljava/lang/Object;)I @ 43
Event: 9.830 Thread 0x0000000003077800 Uncommon trap: reason=class_check action=maybe_recompile pc=0x000000000f4ccc08 method=java.util.Arrays.hashCode([Ljava/lang/Object;)I @ 43
Event: 9.830 Thread 0x0000000003077800 Uncommon trap: reason=class_check action=maybe_recompile pc=0x000000000f4ccc08 method=java.util.Arrays.hashCode([Ljava/lang/Object;)I @ 43
Event: 10.024 Thread 0x0000000003077800 Uncommon trap: reason=unstable_if action=reinterpret pc=0x000000000fad1c60 method=java.util.HashMap.putVal(ILjava/lang/Object;Ljava/lang/Object;ZZ)Ljava/lang/Object; @ 109
Event: 10.182 Thread 0x0000000003077800 Uncommon trap: reason=speculate_class_check action=maybe_recompile pc=0x000000000f3e1f9c method=com.android.dx.util.FixedSizeList.equals(Ljava/lang/Object;)Z @ 25

Internal exceptions (6 events):
Event: 0.592 Thread 0x0000000003077800 Exception <a 'java/lang/NoSuchMethodError': Method sun.misc.Unsafe.defineClass(Ljava/lang/String;[BII)Ljava/lang/Class; name or signature does not match> (0x00000000eab07cc0) thrown at [D:\re\workspace\8-2-build-windows-amd64-cygwin\jdk8u92\6642\hotspot\sr)чDФят?
Event: 0.592 Thread 0x0000000003077800 Exception <a 'java/lang/NoSuchMethodError': Method sun.misc.Unsafe.prefetchRead(Ljava/lang/Object;J)V name or signature does not match> (0x00000000eab07fa8) thrown at [D:\re\workspace\8-2-build-windows-amd64-cygwin\jdk8u92\6642\hotspot\src\share\vm\prims\jbТИS@
Event: 4.082 Thread 0x0000000003077800 Implicit null exception at 0x000000000f458862 to 0x000000000f458952
Event: 6.487 Thread 0x0000000003077800 Exception <a 'java/lang/ArrayIndexOutOfBoundsException': 18> (0x00000000eeb0d3b8) thrown at [D:\re\workspace\8-2-build-windows-amd64-cygwin\jdk8u92\6642\hotspot\src\share\vm\interpreter\interpreterRuntime.cpp, line 366]
Event: 6.497 Thread 0x0000000003077800 Exception <a 'java/lang/ArrayIndexOutOfBoundsException': 145> (0x00000000eeb0ef38) thrown at [D:\re\workspace\8-2-build-windows-amd64-cygwin\jdk8u92\6642\hotspot\src\share\vm\interpreter\interpreterRuntime.cpp, line 366]
Event: 6.498 Thread 0x0000000003077800 Exception <a 'java/lang/ArrayIndexOutOfBoundsException'> (0x00000000eeb10220) thrown at [D:\re\workspace\8-2-build-windows-amd64-cygwin\jdk8u92\6642\hotspot\src\share\vm\runtime\sharedRuntime.cpp, line 605]

Events (10 events):
Event: 10.182 loading class com/android/dx/dex/code/CatchHandlerList$Entry done
Event: 10.182 Thread 0x0000000003077800 Uncommon trap: trap_request=0xffffff76 fr.pc=0x000000000f3e1f9c
Event: 10.182 Thread 0x0000000003077800 DEOPT PACKING pc=0x000000000f3e1f9c sp=0x000000000305e970
Event: 10.182 Thread 0x0000000003077800 DEOPT UNPACKING pc=0x000000000f05582a sp=0x000000000305e930 mode 2
Event: 10.182 loading class com/android/dx/dex/code/CatchTable$Entry
Event: 10.182 loading class com/android/dx/dex/code/CatchTable$Entry done
Event: 10.183 loading class com/android/dx/util/ByteArrayAnnotatedOutput
Event: 10.183 loading class com/android/dx/util/ByteArrayAnnotatedOutput done
Event: 10.189 loading class com/android/dx/rop/code/RegisterSpecList$Expander
Event: 10.189 loading class com/android/dx/rop/code/RegisterSpecList$Expander done


Dynamic libraries:
0x00007ff705b70000 - 0x00007ff705ba7000 	C:\Program Files\Java\jdk1.8.0_92\bin\java.exe
0x00007ff87a2a0000 - 0x00007ff87a461000 	C:\WINDOWS\SYSTEM32\ntdll.dll
0x00007ff879f20000 - 0x00007ff879fcd000 	C:\WINDOWS\system32\KERNEL32.DLL
0x00007ff8770c0000 - 0x00007ff8772a8000 	C:\WINDOWS\system32\KERNELBASE.dll
0x0000000057990000 - 0x0000000057a41000 	C:\Program Files\Bitdefender\Bitdefender 2016\Active Virus Control\Avc3_00364_037\avcuf64.dll
0x00007ff875040000 - 0x00007ff8750b9000 	C:\WINDOWS\system32\apphelp.dll
0x00007ff854cd0000 - 0x00007ff855153000 	C:\WINDOWS\AppPatch\AppPatch64\AcLayers.DLL
0x00007ff87a200000 - 0x00007ff87a29d000 	C:\WINDOWS\system32\msvcrt.dll
0x00007ff878040000 - 0x00007ff878196000 	C:\WINDOWS\system32\USER32.dll
0x00007ff877eb0000 - 0x00007ff878036000 	C:\WINDOWS\system32\GDI32.dll
0x00007ff878900000 - 0x00007ff878952000 	C:\WINDOWS\system32\SHLWAPI.dll
0x00007ff8784a0000 - 0x00007ff87871d000 	C:\WINDOWS\system32\combase.dll
0x00007ff877cc0000 - 0x00007ff877ddc000 	C:\WINDOWS\system32\RPCRT4.dll
0x00007ff877330000 - 0x00007ff87739a000 	C:\WINDOWS\system32\bcryptPrimitives.dll
0x00000000013f0000 - 0x00000000013f3000 	C:\WINDOWS\SYSTEM32\sfc.dll
0x00007ff871be0000 - 0x00007ff871c64000 	C:\WINDOWS\SYSTEM32\WINSPOOL.DRV
0x00007ff8764a0000 - 0x00007ff8764c9000 	C:\WINDOWS\SYSTEM32\bcrypt.dll
0x00007ff868cb0000 - 0x00007ff868cc1000 	C:\WINDOWS\SYSTEM32\sfc_os.DLL
0x00007ff8690a0000 - 0x00007ff8690b1000 	C:\WINDOWS\SYSTEM32\SortWindows61.dll
0x00007ff878350000 - 0x00007ff87838b000 	C:\WINDOWS\system32\IMM32.DLL
0x00007ff875b00000 - 0x00007ff875b31000 	C:\Windows\system32\nvinitx.dll
0x00007ff877c10000 - 0x00007ff877cb7000 	C:\WINDOWS\system32\ADVAPI32.dll
0x00007ff8782f0000 - 0x00007ff87834b000 	C:\WINDOWS\system32\sechost.dll
0x00007ff875af0000 - 0x00007ff875afa000 	C:\WINDOWS\SYSTEM32\VERSION.dll
0x000000000f000000 - 0x000000000f006000 	C:\Program Files\NVIDIA Corporation\CoProcManager\_etoured.dll
0x00007ff8734e0000 - 0x00007ff873513000 	C:\Program Files\NVIDIA Corporation\CoProcManager\nvd3d9wrapx.dll
0x00007ff877680000 - 0x00007ff877aa9000 	C:\WINDOWS\system32\SETUPAPI.dll
0x00007ff8773a0000 - 0x00007ff8773e3000 	C:\WINDOWS\system32\CFGMGR32.dll
0x00007ff8734b0000 - 0x00007ff8734d2000 	C:\Program Files\NVIDIA Corporation\CoProcManager\nvdxgiwrapx.dll
0x00007ff871f60000 - 0x00007ff8721d4000 	C:\WINDOWS\WinSxS\amd64_microsoft.windows.common-controls_6595b64144ccf1df_6.0.10586.0_none_8c15ae12515e1c22\COMCTL32.dll
0x0000000057220000 - 0x00000000572f2000 	C:\Program Files\Java\jdk1.8.0_92\jre\bin\msvcr100.dll
0x0000000056620000 - 0x0000000056eb6000 	C:\Program Files\Java\jdk1.8.0_92\jre\bin\server\jvm.dll
0x00007ff877b70000 - 0x00007ff877b78000 	C:\WINDOWS\system32\PSAPI.DLL
0x00007ff86b690000 - 0x00007ff86b699000 	C:\WINDOWS\SYSTEM32\WSOCK32.dll
0x00007ff877de0000 - 0x00007ff877e4b000 	C:\WINDOWS\system32\WS2_32.dll
0x00007ff874ad0000 - 0x00007ff874af3000 	C:\WINDOWS\SYSTEM32\WINMM.dll
0x00007ff874a70000 - 0x00007ff874a9c000 	C:\WINDOWS\SYSTEM32\WINMMBASE.dll
0x00000000576a0000 - 0x00000000576af000 	C:\Program Files\Java\jdk1.8.0_92\jre\bin\verify.dll
0x0000000057670000 - 0x0000000057699000 	C:\Program Files\Java\jdk1.8.0_92\jre\bin\java.dll
0x0000000057650000 - 0x0000000057666000 	C:\Program Files\Java\jdk1.8.0_92\jre\bin\zip.dll
0x00007ff8789c0000 - 0x00007ff879f1c000 	C:\WINDOWS\system32\SHELL32.dll
0x0000000009160000 - 0x00000000097a4000 	C:\WINDOWS\system32\windows.storage.dll
0x00007ff876910000 - 0x00007ff87691f000 	C:\WINDOWS\system32\kernel.appcore.dll
0x00007ff8775c0000 - 0x00007ff877675000 	C:\WINDOWS\system32\shcore.dll
0x00007ff8768a0000 - 0x00007ff8768eb000 	C:\WINDOWS\system32\powrprof.dll
0x00007ff8768f0000 - 0x00007ff876904000 	C:\WINDOWS\system32\profapi.dll

VM Arguments:
jvm_args: -Djava.awt.headless=true -Xmx1024M -Dfile.encoding=windows-1252 -Duser.country=US -Duser.language=en -Duser.variant 
java_command: com.android.dx.command.Main --dex --force-jumbo --multi-dex --output C:\Users\kikkos\AndroidStudioProjects\Udacity\Sunshine\app\build\intermediates\transforms\dex\debug\folders\1000\10\com.android.support-appcompat-v7-23.4.0_d8755b5c59a836c358c95117feb65e0d91caedaf C:\Users\kikkos\AndroidStudioProjects\Udacity\Sunshine\app\build\intermediates\exploded-aar\com.android.support\appcompat-v7\23.4.0\jars\classes.jar
java_class_path (initial): C:\Users\kikkos\AppData\Local\Android\sdk\build-tools\22.0.1\lib\dx.jar
Launcher Type: SUN_STANDARD

Environment Variables:
JAVA_HOME=C:\Program Files\Java\jdk1.8.0_92
PATH=C:\Program Files (x86)\Intel\iCLS Client\;C:\Program Files\Intel\iCLS Client\;C:\ProgramData\Oracle\Java\javapath;C:\Program Files\ImageMagick-6.8.9-Q16;C:\WINDOWS\system32;C:\WINDOWS;C:\WINDOWS\System32\Wbem;C:\Program Files\Lenovo\Bluetooth Software\;C:\Program Files\Lenovo\Bluetooth Software\syswow64;C:\Program Files\Intel\WiFi\bin\;C:\Program Files\Common Files\Intel\WirelessCommon\;C:\Program Files\Microsoft\Web Platform Installer\;C:\WINDOWS\System32\WindowsPowerShell\v1.0\;C:\Program Files\Microsoft SQL Server\110\Tools\Binn\;C:\Program Files\Sublime Text 2;C:\Program Files (x86)\Heroku\bin;C:\Program Files\Intel\Intel(R) Management Engine Components\DAL;C:\Program Files\Intel\Intel(R) Management Engine Components\IPT;C:\Program Files (x86)\Intel\Intel(R) Management Engine Components\DAL;C:\Program Files (x86)\Intel\Intel(R) Management Engine Components\IPT;C:\Program Files (x86)\NVIDIA Corporation\PhysX\Common;C:\WINDOWS\system32;C:\WINDOWS;C:\WINDOWS\System32\Wbem;C:\WINDOWS\System32\WindowsPowerShell\v1.0\;C:\Program Files (x86)\Skype\Phone\;C:\Ruby23-x64\bin;C:\Program Files (x86)\MySQL\MySQL Fabric 1.5 & MySQL Utilities 1.5\;C:\Program Files (x86)\MySQL\MySQL Fabric 1.5 & MySQL Utilities 1.5\Doctrine extensions for PHP\;C:\Program Files\MySQL\MySQL Server 5.7\bin;C:\RailsInstaller\Ruby2.2.0\bin;C:\Users\kikkos\AppData\Local\GitHub\PortableGit_d76a6a98c9315931ec4927243517bc09e9b731a0\cmd;C:\Ruby22-x64\bin;C:\Program Files (x86)\Heroku\ruby-1.9.3\bin;C:\Program Files\Intel\WiFi\bin\;C:\Program Files\Common Files\Intel\WirelessCommon\;C:\Program Files\MongoDB\Server\3.2\bin;C:\sqlite
USERNAME=kikkos
OS=Windows_NT
PROCESSOR_IDENTIFIER=Intel64 Family 6 Model 42 Stepping 7, GenuineIntel



---------------  S Y S T E M  ---------------

OS: Windows 10.0 , 64 bit Build 10586 (10.0.10586.0)

CPU:total 8 (4 cores per cpu, 2 threads per core) family 6 model 42 stepping 7, cmov, cx8, fxsr, mmx, sse, sse2, sse3, ssse3, sse4.1, sse4.2, popcnt, avx, aes, clmul, ht, tsc, tscinvbit

Memory: 4k page, physical 8300684k(2107868k free), swap 8505484k(3184k free)

vm_info: Java HotSpot(TM) 64-Bit Server VM (25.92-b14) for windows-amd64 JRE (1.8.0_92-b14), built on Mar 31 2016 21:03:04 by "java_re" with MS VC++ 10.0 (VS2010)

time: Mon Jul 11 09:11:58 2016
elapsed time: 10 seconds (0d 0h 0m 10s)

