#
# There is insufficient memory for the Java Runtime Environment to continue.
# Native memory allocation (malloc) failed to allocate 379920 bytes for Chunk::new
# Possible reasons:
#   The system is out of physical RAM or swap space
#   In 32 bit mode, the process size limit was hit
# Possible solutions:
#   Reduce memory load on the system
#   Increase physical memory or swap space
#   Check if swap backing store is full
#   Use 64 bit Java on a 64 bit OS
#   Decrease Java heap size (-Xmx/-Xms)
#   Decrease number of Java threads
#   Decrease Java thread stack sizes (-Xss)
#   Set larger code cache with -XX:ReservedCodeCacheSize=
# This output file may be truncated or incomplete.
#
#  Out of Memory Error (allocation.cpp:390), pid=10856, tid=0x0000000000001498
#
# JRE version: Java(TM) SE Runtime Environment (8.0_92-b14) (build 1.8.0_92-b14)
# Java VM: Java HotSpot(TM) 64-Bit Server VM (25.92-b14 mixed mode windows-amd64 compressed oops)
# Failed to write core dump. Minidumps are not enabled by default on client versions of Windows
#

---------------  T H R E A D  ---------------

Current thread (0x00000000079a2800):  JavaThread "C2 CompilerThread0" daemon [_thread_in_native, id=5272, stack(0x0000000009300000,0x0000000009400000)]

Stack: [0x0000000009300000,0x0000000009400000]
[error occurred during error reporting (printing stack bounds), id 0xc0000005]

Native frames: (J=compiled Java code, j=interpreted, Vv=VM code, C=native code)


Current CompileTask:
C2:   7957 1946       4       com.android.dx.ssa.SsaConverter::edgeSplitPredecessors (44 bytes)


---------------  P R O C E S S  ---------------

Java Threads: ( => current thread )
  0x0000000007a18000 JavaThread "Service Thread" daemon [_thread_blocked, id=3264, stack(0x0000000009700000,0x0000000009800000)]
  0x00000000079b6000 JavaThread "C1 CompilerThread3" daemon [_thread_in_native, id=14316, stack(0x0000000009600000,0x0000000009700000)]
  0x00000000079b1800 JavaThread "C2 CompilerThread2" daemon [_thread_in_native, id=2776, stack(0x0000000009500000,0x0000000009600000)]
  0x00000000079a8800 JavaThread "C2 CompilerThread1" daemon [_thread_in_native, id=9440, stack(0x0000000009400000,0x0000000009500000)]
=>0x00000000079a2800 JavaThread "C2 CompilerThread0" daemon [_thread_in_native, id=5272, stack(0x0000000009300000,0x0000000009400000)]
  0x00000000079a1800 JavaThread "Attach Listener" daemon [_thread_blocked, id=9192, stack(0x0000000009200000,0x0000000009300000)]
  0x00000000079a0800 JavaThread "Signal Dispatcher" daemon [_thread_blocked, id=1240, stack(0x0000000009100000,0x0000000009200000)]
  0x0000000007951000 JavaThread "Finalizer" daemon [_thread_blocked, id=9532, stack(0x00000000088c0000,0x00000000089c0000)]
  0x0000000007926000 JavaThread "Reference Handler" daemon [_thread_blocked, id=12572, stack(0x00000000087c0000,0x00000000088c0000)]
  0x0000000002997800 JavaThread "main" [_thread_in_Java, id=6392, stack(0x0000000002860000,0x0000000002960000)]

Other Threads:
  0x00000000065b0000 VMThread [stack: 0x00000000086c0000,0x00000000087c0000] [id=1336]
  0x0000000007a21800 WatcherThread [stack: 0x0000000009800000,0x0000000009900000] [id=6264]

VM state:not at safepoint (normal execution)

VM Mutex/Monitor currently owned by a thread: None

Heap:
 PSYoungGen      total 71680K, used 63726K [0x00000000eab00000, 0x00000000f3700000, 0x0000000100000000)
  eden space 66560K, 88% used [0x00000000eab00000,0x00000000ee43dc90,0x00000000eec00000)
  from space 5120K, 99% used [0x00000000eec00000,0x00000000ef0fdb98,0x00000000ef100000)
  to   space 5120K, 0% used [0x00000000f3200000,0x00000000f3200000,0x00000000f3700000)
 ParOldGen       total 87552K, used 17200K [0x00000000c0000000, 0x00000000c5580000, 0x00000000eab00000)
  object space 87552K, 19% used [0x00000000c0000000,0x00000000c10cc248,0x00000000c5580000)
 Metaspace       used 6051K, capacity 7088K, committed 7296K, reserved 1056768K
  class space    used 587K, capacity 616K, committed 640K, reserved 1048576K

Card table byte_map: [0x0000000002e50000,0x0000000003060000] byte_map_base: 0x0000000002850000

Marking Bits: (ParMarkBitMap*) 0x0000000062ef64f0
 Begin Bits: [0x00000000039c0000, 0x00000000049c0000)
 End Bits:   [0x00000000049c0000, 0x00000000059c0000)

Polling page: 0x0000000000e30000

CodeCache: size=245760Kb used=9375Kb max_used=9385Kb free=236384Kb
 bounds [0x000000000f010000, 0x000000000f950000, 0x000000001e010000]
 total_blobs=2189 nmethods=1924 adapters=178
 compilation: enabled

Compilation events (10 events):
Event: 7.861 Thread 0x00000000079b6000 1952       3       com.android.dx.ssa.SCCP::simulateBranch (666 bytes)
Event: 7.865 Thread 0x00000000079b6000 nmethod 1952 0x000000000f92e150 code [0x000000000f92e600, 0x000000000f932178]
Event: 7.867 Thread 0x00000000079b1800 nmethod 1933 0x000000000f933d90 code [0x000000000f9340a0, 0x000000000f936f00]
Event: 7.868 Thread 0x00000000079b1800 1948       4       com.android.dx.ssa.back.FirstFitLocalCombiningAllocator::handleLocalAssociatedOther (151 bytes)
Event: 7.892 Thread 0x00000000079b6000 1953       3       com.android.dx.ssa.back.RegisterAllocator::insertMoveBefore (240 bytes)
Event: 7.896 Thread 0x00000000079b6000 nmethod 1953 0x000000000f93b390 code [0x000000000f93b800, 0x000000000f93e4a8]
Event: 7.940 Thread 0x00000000079b1800 nmethod 1948 0x000000000f9406d0 code [0x000000000f940900, 0x000000000f941e28]
Event: 7.941 Thread 0x00000000079b1800 1955       4       com.android.dx.cf.code.Merger::isPossiblyAssignableFrom (202 bytes)
Event: 7.953 Thread 0x00000000079b1800 nmethod 1955 0x000000000f92cf10 code [0x000000000f92d0e0, 0x000000000f92d730]
Event: 7.953 Thread 0x00000000079b1800 1954       4       com.android.dx.cf.code.BytecodeArray::processWorkSet (50 bytes)

GC Heap History (6 events):
Event: 3.210 GC heap before
{Heap before GC invocations=1 (full 0):
 PSYoungGen      total 38400K, used 33280K [0x00000000eab00000, 0x00000000ed580000, 0x0000000100000000)
  eden space 33280K, 100% used [0x00000000eab00000,0x00000000ecb80000,0x00000000ecb80000)
  from space 5120K, 0% used [0x00000000ed080000,0x00000000ed080000,0x00000000ed580000)
  to   space 5120K, 0% used [0x00000000ecb80000,0x00000000ecb80000,0x00000000ed080000)
 ParOldGen       total 87552K, used 0K [0x00000000c0000000, 0x00000000c5580000, 0x00000000eab00000)
  object space 87552K, 0% used [0x00000000c0000000,0x00000000c0000000,0x00000000c5580000)
 Metaspace       used 5788K, capacity 6960K, committed 7040K, reserved 1056768K
  class space    used 566K, capacity 616K, committed 640K, reserved 1048576K
Event: 3.274 GC heap after
Heap after GC invocations=1 (full 0):
 PSYoungGen      total 38400K, used 5114K [0x00000000eab00000, 0x00000000ef600000, 0x0000000100000000)
  eden space 33280K, 0% used [0x00000000eab00000,0x00000000eab00000,0x00000000ecb80000)
  from space 5120K, 99% used [0x00000000ecb80000,0x00000000ed07eaa8,0x00000000ed080000)
  to   space 5120K, 0% used [0x00000000ef100000,0x00000000ef100000,0x00000000ef600000)
 ParOldGen       total 87552K, used 1702K [0x00000000c0000000, 0x00000000c5580000, 0x00000000eab00000)
  object space 87552K, 1% used [0x00000000c0000000,0x00000000c01a9ae0,0x00000000c5580000)
 Metaspace       used 5788K, capacity 6960K, committed 7040K, reserved 1056768K
  class space    used 566K, capacity 616K, committed 640K, reserved 1048576K
}
Event: 4.235 GC heap before
{Heap before GC invocations=2 (full 0):
 PSYoungGen      total 38400K, used 38394K [0x00000000eab00000, 0x00000000ef600000, 0x0000000100000000)
  eden space 33280K, 100% used [0x00000000eab00000,0x00000000ecb80000,0x00000000ecb80000)
  from space 5120K, 99% used [0x00000000ecb80000,0x00000000ed07eaa8,0x00000000ed080000)
  to   space 5120K, 0% used [0x00000000ef100000,0x00000000ef100000,0x00000000ef600000)
 ParOldGen       total 87552K, used 1702K [0x00000000c0000000, 0x00000000c5580000, 0x00000000eab00000)
  object space 87552K, 1% used [0x00000000c0000000,0x00000000c01a9ae0,0x00000000c5580000)
 Metaspace       used 5889K, capacity 7088K, committed 7296K, reserved 1056768K
  class space    used 567K, capacity 616K, committed 640K, reserved 1048576K
Event: 4.269 GC heap after
Heap after GC invocations=2 (full 0):
 PSYoungGen      total 71680K, used 5108K [0x00000000eab00000, 0x00000000ef600000, 0x0000000100000000)
  eden space 66560K, 0% used [0x00000000eab00000,0x00000000eab00000,0x00000000eec00000)
  from space 5120K, 99% used [0x00000000ef100000,0x00000000ef5fd198,0x00000000ef600000)
  to   space 5120K, 0% used [0x00000000eec00000,0x00000000eec00000,0x00000000ef100000)
 ParOldGen       total 87552K, used 7089K [0x00000000c0000000, 0x00000000c5580000, 0x00000000eab00000)
  object space 87552K, 8% used [0x00000000c0000000,0x00000000c06ec4b0,0x00000000c5580000)
 Metaspace       used 5889K, capacity 7088K, committed 7296K, reserved 1056768K
  class space    used 567K, capacity 616K, committed 640K, reserved 1048576K
}
Event: 6.141 GC heap before
{Heap before GC invocations=3 (full 0):
 PSYoungGen      total 71680K, used 71668K [0x00000000eab00000, 0x00000000ef600000, 0x0000000100000000)
  eden space 66560K, 100% used [0x00000000eab00000,0x00000000eec00000,0x00000000eec00000)
  from space 5120K, 99% used [0x00000000ef100000,0x00000000ef5fd198,0x00000000ef600000)
  to   space 5120K, 0% used [0x00000000eec00000,0x00000000eec00000,0x00000000ef100000)
 ParOldGen       total 87552K, used 7089K [0x00000000c0000000, 0x00000000c5580000, 0x00000000eab00000)
  object space 87552K, 8% used [0x00000000c0000000,0x00000000c06ec4b0,0x00000000c5580000)
 Metaspace       used 6033K, capacity 7088K, committed 7296K, reserved 1056768K
  class space    used 587K, capacity 616K, committed 640K, reserved 1048576K
Event: 6.283 GC heap after
Heap after GC invocations=3 (full 0):
 PSYoungGen      total 71680K, used 5110K [0x00000000eab00000, 0x00000000f3700000, 0x0000000100000000)
  eden space 66560K, 0% used [0x00000000eab00000,0x00000000eab00000,0x00000000eec00000)
  from space 5120K, 99% used [0x00000000eec00000,0x00000000ef0fdb98,0x00000000ef100000)
  to   space 5120K, 0% used [0x00000000f3200000,0x00000000f3200000,0x00000000f3700000)
 ParOldGen       total 87552K, used 17200K [0x00000000c0000000, 0x00000000c5580000, 0x00000000eab00000)
  object space 87552K, 19% used [0x00000000c0000000,0x00000000c10cc248,0x00000000c5580000)
 Metaspace       used 6033K, capacity 7088K, committed 7296K, reserved 1056768K
  class space    used 587K, capacity 616K, committed 640K, reserved 1048576K
}

Deoptimization events (10 events):
Event: 6.592 Thread 0x0000000002997800 Uncommon trap: reason=unstable_if action=reinterpret pc=0x000000000f6c9430 method=com.android.dx.ssa.InterferenceRegisterMapper.interferes(III)Z @ 69
Event: 6.651 Thread 0x0000000002997800 Uncommon trap: reason=unstable_if action=reinterpret pc=0x000000000f4c2ea4 method=java.util.HashMap.putVal(ILjava/lang/Object;Ljava/lang/Object;ZZ)Ljava/lang/Object; @ 162
Event: 6.846 Thread 0x0000000002997800 Uncommon trap: reason=class_check action=maybe_recompile pc=0x000000000f5e994c method=com.android.dx.ssa.SCCP.simulatePhi(Lcom/android/dx/ssa/PhiInsn;)V @ 124
Event: 7.276 Thread 0x0000000002997800 Uncommon trap: reason=unstable_if action=reinterpret pc=0x000000000f802920 method=com.android.dx.ssa.back.FirstFitLocalCombiningAllocator.findNextUnreservedRopReg(IILcom/android/dx/ssa/back/FirstFitLocalCombiningAllocator$Alignment;)I @ 32
Event: 7.367 Thread 0x0000000002997800 Uncommon trap: reason=class_check action=maybe_recompile pc=0x000000000f5e994c method=com.android.dx.ssa.SCCP.simulatePhi(Lcom/android/dx/ssa/PhiInsn;)V @ 124
Event: 7.555 Thread 0x0000000002997800 Uncommon trap: reason=unstable_if action=reinterpret pc=0x000000000f84fb24 method=java.util.HashMap.getNode(ILjava/lang/Object;)Ljava/util/HashMap$Node; @ 84
Event: 7.566 Thread 0x0000000002997800 Uncommon trap: reason=unstable_if action=reinterpret pc=0x000000000f82b8ac method=com.android.dx.cf.code.Ropper.isSynchronized()Z @ 12
Event: 7.567 Thread 0x0000000002997800 Uncommon trap: reason=unstable_if action=reinterpret pc=0x000000000f52210c method=com.android.dx.ssa.MoveParamCombiner$1.visitNonMoveInsn(Lcom/android/dx/ssa/NormalSsaInsn;)V @ 27
Event: 7.861 Thread 0x0000000002997800 Uncommon trap: reason=unstable_if action=reinterpret pc=0x000000000f5add90 method=com.android.dx.ssa.SCCP.simulateBranch(Lcom/android/dx/ssa/SsaInsn;)V @ 548
Event: 7.899 Thread 0x0000000002997800 Uncommon trap: reason=unstable_if action=reinterpret pc=0x000000000f85b238 method=com.android.dx.cf.code.ByteCatchList.listFor(I)Lcom/android/dx/cf/code/ByteCatchList; @ 47

Internal exceptions (5 events):
Event: 0.710 Thread 0x0000000002997800 Exception <a 'java/lang/NoSuchMethodError': Method sun.misc.Unsafe.defineClass(Ljava/lang/String;[BII)Ljava/lang/Class; name or signature does not match> (0x00000000eab07cc0) thrown at [D:\re\workspace\8-2-build-windows-amd64-cygwin\jdk8u92\6642\hotspot\srÍüóü¼æ?
Event: 0.711 Thread 0x0000000002997800 Exception <a 'java/lang/NoSuchMethodError': Method sun.misc.Unsafe.prefetchRead(Ljava/lang/Object;J)V name or signature does not match> (0x00000000eab07fa8) thrown at [D:\re\workspace\8-2-build-windows-amd64-cygwin\jdk8u92\6642\hotspot\src\share\vm\prims\j÷[nz@
Event: 6.120 Thread 0x0000000002997800 Exception <a 'java/lang/ArrayIndexOutOfBoundsException': 18> (0x00000000eea27db0) thrown at [D:\re\workspace\8-2-build-windows-amd64-cygwin\jdk8u92\6642\hotspot\src\share\vm\interpreter\interpreterRuntime.cpp, line 366]
Event: 6.120 Thread 0x0000000002997800 Exception <a 'java/lang/ArrayIndexOutOfBoundsException': 145> (0x00000000eea29930) thrown at [D:\re\workspace\8-2-build-windows-amd64-cygwin\jdk8u92\6642\hotspot\src\share\vm\interpreter\interpreterRuntime.cpp, line 366]
Event: 6.121 Thread 0x0000000002997800 Exception <a 'java/lang/ArrayIndexOutOfBoundsException'> (0x00000000eea2ac18) thrown at [D:\re\workspace\8-2-build-windows-amd64-cygwin\jdk8u92\6642\hotspot\src\share\vm\runtime\sharedRuntime.cpp, line 605]

Events (10 events):
Event: 7.808 loading class com/android/dx/cf/iface/ParseObserver
Event: 7.808 loading class com/android/dx/cf/iface/ParseObserver done
Event: 7.861 Thread 0x0000000002997800 Uncommon trap: trap_request=0xffffff65 fr.pc=0x000000000f5add90
Event: 7.861 Thread 0x0000000002997800 DEOPT PACKING pc=0x000000000f5add90 sp=0x000000000295e510
Event: 7.861 Thread 0x0000000002997800 DEOPT UNPACKING pc=0x000000000f05582a sp=0x000000000295e4e8 mode 2
Event: 7.895 Thread 0x0000000002997800 DEOPT PACKING pc=0x000000000f90f3ad sp=0x000000000295e6d0
Event: 7.895 Thread 0x0000000002997800 DEOPT UNPACKING pc=0x000000000f05787f sp=0x000000000295e460 mode 0
Event: 7.899 Thread 0x0000000002997800 Uncommon trap: trap_request=0xffffff65 fr.pc=0x000000000f85b238
Event: 7.899 Thread 0x0000000002997800 DEOPT PACKING pc=0x000000000f85b238 sp=0x000000000295e4d0
Event: 7.899 Thread 0x0000000002997800 DEOPT UNPACKING pc=0x000000000f05582a sp=0x000000000295e3c0 mode 2


Dynamic libraries:
0x00007ff7ca290000 - 0x00007ff7ca2c7000 	C:\Program Files\Java\jdk1.8.0_92\bin\java.exe
0x00007ffba72b0000 - 0x00007ffba7471000 	C:\WINDOWS\SYSTEM32\ntdll.dll
0x00007ffba6330000 - 0x00007ffba63dd000 	C:\WINDOWS\system32\KERNEL32.DLL
0x00007ffba42b0000 - 0x00007ffba4498000 	C:\WINDOWS\system32\KERNELBASE.dll
0x0000000063470000 - 0x000000006351e000 	C:\Program Files\Bitdefender\Bitdefender 2016\Active Virus Control\Avc3_00369_042\avcuf64.dll
0x00007ffba2050000 - 0x00007ffba20c9000 	C:\WINDOWS\system32\apphelp.dll
0x00007ffb74260000 - 0x00007ffb746e3000 	C:\WINDOWS\AppPatch\AppPatch64\AcLayers.DLL
0x00007ffba6e90000 - 0x00007ffba6f2d000 	C:\WINDOWS\system32\msvcrt.dll
0x00007ffba6460000 - 0x00007ffba65b6000 	C:\WINDOWS\system32\USER32.dll
0x00007ffba4690000 - 0x00007ffba4816000 	C:\WINDOWS\system32\GDI32.dll
0x00007ffba6e30000 - 0x00007ffba6e82000 	C:\WINDOWS\system32\SHLWAPI.dll
0x00007ffba5f50000 - 0x00007ffba61cd000 	C:\WINDOWS\system32\combase.dll
0x00007ffba6820000 - 0x00007ffba693c000 	C:\WINDOWS\system32\RPCRT4.dll
0x00007ffba4240000 - 0x00007ffba42aa000 	C:\WINDOWS\system32\bcryptPrimitives.dll
0x0000000000bd0000 - 0x0000000000bd3000 	C:\WINDOWS\SYSTEM32\sfc.dll
0x00007ffb9e8c0000 - 0x00007ffb9e944000 	C:\WINDOWS\SYSTEM32\WINSPOOL.DRV
0x00007ffba34b0000 - 0x00007ffba34d9000 	C:\WINDOWS\SYSTEM32\bcrypt.dll
0x00007ffb95050000 - 0x00007ffb95061000 	C:\WINDOWS\SYSTEM32\sfc_os.DLL
0x00007ffb9b530000 - 0x00007ffb9b541000 	C:\WINDOWS\SYSTEM32\SortWindows61.dll
0x00007ffba6dd0000 - 0x00007ffba6e0b000 	C:\WINDOWS\system32\IMM32.DLL
0x00007ffba2a10000 - 0x00007ffba2a41000 	C:\Windows\system32\nvinitx.dll
0x00007ffba6280000 - 0x00007ffba6327000 	C:\WINDOWS\system32\ADVAPI32.dll
0x00007ffba67c0000 - 0x00007ffba681b000 	C:\WINDOWS\system32\sechost.dll
0x00007ffba2a00000 - 0x00007ffba2a0a000 	C:\WINDOWS\SYSTEM32\VERSION.dll
0x000000000f000000 - 0x000000000f006000 	C:\Program Files\NVIDIA Corporation\CoProcManager\_etoured.dll
0x00007ffba0550000 - 0x00007ffba0583000 	C:\Program Files\NVIDIA Corporation\CoProcManager\nvd3d9wrapx.dll
0x00007ffba69a0000 - 0x00007ffba6dc9000 	C:\WINDOWS\system32\SETUPAPI.dll
0x00007ffba3ba0000 - 0x00007ffba3be3000 	C:\WINDOWS\system32\CFGMGR32.dll
0x00007ffba0460000 - 0x00007ffba0482000 	C:\Program Files\NVIDIA Corporation\CoProcManager\nvdxgiwrapx.dll
0x00007ffb9ec90000 - 0x00007ffb9ef04000 	C:\WINDOWS\WinSxS\amd64_microsoft.windows.common-controls_6595b64144ccf1df_6.0.10586.494_none_a2d8b04ea53e3145\COMCTL32.dll
0x0000000062290000 - 0x0000000062362000 	C:\Program Files\Java\jdk1.8.0_92\jre\bin\msvcr100.dll
0x00000000626e0000 - 0x0000000062f76000 	C:\Program Files\Java\jdk1.8.0_92\jre\bin\server\jvm.dll
0x00007ffba72a0000 - 0x00007ffba72a8000 	C:\WINDOWS\system32\PSAPI.DLL
0x00007ffb97290000 - 0x00007ffb97299000 	C:\WINDOWS\SYSTEM32\WSOCK32.dll
0x00007ffba5d80000 - 0x00007ffba5deb000 	C:\WINDOWS\system32\WS2_32.dll
0x00007ffba1ae0000 - 0x00007ffba1b03000 	C:\WINDOWS\SYSTEM32\WINMM.dll
0x00007ffba1a80000 - 0x00007ffba1aac000 	C:\WINDOWS\SYSTEM32\WINMMBASE.dll
0x00000000633b0000 - 0x00000000633bf000 	C:\Program Files\Java\jdk1.8.0_92\jre\bin\verify.dll
0x0000000063380000 - 0x00000000633a9000 	C:\Program Files\Java\jdk1.8.0_92\jre\bin\java.dll
0x00000000626c0000 - 0x00000000626d6000 	C:\Program Files\Java\jdk1.8.0_92\jre\bin\zip.dll
0x00007ffba4820000 - 0x00007ffba5d7c000 	C:\WINDOWS\system32\SHELL32.dll
0x0000000008aa0000 - 0x00000000090e5000 	C:\WINDOWS\system32\windows.storage.dll
0x00007ffba3930000 - 0x00007ffba393f000 	C:\WINDOWS\system32\kernel.appcore.dll
0x00007ffba44a0000 - 0x00007ffba4555000 	C:\WINDOWS\system32\shcore.dll
0x00007ffba38b0000 - 0x00007ffba38fb000 	C:\WINDOWS\system32\powrprof.dll
0x00007ffba3900000 - 0x00007ffba3914000 	C:\WINDOWS\system32\profapi.dll

VM Arguments:
jvm_args: -Djava.awt.headless=true -Xmx1024M -Dfile.encoding=windows-1252 -Duser.country=US -Duser.language=en -Duser.variant 
java_command: com.android.dx.command.Main --dex --force-jumbo --multi-dex --output C:\Users\kikkos\AndroidStudioProjects\Udacity\Sunshine\app\build\intermediates\transforms\dex\debug\folders\1000\10\com.android.support-appcompat-v7-23.4.0_d8755b5c59a836c358c95117feb65e0d91caedaf C:\Users\kikkos\AndroidStudioProjects\Udacity\Sunshine\app\build\intermediates\exploded-aar\com.android.support\appcompat-v7\23.4.0\jars\classes.jar
java_class_path (initial): C:\Users\kikkos\AppData\Local\Android\sdk\build-tools\22.0.1\lib\dx.jar
Launcher Type: SUN_STANDARD

Environment Variables:
JAVA_HOME=C:\Program Files\Java\jdk1.8.0_92
PATH=C:\Program Files (x86)\Intel\iCLS Client\;C:\Program Files\Intel\iCLS Client\;C:\ProgramData\Oracle\Java\javapath;C:\Program Files\ImageMagick-6.8.9-Q16;C:\WINDOWS\system32;C:\WINDOWS;C:\WINDOWS\System32\Wbem;C:\Program Files\Lenovo\Bluetooth Software\;C:\Program Files\Lenovo\Bluetooth Software\syswow64;C:\Program Files\Intel\WiFi\bin\;C:\Program Files\Common Files\Intel\WirelessCommon\;C:\Program Files\Microsoft\Web Platform Installer\;C:\WINDOWS\System32\WindowsPowerShell\v1.0\;C:\Program Files\Microsoft SQL Server\110\Tools\Binn\;C:\Program Files\Sublime Text 2;C:\Program Files (x86)\Heroku\bin;C:\Program Files\Intel\Intel(R) Management Engine Components\DAL;C:\Program Files\Intel\Intel(R) Management Engine Components\IPT;C:\Program Files (x86)\Intel\Intel(R) Management Engine Components\DAL;C:\Program Files (x86)\Intel\Intel(R) Management Engine Components\IPT;C:\Program Files (x86)\NVIDIA Corporation\PhysX\Common;C:\WINDOWS\system32;C:\WINDOWS;C:\WINDOWS\System32\Wbem;C:\WINDOWS\System32\WindowsPowerShell\v1.0\;C:\Program Files (x86)\Skype\Phone\;C:\Ruby23-x64\bin;C:\Program Files (x86)\MySQL\MySQL Fabric 1.5 & MySQL Utilities 1.5\;C:\Program Files (x86)\MySQL\MySQL Fabric 1.5 & MySQL Utilities 1.5\Doctrine extensions for PHP\;C:\Program Files\MySQL\MySQL Server 5.7\bin;C:\RailsInstaller\Ruby2.2.0\bin;C:\Users\kikkos\AppData\Local\GitHub\PortableGit_d76a6a98c9315931ec4927243517bc09e9b731a0\cmd;C:\Ruby22-x64\bin;C:\Program Files (x86)\Heroku\ruby-1.9.3\bin;C:\Program Files\Intel\WiFi\bin\;C:\Program Files\Common Files\Intel\WirelessCommon\;C:\Program Files\MongoDB\Server\3.2\bin;C:\sqlite
USERNAME=kikkos
OS=Windows_NT
PROCESSOR_IDENTIFIER=Intel64 Family 6 Model 42 Stepping 7, GenuineIntel



---------------  S Y S T E M  ---------------

OS: Windows 10.0 , 64 bit Build 10586 (10.0.10586.0)

CPU:total 8 (4 cores per cpu, 2 threads per core) family 6 model 42 stepping 7, cmov, cx8, fxsr, mmx, sse, sse2, sse3, ssse3, sse4.1, sse4.2, popcnt, avx, aes, clmul, ht, tsc, tscinvbit

Memory: 4k page, physical 8300684k(2006768k free), swap 8505484k(5136k free)

vm_info: Java HotSpot(TM) 64-Bit Server VM (25.92-b14) for windows-amd64 JRE (1.8.0_92-b14), built on Mar 31 2016 21:03:04 by "java_re" with MS VC++ 10.0 (VS2010)

time: Thu Sep 08 10:08:23 2016
elapsed time: 7 seconds (0d 0h 0m 7s)

