#
# There is insufficient memory for the Java Runtime Environment to continue.
# Native memory allocation (malloc) failed to allocate 32784 bytes for Chunk::new
# Possible reasons:
#   The system is out of physical RAM or swap space
#   In 32 bit mode, the process size limit was hit
# Possible solutions:
#   Reduce memory load on the system
#   Increase physical memory or swap space
#   Check if swap backing store is full
#   Use 64 bit Java on a 64 bit OS
#   Decrease Java heap size (-Xmx/-Xms)
#   Decrease number of Java threads
#   Decrease Java thread stack sizes (-Xss)
#   Set larger code cache with -XX:ReservedCodeCacheSize=
# This output file may be truncated or incomplete.
#
#  Out of Memory Error (allocation.cpp:390), pid=9008, tid=0x0000000000000088
#
# JRE version: Java(TM) SE Runtime Environment (8.0_92-b14) (build 1.8.0_92-b14)
# Java VM: Java HotSpot(TM) 64-Bit Server VM (25.92-b14 mixed mode windows-amd64 compressed oops)
# Failed to write core dump. Minidumps are not enabled by default on client versions of Windows
#

---------------  T H R E A D  ---------------

Current thread (0x00000000166d2000):  JavaThread "C2 CompilerThread2" daemon [_thread_in_native, id=136, stack(0x0000000017bb0000,0x0000000017cb0000)]

Stack: [0x0000000017bb0000,0x0000000017cb0000]
[error occurred during error reporting (printing stack bounds), id 0xc0000005]

Native frames: (J=compiled Java code, j=interpreted, Vv=VM code, C=native code)


Current CompileTask:
C2:   5717 1244       4       com.android.dx.rop.code.Rops::ropFor (771 bytes)


---------------  P R O C E S S  ---------------

Java Threads: ( => current thread )
  0x000000001672e000 JavaThread "Service Thread" daemon [_thread_blocked, id=1148, stack(0x0000000017db0000,0x0000000017eb0000)]
  0x00000000166d6000 JavaThread "C1 CompilerThread3" daemon [_thread_blocked, id=16104, stack(0x0000000017cb0000,0x0000000017db0000)]
=>0x00000000166d2000 JavaThread "C2 CompilerThread2" daemon [_thread_in_native, id=136, stack(0x0000000017bb0000,0x0000000017cb0000)]
  0x00000000166c8800 JavaThread "C2 CompilerThread1" daemon [_thread_in_native, id=15700, stack(0x0000000017ab0000,0x0000000017bb0000)]
  0x00000000166c2800 JavaThread "C2 CompilerThread0" daemon [_thread_in_native, id=2968, stack(0x00000000179b0000,0x0000000017ab0000)]
  0x00000000166c1800 JavaThread "Attach Listener" daemon [_thread_blocked, id=12764, stack(0x00000000178b0000,0x00000000179b0000)]
  0x00000000166c0800 JavaThread "Signal Dispatcher" daemon [_thread_blocked, id=10092, stack(0x00000000177b0000,0x00000000178b0000)]
  0x0000000016671000 JavaThread "Finalizer" daemon [_thread_blocked, id=4068, stack(0x00000000175c0000,0x00000000176c0000)]
  0x0000000016646000 JavaThread "Reference Handler" daemon [_thread_blocked, id=16308, stack(0x00000000174c0000,0x00000000175c0000)]
  0x00000000026c7800 JavaThread "main" [_thread_in_Java, id=11096, stack(0x00000000025c0000,0x00000000026c0000)]

Other Threads:
  0x00000000152e2800 VMThread [stack: 0x00000000173c0000,0x00000000174c0000] [id=2752]
  0x000000001675b800 WatcherThread [stack: 0x0000000017eb0000,0x0000000017fb0000] [id=6512]

VM state:not at safepoint (normal execution)

VM Mutex/Monitor currently owned by a thread: None

Heap:
 PSYoungGen      total 38400K, used 18044K [0x00000000eab00000, 0x00000000ed580000, 0x0000000100000000)
  eden space 33280K, 38% used [0x00000000eab00000,0x00000000eb7a01b8,0x00000000ecb80000)
  from space 5120K, 99% used [0x00000000ecb80000,0x00000000ed07f200,0x00000000ed080000)
  to   space 5120K, 0% used [0x00000000ed080000,0x00000000ed080000,0x00000000ed580000)
 ParOldGen       total 87552K, used 2010K [0x00000000c0000000, 0x00000000c5580000, 0x00000000eab00000)
  object space 87552K, 2% used [0x00000000c0000000,0x00000000c01f6ba0,0x00000000c5580000)
 Metaspace       used 5405K, capacity 6768K, committed 7040K, reserved 1056768K
  class space    used 546K, capacity 616K, committed 640K, reserved 1048576K

Card table byte_map: [0x0000000011b80000,0x0000000011d90000] byte_map_base: 0x0000000011580000

Marking Bits: (ParMarkBitMap*) 0x00000000542364f0
 Begin Bits: [0x00000000126f0000, 0x00000000136f0000)
 End Bits:   [0x00000000136f0000, 0x00000000146f0000)

Polling page: 0x0000000000670000

CodeCache: size=245760Kb used=5402Kb max_used=5402Kb free=240357Kb
 bounds [0x00000000027c0000, 0x0000000002d20000, 0x00000000117c0000]
 total_blobs=1513 nmethods=1255 adapters=171
 compilation: enabled

Compilation events (10 events):
Event: 5.676 Thread 0x00000000166d6000 nmethod 1253 0x0000000002c9d590 code [0x0000000002c9d6e0, 0x0000000002c9d810]
Event: 5.676 Thread 0x00000000166d6000 1251       1       com.android.dx.cf.code.ByteOps::opInfo (6 bytes)
Event: 5.677 Thread 0x00000000166d6000 nmethod 1251 0x0000000002cb3750 code [0x0000000002cb38a0, 0x0000000002cb39b0]
Event: 5.677 Thread 0x00000000166d6000 1252       1       com.android.dx.rop.cst.CstString::getType (4 bytes)
Event: 5.677 Thread 0x00000000166d6000 nmethod 1252 0x0000000002c9b850 code [0x0000000002c9b9a0, 0x0000000002c9bab0]
Event: 5.677 Thread 0x00000000166d6000 1250       3       com.android.dx.cf.code.ByteCatchList::get (9 bytes)
Event: 5.677 Thread 0x00000000166d6000 nmethod 1250 0x0000000002cd56d0 code [0x0000000002cd5840, 0x0000000002cd5b28]
Event: 5.677 Thread 0x00000000166d6000 1254       1       com.android.dx.cf.code.Ropper$ExceptionHandlerSetup::getLabel (5 bytes)
Event: 5.677 Thread 0x00000000166d6000 nmethod 1254 0x0000000002cd1190 code [0x0000000002cd12e0, 0x0000000002cd13f0]
Event: 5.714 Thread 0x00000000166c2800 1258       4       com.android.dx.ssa.SsaMethod::indexListFromLabelList (47 bytes)

GC Heap History (2 events):
Event: 4.882 GC heap before
{Heap before GC invocations=1 (full 0):
 PSYoungGen      total 38400K, used 33280K [0x00000000eab00000, 0x00000000ed580000, 0x0000000100000000)
  eden space 33280K, 100% used [0x00000000eab00000,0x00000000ecb80000,0x00000000ecb80000)
  from space 5120K, 0% used [0x00000000ed080000,0x00000000ed080000,0x00000000ed580000)
  to   space 5120K, 0% used [0x00000000ecb80000,0x00000000ecb80000,0x00000000ed080000)
 ParOldGen       total 87552K, used 0K [0x00000000c0000000, 0x00000000c5580000, 0x00000000eab00000)
  object space 87552K, 0% used [0x00000000c0000000,0x00000000c0000000,0x00000000c5580000)
 Metaspace       used 5275K, capacity 6672K, committed 6784K, reserved 1056768K
  class space    used 532K, capacity 584K, committed 640K, reserved 1048576K
Event: 5.048 GC heap after
Heap after GC invocations=1 (full 0):
 PSYoungGen      total 38400K, used 5116K [0x00000000eab00000, 0x00000000ed580000, 0x0000000100000000)
  eden space 33280K, 0% used [0x00000000eab00000,0x00000000eab00000,0x00000000ecb80000)
  from space 5120K, 99% used [0x00000000ecb80000,0x00000000ed07f200,0x00000000ed080000)
  to   space 5120K, 0% used [0x00000000ed080000,0x00000000ed080000,0x00000000ed580000)
 ParOldGen       total 87552K, used 2010K [0x00000000c0000000, 0x00000000c5580000, 0x00000000eab00000)
  object space 87552K, 2% used [0x00000000c0000000,0x00000000c01f6ba0,0x00000000c5580000)
 Metaspace       used 5275K, capacity 6672K, committed 6784K, reserved 1056768K
  class space    used 532K, capacity 584K, committed 640K, reserved 1048576K
}

Deoptimization events (10 events):
Event: 5.152 Thread 0x00000000026c7800 Uncommon trap: reason=class_check action=maybe_recompile pc=0x0000000002ad5814 method=java.util.Collections$UnmodifiableCollection$1.hasNext()Z @ 4
Event: 5.152 Thread 0x00000000026c7800 Uncommon trap: reason=class_check action=maybe_recompile pc=0x0000000002ad5814 method=java.util.Collections$UnmodifiableCollection$1.hasNext()Z @ 4
Event: 5.161 Thread 0x00000000026c7800 Uncommon trap: reason=bimorphic action=maybe_recompile pc=0x0000000002c67f08 method=com.android.dx.rop.code.InsnList.contentEquals(Lcom/android/dx/rop/code/InsnList;)Z @ 38
Event: 5.166 Thread 0x00000000026c7800 Uncommon trap: reason=class_check action=maybe_recompile pc=0x0000000002bacb94 method=java.util.Collections$UnmodifiableCollection$1.<init>(Ljava/util/Collections$UnmodifiableCollection;)V @ 17
Event: 5.166 Thread 0x00000000026c7800 Uncommon trap: reason=class_check action=maybe_recompile pc=0x0000000002ba9dd4 method=java.util.Collections$UnmodifiableCollection$1.next()Ljava/lang/Object; @ 4
Event: 5.166 Thread 0x00000000026c7800 Uncommon trap: reason=class_check action=maybe_recompile pc=0x0000000002bacb94 method=java.util.Collections$UnmodifiableCollection$1.<init>(Ljava/util/Collections$UnmodifiableCollection;)V @ 17
Event: 5.166 Thread 0x00000000026c7800 Uncommon trap: reason=class_check action=maybe_recompile pc=0x0000000002ba9dd4 method=java.util.Collections$UnmodifiableCollection$1.next()Ljava/lang/Object; @ 4
Event: 5.540 Thread 0x00000000026c7800 Uncommon trap: reason=unstable_if action=reinterpret pc=0x0000000002bf83c0 method=java.lang.String.<init>([CII)V @ 18
Event: 5.541 Thread 0x00000000026c7800 Uncommon trap: reason=unloaded action=reinterpret pc=0x0000000002c953dc method=com.android.dx.cf.cst.ConstantPoolParser.parse0(ILjava/util/BitSet;)Lcom/android/dx/rop/cst/Constant; @ 198
Event: 5.655 Thread 0x00000000026c7800 Uncommon trap: reason=unstable_if action=reinterpret pc=0x0000000002bbcfb4 method=com.android.dx.cf.code.BasicBlocker.addWorkIfNecessary(IZ)V @ 8

Internal exceptions (5 events):
Event: 0.053 Thread 0x00000000026c7800 Exception <a 'java/lang/NoSuchMethodError': Method sun.misc.Unsafe.defineClass(Ljava/lang/String;[BII)Ljava/lang/Class; name or signature does not match> (0x00000000eab07cc0) thrown at [D:\re\workspace\8-2-build-windows-amd64-cygwin\jdk8u92\6642\hotspot\sr"–Íb+´?
Event: 0.053 Thread 0x00000000026c7800 Exception <a 'java/lang/NoSuchMethodError': Method sun.misc.Unsafe.prefetchRead(Ljava/lang/Object;J)V name or signature does not match> (0x00000000eab07fa8) thrown at [D:\re\workspace\8-2-build-windows-amd64-cygwin\jdk8u92\6642\hotspot\src\share\vm\prims\jIÊÅ∑mÙ?
Event: 1.277 Thread 0x00000000026c7800 Implicit null exception at 0x0000000002a9a2a2 to 0x0000000002a9a3a1
Event: 3.229 Thread 0x00000000026c7800 Implicit null exception at 0x0000000002b0e242 to 0x0000000002b0f2a5
Event: 3.229 Thread 0x00000000026c7800 Implicit null exception at 0x0000000002b08051 to 0x0000000002b08e55

Events (10 events):
Event: 5.540 Thread 0x00000000026c7800 DEOPT PACKING pc=0x0000000002bf83c0 sp=0x00000000026be2f0
Event: 5.540 Thread 0x00000000026c7800 DEOPT UNPACKING pc=0x000000000280582a sp=0x00000000026be220 mode 2
Event: 5.541 Thread 0x00000000026c7800 Uncommon trap: trap_request=0x000000d0 fr.pc=0x0000000002c953dc
Event: 5.541 Thread 0x00000000026c7800 DEOPT PACKING pc=0x0000000002c953dc sp=0x00000000026be3e0
Event: 5.541 Thread 0x00000000026c7800 DEOPT UNPACKING pc=0x000000000280582a sp=0x00000000026be388 mode 2
Event: 5.544 loading class com/android/dx/cf/attrib/AttLocalVariableTypeTable
Event: 5.544 loading class com/android/dx/cf/attrib/AttLocalVariableTypeTable done
Event: 5.655 Thread 0x00000000026c7800 Uncommon trap: trap_request=0xffffff65 fr.pc=0x0000000002bbcfb4
Event: 5.655 Thread 0x00000000026c7800 DEOPT PACKING pc=0x0000000002bbcfb4 sp=0x00000000026be220
Event: 5.655 Thread 0x00000000026c7800 DEOPT UNPACKING pc=0x000000000280582a sp=0x00000000026be070 mode 2


Dynamic libraries:
0x00007ff7ba670000 - 0x00007ff7ba6a7000 	C:\Program Files\Java\jdk1.8.0_92\bin\java.exe
0x00007ffb03ca0000 - 0x00007ffb03e71000 	C:\WINDOWS\SYSTEM32\ntdll.dll
0x00007ffb01210000 - 0x00007ffb012bb000 	C:\WINDOWS\System32\KERNEL32.DLL
0x00007ffb00ef0000 - 0x00007ffb0110d000 	C:\WINDOWS\System32\KERNELBASE.dll
0x00007ffafe630000 - 0x00007ffafe6aa000 	C:\WINDOWS\system32\apphelp.dll
0x00007ffac47e0000 - 0x00007ffac4c62000 	C:\WINDOWS\AppPatch\AppPatch64\AcLayers.DLL
0x00007ffb01300000 - 0x00007ffb0139e000 	C:\WINDOWS\System32\msvcrt.dll
0x00007ffb01690000 - 0x00007ffb017f5000 	C:\WINDOWS\System32\USER32.dll
0x00007ffb00d00000 - 0x00007ffb00d1e000 	C:\WINDOWS\System32\win32u.dll
0x00007ffb012c0000 - 0x00007ffb012f4000 	C:\WINDOWS\System32\GDI32.dll
0x00007ffb00b70000 - 0x00007ffb00cf2000 	C:\WINDOWS\System32\gdi32full.dll
0x00007ffb01db0000 - 0x00007ffb01e02000 	C:\WINDOWS\System32\SHLWAPI.dll
0x00007ffb03320000 - 0x00007ffb035e7000 	C:\WINDOWS\System32\combase.dll
0x00007ffb01110000 - 0x00007ffb01205000 	C:\WINDOWS\System32\ucrtbase.dll
0x00007ffb013a0000 - 0x00007ffb014c1000 	C:\WINDOWS\System32\RPCRT4.dll
0x00007ffb00e80000 - 0x00007ffb00eea000 	C:\WINDOWS\System32\bcryptPrimitives.dll
0x0000000000110000 - 0x0000000000113000 	C:\WINDOWS\SYSTEM32\sfc.dll
0x00007ffaf9dc0000 - 0x00007ffaf9e45000 	C:\WINDOWS\SYSTEM32\WINSPOOL.DRV
0x00007ffb00020000 - 0x00007ffb0004b000 	C:\WINDOWS\SYSTEM32\bcrypt.dll
0x00007ffaee500000 - 0x00007ffaee511000 	C:\WINDOWS\SYSTEM32\sfc_os.DLL
0x00007ffaf6030000 - 0x00007ffaf6041000 	C:\WINDOWS\SYSTEM32\SortWindows61.dll
0x00007ffb015b0000 - 0x00007ffb015de000 	C:\WINDOWS\System32\IMM32.DLL
0x00007ffb015e0000 - 0x00007ffb01682000 	C:\WINDOWS\System32\ADVAPI32.dll
0x00007ffb01800000 - 0x00007ffb01859000 	C:\WINDOWS\System32\sechost.dll
0x00007ffafa2b0000 - 0x00007ffafa529000 	C:\WINDOWS\WinSxS\amd64_microsoft.windows.common-controls_6595b64144ccf1df_6.0.14393.0_none_2d0f50fcbdb171b8\COMCTL32.dll
0x0000000053590000 - 0x0000000053662000 	C:\Program Files\Java\jdk1.8.0_92\jre\bin\msvcr100.dll
0x0000000053a20000 - 0x00000000542b6000 	C:\Program Files\Java\jdk1.8.0_92\jre\bin\server\jvm.dll
0x00007ffb014d0000 - 0x00007ffb014d8000 	C:\WINDOWS\System32\PSAPI.DLL
0x00007ffafdf10000 - 0x00007ffafdf33000 	C:\WINDOWS\SYSTEM32\WINMM.dll
0x00007ffaf2060000 - 0x00007ffaf2069000 	C:\WINDOWS\SYSTEM32\WSOCK32.dll
0x00007ffb01540000 - 0x00007ffb015aa000 	C:\WINDOWS\System32\WS2_32.dll
0x00007ffafdeb0000 - 0x00007ffafdedb000 	C:\WINDOWS\SYSTEM32\WINMMBASE.dll
0x00007ffb00d20000 - 0x00007ffb00d62000 	C:\WINDOWS\System32\cfgmgr32.dll
0x00007ffafce00000 - 0x00007ffafce0a000 	C:\WINDOWS\SYSTEM32\VERSION.dll
0x0000000054bc0000 - 0x0000000054bcf000 	C:\Program Files\Java\jdk1.8.0_92\jre\bin\verify.dll
0x00000000539f0000 - 0x0000000053a19000 	C:\Program Files\Java\jdk1.8.0_92\jre\bin\java.dll
0x00000000539d0000 - 0x00000000539e6000 	C:\Program Files\Java\jdk1.8.0_92\jre\bin\zip.dll
0x00007ffb01e10000 - 0x00007ffb03318000 	C:\WINDOWS\System32\SHELL32.dll
0x00007ffb00170000 - 0x00007ffb0084a000 	C:\WINDOWS\System32\windows.storage.dll
0x00007ffb00120000 - 0x00007ffb0016c000 	C:\WINDOWS\System32\powrprof.dll
0x00007ffb000e0000 - 0x00007ffb000ef000 	C:\WINDOWS\System32\kernel.appcore.dll
0x00007ffb00ac0000 - 0x00007ffb00b69000 	C:\WINDOWS\System32\shcore.dll
0x00007ffb00100000 - 0x00007ffb00114000 	C:\WINDOWS\System32\profapi.dll

VM Arguments:
jvm_args: -Djava.awt.headless=true -Xmx1024M -Dfile.encoding=windows-1252 -Duser.country=US -Duser.language=en -Duser.variant 
java_command: com.android.dx.command.Main --dex --force-jumbo --multi-dex --output C:\Users\kikkos\AndroidStudioProjects\Udacity\Sunshine\app\build\intermediates\transforms\dex\debug\folders\1000\5\slice_3 C:\Users\kikkos\AndroidStudioProjects\Udacity\Sunshine\app\build\intermediates\transforms\instantRunSlicer\debug\folders\1\5\slice_3
java_class_path (initial): C:\Users\kikkos\AppData\Local\Android\sdk\build-tools\22.0.1\lib\dx.jar
Launcher Type: SUN_STANDARD

Environment Variables:
JAVA_HOME=C:\Program Files\Java\jdk1.8.0_92
PATH=C:\Program Files (x86)\Intel\iCLS Client\;C:\Program Files\Intel\iCLS Client\;C:\ProgramData\Oracle\Java\javapath;C:\Program Files\ImageMagick-6.8.9-Q16;C:\WINDOWS\system32;C:\WINDOWS;C:\WINDOWS\System32\Wbem;C:\Program Files\Lenovo\Bluetooth Software\;C:\Program Files\Lenovo\Bluetooth Software\syswow64;C:\Program Files\Intel\WiFi\bin\;C:\Program Files\Common Files\Intel\WirelessCommon\;C:\Program Files\Microsoft\Web Platform Installer\;C:\WINDOWS\System32\WindowsPowerShell\v1.0\;C:\Program Files\Microsoft SQL Server\110\Tools\Binn\;C:\Program Files\Sublime Text 2;C:\Program Files (x86)\Heroku\bin;C:\Program Files\Intel\Intel(R) Management Engine Components\DAL;C:\Program Files\Intel\Intel(R) Management Engine Components\IPT;C:\Program Files (x86)\Intel\Intel(R) Management Engine Components\DAL;C:\Program Files (x86)\Intel\Intel(R) Management Engine Components\IPT;C:\Program Files (x86)\NVIDIA Corporation\PhysX\Common;C:\WINDOWS\system32;C:\WINDOWS;C:\WINDOWS\System32\Wbem;C:\WINDOWS\System32\WindowsPowerShell\v1.0\;C:\Program Files (x86)\Skype\Phone\;C:\Ruby23-x64\bin;C:\Program Files (x86)\MySQL\MySQL Fabric 1.5 & MySQL Utilities 1.5\;C:\Program Files (x86)\MySQL\MySQL Fabric 1.5 & MySQL Utilities 1.5\Doctrine extensions for PHP\;C:\Program Files\MySQL\MySQL Server 5.7\bin;C:\RailsInstaller\Ruby2.2.0\bin;C:\Users\kikkos\AppData\Local\GitHub\PortableGit_d76a6a98c9315931ec4927243517bc09e9b731a0\cmd;C:\Ruby22-x64\bin;C:\Program Files (x86)\Heroku\ruby-1.9.3\bin;C:\Program Files\Intel\WiFi\bin\;C:\Program Files\Common Files\Intel\WirelessCommon\;C:\Program Files\MongoDB\Server\3.2\bin;C:\sqlite;%USERPROFILE%\AppData\Local\Microsoft\WindowsApps;
USERNAME=kikkos
OS=Windows_NT
PROCESSOR_IDENTIFIER=Intel64 Family 6 Model 42 Stepping 7, GenuineIntel



---------------  S Y S T E M  ---------------

OS: Windows 10.0 , 64 bit Build 14393 (10.0.14393.0)

CPU:total 8 (4 cores per cpu, 2 threads per core) family 6 model 42 stepping 7, cmov, cx8, fxsr, mmx, sse, sse2, sse3, ssse3, sse4.1, sse4.2, popcnt, avx, aes, clmul, ht, tsc, tscinvbit

Memory: 4k page, physical 8300684k(1828360k free), swap 8505484k(1176k free)

vm_info: Java HotSpot(TM) 64-Bit Server VM (25.92-b14) for windows-amd64 JRE (1.8.0_92-b14), built on Mar 31 2016 21:03:04 by "java_re" with MS VC++ 10.0 (VS2010)

time: Thu Oct 20 01:50:44 2016
elapsed time: 5 seconds (0d 0h 0m 5s)

