#
# There is insufficient memory for the Java Runtime Environment to continue.
# Native memory allocation (malloc) failed to allocate 400656 bytes for Chunk::new
# Possible reasons:
#   The system is out of physical RAM or swap space
#   In 32 bit mode, the process size limit was hit
# Possible solutions:
#   Reduce memory load on the system
#   Increase physical memory or swap space
#   Check if swap backing store is full
#   Use 64 bit Java on a 64 bit OS
#   Decrease Java heap size (-Xmx/-Xms)
#   Decrease number of Java threads
#   Decrease Java thread stack sizes (-Xss)
#   Set larger code cache with -XX:ReservedCodeCacheSize=
# This output file may be truncated or incomplete.
#
#  Out of Memory Error (allocation.cpp:390), pid=11720, tid=0x0000000000002e6c
#
# JRE version: Java(TM) SE Runtime Environment (8.0_92-b14) (build 1.8.0_92-b14)
# Java VM: Java HotSpot(TM) 64-Bit Server VM (25.92-b14 mixed mode windows-amd64 compressed oops)
# Failed to write core dump. Minidumps are not enabled by default on client versions of Windows
#

---------------  T H R E A D  ---------------

Current thread (0x000000000740c800):  JavaThread "C2 CompilerThread1" daemon [_thread_in_native, id=11884, stack(0x00000000087d0000,0x00000000088d0000)]

Stack: [0x00000000087d0000,0x00000000088d0000]
[error occurred during error reporting (printing stack bounds), id 0xc0000005]

Native frames: (J=compiled Java code, j=interpreted, Vv=VM code, C=native code)


Current CompileTask:
C2:   1269 1198       4       com.android.dx.ssa.SsaMethod::deleteInsns (239 bytes)


---------------  P R O C E S S  ---------------

Java Threads: ( => current thread )
  0x00000000074bd800 JavaThread "Service Thread" daemon [_thread_blocked, id=10440, stack(0x0000000008ad0000,0x0000000008bd0000)]
  0x000000000741d000 JavaThread "C1 CompilerThread3" daemon [_thread_blocked, id=4824, stack(0x00000000089d0000,0x0000000008ad0000)]
  0x0000000007411800 JavaThread "C2 CompilerThread2" daemon [_thread_in_native, id=14720, stack(0x00000000088d0000,0x00000000089d0000)]
=>0x000000000740c800 JavaThread "C2 CompilerThread1" daemon [_thread_in_native, id=11884, stack(0x00000000087d0000,0x00000000088d0000)]
  0x0000000007402800 JavaThread "C2 CompilerThread0" daemon [_thread_in_native, id=15304, stack(0x00000000086d0000,0x00000000087d0000)]
  0x0000000007401000 JavaThread "Attach Listener" daemon [_thread_blocked, id=12780, stack(0x00000000085d0000,0x00000000086d0000)]
  0x0000000007400800 JavaThread "Signal Dispatcher" daemon [_thread_blocked, id=11284, stack(0x00000000084d0000,0x00000000085d0000)]
  0x00000000073b8000 JavaThread "Finalizer" daemon [_thread_blocked, id=10772, stack(0x00000000082f0000,0x00000000083f0000)]
  0x0000000007386000 JavaThread "Reference Handler" daemon [_thread_blocked, id=13024, stack(0x00000000081f0000,0x00000000082f0000)]
  0x0000000002367800 JavaThread "main" [_thread_in_Java, id=11612, stack(0x00000000007f0000,0x00000000008f0000)]

Other Threads:
  0x0000000006012800 VMThread [stack: 0x00000000080f0000,0x00000000081f0000] [id=10780]
  0x000000000749a800 WatcherThread [stack: 0x0000000008bd0000,0x0000000008cd0000] [id=13728]

VM state:not at safepoint (normal execution)

VM Mutex/Monitor currently owned by a thread: None

Heap:
 PSYoungGen      total 38400K, used 13425K [0x00000000eab00000, 0x00000000ed580000, 0x0000000100000000)
  eden space 33280K, 25% used [0x00000000eab00000,0x00000000eb320328,0x00000000ecb80000)
  from space 5120K, 99% used [0x00000000ecb80000,0x00000000ed07c468,0x00000000ed080000)
  to   space 5120K, 0% used [0x00000000ed080000,0x00000000ed080000,0x00000000ed580000)
 ParOldGen       total 87552K, used 513K [0x00000000c0000000, 0x00000000c5580000, 0x00000000eab00000)
  object space 87552K, 0% used [0x00000000c0000000,0x00000000c00806c0,0x00000000c5580000)
 Metaspace       used 5602K, capacity 6832K, committed 7040K, reserved 1056768K
  class space    used 558K, capacity 616K, committed 640K, reserved 1048576K

Card table byte_map: [0x00000000028b0000,0x0000000002ac0000] byte_map_base: 0x00000000022b0000

Marking Bits: (ParMarkBitMap*) 0x00000000561c64f0
 Begin Bits: [0x0000000003420000, 0x0000000004420000)
 End Bits:   [0x0000000004420000, 0x0000000005420000)

Polling page: 0x0000000000730000

CodeCache: size=245760Kb used=4788Kb max_used=4801Kb free=240971Kb
 bounds [0x000000000f010000, 0x000000000f4d0000, 0x000000001e010000]
 total_blobs=1455 nmethods=1190 adapters=178
 compilation: enabled

Compilation events (10 events):
Event: 1.195 Thread 0x0000000007402800 nmethod 1153 0x000000000f4c2f90 code [0x000000000f4c3340, 0x000000000f4c4908]
Event: 1.195 Thread 0x0000000007402800 1158       4       java.util.Arrays::hashCode (56 bytes)
Event: 1.200 Thread 0x0000000007402800 nmethod 1158 0x000000000f4b3550 code [0x000000000f4b36a0, 0x000000000f4b38f8]
Event: 1.200 Thread 0x0000000007402800 1195       4       com.android.dx.util.BitIntSet$1::next (42 bytes)
Event: 1.204 Thread 0x0000000007402800 nmethod 1195 0x000000000f4b30d0 code [0x000000000f4b3220, 0x000000000f4b33f8]
Event: 1.204 Thread 0x0000000007402800 1197       4       com.android.dx.ssa.SCCP::simulatePhiBlock (50 bytes)
Event: 1.210 Thread 0x000000000740c800 nmethod 1179% 0x000000000f4b4910 code [0x000000000f4b4aa0, 0x000000000f4b5538]
Event: 1.210 Thread 0x000000000740c800 1198       4       com.android.dx.ssa.SsaMethod::deleteInsns (239 bytes)
Event: 1.250 Thread 0x000000000741d000 1202       3       com.android.dx.rop.cst.CstInteger::getValue (5 bytes)
Event: 1.251 Thread 0x000000000741d000 nmethod 1202 0x000000000f4b4510 code [0x000000000f4b4660, 0x000000000f4b4850]

GC Heap History (2 events):
Event: 1.118 GC heap before
{Heap before GC invocations=1 (full 0):
 PSYoungGen      total 38400K, used 33280K [0x00000000eab00000, 0x00000000ed580000, 0x0000000100000000)
  eden space 33280K, 100% used [0x00000000eab00000,0x00000000ecb80000,0x00000000ecb80000)
  from space 5120K, 0% used [0x00000000ed080000,0x00000000ed080000,0x00000000ed580000)
  to   space 5120K, 0% used [0x00000000ecb80000,0x00000000ecb80000,0x00000000ed080000)
 ParOldGen       total 87552K, used 0K [0x00000000c0000000, 0x00000000c5580000, 0x00000000eab00000)
  object space 87552K, 0% used [0x00000000c0000000,0x00000000c0000000,0x00000000c5580000)
 Metaspace       used 5585K, capacity 6832K, committed 7040K, reserved 1056768K
  class space    used 557K, capacity 616K, committed 640K, reserved 1048576K
Event: 1.126 GC heap after
Heap after GC invocations=1 (full 0):
 PSYoungGen      total 38400K, used 5105K [0x00000000eab00000, 0x00000000ed580000, 0x0000000100000000)
  eden space 33280K, 0% used [0x00000000eab00000,0x00000000eab00000,0x00000000ecb80000)
  from space 5120K, 99% used [0x00000000ecb80000,0x00000000ed07c468,0x00000000ed080000)
  to   space 5120K, 0% used [0x00000000ed080000,0x00000000ed080000,0x00000000ed580000)
 ParOldGen       total 87552K, used 513K [0x00000000c0000000, 0x00000000c5580000, 0x00000000eab00000)
  object space 87552K, 0% used [0x00000000c0000000,0x00000000c00806c0,0x00000000c5580000)
 Metaspace       used 5585K, capacity 6832K, committed 7040K, reserved 1056768K
  class space    used 557K, capacity 616K, committed 640K, reserved 1048576K
}

Deoptimization events (10 events):
Event: 1.013 Thread 0x0000000002367800 Uncommon trap: reason=bimorphic action=maybe_recompile pc=0x000000000f4175e0 method=com.android.dx.cf.code.Merger.mergeType(Lcom/android/dx/rop/type/TypeBearer;Lcom/android/dx/rop/type/TypeBearer;)Lcom/android/dx/rop/type/TypeBearer; @ 21
Event: 1.082 Thread 0x0000000002367800 Uncommon trap: reason=bimorphic action=maybe_recompile pc=0x000000000f4175e0 method=com.android.dx.cf.code.Merger.mergeType(Lcom/android/dx/rop/type/TypeBearer;Lcom/android/dx/rop/type/TypeBearer;)Lcom/android/dx/rop/type/TypeBearer; @ 21
Event: 1.084 Thread 0x0000000002367800 Uncommon trap: reason=bimorphic action=maybe_recompile pc=0x000000000f4175e0 method=com.android.dx.cf.code.Merger.mergeType(Lcom/android/dx/rop/type/TypeBearer;Lcom/android/dx/rop/type/TypeBearer;)Lcom/android/dx/rop/type/TypeBearer; @ 21
Event: 1.111 Thread 0x0000000002367800 Uncommon trap: reason=bimorphic action=maybe_recompile pc=0x000000000f4175e0 method=com.android.dx.cf.code.Merger.mergeType(Lcom/android/dx/rop/type/TypeBearer;Lcom/android/dx/rop/type/TypeBearer;)Lcom/android/dx/rop/type/TypeBearer; @ 21
Event: 1.139 Thread 0x0000000002367800 Uncommon trap: reason=bimorphic action=maybe_recompile pc=0x000000000f40a340 method=com.android.dx.ssa.SCCP.setLatticeValueTo(IILcom/android/dx/rop/cst/Constant;)Z @ 43
Event: 1.148 Thread 0x0000000002367800 Uncommon trap: reason=bimorphic action=maybe_recompile pc=0x000000000f40a340 method=com.android.dx.ssa.SCCP.setLatticeValueTo(IILcom/android/dx/rop/cst/Constant;)Z @ 43
Event: 1.149 Thread 0x0000000002367800 Uncommon trap: reason=bimorphic action=maybe_recompile pc=0x000000000f2696bc method=java.util.HashMap.getNode(ILjava/lang/Object;)Ljava/util/HashMap$Node; @ 126
Event: 1.149 Thread 0x0000000002367800 Uncommon trap: reason=class_check action=maybe_recompile pc=0x000000000f33f850 method=java.util.HashMap.putVal(ILjava/lang/Object;Ljava/lang/Object;ZZ)Ljava/lang/Object; @ 203
Event: 1.160 Thread 0x0000000002367800 Uncommon trap: reason=bimorphic action=maybe_recompile pc=0x000000000f40a340 method=com.android.dx.ssa.SCCP.setLatticeValueTo(IILcom/android/dx/rop/cst/Constant;)Z @ 43
Event: 1.160 Thread 0x0000000002367800 Uncommon trap: reason=bimorphic action=maybe_recompile pc=0x000000000f40a340 method=com.android.dx.ssa.SCCP.setLatticeValueTo(IILcom/android/dx/rop/cst/Constant;)Z @ 43

Internal exceptions (2 events):
Event: 0.044 Thread 0x0000000002367800 Exception <a 'java/lang/NoSuchMethodError': Method sun.misc.Unsafe.defineClass(Ljava/lang/String;[BII)Ljava/lang/Class; name or signature does not match> (0x00000000eab07cc0) thrown at [D:\re\workspace\8-2-build-windows-amd64-cygwin\jdk8u92\6642\hotspot\srZH4±*Á¦?
Event: 0.044 Thread 0x0000000002367800 Exception <a 'java/lang/NoSuchMethodError': Method sun.misc.Unsafe.prefetchRead(Ljava/lang/Object;J)V name or signature does not match> (0x00000000eab07fa8) thrown at [D:\re\workspace\8-2-build-windows-amd64-cygwin\jdk8u92\6642\hotspot\src\share\vm\prims\j

Events (10 events):
Event: 1.172 Thread 0x0000000002367800 DEOPT PACKING pc=0x000000000f32787a sp=0x00000000008ee840
Event: 1.172 Thread 0x0000000002367800 DEOPT UNPACKING pc=0x000000000f05787f sp=0x00000000008ee5a8 mode 0
Event: 1.205 Thread 0x0000000002367800 DEOPT PACKING pc=0x000000000f3450ed sp=0x00000000008ee900
Event: 1.205 Thread 0x0000000002367800 DEOPT UNPACKING pc=0x000000000f05787f sp=0x00000000008ee6e0 mode 0
Event: 1.251 Thread 0x0000000002367800 DEOPT PACKING pc=0x000000000f3450ed sp=0x00000000008ee8e0
Event: 1.251 Thread 0x0000000002367800 DEOPT UNPACKING pc=0x000000000f05787f sp=0x00000000008ee6d0 mode 0
Event: 1.260 Thread 0x0000000002367800 DEOPT PACKING pc=0x000000000f349e2b sp=0x00000000008ee7c0
Event: 1.260 Thread 0x0000000002367800 DEOPT UNPACKING pc=0x000000000f05787f sp=0x00000000008ee588 mode 0
Event: 1.261 Thread 0x0000000002367800 DEOPT PACKING pc=0x000000000f3450ed sp=0x00000000008ee880
Event: 1.261 Thread 0x0000000002367800 DEOPT UNPACKING pc=0x000000000f05787f sp=0x00000000008ee660 mode 0


Dynamic libraries:
0x00007ff667870000 - 0x00007ff6678a7000 	C:\Program Files\Java\jdk1.8.0_92\bin\java.exe
0x00007ffa65e20000 - 0x00007ffa65fe1000 	C:\WINDOWS\SYSTEM32\ntdll.dll
0x00007ffa659e0000 - 0x00007ffa65a8d000 	C:\WINDOWS\system32\KERNEL32.DLL
0x00007ffa625b0000 - 0x00007ffa62798000 	C:\WINDOWS\system32\KERNELBASE.dll
0x0000000056250000 - 0x0000000056301000 	C:\Program Files\Bitdefender\Bitdefender 2016\Active Virus Control\Avc3_00362_035\avcuf64.dll
0x00007ffa60bc0000 - 0x00007ffa60c39000 	C:\WINDOWS\system32\apphelp.dll
0x00007ffa377a0000 - 0x00007ffa37c23000 	C:\WINDOWS\AppPatch\AppPatch64\AcLayers.DLL
0x00007ffa63ff0000 - 0x00007ffa6408d000 	C:\WINDOWS\system32\msvcrt.dll
0x00007ffa639d0000 - 0x00007ffa63b26000 	C:\WINDOWS\system32\USER32.dll
0x00007ffa637e0000 - 0x00007ffa63966000 	C:\WINDOWS\system32\GDI32.dll
0x00007ffa63200000 - 0x00007ffa63252000 	C:\WINDOWS\system32\SHLWAPI.dll
0x00007ffa632c0000 - 0x00007ffa6353d000 	C:\WINDOWS\system32\combase.dll
0x00007ffa65ba0000 - 0x00007ffa65cbc000 	C:\WINDOWS\system32\RPCRT4.dll
0x00007ffa62a80000 - 0x00007ffa62aea000 	C:\WINDOWS\system32\bcryptPrimitives.dll
0x0000000000960000 - 0x0000000000963000 	C:\WINDOWS\SYSTEM32\sfc.dll
0x00007ffa5d790000 - 0x00007ffa5d814000 	C:\WINDOWS\SYSTEM32\WINSPOOL.DRV
0x00007ffa62020000 - 0x00007ffa62049000 	C:\WINDOWS\SYSTEM32\bcrypt.dll
0x00007ffa548e0000 - 0x00007ffa548f1000 	C:\WINDOWS\SYSTEM32\sfc_os.DLL
0x00007ffa49cd0000 - 0x00007ffa49ce1000 	C:\WINDOWS\SYSTEM32\SortWindows61.dll
0x00007ffa657e0000 - 0x00007ffa6581b000 	C:\WINDOWS\system32\IMM32.DLL
0x00007ffa61680000 - 0x00007ffa616b1000 	C:\Windows\system32\nvinitx.dll
0x00007ffa63540000 - 0x00007ffa635e7000 	C:\WINDOWS\system32\ADVAPI32.dll
0x00007ffa63b60000 - 0x00007ffa63bbb000 	C:\WINDOWS\system32\sechost.dll
0x00007ffa61670000 - 0x00007ffa6167a000 	C:\WINDOWS\SYSTEM32\VERSION.dll
0x000000000f000000 - 0x000000000f006000 	C:\Program Files\NVIDIA Corporation\CoProcManager\_etoured.dll
0x00007ffa5eea0000 - 0x00007ffa5eed3000 	C:\Program Files\NVIDIA Corporation\CoProcManager\nvd3d9wrapx.dll
0x00007ffa63bc0000 - 0x00007ffa63fe9000 	C:\WINDOWS\system32\SETUPAPI.dll
0x00007ffa62560000 - 0x00007ffa625a3000 	C:\WINDOWS\system32\CFGMGR32.dll
0x00007ffa5ee70000 - 0x00007ffa5ee92000 	C:\Program Files\NVIDIA Corporation\CoProcManager\nvdxgiwrapx.dll
0x00007ffa5dbb0000 - 0x00007ffa5de24000 	C:\WINDOWS\WinSxS\amd64_microsoft.windows.common-controls_6595b64144ccf1df_6.0.10586.0_none_8c15ae12515e1c22\COMCTL32.dll
0x0000000055520000 - 0x00000000555f2000 	C:\Program Files\Java\jdk1.8.0_92\jre\bin\msvcr100.dll
0x00000000559b0000 - 0x0000000056246000 	C:\Program Files\Java\jdk1.8.0_92\jre\bin\server\jvm.dll
0x00007ffa63b50000 - 0x00007ffa63b58000 	C:\WINDOWS\system32\PSAPI.DLL
0x00007ffa54bd0000 - 0x00007ffa54bd9000 	C:\WINDOWS\SYSTEM32\WSOCK32.dll
0x00007ffa65600000 - 0x00007ffa6566b000 	C:\WINDOWS\system32\WS2_32.dll
0x00007ffa60620000 - 0x00007ffa60643000 	C:\WINDOWS\SYSTEM32\WINMM.dll
0x00007ffa605f0000 - 0x00007ffa6061c000 	C:\WINDOWS\SYSTEM32\WINMMBASE.dll
0x00000000559a0000 - 0x00000000559af000 	C:\Program Files\Java\jdk1.8.0_92\jre\bin\verify.dll
0x0000000055970000 - 0x0000000055999000 	C:\Program Files\Java\jdk1.8.0_92\jre\bin\java.dll
0x0000000055950000 - 0x0000000055966000 	C:\Program Files\Java\jdk1.8.0_92\jre\bin\zip.dll
0x00007ffa64090000 - 0x00007ffa655ec000 	C:\WINDOWS\system32\SHELL32.dll
0x00007ffa62bb0000 - 0x00007ffa631f4000 	C:\WINDOWS\system32\windows.storage.dll
0x00007ffa62430000 - 0x00007ffa6243f000 	C:\WINDOWS\system32\kernel.appcore.dll
0x00007ffa62af0000 - 0x00007ffa62ba5000 	C:\WINDOWS\system32\shcore.dll
0x00007ffa62440000 - 0x00007ffa6248b000 	C:\WINDOWS\system32\powrprof.dll
0x00007ffa62490000 - 0x00007ffa624a4000 	C:\WINDOWS\system32\profapi.dll

VM Arguments:
jvm_args: -Djava.awt.headless=true -Xmx1024M -Dfile.encoding=windows-1252 -Duser.country=US -Duser.language=en -Duser.variant 
java_command: com.android.dx.command.Main --dex --force-jumbo --multi-dex --output C:\Users\kikkos\AndroidStudioProjects\Udacity\Sunshine\app\build\intermediates\transforms\dex\debug\folders\1000\10\instant-run_95160d16d45cfa57923a8eb4ee2fbb044c471ec9 C:\Users\kikkos\AndroidStudioProjects\Udacity\Sunshine\app\build\intermediates\incremental-runtime-classes\debug\instant-run.jar
java_class_path (initial): C:\Users\kikkos\AppData\Local\Android\sdk\build-tools\22.0.1\lib\dx.jar
Launcher Type: SUN_STANDARD

Environment Variables:
JAVA_HOME=C:\Program Files\Java\jdk1.8.0_92
PATH=C:\Program Files (x86)\Intel\iCLS Client\;C:\Program Files\Intel\iCLS Client\;C:\ProgramData\Oracle\Java\javapath;C:\Program Files\ImageMagick-6.8.9-Q16;C:\WINDOWS\system32;C:\WINDOWS;C:\WINDOWS\System32\Wbem;C:\Program Files\Lenovo\Bluetooth Software\;C:\Program Files\Lenovo\Bluetooth Software\syswow64;C:\Program Files\Intel\WiFi\bin\;C:\Program Files\Common Files\Intel\WirelessCommon\;C:\Program Files\Microsoft\Web Platform Installer\;C:\WINDOWS\System32\WindowsPowerShell\v1.0\;C:\Program Files\Microsoft SQL Server\110\Tools\Binn\;C:\Program Files\Sublime Text 2;C:\Program Files (x86)\Heroku\bin;C:\Program Files\Intel\Intel(R) Management Engine Components\DAL;C:\Program Files\Intel\Intel(R) Management Engine Components\IPT;C:\Program Files (x86)\Intel\Intel(R) Management Engine Components\DAL;C:\Program Files (x86)\Intel\Intel(R) Management Engine Components\IPT;C:\Program Files (x86)\NVIDIA Corporation\PhysX\Common;C:\WINDOWS\system32;C:\WINDOWS;C:\WINDOWS\System32\Wbem;C:\WINDOWS\System32\WindowsPowerShell\v1.0\;C:\Program Files (x86)\Skype\Phone\;C:\Ruby23-x64\bin;C:\Program Files (x86)\MySQL\MySQL Fabric 1.5 & MySQL Utilities 1.5\;C:\Program Files (x86)\MySQL\MySQL Fabric 1.5 & MySQL Utilities 1.5\Doctrine extensions for PHP\;C:\Program Files\MySQL\MySQL Server 5.7\bin;C:\RailsInstaller\Ruby2.2.0\bin;C:\Users\kikkos\AppData\Local\GitHub\PortableGit_d76a6a98c9315931ec4927243517bc09e9b731a0\cmd;C:\Ruby22-x64\bin;C:\Program Files (x86)\Heroku\ruby-1.9.3\bin;C:\Program Files\Intel\WiFi\bin\;C:\Program Files\Common Files\Intel\WirelessCommon\
USERNAME=kikkos
OS=Windows_NT
PROCESSOR_IDENTIFIER=Intel64 Family 6 Model 42 Stepping 7, GenuineIntel



---------------  S Y S T E M  ---------------

OS: Windows 10.0 , 64 bit Build 10586 (10.0.10586.0)

CPU:total 8 (4 cores per cpu, 2 threads per core) family 6 model 42 stepping 7, cmov, cx8, fxsr, mmx, sse, sse2, sse3, ssse3, sse4.1, sse4.2, popcnt, avx, aes, clmul, ht, tsc, tscinvbit

Memory: 4k page, physical 8300684k(2192008k free), swap 8505484k(5324k free)

vm_info: Java HotSpot(TM) 64-Bit Server VM (25.92-b14) for windows-amd64 JRE (1.8.0_92-b14), built on Mar 31 2016 21:03:04 by "java_re" with MS VC++ 10.0 (VS2010)

time: Wed Jun 15 23:50:50 2016
elapsed time: 1 seconds (0d 0h 0m 1s)

