#
# There is insufficient memory for the Java Runtime Environment to continue.
# Native memory allocation (malloc) failed to allocate 441616 bytes for Chunk::new
# Possible reasons:
#   The system is out of physical RAM or swap space
#   In 32 bit mode, the process size limit was hit
# Possible solutions:
#   Reduce memory load on the system
#   Increase physical memory or swap space
#   Check if swap backing store is full
#   Use 64 bit Java on a 64 bit OS
#   Decrease Java heap size (-Xmx/-Xms)
#   Decrease number of Java threads
#   Decrease Java thread stack sizes (-Xss)
#   Set larger code cache with -XX:ReservedCodeCacheSize=
# This output file may be truncated or incomplete.
#
#  Out of Memory Error (allocation.cpp:390), pid=5680, tid=0x00000000000031bc
#
# JRE version: Java(TM) SE Runtime Environment (8.0_92-b14) (build 1.8.0_92-b14)
# Java VM: Java HotSpot(TM) 64-Bit Server VM (25.92-b14 mixed mode windows-amd64 compressed oops)
# Failed to write core dump. Minidumps are not enabled by default on client versions of Windows
#

---------------  T H R E A D  ---------------

Current thread (0x00000000171e3000):  JavaThread "C2 CompilerThread2" daemon [_thread_in_native, id=12732, stack(0x0000000018670000,0x0000000018770000)]

Stack: [0x0000000018670000,0x0000000018770000]
[error occurred during error reporting (printing stack bounds), id 0xc0000005]

Native frames: (J=compiled Java code, j=interpreted, Vv=VM code, C=native code)


Current CompileTask:
C2:   8922 2210 %     4       com.android.dx.dex.code.DalvInsnList::getOutsSize @ 9 (105 bytes)


---------------  P R O C E S S  ---------------

Java Threads: ( => current thread )
  0x0000000017203000 JavaThread "Service Thread" daemon [_thread_blocked, id=6512, stack(0x0000000018870000,0x0000000018970000)]
  0x00000000171e7000 JavaThread "C1 CompilerThread3" daemon [_thread_blocked, id=11780, stack(0x0000000018770000,0x0000000018870000)]
=>0x00000000171e3000 JavaThread "C2 CompilerThread2" daemon [_thread_in_native, id=12732, stack(0x0000000018670000,0x0000000018770000)]
  0x00000000171de000 JavaThread "C2 CompilerThread1" daemon [_thread_blocked, id=11464, stack(0x0000000018570000,0x0000000018670000)]
  0x000000001718a000 JavaThread "C2 CompilerThread0" daemon [_thread_in_native, id=10828, stack(0x0000000018470000,0x0000000018570000)]
  0x0000000017184800 JavaThread "Attach Listener" daemon [_thread_blocked, id=4840, stack(0x0000000018370000,0x0000000018470000)]
  0x0000000017184000 JavaThread "Signal Dispatcher" daemon [_thread_blocked, id=13100, stack(0x0000000018270000,0x0000000018370000)]
  0x0000000017130800 JavaThread "Finalizer" daemon [_thread_blocked, id=6508, stack(0x0000000018080000,0x0000000018180000)]
  0x0000000015d9e000 JavaThread "Reference Handler" daemon [_thread_blocked, id=2500, stack(0x0000000017f80000,0x0000000018080000)]
  0x0000000003177800 JavaThread "main" [_thread_in_native, id=5900, stack(0x0000000003070000,0x0000000003170000)]

Other Threads:
  0x0000000015d92000 VMThread [stack: 0x0000000017e80000,0x0000000017f80000] [id=10744]
  0x000000001720a800 WatcherThread [stack: 0x0000000018970000,0x0000000018a70000] [id=10004]

VM state:not at safepoint (normal execution)

VM Mutex/Monitor currently owned by a thread:  ([mutex/lock_event])
[0x0000000003173820] SystemDictionary_lock - owner thread: 0x0000000000000000

Heap:
 PSYoungGen      total 71680K, used 18673K [0x00000000eab00000, 0x00000000f3700000, 0x0000000100000000)
  eden space 66560K, 20% used [0x00000000eab00000,0x00000000eb83ec20,0x00000000eec00000)
  from space 5120K, 99% used [0x00000000eec00000,0x00000000ef0fd868,0x00000000ef100000)
  to   space 5120K, 0% used [0x00000000f3200000,0x00000000f3200000,0x00000000f3700000)
 ParOldGen       total 87552K, used 18046K [0x00000000c0000000, 0x00000000c5580000, 0x00000000eab00000)
  object space 87552K, 20% used [0x00000000c0000000,0x00000000c119fb00,0x00000000c5580000)
 Metaspace       used 6380K, capacity 7408K, committed 7552K, reserved 1056768K
  class space    used 586K, capacity 616K, committed 640K, reserved 1048576K

Card table byte_map: [0x0000000012630000,0x0000000012840000] byte_map_base: 0x0000000012030000

Marking Bits: (ParMarkBitMap*) 0x0000000067f864f0
 Begin Bits: [0x00000000131a0000, 0x00000000141a0000)
 End Bits:   [0x00000000141a0000, 0x00000000151a0000)

Polling page: 0x0000000001420000

CodeCache: size=245760Kb used=10183Kb max_used=10199Kb free=235576Kb
 bounds [0x0000000003270000, 0x0000000003c70000, 0x0000000012270000]
 total_blobs=2490 nmethods=2226 adapters=177
 compilation: enabled

Compilation events (10 events):
Event: 8.906 Thread 0x00000000171de000 2219       4       com.android.dx.dex.file.OffsettedItem::getAbsoluteOffset (29 bytes)
Event: 8.907 Thread 0x00000000171de000 nmethod 2219 0x0000000003c63550 code [0x0000000003c63680, 0x0000000003c63738]
Event: 8.907 Thread 0x00000000171de000 2194       4       com.android.dx.dex.code.FixedSizeInsn::writeTo (13 bytes)
Event: 8.908 Thread 0x00000000171de000 nmethod 2194 0x0000000003c61d90 code [0x0000000003c61ee0, 0x0000000003c61f78]
Event: 8.908 Thread 0x00000000171de000 2198       4       com.android.dx.dex.code.InsnFormat::opcodeUnit (54 bytes)
Event: 8.909 Thread 0x00000000171de000 nmethod 2198 0x0000000003c61a90 code [0x0000000003c61bc0, 0x0000000003c61c78]
Event: 8.909 Thread 0x00000000171de000 2206       4       com.android.dx.dex.code.CstInsn::getIndex (42 bytes)
Event: 8.910 Thread 0x00000000171de000 nmethod 2206 0x0000000003b6af90 code [0x0000000003b6b0c0, 0x0000000003b6b138]
Event: 8.910 Thread 0x00000000171de000 2214       4       com.android.dx.dex.code.InsnFormat::makeByte (42 bytes)
Event: 8.911 Thread 0x00000000171de000 nmethod 2214 0x0000000003bb3f90 code [0x0000000003bb40c0, 0x0000000003bb4158]

GC Heap History (6 events):
Event: 3.900 GC heap before
{Heap before GC invocations=1 (full 0):
 PSYoungGen      total 38400K, used 33280K [0x00000000eab00000, 0x00000000ed580000, 0x0000000100000000)
  eden space 33280K, 100% used [0x00000000eab00000,0x00000000ecb80000,0x00000000ecb80000)
  from space 5120K, 0% used [0x00000000ed080000,0x00000000ed080000,0x00000000ed580000)
  to   space 5120K, 0% used [0x00000000ecb80000,0x00000000ecb80000,0x00000000ed080000)
 ParOldGen       total 87552K, used 0K [0x00000000c0000000, 0x00000000c5580000, 0x00000000eab00000)
  object space 87552K, 0% used [0x00000000c0000000,0x00000000c0000000,0x00000000c5580000)
 Metaspace       used 5773K, capacity 6960K, committed 7040K, reserved 1056768K
  class space    used 563K, capacity 616K, committed 640K, reserved 1048576K
Event: 4.030 GC heap after
Heap after GC invocations=1 (full 0):
 PSYoungGen      total 38400K, used 5095K [0x00000000eab00000, 0x00000000ef600000, 0x0000000100000000)
  eden space 33280K, 0% used [0x00000000eab00000,0x00000000eab00000,0x00000000ecb80000)
  from space 5120K, 99% used [0x00000000ecb80000,0x00000000ed079c78,0x00000000ed080000)
  to   space 5120K, 0% used [0x00000000ef100000,0x00000000ef100000,0x00000000ef600000)
 ParOldGen       total 87552K, used 1767K [0x00000000c0000000, 0x00000000c5580000, 0x00000000eab00000)
  object space 87552K, 2% used [0x00000000c0000000,0x00000000c01b9da0,0x00000000c5580000)
 Metaspace       used 5773K, capacity 6960K, committed 7040K, reserved 1056768K
  class space    used 563K, capacity 616K, committed 640K, reserved 1048576K
}
Event: 6.381 GC heap before
{Heap before GC invocations=2 (full 0):
 PSYoungGen      total 38400K, used 38375K [0x00000000eab00000, 0x00000000ef600000, 0x0000000100000000)
  eden space 33280K, 100% used [0x00000000eab00000,0x00000000ecb80000,0x00000000ecb80000)
  from space 5120K, 99% used [0x00000000ecb80000,0x00000000ed079c78,0x00000000ed080000)
  to   space 5120K, 0% used [0x00000000ef100000,0x00000000ef100000,0x00000000ef600000)
 ParOldGen       total 87552K, used 1767K [0x00000000c0000000, 0x00000000c5580000, 0x00000000eab00000)
  object space 87552K, 2% used [0x00000000c0000000,0x00000000c01b9da0,0x00000000c5580000)
 Metaspace       used 5896K, capacity 7088K, committed 7296K, reserved 1056768K
  class space    used 564K, capacity 616K, committed 640K, reserved 1048576K
Event: 6.429 GC heap after
Heap after GC invocations=2 (full 0):
 PSYoungGen      total 71680K, used 5095K [0x00000000eab00000, 0x00000000ef600000, 0x0000000100000000)
  eden space 66560K, 0% used [0x00000000eab00000,0x00000000eab00000,0x00000000eec00000)
  from space 5120K, 99% used [0x00000000ef100000,0x00000000ef5f9c98,0x00000000ef600000)
  to   space 5120K, 0% used [0x00000000eec00000,0x00000000eec00000,0x00000000ef100000)
 ParOldGen       total 87552K, used 7055K [0x00000000c0000000, 0x00000000c5580000, 0x00000000eab00000)
  object space 87552K, 8% used [0x00000000c0000000,0x00000000c06e3f18,0x00000000c5580000)
 Metaspace       used 5896K, capacity 7088K, committed 7296K, reserved 1056768K
  class space    used 564K, capacity 616K, committed 640K, reserved 1048576K
}
Event: 8.187 GC heap before
{Heap before GC invocations=3 (full 0):
 PSYoungGen      total 71680K, used 71655K [0x00000000eab00000, 0x00000000ef600000, 0x0000000100000000)
  eden space 66560K, 100% used [0x00000000eab00000,0x00000000eec00000,0x00000000eec00000)
  from space 5120K, 99% used [0x00000000ef100000,0x00000000ef5f9c98,0x00000000ef600000)
  to   space 5120K, 0% used [0x00000000eec00000,0x00000000eec00000,0x00000000ef100000)
 ParOldGen       total 87552K, used 7055K [0x00000000c0000000, 0x00000000c5580000, 0x00000000eab00000)
  object space 87552K, 8% used [0x00000000c0000000,0x00000000c06e3f18,0x00000000c5580000)
 Metaspace       used 5943K, capacity 7088K, committed 7296K, reserved 1056768K
  class space    used 565K, capacity 616K, committed 640K, reserved 1048576K
Event: 8.212 GC heap after
Heap after GC invocations=3 (full 0):
 PSYoungGen      total 71680K, used 5110K [0x00000000eab00000, 0x00000000f3700000, 0x0000000100000000)
  eden space 66560K, 0% used [0x00000000eab00000,0x00000000eab00000,0x00000000eec00000)
  from space 5120K, 99% used [0x00000000eec00000,0x00000000ef0fd868,0x00000000ef100000)
  to   space 5120K, 0% used [0x00000000f3200000,0x00000000f3200000,0x00000000f3700000)
 ParOldGen       total 87552K, used 18046K [0x00000000c0000000, 0x00000000c5580000, 0x00000000eab00000)
  object space 87552K, 20% used [0x00000000c0000000,0x00000000c119fb00,0x00000000c5580000)
 Metaspace       used 5943K, capacity 7088K, committed 7296K, reserved 1056768K
  class space    used 565K, capacity 616K, committed 640K, reserved 1048576K
}

Deoptimization events (10 events):
Event: 8.292 Thread 0x0000000003177800 Uncommon trap: reason=bimorphic action=maybe_recompile pc=0x00000000036666b0 method=java.util.HashMap.getNode(ILjava/lang/Object;)Ljava/util/HashMap$Node; @ 126
Event: 8.295 Thread 0x0000000003177800 Uncommon trap: reason=bimorphic action=maybe_recompile pc=0x00000000036666b0 method=java.util.HashMap.getNode(ILjava/lang/Object;)Ljava/util/HashMap$Node; @ 126
Event: 8.295 Thread 0x0000000003177800 Uncommon trap: reason=bimorphic action=maybe_recompile pc=0x000000000365b3fc method=java.util.HashMap.getNode(ILjava/lang/Object;)Ljava/util/HashMap$Node; @ 126
Event: 8.328 Thread 0x0000000003177800 Uncommon trap: reason=class_check action=maybe_recompile pc=0x0000000003797aa8 method=java.util.HashMap.putVal(ILjava/lang/Object;Ljava/lang/Object;ZZ)Ljava/lang/Object; @ 203
Event: 8.329 Thread 0x0000000003177800 Uncommon trap: reason=class_check action=maybe_recompile pc=0x0000000003797aa8 method=java.util.HashMap.putVal(ILjava/lang/Object;Ljava/lang/Object;ZZ)Ljava/lang/Object; @ 203
Event: 8.329 Thread 0x0000000003177800 Uncommon trap: reason=class_check action=maybe_recompile pc=0x0000000003797aa8 method=java.util.HashMap.putVal(ILjava/lang/Object;Ljava/lang/Object;ZZ)Ljava/lang/Object; @ 203
Event: 8.332 Thread 0x0000000003177800 Uncommon trap: reason=class_check action=maybe_recompile pc=0x000000000374e750 method=java.util.HashMap.putVal(ILjava/lang/Object;Ljava/lang/Object;ZZ)Ljava/lang/Object; @ 203
Event: 8.488 Thread 0x0000000003177800 Uncommon trap: reason=unstable_if action=reinterpret pc=0x00000000038aafcc method=java.util.TreeMap.put(Ljava/lang/Object;Ljava/lang/Object;)Ljava/lang/Object; @ 163
Event: 8.823 Thread 0x0000000003177800 Uncommon trap: reason=unstable_if action=reinterpret pc=0x0000000003bf695c method=com.android.dx.util.ByteArrayAnnotatedOutput.writeUleb128(I)I @ 4
Event: 8.823 Thread 0x0000000003177800 Uncommon trap: reason=unstable_if action=reinterpret pc=0x0000000003be3848 method=com.android.dx.util.ByteArrayAnnotatedOutput.writeByte(I)V @ 13

Internal exceptions (2 events):
Event: 0.382 Thread 0x0000000003177800 Exception <a 'java/lang/NoSuchMethodError': Method sun.misc.Unsafe.defineClass(Ljava/lang/String;[BII)Ljava/lang/Class; name or signature does not match> (0x00000000eab07cc0) thrown at [D:\re\workspace\8-2-build-windows-amd64-cygwin\jdk8u92\6642\hotspot\sr⁄ëè]qÿ?
Event: 0.382 Thread 0x0000000003177800 Exception <a 'java/lang/NoSuchMethodError': Method sun.misc.Unsafe.prefetchRead(Ljava/lang/Object;J)V name or signature does not match> (0x00000000eab07fa8) thrown at [D:\re\workspace\8-2-build-windows-amd64-cygwin\jdk8u92\6642\hotspot\src\share\vm\prims\j

Events (10 events):
Event: 8.898 loading class com/android/dx/dex/file/AnnotationItem$1
Event: 8.898 loading class com/android/dx/dex/file/AnnotationItem$1 done
Event: 8.902 loading class java/security/MessageDigest
Event: 8.902 loading class java/security/MessageDigestSpi
Event: 8.903 loading class java/security/MessageDigestSpi done
Event: 8.903 loading class java/security/MessageDigest done
Event: 8.903 loading class java/security/Security
Event: 8.904 loading class java/security/Security done
Event: 8.905 loading class java/security/Security$1
Event: 8.905 loading class java/security/Security$1 done


Dynamic libraries:
0x00007ff730400000 - 0x00007ff730437000 	C:\Program Files\Java\jdk1.8.0_92\bin\java.exe
0x00007fffd1a50000 - 0x00007fffd1c21000 	C:\WINDOWS\SYSTEM32\ntdll.dll
0x00007fffcf1c0000 - 0x00007fffcf26b000 	C:\WINDOWS\System32\KERNEL32.DLL
0x00007fffceb70000 - 0x00007fffced8d000 	C:\WINDOWS\System32\KERNELBASE.dll
0x000000006a460000 - 0x000000006a50e000 	C:\Program Files\Bitdefender\Bitdefender 2017\Active Virus Control\Avc3_00108_010\avcuf64.dll
0x00007fffcc400000 - 0x00007fffcc47a000 	C:\WINDOWS\system32\apphelp.dll
0x00007fffbea30000 - 0x00007fffbeeb2000 	C:\WINDOWS\AppPatch\AppPatch64\AcLayers.DLL
0x00007fffd1570000 - 0x00007fffd160e000 	C:\WINDOWS\System32\msvcrt.dll
0x00007fffd18e0000 - 0x00007fffd1a45000 	C:\WINDOWS\System32\USER32.dll
0x00007fffcdf20000 - 0x00007fffcdf3e000 	C:\WINDOWS\System32\win32u.dll
0x00007fffcf0a0000 - 0x00007fffcf0d4000 	C:\WINDOWS\System32\GDI32.dll
0x00007fffcee30000 - 0x00007fffcefb2000 	C:\WINDOWS\System32\gdi32full.dll
0x00007fffcefc0000 - 0x00007fffcf012000 	C:\WINDOWS\System32\SHLWAPI.dll
0x00007fffd1610000 - 0x00007fffd18d8000 	C:\WINDOWS\System32\combase.dll
0x00007fffce8a0000 - 0x00007fffce995000 	C:\WINDOWS\System32\ucrtbase.dll
0x00007fffd1260000 - 0x00007fffd1381000 	C:\WINDOWS\System32\RPCRT4.dll
0x00007fffcdff0000 - 0x00007fffce05a000 	C:\WINDOWS\System32\bcryptPrimitives.dll
0x0000000000de0000 - 0x0000000000de3000 	C:\WINDOWS\SYSTEM32\sfc.dll
0x00007fffc12b0000 - 0x00007fffc1335000 	C:\WINDOWS\SYSTEM32\WINSPOOL.DRV
0x00007fffcda70000 - 0x00007fffcda9b000 	C:\WINDOWS\SYSTEM32\bcrypt.dll
0x00007fffaea50000 - 0x00007fffaea61000 	C:\WINDOWS\SYSTEM32\sfc_os.DLL
0x00007fffcac80000 - 0x00007fffcac91000 	C:\WINDOWS\SYSTEM32\SortWindows61.dll
0x00007fffcf180000 - 0x00007fffcf1ae000 	C:\WINDOWS\System32\IMM32.DLL
0x00007fffc9030000 - 0x00007fffc9060000 	C:\WINDOWS\system32\DriverStore\FileRepository\nvltwu.inf_amd64_0221ce4ec0827f74\nvinitx.dll
0x00007fffd0ba0000 - 0x00007fffd0c42000 	C:\WINDOWS\System32\ADVAPI32.dll
0x00007fffd0780000 - 0x00007fffd07d9000 	C:\WINDOWS\System32\sechost.dll
0x00007fffcd140000 - 0x00007fffcd14a000 	C:\WINDOWS\SYSTEM32\VERSION.dll
0x00007fffcf270000 - 0x00007fffd0779000 	C:\WINDOWS\System32\Shell32.dll
0x00007fffce850000 - 0x00007fffce892000 	C:\WINDOWS\System32\cfgmgr32.dll
0x00007fffce060000 - 0x00007fffce73a000 	C:\WINDOWS\System32\windows.storage.dll
0x00007fffcdeb0000 - 0x00007fffcdefc000 	C:\WINDOWS\System32\powrprof.dll
0x00007fffcdf00000 - 0x00007fffcdf0f000 	C:\WINDOWS\System32\kernel.appcore.dll
0x00007fffce740000 - 0x00007fffce7e9000 	C:\WINDOWS\System32\shcore.dll
0x00007fffcde90000 - 0x00007fffcdea4000 	C:\WINDOWS\System32\profapi.dll
0x0000000001120000 - 0x0000000001126000 	C:\Program Files\NVIDIA Corporation\CoProcManager\_etoured.dll
0x00007fffbd060000 - 0x00007fffbd09b000 	C:\Program Files\NVIDIA Corporation\CoProcManager\nvd3d9wrapx.dll
0x00007fffd0e30000 - 0x00007fffd1259000 	C:\WINDOWS\System32\SETUPAPI.dll
0x00007fffc43e0000 - 0x00007fffc4404000 	C:\Program Files\NVIDIA Corporation\CoProcManager\nvdxgiwrapx.dll
0x00007fffc24f0000 - 0x00007fffc2769000 	C:\WINDOWS\WinSxS\amd64_microsoft.windows.common-controls_6595b64144ccf1df_6.0.14393.447_none_42191651c6827bb3\COMCTL32.dll
0x0000000002eb0000 - 0x0000000002f82000 	C:\Program Files\Java\jdk1.8.0_92\jre\bin\msvcr100.dll
0x0000000067770000 - 0x0000000068006000 	C:\Program Files\Java\jdk1.8.0_92\jre\bin\server\jvm.dll
0x00007fffd1500000 - 0x00007fffd1508000 	C:\WINDOWS\System32\PSAPI.DLL
0x00007fffc1010000 - 0x00007fffc1019000 	C:\WINDOWS\SYSTEM32\WSOCK32.dll
0x00007fffd1390000 - 0x00007fffd13fa000 	C:\WINDOWS\System32\WS2_32.dll
0x00007fffcbce0000 - 0x00007fffcbd03000 	C:\WINDOWS\SYSTEM32\WINMM.dll
0x00007fffcbb40000 - 0x00007fffcbb6b000 	C:\WINDOWS\SYSTEM32\WINMMBASE.dll
0x000000006a780000 - 0x000000006a78f000 	C:\Program Files\Java\jdk1.8.0_92\jre\bin\verify.dll
0x000000006a750000 - 0x000000006a779000 	C:\Program Files\Java\jdk1.8.0_92\jre\bin\java.dll
0x000000006a730000 - 0x000000006a746000 	C:\Program Files\Java\jdk1.8.0_92\jre\bin\zip.dll

VM Arguments:
jvm_args: -Djava.awt.headless=true -Xmx1024M -Dfile.encoding=windows-1252 -Duser.country=US -Duser.language=en -Duser.variant 
java_command: com.android.dx.command.Main --dex --force-jumbo --multi-dex --output C:\Users\kikkos\AndroidStudioProjects\Udacity\Sunshine\app\build\intermediates\transforms\dex\debug\folders\1000\10\com.google.android.gms-play-services-base-9.6.1_084611a799684a82b256807479af80761b1cfda6 C:\Users\kikkos\AndroidStudioProjects\Udacity\Sunshine\app\build\intermediates\exploded-aar\com.google.android.gms\play-services-base\9.6.1\jars\classes.jar
java_class_path (initial): C:\Users\kikkos\AppData\Local\Android\sdk\build-tools\22.0.1\lib\dx.jar
Launcher Type: SUN_STANDARD

Environment Variables:
JAVA_HOME=C:\Program Files\Java\jdk1.8.0_92
PATH=C:\Program Files (x86)\Intel\iCLS Client\;C:\Program Files\Intel\iCLS Client\;C:\ProgramData\Oracle\Java\javapath;C:\Program Files\ImageMagick-6.8.9-Q16;C:\WINDOWS\system32;C:\WINDOWS;C:\WINDOWS\System32\Wbem;C:\Program Files\Lenovo\Bluetooth Software\;C:\Program Files\Lenovo\Bluetooth Software\syswow64;C:\Program Files\Intel\WiFi\bin\;C:\Program Files\Common Files\Intel\WirelessCommon\;C:\Program Files\Microsoft\Web Platform Installer\;C:\WINDOWS\System32\WindowsPowerShell\v1.0\;C:\Program Files\Microsoft SQL Server\110\Tools\Binn\;C:\Program Files\Sublime Text 2;C:\Program Files (x86)\Heroku\bin;C:\Program Files\Intel\Intel(R) Management Engine Components\DAL;C:\Program Files\Intel\Intel(R) Management Engine Components\IPT;C:\Program Files (x86)\Intel\Intel(R) Management Engine Components\DAL;C:\Program Files (x86)\Intel\Intel(R) Management Engine Components\IPT;C:\Program Files (x86)\NVIDIA Corporation\PhysX\Common;C:\WINDOWS\system32;C:\WINDOWS;C:\WINDOWS\System32\Wbem;C:\WINDOWS\System32\WindowsPowerShell\v1.0\;C:\Program Files (x86)\Skype\Phone\;C:\Ruby23-x64\bin;C:\Program Files (x86)\MySQL\MySQL Fabric 1.5 & MySQL Utilities 1.5\;C:\Program Files (x86)\MySQL\MySQL Fabric 1.5 & MySQL Utilities 1.5\Doctrine extensions for PHP\;C:\Program Files\MySQL\MySQL Server 5.7\bin;C:\RailsInstaller\Ruby2.2.0\bin;C:\Users\kikkos\AppData\Local\GitHub\PortableGit_d76a6a98c9315931ec4927243517bc09e9b731a0\cmd;C:\Users\kikkos\AppData\Local\Android\sdk\platform-tools;C:\cURL\bin;C:\Program Files\Intel\WiFi\bin\;C:\Program Files\Common Files\Intel\WirelessCommon\;C:\sqlite;C:\Users\kikkos\AppData\Local\Microsoft\WindowsApps;C:\Program Files\Java\jdk1.8.0_92\bin;C:\gradle-3.2.1\bin\
USERNAME=kikkos



---------------  S Y S T E M  ---------------

OS: Windows 10.0 , 64 bit Build 14393 (10.0.14393.0)

CPU:total 8 (4 cores per cpu, 2 threads per core) family 6 model 42 stepping 7, cmov, cx8, fxsr, mmx, sse, sse2, sse3, ssse3, sse4.1, sse4.2, popcnt, avx, aes, clmul, ht, tsc, tscinvbit

Memory: 4k page, physical 8300684k(2397916k free), swap 8505484k(4368k free)

vm_info: Java HotSpot(TM) 64-Bit Server VM (25.92-b14) for windows-amd64 JRE (1.8.0_92-b14), built on Mar 31 2016 21:03:04 by "java_re" with MS VC++ 10.0 (VS2010)

time: Fri Feb 10 21:18:42 2017
elapsed time: 8 seconds (0d 0h 0m 8s)

