#
# There is insufficient memory for the Java Runtime Environment to continue.
# Native memory allocation (malloc) failed to allocate 744336 bytes for Chunk::new
# Possible reasons:
#   The system is out of physical RAM or swap space
#   In 32 bit mode, the process size limit was hit
# Possible solutions:
#   Reduce memory load on the system
#   Increase physical memory or swap space
#   Check if swap backing store is full
#   Use 64 bit Java on a 64 bit OS
#   Decrease Java heap size (-Xmx/-Xms)
#   Decrease number of Java threads
#   Decrease Java thread stack sizes (-Xss)
#   Set larger code cache with -XX:ReservedCodeCacheSize=
# This output file may be truncated or incomplete.
#
#  Out of Memory Error (allocation.cpp:390), pid=3596, tid=0x00000000000016f4
#
# JRE version: Java(TM) SE Runtime Environment (8.0_92-b14) (build 1.8.0_92-b14)
# Java VM: Java HotSpot(TM) 64-Bit Server VM (25.92-b14 mixed mode windows-amd64 compressed oops)
# Failed to write core dump. Minidumps are not enabled by default on client versions of Windows
#

---------------  T H R E A D  ---------------

Current thread (0x0000000016c12800):  JavaThread "C2 CompilerThread0" daemon [_thread_in_native, id=5876, stack(0x0000000017ef0000,0x0000000017ff0000)]

Stack: [0x0000000017ef0000,0x0000000017ff0000]
[error occurred during error reporting (printing stack bounds), id 0xc0000005]

Native frames: (J=compiled Java code, j=interpreted, Vv=VM code, C=native code)


Current CompileTask:
C2:   7396 2199 %     4       com.android.dx.dex.code.LocalList::make @ 16 (102 bytes)


---------------  P R O C E S S  ---------------

Java Threads: ( => current thread )
  0x0000000016c80000 JavaThread "Service Thread" daemon [_thread_blocked, id=5004, stack(0x00000000182f0000,0x00000000183f0000)]
  0x0000000016c7c800 JavaThread "C1 CompilerThread3" daemon [_thread_in_native, id=15180, stack(0x00000000181f0000,0x00000000182f0000)]
  0x0000000016c70800 JavaThread "C2 CompilerThread2" daemon [_thread_blocked, id=9152, stack(0x00000000180f0000,0x00000000181f0000)]
  0x0000000016c18800 JavaThread "C2 CompilerThread1" daemon [_thread_in_native, id=2972, stack(0x0000000017ff0000,0x00000000180f0000)]
=>0x0000000016c12800 JavaThread "C2 CompilerThread0" daemon [_thread_in_native, id=5876, stack(0x0000000017ef0000,0x0000000017ff0000)]
  0x0000000016c11800 JavaThread "Attach Listener" daemon [_thread_blocked, id=8876, stack(0x0000000017df0000,0x0000000017ef0000)]
  0x0000000016c10800 JavaThread "Signal Dispatcher" daemon [_thread_blocked, id=11772, stack(0x0000000017cf0000,0x0000000017df0000)]
  0x0000000016bc8000 JavaThread "Finalizer" daemon [_thread_blocked, id=13940, stack(0x0000000017b00000,0x0000000017c00000)]
  0x0000000016b96000 JavaThread "Reference Handler" daemon [_thread_blocked, id=15284, stack(0x0000000017a00000,0x0000000017b00000)]
  0x0000000002c07800 JavaThread "main" [_thread_in_Java, id=8692, stack(0x0000000002b00000,0x0000000002c00000)]

Other Threads:
  0x0000000015822800 VMThread [stack: 0x0000000017900000,0x0000000017a00000] [id=10052]
  0x0000000016c86000 WatcherThread [stack: 0x00000000183f0000,0x00000000184f0000] [id=15440]

VM state:not at safepoint (normal execution)

VM Mutex/Monitor currently owned by a thread: None

Heap:
 PSYoungGen      total 71680K, used 70507K [0x00000000eab00000, 0x00000000ef600000, 0x0000000100000000)
  eden space 66560K, 98% used [0x00000000eab00000,0x00000000eeadd870,0x00000000eec00000)
  from space 5120K, 99% used [0x00000000ef100000,0x00000000ef5fd6d0,0x00000000ef600000)
  to   space 5120K, 0% used [0x00000000eec00000,0x00000000eec00000,0x00000000ef100000)
 ParOldGen       total 87552K, used 15421K [0x00000000c0000000, 0x00000000c5580000, 0x00000000eab00000)
  object space 87552K, 17% used [0x00000000c0000000,0x00000000c0f0f730,0x00000000c5580000)
 Metaspace       used 6460K, capacity 7472K, committed 7552K, reserved 1056768K
  class space    used 607K, capacity 616K, committed 640K, reserved 1048576K

Card table byte_map: [0x00000000120c0000,0x00000000122d0000] byte_map_base: 0x0000000011ac0000

Marking Bits: (ParMarkBitMap*) 0x00000000542364f0
 Begin Bits: [0x0000000012c30000, 0x0000000013c30000)
 End Bits:   [0x0000000013c30000, 0x0000000014c30000)

Polling page: 0x00000000028d0000

CodeCache: size=245760Kb used=10941Kb max_used=10950Kb free=234818Kb
 bounds [0x0000000002d00000, 0x00000000037c0000, 0x0000000011d00000]
 total_blobs=2581 nmethods=2314 adapters=179
 compilation: enabled

Compilation events (10 events):
Event: 7.390 Thread 0x0000000016c7c800 2333       3       com.android.dx.rop.cst.CstType::getDescriptor (30 bytes)
Event: 7.391 Thread 0x0000000016c7c800 nmethod 2333 0x00000000037a8010 code [0x00000000037a8180, 0x00000000037a8468]
Event: 7.391 Thread 0x0000000016c7c800 2334       3       com.android.dx.dex.file.TypeIdItem::writeTo (107 bytes)
Event: 7.392 Thread 0x0000000016c18800 2338       4       com.android.dx.dex.file.StringIdsSection::indexOf (49 bytes)
Event: 7.392 Thread 0x0000000016c70800 2339       4       com.android.dx.util.ByteArrayAnnotatedOutput::writeInt (90 bytes)
Event: 7.393 Thread 0x0000000016c7c800 nmethod 2334 0x00000000037b8010 code [0x00000000037b83c0, 0x00000000037ba4a8]
Event: 7.393 Thread 0x0000000016c7c800 2336       3       com.android.dx.dex.file.FieldIdItem::getFieldRef (8 bytes)
Event: 7.393 Thread 0x0000000016c7c800 nmethod 2336 0x00000000037a7b50 code [0x00000000037a7cc0, 0x00000000037a7f90]
Event: 7.393 Thread 0x0000000016c7c800 2337       3       com.android.dx.util.ByteArrayAnnotatedOutput::writeShort (64 bytes)
Event: 7.393 Thread 0x0000000016c70800 nmethod 2339 0x00000000037a7710 code [0x00000000037a7860, 0x00000000037a79d8]

GC Heap History (8 events):
Event: 2.236 GC heap before
{Heap before GC invocations=1 (full 0):
 PSYoungGen      total 38400K, used 33280K [0x00000000eab00000, 0x00000000ed580000, 0x0000000100000000)
  eden space 33280K, 100% used [0x00000000eab00000,0x00000000ecb80000,0x00000000ecb80000)
  from space 5120K, 0% used [0x00000000ed080000,0x00000000ed080000,0x00000000ed580000)
  to   space 5120K, 0% used [0x00000000ecb80000,0x00000000ecb80000,0x00000000ed080000)
 ParOldGen       total 87552K, used 0K [0x00000000c0000000, 0x00000000c5580000, 0x00000000eab00000)
  object space 87552K, 0% used [0x00000000c0000000,0x00000000c0000000,0x00000000c5580000)
 Metaspace       used 5797K, capacity 7024K, committed 7296K, reserved 1056768K
  class space    used 566K, capacity 616K, committed 640K, reserved 1048576K
Event: 2.257 GC heap after
Heap after GC invocations=1 (full 0):
 PSYoungGen      total 38400K, used 5101K [0x00000000eab00000, 0x00000000ed580000, 0x0000000100000000)
  eden space 33280K, 0% used [0x00000000eab00000,0x00000000eab00000,0x00000000ecb80000)
  from space 5120K, 99% used [0x00000000ecb80000,0x00000000ed07b750,0x00000000ed080000)
  to   space 5120K, 0% used [0x00000000ed080000,0x00000000ed080000,0x00000000ed580000)
 ParOldGen       total 87552K, used 2158K [0x00000000c0000000, 0x00000000c5580000, 0x00000000eab00000)
  object space 87552K, 2% used [0x00000000c0000000,0x00000000c021b8a8,0x00000000c5580000)
 Metaspace       used 5797K, capacity 7024K, committed 7296K, reserved 1056768K
  class space    used 566K, capacity 616K, committed 640K, reserved 1048576K
}
Event: 3.223 GC heap before
{Heap before GC invocations=2 (full 0):
 PSYoungGen      total 38400K, used 38381K [0x00000000eab00000, 0x00000000ed580000, 0x0000000100000000)
  eden space 33280K, 100% used [0x00000000eab00000,0x00000000ecb80000,0x00000000ecb80000)
  from space 5120K, 99% used [0x00000000ecb80000,0x00000000ed07b750,0x00000000ed080000)
  to   space 5120K, 0% used [0x00000000ed080000,0x00000000ed080000,0x00000000ed580000)
 ParOldGen       total 87552K, used 2158K [0x00000000c0000000, 0x00000000c5580000, 0x00000000eab00000)
  object space 87552K, 2% used [0x00000000c0000000,0x00000000c021b8a8,0x00000000c5580000)
 Metaspace       used 5851K, capacity 7024K, committed 7296K, reserved 1056768K
  class space    used 566K, capacity 616K, committed 640K, reserved 1048576K
Event: 3.262 GC heap after
Heap after GC invocations=2 (full 0):
 PSYoungGen      total 38400K, used 5098K [0x00000000eab00000, 0x00000000ed580000, 0x0000000100000000)
  eden space 33280K, 0% used [0x00000000eab00000,0x00000000eab00000,0x00000000ecb80000)
  from space 5120K, 99% used [0x00000000ed080000,0x00000000ed57abc0,0x00000000ed580000)
  to   space 5120K, 0% used [0x00000000ecb80000,0x00000000ecb80000,0x00000000ed080000)
 ParOldGen       total 87552K, used 5897K [0x00000000c0000000, 0x00000000c5580000, 0x00000000eab00000)
  object space 87552K, 6% used [0x00000000c0000000,0x00000000c05c25c0,0x00000000c5580000)
 Metaspace       used 5851K, capacity 7024K, committed 7296K, reserved 1056768K
  class space    used 566K, capacity 616K, committed 640K, reserved 1048576K
}
Event: 4.313 GC heap before
{Heap before GC invocations=3 (full 0):
 PSYoungGen      total 38400K, used 38378K [0x00000000eab00000, 0x00000000ed580000, 0x0000000100000000)
  eden space 33280K, 100% used [0x00000000eab00000,0x00000000ecb80000,0x00000000ecb80000)
  from space 5120K, 99% used [0x00000000ed080000,0x00000000ed57abc0,0x00000000ed580000)
  to   space 5120K, 0% used [0x00000000ecb80000,0x00000000ecb80000,0x00000000ed080000)
 ParOldGen       total 87552K, used 5897K [0x00000000c0000000, 0x00000000c5580000, 0x00000000eab00000)
  object space 87552K, 6% used [0x00000000c0000000,0x00000000c05c25c0,0x00000000c5580000)
 Metaspace       used 5889K, capacity 7088K, committed 7296K, reserved 1056768K
  class space    used 566K, capacity 616K, committed 640K, reserved 1048576K
Event: 4.386 GC heap after
Heap after GC invocations=3 (full 0):
 PSYoungGen      total 38400K, used 5100K [0x00000000eab00000, 0x00000000ef600000, 0x0000000100000000)
  eden space 33280K, 0% used [0x00000000eab00000,0x00000000eab00000,0x00000000ecb80000)
  from space 5120K, 99% used [0x00000000ecb80000,0x00000000ed07b2d0,0x00000000ed080000)
  to   space 5120K, 0% used [0x00000000ef100000,0x00000000ef100000,0x00000000ef600000)
 ParOldGen       total 87552K, used 10525K [0x00000000c0000000, 0x00000000c5580000, 0x00000000eab00000)
  object space 87552K, 12% used [0x00000000c0000000,0x00000000c0a475e0,0x00000000c5580000)
 Metaspace       used 5889K, capacity 7088K, committed 7296K, reserved 1056768K
  class space    used 566K, capacity 616K, committed 640K, reserved 1048576K
}
Event: 5.279 GC heap before
{Heap before GC invocations=4 (full 0):
 PSYoungGen      total 38400K, used 38380K [0x00000000eab00000, 0x00000000ef600000, 0x0000000100000000)
  eden space 33280K, 100% used [0x00000000eab00000,0x00000000ecb80000,0x00000000ecb80000)
  from space 5120K, 99% used [0x00000000ecb80000,0x00000000ed07b2d0,0x00000000ed080000)
  to   space 5120K, 0% used [0x00000000ef100000,0x00000000ef100000,0x00000000ef600000)
 ParOldGen       total 87552K, used 10525K [0x00000000c0000000, 0x00000000c5580000, 0x00000000eab00000)
  object space 87552K, 12% used [0x00000000c0000000,0x00000000c0a475e0,0x00000000c5580000)
 Metaspace       used 6001K, capacity 7088K, committed 7296K, reserved 1056768K
  class space    used 585K, capacity 616K, committed 640K, reserved 1048576K
Event: 5.345 GC heap after
Heap after GC invocations=4 (full 0):
 PSYoungGen      total 71680K, used 5109K [0x00000000eab00000, 0x00000000ef600000, 0x0000000100000000)
  eden space 66560K, 0% used [0x00000000eab00000,0x00000000eab00000,0x00000000eec00000)
  from space 5120K, 99% used [0x00000000ef100000,0x00000000ef5fd6d0,0x00000000ef600000)
  to   space 5120K, 0% used [0x00000000eec00000,0x00000000eec00000,0x00000000ef100000)
 ParOldGen       total 87552K, used 15421K [0x00000000c0000000, 0x00000000c5580000, 0x00000000eab00000)
  object space 87552K, 17% used [0x00000000c0000000,0x00000000c0f0f730,0x00000000c5580000)
 Metaspace       used 6001K, capacity 7088K, committed 7296K, reserved 1056768K
  class space    used 585K, capacity 616K, committed 640K, reserved 1048576K
}

Deoptimization events (10 events):
Event: 6.581 Thread 0x0000000002c07800 Uncommon trap: reason=speculate_class_check action=maybe_recompile pc=0x000000000308b314 method=com.android.dx.util.FixedSizeList.equals(Ljava/lang/Object;)Z @ 25
Event: 6.582 Thread 0x0000000002c07800 Uncommon trap: reason=speculate_class_check action=maybe_recompile pc=0x000000000308b314 method=com.android.dx.util.FixedSizeList.equals(Ljava/lang/Object;)Z @ 25
Event: 6.582 Thread 0x0000000002c07800 Uncommon trap: reason=speculate_class_check action=maybe_recompile pc=0x000000000308b314 method=com.android.dx.util.FixedSizeList.equals(Ljava/lang/Object;)Z @ 25
Event: 6.582 Thread 0x0000000002c07800 Uncommon trap: reason=speculate_class_check action=maybe_recompile pc=0x000000000308b314 method=com.android.dx.util.FixedSizeList.equals(Ljava/lang/Object;)Z @ 25
Event: 6.582 Thread 0x0000000002c07800 Uncommon trap: reason=unstable_if action=reinterpret pc=0x00000000035f012c method=java.util.TreeMap.put(Ljava/lang/Object;Ljava/lang/Object;)Ljava/lang/Object; @ 163
Event: 7.065 Thread 0x0000000002c07800 Uncommon trap: reason=unstable_if action=reinterpret pc=0x000000000370eddc method=com.android.dx.dex.code.OutputFinisher.align64bits([Lcom/android/dx/dex/code/Dop;)V @ 130
Event: 7.228 Thread 0x0000000002c07800 Uncommon trap: reason=unstable_if action=reinterpret pc=0x00000000036c4560 method=java.util.ArrayList.<init>(I)V @ 5
Event: 7.359 Thread 0x0000000002c07800 Uncommon trap: reason=unstable_if action=reinterpret pc=0x0000000003790a1c method=com.android.dx.dex.file.DebugInfoEncoder.emitLocalsAtAddress(I)I @ 137
Event: 7.375 Thread 0x0000000002c07800 Uncommon trap: reason=unstable_if action=reinterpret pc=0x0000000003792258 method=com.android.dx.util.ByteArrayAnnotatedOutput.ensureCapacity(I)V @ 6
Event: 7.387 Thread 0x0000000002c07800 Uncommon trap: reason=unstable_if action=reinterpret pc=0x000000000376f844 method=com.android.dx.util.ByteArrayAnnotatedOutput.writeByte(I)V @ 13

Internal exceptions (8 events):
Event: 0.058 Thread 0x0000000002c07800 Exception <a 'java/lang/NoSuchMethodError': Method sun.misc.Unsafe.defineClass(Ljava/lang/String;[BII)Ljava/lang/Class; name or signature does not match> (0x00000000eab07cc0) thrown at [D:\re\workspace\8-2-build-windows-amd64-cygwin\jdk8u92\6642\hotspot\sr
Event: 0.058 Thread 0x0000000002c07800 Exception <a 'java/lang/NoSuchMethodError': Method sun.misc.Unsafe.prefetchRead(Ljava/lang/Object;J)V name or signature does not match> (0x00000000eab07fa8) thrown at [D:\re\workspace\8-2-build-windows-amd64-cygwin\jdk8u92\6642\hotspot\src\share\vm\prims\jÂS"ª@
Event: 2.841 Thread 0x0000000002c07800 Implicit null exception at 0x0000000003141722 to 0x0000000003141812
Event: 3.586 Thread 0x0000000002c07800 Implicit null exception at 0x0000000003176a3d to 0x00000000031776c1
Event: 4.709 Thread 0x0000000002c07800 Exception <a 'java/lang/ArrayIndexOutOfBoundsException': 18> (0x00000000eaf414b0) thrown at [D:\re\workspace\8-2-build-windows-amd64-cygwin\jdk8u92\6642\hotspot\src\share\vm\interpreter\interpreterRuntime.cpp, line 366]
Event: 4.710 Thread 0x0000000002c07800 Exception <a 'java/lang/ArrayIndexOutOfBoundsException': 145> (0x00000000eaf43030) thrown at [D:\re\workspace\8-2-build-windows-amd64-cygwin\jdk8u92\6642\hotspot\src\share\vm\interpreter\interpreterRuntime.cpp, line 366]
Event: 4.711 Thread 0x0000000002c07800 Exception <a 'java/lang/ArrayIndexOutOfBoundsException'> (0x00000000eaf44318) thrown at [D:\re\workspace\8-2-build-windows-amd64-cygwin\jdk8u92\6642\hotspot\src\share\vm\runtime\sharedRuntime.cpp, line 605]
Event: 5.348 Thread 0x0000000002c07800 Implicit null exception at 0x000000000316eaae to 0x000000000316f5a5

Events (10 events):
Event: 7.375 Thread 0x0000000002c07800 Uncommon trap: trap_request=0xffffff65 fr.pc=0x0000000003792258
Event: 7.375 Thread 0x0000000002c07800 DEOPT PACKING pc=0x0000000003792258 sp=0x0000000002bfef20
Event: 7.375 Thread 0x0000000002c07800 DEOPT UNPACKING pc=0x0000000002d4582a sp=0x0000000002bfee80 mode 2
Event: 7.377 loading class com/android/dx/dex/file/MapItem
Event: 7.377 loading class com/android/dx/dex/file/MapItem done
Event: 7.386 loading class com/android/dex/DexFormat
Event: 7.386 loading class com/android/dex/DexFormat done
Event: 7.387 Thread 0x0000000002c07800 Uncommon trap: trap_request=0xffffff65 fr.pc=0x000000000376f844
Event: 7.387 Thread 0x0000000002c07800 DEOPT PACKING pc=0x000000000376f844 sp=0x0000000002bff0a0
Event: 7.387 Thread 0x0000000002c07800 DEOPT UNPACKING pc=0x0000000002d4582a sp=0x0000000002bff058 mode 2


Dynamic libraries:
0x00007ff7ba670000 - 0x00007ff7ba6a7000 	C:\Program Files\Java\jdk1.8.0_92\bin\java.exe
0x00007ffb03ca0000 - 0x00007ffb03e71000 	C:\WINDOWS\SYSTEM32\ntdll.dll
0x00007ffb01210000 - 0x00007ffb012bb000 	C:\WINDOWS\System32\KERNEL32.DLL
0x00007ffb00ef0000 - 0x00007ffb0110d000 	C:\WINDOWS\System32\KERNELBASE.dll
0x00007ffafe630000 - 0x00007ffafe6aa000 	C:\WINDOWS\system32\apphelp.dll
0x00007ffae61f0000 - 0x00007ffae6672000 	C:\WINDOWS\AppPatch\AppPatch64\AcLayers.DLL
0x00007ffb01300000 - 0x00007ffb0139e000 	C:\WINDOWS\System32\msvcrt.dll
0x00007ffb01690000 - 0x00007ffb017f5000 	C:\WINDOWS\System32\USER32.dll
0x00007ffb00d00000 - 0x00007ffb00d1e000 	C:\WINDOWS\System32\win32u.dll
0x00007ffb012c0000 - 0x00007ffb012f4000 	C:\WINDOWS\System32\GDI32.dll
0x00007ffb00b70000 - 0x00007ffb00cf2000 	C:\WINDOWS\System32\gdi32full.dll
0x00007ffb01db0000 - 0x00007ffb01e02000 	C:\WINDOWS\System32\SHLWAPI.dll
0x00007ffb03320000 - 0x00007ffb035e7000 	C:\WINDOWS\System32\combase.dll
0x00007ffb01110000 - 0x00007ffb01205000 	C:\WINDOWS\System32\ucrtbase.dll
0x00007ffb013a0000 - 0x00007ffb014c1000 	C:\WINDOWS\System32\RPCRT4.dll
0x00007ffb00e80000 - 0x00007ffb00eea000 	C:\WINDOWS\System32\bcryptPrimitives.dll
0x0000000000810000 - 0x0000000000813000 	C:\WINDOWS\SYSTEM32\sfc.dll
0x00007ffaf9dc0000 - 0x00007ffaf9e45000 	C:\WINDOWS\SYSTEM32\WINSPOOL.DRV
0x00007ffb00020000 - 0x00007ffb0004b000 	C:\WINDOWS\SYSTEM32\bcrypt.dll
0x00007ffaee500000 - 0x00007ffaee511000 	C:\WINDOWS\SYSTEM32\sfc_os.DLL
0x00007ffaf6090000 - 0x00007ffaf60a1000 	C:\WINDOWS\SYSTEM32\SortWindows61.dll
0x00007ffb015b0000 - 0x00007ffb015de000 	C:\WINDOWS\System32\IMM32.DLL
0x00007ffb015e0000 - 0x00007ffb01682000 	C:\WINDOWS\System32\ADVAPI32.dll
0x00007ffb01800000 - 0x00007ffb01859000 	C:\WINDOWS\System32\sechost.dll
0x00007ffafa2b0000 - 0x00007ffafa529000 	C:\WINDOWS\WinSxS\amd64_microsoft.windows.common-controls_6595b64144ccf1df_6.0.14393.0_none_2d0f50fcbdb171b8\COMCTL32.dll
0x0000000053590000 - 0x0000000053662000 	C:\Program Files\Java\jdk1.8.0_92\jre\bin\msvcr100.dll
0x0000000053a20000 - 0x00000000542b6000 	C:\Program Files\Java\jdk1.8.0_92\jre\bin\server\jvm.dll
0x00007ffb014d0000 - 0x00007ffb014d8000 	C:\WINDOWS\System32\PSAPI.DLL
0x00007ffaf2060000 - 0x00007ffaf2069000 	C:\WINDOWS\SYSTEM32\WSOCK32.dll
0x00007ffafdf10000 - 0x00007ffafdf33000 	C:\WINDOWS\SYSTEM32\WINMM.dll
0x00007ffb01540000 - 0x00007ffb015aa000 	C:\WINDOWS\System32\WS2_32.dll
0x00007ffafce00000 - 0x00007ffafce0a000 	C:\WINDOWS\SYSTEM32\VERSION.dll
0x00000000028a0000 - 0x00000000028cb000 	C:\WINDOWS\SYSTEM32\WINMMBASE.dll
0x00007ffb00d20000 - 0x00007ffb00d62000 	C:\WINDOWS\System32\cfgmgr32.dll
0x0000000054bc0000 - 0x0000000054bcf000 	C:\Program Files\Java\jdk1.8.0_92\jre\bin\verify.dll
0x00000000539f0000 - 0x0000000053a19000 	C:\Program Files\Java\jdk1.8.0_92\jre\bin\java.dll
0x00000000539d0000 - 0x00000000539e6000 	C:\Program Files\Java\jdk1.8.0_92\jre\bin\zip.dll
0x00007ffb01e10000 - 0x00007ffb03318000 	C:\WINDOWS\System32\SHELL32.dll
0x00007ffb00170000 - 0x00007ffb0084a000 	C:\WINDOWS\System32\windows.storage.dll
0x00007ffb00120000 - 0x00007ffb0016c000 	C:\WINDOWS\System32\powrprof.dll
0x00007ffb000e0000 - 0x00007ffb000ef000 	C:\WINDOWS\System32\kernel.appcore.dll
0x00007ffb00ac0000 - 0x00007ffb00b69000 	C:\WINDOWS\System32\shcore.dll
0x00007ffb00100000 - 0x00007ffb00114000 	C:\WINDOWS\System32\profapi.dll

VM Arguments:
jvm_args: -Djava.awt.headless=true -Xmx1024M -Dfile.encoding=windows-1252 -Duser.country=US -Duser.language=en -Duser.variant 
java_command: com.android.dx.command.Main --dex --force-jumbo --multi-dex --output C:\Users\kikkos\AndroidStudioProjects\Udacity\Sunshine\app\build\intermediates\transforms\dex\debug\folders\1000\10\com.android.support-recyclerview-v7-23.0.1_ce4d5cbd3b88e0c84e08140b3f78491f34e4971e C:\Users\kikkos\AndroidStudioProjects\Udacity\Sunshine\app\build\intermediates\exploded-aar\com.android.support\recyclerview-v7\23.0.1\jars\classes.jar
java_class_path (initial): C:\Users\kikkos\AppData\Local\Android\sdk\build-tools\22.0.1\lib\dx.jar
Launcher Type: SUN_STANDARD

Environment Variables:
JAVA_HOME=C:\Program Files\Java\jdk1.8.0_92
PATH=C:\Program Files (x86)\Intel\iCLS Client\;C:\Program Files\Intel\iCLS Client\;C:\ProgramData\Oracle\Java\javapath;C:\Program Files\ImageMagick-6.8.9-Q16;C:\WINDOWS\system32;C:\WINDOWS;C:\WINDOWS\System32\Wbem;C:\Program Files\Lenovo\Bluetooth Software\;C:\Program Files\Lenovo\Bluetooth Software\syswow64;C:\Program Files\Intel\WiFi\bin\;C:\Program Files\Common Files\Intel\WirelessCommon\;C:\Program Files\Microsoft\Web Platform Installer\;C:\WINDOWS\System32\WindowsPowerShell\v1.0\;C:\Program Files\Microsoft SQL Server\110\Tools\Binn\;C:\Program Files\Sublime Text 2;C:\Program Files (x86)\Heroku\bin;C:\Program Files\Intel\Intel(R) Management Engine Components\DAL;C:\Program Files\Intel\Intel(R) Management Engine Components\IPT;C:\Program Files (x86)\Intel\Intel(R) Management Engine Components\DAL;C:\Program Files (x86)\Intel\Intel(R) Management Engine Components\IPT;C:\Program Files (x86)\NVIDIA Corporation\PhysX\Common;C:\WINDOWS\system32;C:\WINDOWS;C:\WINDOWS\System32\Wbem;C:\WINDOWS\System32\WindowsPowerShell\v1.0\;C:\Program Files (x86)\Skype\Phone\;C:\Ruby23-x64\bin;C:\Program Files (x86)\MySQL\MySQL Fabric 1.5 & MySQL Utilities 1.5\;C:\Program Files (x86)\MySQL\MySQL Fabric 1.5 & MySQL Utilities 1.5\Doctrine extensions for PHP\;C:\Program Files\MySQL\MySQL Server 5.7\bin;C:\RailsInstaller\Ruby2.2.0\bin;C:\Users\kikkos\AppData\Local\GitHub\PortableGit_d76a6a98c9315931ec4927243517bc09e9b731a0\cmd;C:\Ruby22-x64\bin;C:\Program Files (x86)\Heroku\ruby-1.9.3\bin;C:\Program Files\Intel\WiFi\bin\;C:\Program Files\Common Files\Intel\WirelessCommon\;C:\Program Files\MongoDB\Server\3.2\bin;C:\sqlite;%USERPROFILE%\AppData\Local\Microsoft\WindowsApps;
USERNAME=kikkos
OS=Windows_NT
PROCESSOR_IDENTIFIER=Intel64 Family 6 Model 42 Stepping 7, GenuineIntel



---------------  S Y S T E M  ---------------

OS: Windows 10.0 , 64 bit Build 14393 (10.0.14393.0)

CPU:total 8 (4 cores per cpu, 2 threads per core) family 6 model 42 stepping 7, cmov, cx8, fxsr, mmx, sse, sse2, sse3, ssse3, sse4.1, sse4.2, popcnt, avx, aes, clmul, ht, tsc, tscinvbit

Memory: 4k page, physical 8300684k(2020708k free), swap 8505484k(5216k free)

vm_info: Java HotSpot(TM) 64-Bit Server VM (25.92-b14) for windows-amd64 JRE (1.8.0_92-b14), built on Mar 31 2016 21:03:04 by "java_re" with MS VC++ 10.0 (VS2010)

time: Thu Oct 20 02:13:23 2016
elapsed time: 7 seconds (0d 0h 0m 7s)

