#
# There is insufficient memory for the Java Runtime Environment to continue.
# Native memory allocation (malloc) failed to allocate 782416 bytes for Chunk::new
# Possible reasons:
#   The system is out of physical RAM or swap space
#   In 32 bit mode, the process size limit was hit
# Possible solutions:
#   Reduce memory load on the system
#   Increase physical memory or swap space
#   Check if swap backing store is full
#   Use 64 bit Java on a 64 bit OS
#   Decrease Java heap size (-Xmx/-Xms)
#   Decrease number of Java threads
#   Decrease Java thread stack sizes (-Xss)
#   Set larger code cache with -XX:ReservedCodeCacheSize=
# This output file may be truncated or incomplete.
#
#  Out of Memory Error (allocation.cpp:390), pid=9632, tid=0x0000000000003dc0
#
# JRE version: Java(TM) SE Runtime Environment (8.0_92-b14) (build 1.8.0_92-b14)
# Java VM: Java HotSpot(TM) 64-Bit Server VM (25.92-b14 mixed mode windows-amd64 compressed oops)
# Failed to write core dump. Minidumps are not enabled by default on client versions of Windows
#

---------------  T H R E A D  ---------------

Current thread (0x0000000016682800):  JavaThread "C2 CompilerThread0" daemon [_thread_in_native, id=15808, stack(0x0000000017960000,0x0000000017a60000)]

Stack: [0x0000000017960000,0x0000000017a60000]
[error occurred during error reporting (printing stack bounds), id 0xc0000005]

Native frames: (J=compiled Java code, j=interpreted, Vv=VM code, C=native code)


Current CompileTask:
C2:   8510 1930       4       com.android.dx.ssa.ConstCollector::getConstsSortedByCountUse (386 bytes)


---------------  P R O C E S S  ---------------

Java Threads: ( => current thread )
  0x00000000166ff800 JavaThread "Service Thread" daemon [_thread_blocked, id=7744, stack(0x0000000017d60000,0x0000000017e60000)]
  0x00000000166e4800 JavaThread "C1 CompilerThread3" daemon [_thread_in_native, id=3808, stack(0x0000000017c60000,0x0000000017d60000)]
  0x00000000166e0800 JavaThread "C2 CompilerThread2" daemon [_thread_in_native, id=13832, stack(0x0000000017b60000,0x0000000017c60000)]
  0x0000000016688800 JavaThread "C2 CompilerThread1" daemon [_thread_in_native, id=5668, stack(0x0000000017a60000,0x0000000017b60000)]
=>0x0000000016682800 JavaThread "C2 CompilerThread0" daemon [_thread_in_native, id=15808, stack(0x0000000017960000,0x0000000017a60000)]
  0x0000000016681800 JavaThread "Attach Listener" daemon [_thread_blocked, id=516, stack(0x0000000017860000,0x0000000017960000)]
  0x0000000016680800 JavaThread "Signal Dispatcher" daemon [_thread_blocked, id=5236, stack(0x0000000017760000,0x0000000017860000)]
  0x0000000016638000 JavaThread "Finalizer" daemon [_thread_blocked, id=15532, stack(0x0000000017570000,0x0000000017670000)]
  0x0000000016606000 JavaThread "Reference Handler" daemon [_thread_blocked, id=14300, stack(0x0000000017470000,0x0000000017570000)]
  0x0000000002697800 JavaThread "main" [_thread_in_Java, id=11744, stack(0x0000000002590000,0x0000000002690000)]

Other Threads:
  0x00000000152b2800 VMThread [stack: 0x0000000017370000,0x0000000017470000] [id=13924]
  0x00000000166f5800 WatcherThread [stack: 0x0000000017e60000,0x0000000017f60000] [id=12992]

VM state:not at safepoint (normal execution)

VM Mutex/Monitor currently owned by a thread: None

Heap:
 PSYoungGen      total 71680K, used 63625K [0x00000000eab00000, 0x00000000ef600000, 0x0000000100000000)
  eden space 66560K, 87% used [0x00000000eab00000,0x00000000ee42a488,0x00000000eec00000)
  from space 5120K, 99% used [0x00000000eec00000,0x00000000ef0f8018,0x00000000ef100000)
  to   space 5120K, 0% used [0x00000000ef100000,0x00000000ef100000,0x00000000ef600000)
 ParOldGen       total 87552K, used 27521K [0x00000000c0000000, 0x00000000c5580000, 0x00000000eab00000)
  object space 87552K, 31% used [0x00000000c0000000,0x00000000c1ae0468,0x00000000c5580000)
 Metaspace       used 6000K, capacity 7152K, committed 7296K, reserved 1056768K
  class space    used 565K, capacity 616K, committed 640K, reserved 1048576K

Card table byte_map: [0x0000000011b50000,0x0000000011d60000] byte_map_base: 0x0000000011550000

Marking Bits: (ParMarkBitMap*) 0x00000000542364f0
 Begin Bits: [0x00000000126c0000, 0x00000000136c0000)
 End Bits:   [0x00000000136c0000, 0x00000000146c0000)

Polling page: 0x00000000008f0000

CodeCache: size=245760Kb used=9757Kb max_used=9757Kb free=236002Kb
 bounds [0x0000000002790000, 0x0000000003130000, 0x0000000011790000]
 total_blobs=2183 nmethods=1917 adapters=177
 compilation: enabled

Compilation events (10 events):
Event: 8.427 Thread 0x00000000166e4800 1958   !   2       com.android.dx.dex.cf.CfTranslator::processFields (251 bytes)
Event: 8.430 Thread 0x00000000166e4800 nmethod 1958 0x00000000030de510 code [0x00000000030de840, 0x00000000030df568]
Event: 8.430 Thread 0x00000000166e4800 1957       2       com.android.dx.dex.cf.AttributeTranslator::translateInnerClasses (356 bytes)
Event: 8.434 Thread 0x00000000166e4800 nmethod 1957 0x0000000003108790 code [0x0000000003108b60, 0x0000000003109f18]
Event: 8.434 Thread 0x00000000166e4800 1956       2       com.android.dx.dex.cf.AttributeTranslator::translateEnclosingMethod (50 bytes)
Event: 8.434 Thread 0x00000000166e4800 nmethod 1956 0x00000000030dd910 code [0x00000000030ddb00, 0x00000000030de088]
Event: 8.434 Thread 0x00000000166e4800 1959       2       com.android.dx.cf.attrib.InnerClassList::<init> (6 bytes)
Event: 8.435 Thread 0x00000000166e4800 nmethod 1959 0x00000000030c7810 code [0x00000000030c7980, 0x00000000030c7ae8]
Event: 8.459 Thread 0x00000000166e4800 1960       2       com.android.dx.ssa.SCCP::simulateBranch (666 bytes)
Event: 8.462 Thread 0x00000000166e4800 nmethod 1960 0x0000000003105d50 code [0x0000000003106060, 0x0000000003107038]

GC Heap History (10 events):
Event: 3.156 GC heap before
{Heap before GC invocations=1 (full 0):
 PSYoungGen      total 38400K, used 33280K [0x00000000eab00000, 0x00000000ed580000, 0x0000000100000000)
  eden space 33280K, 100% used [0x00000000eab00000,0x00000000ecb80000,0x00000000ecb80000)
  from space 5120K, 0% used [0x00000000ed080000,0x00000000ed080000,0x00000000ed580000)
  to   space 5120K, 0% used [0x00000000ecb80000,0x00000000ecb80000,0x00000000ed080000)
 ParOldGen       total 87552K, used 0K [0x00000000c0000000, 0x00000000c5580000, 0x00000000eab00000)
  object space 87552K, 0% used [0x00000000c0000000,0x00000000c0000000,0x00000000c5580000)
 Metaspace       used 5745K, capacity 6960K, committed 7040K, reserved 1056768K
  class space    used 563K, capacity 616K, committed 640K, reserved 1048576K
Event: 3.174 GC heap after
Heap after GC invocations=1 (full 0):
 PSYoungGen      total 38400K, used 5114K [0x00000000eab00000, 0x00000000ed580000, 0x0000000100000000)
  eden space 33280K, 0% used [0x00000000eab00000,0x00000000eab00000,0x00000000ecb80000)
  from space 5120K, 99% used [0x00000000ecb80000,0x00000000ed07eaa8,0x00000000ed080000)
  to   space 5120K, 0% used [0x00000000ed080000,0x00000000ed080000,0x00000000ed580000)
 ParOldGen       total 87552K, used 1733K [0x00000000c0000000, 0x00000000c5580000, 0x00000000eab00000)
  object space 87552K, 1% used [0x00000000c0000000,0x00000000c01b1520,0x00000000c5580000)
 Metaspace       used 5745K, capacity 6960K, committed 7040K, reserved 1056768K
  class space    used 563K, capacity 616K, committed 640K, reserved 1048576K
}
Event: 4.465 GC heap before
{Heap before GC invocations=2 (full 0):
 PSYoungGen      total 38400K, used 38394K [0x00000000eab00000, 0x00000000ed580000, 0x0000000100000000)
  eden space 33280K, 100% used [0x00000000eab00000,0x00000000ecb80000,0x00000000ecb80000)
  from space 5120K, 99% used [0x00000000ecb80000,0x00000000ed07eaa8,0x00000000ed080000)
  to   space 5120K, 0% used [0x00000000ed080000,0x00000000ed080000,0x00000000ed580000)
 ParOldGen       total 87552K, used 1733K [0x00000000c0000000, 0x00000000c5580000, 0x00000000eab00000)
  object space 87552K, 1% used [0x00000000c0000000,0x00000000c01b1520,0x00000000c5580000)
 Metaspace       used 5898K, capacity 7088K, committed 7296K, reserved 1056768K
  class space    used 563K, capacity 616K, committed 640K, reserved 1048576K
Event: 4.566 GC heap after
Heap after GC invocations=2 (full 0):
 PSYoungGen      total 38400K, used 5111K [0x00000000eab00000, 0x00000000ef600000, 0x0000000100000000)
  eden space 33280K, 0% used [0x00000000eab00000,0x00000000eab00000,0x00000000ecb80000)
  from space 5120K, 99% used [0x00000000ed080000,0x00000000ed57dc88,0x00000000ed580000)
  to   space 5120K, 0% used [0x00000000ecb80000,0x00000000ecb80000,0x00000000ed080000)
 ParOldGen       total 87552K, used 6691K [0x00000000c0000000, 0x00000000c5580000, 0x00000000eab00000)
  object space 87552K, 7% used [0x00000000c0000000,0x00000000c0688ea0,0x00000000c5580000)
 Metaspace       used 5898K, capacity 7088K, committed 7296K, reserved 1056768K
  class space    used 563K, capacity 616K, committed 640K, reserved 1048576K
}
Event: 5.485 GC heap before
{Heap before GC invocations=3 (full 0):
 PSYoungGen      total 38400K, used 38391K [0x00000000eab00000, 0x00000000ef600000, 0x0000000100000000)
  eden space 33280K, 100% used [0x00000000eab00000,0x00000000ecb80000,0x00000000ecb80000)
  from space 5120K, 99% used [0x00000000ed080000,0x00000000ed57dc88,0x00000000ed580000)
  to   space 5120K, 0% used [0x00000000ecb80000,0x00000000ecb80000,0x00000000ed080000)
 ParOldGen       total 87552K, used 6691K [0x00000000c0000000, 0x00000000c5580000, 0x00000000eab00000)
  object space 87552K, 7% used [0x00000000c0000000,0x00000000c0688ea0,0x00000000c5580000)
 Metaspace       used 5920K, capacity 7088K, committed 7296K, reserved 1056768K
  class space    used 564K, capacity 616K, committed 640K, reserved 1048576K
Event: 5.536 GC heap after
Heap after GC invocations=3 (full 0):
 PSYoungGen      total 38400K, used 5104K [0x00000000eab00000, 0x00000000ef600000, 0x0000000100000000)
  eden space 33280K, 0% used [0x00000000eab00000,0x00000000eab00000,0x00000000ecb80000)
  from space 5120K, 99% used [0x00000000ecb80000,0x00000000ed07c038,0x00000000ed080000)
  to   space 5120K, 0% used [0x00000000ef100000,0x00000000ef100000,0x00000000ef600000)
 ParOldGen       total 87552K, used 11928K [0x00000000c0000000, 0x00000000c5580000, 0x00000000eab00000)
  object space 87552K, 13% used [0x00000000c0000000,0x00000000c0ba6270,0x00000000c5580000)
 Metaspace       used 5920K, capacity 7088K, committed 7296K, reserved 1056768K
  class space    used 564K, capacity 616K, committed 640K, reserved 1048576K
}
Event: 6.599 GC heap before
{Heap before GC invocations=4 (full 0):
 PSYoungGen      total 38400K, used 38384K [0x00000000eab00000, 0x00000000ef600000, 0x0000000100000000)
  eden space 33280K, 100% used [0x00000000eab00000,0x00000000ecb80000,0x00000000ecb80000)
  from space 5120K, 99% used [0x00000000ecb80000,0x00000000ed07c038,0x00000000ed080000)
  to   space 5120K, 0% used [0x00000000ef100000,0x00000000ef100000,0x00000000ef600000)
 ParOldGen       total 87552K, used 11928K [0x00000000c0000000, 0x00000000c5580000, 0x00000000eab00000)
  object space 87552K, 13% used [0x00000000c0000000,0x00000000c0ba6270,0x00000000c5580000)
 Metaspace       used 5954K, capacity 7088K, committed 7296K, reserved 1056768K
  class space    used 565K, capacity 616K, committed 640K, reserved 1048576K
Event: 6.682 GC heap after
Heap after GC invocations=4 (full 0):
 PSYoungGen      total 71680K, used 5088K [0x00000000eab00000, 0x00000000ef600000, 0x0000000100000000)
  eden space 66560K, 0% used [0x00000000eab00000,0x00000000eab00000,0x00000000eec00000)
  from space 5120K, 99% used [0x00000000ef100000,0x00000000ef5f8048,0x00000000ef600000)
  to   space 5120K, 0% used [0x00000000eec00000,0x00000000eec00000,0x00000000ef100000)
 ParOldGen       total 87552K, used 16900K [0x00000000c0000000, 0x00000000c5580000, 0x00000000eab00000)
  object space 87552K, 19% used [0x00000000c0000000,0x00000000c1081308,0x00000000c5580000)
 Metaspace       used 5954K, capacity 7088K, committed 7296K, reserved 1056768K
  class space    used 565K, capacity 616K, committed 640K, reserved 1048576K
}
Event: 7.870 GC heap before
{Heap before GC invocations=5 (full 0):
 PSYoungGen      total 71680K, used 71648K [0x00000000eab00000, 0x00000000ef600000, 0x0000000100000000)
  eden space 66560K, 100% used [0x00000000eab00000,0x00000000eec00000,0x00000000eec00000)
  from space 5120K, 99% used [0x00000000ef100000,0x00000000ef5f8048,0x00000000ef600000)
  to   space 5120K, 0% used [0x00000000eec00000,0x00000000eec00000,0x00000000ef100000)
 ParOldGen       total 87552K, used 16900K [0x00000000c0000000, 0x00000000c5580000, 0x00000000eab00000)
  object space 87552K, 19% used [0x00000000c0000000,0x00000000c1081308,0x00000000c5580000)
 Metaspace       used 5989K, capacity 7088K, committed 7296K, reserved 1056768K
  class space    used 565K, capacity 616K, committed 640K, reserved 1048576K
Event: 7.949 GC heap after
Heap after GC invocations=5 (full 0):
 PSYoungGen      total 71680K, used 5088K [0x00000000eab00000, 0x00000000ef600000, 0x0000000100000000)
  eden space 66560K, 0% used [0x00000000eab00000,0x00000000eab00000,0x00000000eec00000)
  from space 5120K, 99% used [0x00000000eec00000,0x00000000ef0f8018,0x00000000ef100000)
  to   space 5120K, 0% used [0x00000000ef100000,0x00000000ef100000,0x00000000ef600000)
 ParOldGen       total 87552K, used 27521K [0x00000000c0000000, 0x00000000c5580000, 0x00000000eab00000)
  object space 87552K, 31% used [0x00000000c0000000,0x00000000c1ae0468,0x00000000c5580000)
 Metaspace       used 5989K, capacity 7088K, committed 7296K, reserved 1056768K
  class space    used 565K, capacity 616K, committed 640K, reserved 1048576K
}

Deoptimization events (10 events):
Event: 7.733 Thread 0x0000000002697800 Uncommon trap: reason=bimorphic action=maybe_recompile pc=0x000000000305e418 method=com.android.dx.cf.code.BytecodeArray.parseInstruction(ILcom/android/dx/cf/code/BytecodeArray$Visitor;)I @ 1357
Event: 7.734 Thread 0x0000000002697800 Uncommon trap: reason=bimorphic action=maybe_recompile pc=0x000000000305e418 method=com.android.dx.cf.code.BytecodeArray.parseInstruction(ILcom/android/dx/cf/code/BytecodeArray$Visitor;)I @ 1357
Event: 7.756 Thread 0x0000000002697800 Uncommon trap: reason=bimorphic action=maybe_recompile pc=0x000000000305fd48 method=com.android.dx.cf.code.BytecodeArray.parseInstruction(ILcom/android/dx/cf/code/BytecodeArray$Visitor;)I @ 2484
Event: 7.756 Thread 0x0000000002697800 Uncommon trap: reason=bimorphic action=maybe_recompile pc=0x000000000305fd48 method=com.android.dx.cf.code.BytecodeArray.parseInstruction(ILcom/android/dx/cf/code/BytecodeArray$Visitor;)I @ 2484
Event: 8.295 Thread 0x0000000002697800 Uncommon trap: reason=bimorphic action=maybe_recompile pc=0x000000000310f304 method=com.android.dx.cf.code.BytecodeArray.parseInstruction(ILcom/android/dx/cf/code/BytecodeArray$Visitor;)I @ 1130
Event: 8.295 Thread 0x0000000002697800 Uncommon trap: reason=bimorphic action=maybe_recompile pc=0x000000000310f304 method=com.android.dx.cf.code.BytecodeArray.parseInstruction(ILcom/android/dx/cf/code/BytecodeArray$Visitor;)I @ 1130
Event: 8.367 Thread 0x0000000002697800 Uncommon trap: reason=class_check action=maybe_recompile pc=0x0000000002fa4280 method=com.android.dx.ssa.SCCP.simulateBranch(Lcom/android/dx/ssa/SsaInsn;)V @ 145
Event: 8.368 Thread 0x0000000002697800 Uncommon trap: reason=class_check action=maybe_recompile pc=0x0000000002fa4280 method=com.android.dx.ssa.SCCP.simulateBranch(Lcom/android/dx/ssa/SsaInsn;)V @ 145
Event: 8.459 Thread 0x0000000002697800 Uncommon trap: reason=class_check action=maybe_recompile pc=0x0000000002fa4280 method=com.android.dx.ssa.SCCP.simulateBranch(Lcom/android/dx/ssa/SsaInsn;)V @ 145
Event: 8.459 Thread 0x0000000002697800 Uncommon trap: reason=class_check action=maybe_recompile pc=0x0000000002fa4280 method=com.android.dx.ssa.SCCP.simulateBranch(Lcom/android/dx/ssa/SsaInsn;)V @ 145

Internal exceptions (3 events):
Event: 0.070 Thread 0x0000000002697800 Exception <a 'java/lang/NoSuchMethodError': Method sun.misc.Unsafe.defineClass(Ljava/lang/String;[BII)Ljava/lang/Class; name or signature does not match> (0x00000000eab07cc0) thrown at [D:\re\workspace\8-2-build-windows-amd64-cygwin\jdk8u92\6642\hotspot\sr¢×H¢èè±?
Event: 0.070 Thread 0x0000000002697800 Exception <a 'java/lang/NoSuchMethodError': Method sun.misc.Unsafe.prefetchRead(Ljava/lang/Object;J)V name or signature does not match> (0x00000000eab07fa8) thrown at [D:\re\workspace\8-2-build-windows-amd64-cygwin\jdk8u92\6642\hotspot\src\share\vm\prims\j(òWyYh@
Event: 2.176 Thread 0x0000000002697800 Implicit null exception at 0x0000000002a925a2 to 0x0000000002a92692

Events (10 events):
Event: 8.368 Thread 0x0000000002697800 DEOPT PACKING pc=0x0000000002fa4280 sp=0x000000000268ea90
Event: 8.368 Thread 0x0000000002697800 DEOPT UNPACKING pc=0x00000000027d582a sp=0x000000000268ea88 mode 2
Event: 8.424 loading class com/android/dx/cf/attrib/AttAnnotationDefault
Event: 8.424 loading class com/android/dx/cf/attrib/AttAnnotationDefault done
Event: 8.459 Thread 0x0000000002697800 Uncommon trap: trap_request=0xffffffde fr.pc=0x0000000002fa4280
Event: 8.459 Thread 0x0000000002697800 DEOPT PACKING pc=0x0000000002fa4280 sp=0x000000000268ea90
Event: 8.459 Thread 0x0000000002697800 DEOPT UNPACKING pc=0x00000000027d582a sp=0x000000000268ea88 mode 2
Event: 8.459 Thread 0x0000000002697800 Uncommon trap: trap_request=0xffffffde fr.pc=0x0000000002fa4280
Event: 8.459 Thread 0x0000000002697800 DEOPT PACKING pc=0x0000000002fa4280 sp=0x000000000268ea90
Event: 8.459 Thread 0x0000000002697800 DEOPT UNPACKING pc=0x00000000027d582a sp=0x000000000268ea88 mode 2


Dynamic libraries:
0x00007ff7ba670000 - 0x00007ff7ba6a7000 	C:\Program Files\Java\jdk1.8.0_92\bin\java.exe
0x00007ffb03ca0000 - 0x00007ffb03e71000 	C:\WINDOWS\SYSTEM32\ntdll.dll
0x00007ffb01210000 - 0x00007ffb012bb000 	C:\WINDOWS\System32\KERNEL32.DLL
0x00007ffb00ef0000 - 0x00007ffb0110d000 	C:\WINDOWS\System32\KERNELBASE.dll
0x00007ffafe630000 - 0x00007ffafe6aa000 	C:\WINDOWS\system32\apphelp.dll
0x00007ffac47e0000 - 0x00007ffac4c62000 	C:\WINDOWS\AppPatch\AppPatch64\AcLayers.DLL
0x00007ffb01300000 - 0x00007ffb0139e000 	C:\WINDOWS\System32\msvcrt.dll
0x00007ffb01690000 - 0x00007ffb017f5000 	C:\WINDOWS\System32\USER32.dll
0x00007ffb00d00000 - 0x00007ffb00d1e000 	C:\WINDOWS\System32\win32u.dll
0x00007ffb012c0000 - 0x00007ffb012f4000 	C:\WINDOWS\System32\GDI32.dll
0x00007ffb00b70000 - 0x00007ffb00cf2000 	C:\WINDOWS\System32\gdi32full.dll
0x00007ffb01db0000 - 0x00007ffb01e02000 	C:\WINDOWS\System32\SHLWAPI.dll
0x00007ffb03320000 - 0x00007ffb035e7000 	C:\WINDOWS\System32\combase.dll
0x00007ffb01110000 - 0x00007ffb01205000 	C:\WINDOWS\System32\ucrtbase.dll
0x00007ffb013a0000 - 0x00007ffb014c1000 	C:\WINDOWS\System32\RPCRT4.dll
0x00007ffb00e80000 - 0x00007ffb00eea000 	C:\WINDOWS\System32\bcryptPrimitives.dll
0x0000000000100000 - 0x0000000000103000 	C:\WINDOWS\SYSTEM32\sfc.dll
0x00007ffaf9dc0000 - 0x00007ffaf9e45000 	C:\WINDOWS\SYSTEM32\WINSPOOL.DRV
0x00007ffb00020000 - 0x00007ffb0004b000 	C:\WINDOWS\SYSTEM32\bcrypt.dll
0x00007ffaee500000 - 0x00007ffaee511000 	C:\WINDOWS\SYSTEM32\sfc_os.DLL
0x00007ffaf6030000 - 0x00007ffaf6041000 	C:\WINDOWS\SYSTEM32\SortWindows61.dll
0x00007ffb015b0000 - 0x00007ffb015de000 	C:\WINDOWS\System32\IMM32.DLL
0x00007ffb015e0000 - 0x00007ffb01682000 	C:\WINDOWS\System32\ADVAPI32.dll
0x00007ffb01800000 - 0x00007ffb01859000 	C:\WINDOWS\System32\sechost.dll
0x00007ffafa2b0000 - 0x00007ffafa529000 	C:\WINDOWS\WinSxS\amd64_microsoft.windows.common-controls_6595b64144ccf1df_6.0.14393.0_none_2d0f50fcbdb171b8\COMCTL32.dll
0x0000000053590000 - 0x0000000053662000 	C:\Program Files\Java\jdk1.8.0_92\jre\bin\msvcr100.dll
0x0000000053a20000 - 0x00000000542b6000 	C:\Program Files\Java\jdk1.8.0_92\jre\bin\server\jvm.dll
0x00007ffb014d0000 - 0x00007ffb014d8000 	C:\WINDOWS\System32\PSAPI.DLL
0x00007ffaf2060000 - 0x00007ffaf2069000 	C:\WINDOWS\SYSTEM32\WSOCK32.dll
0x00007ffafdf10000 - 0x00007ffafdf33000 	C:\WINDOWS\SYSTEM32\WINMM.dll
0x00007ffb01540000 - 0x00007ffb015aa000 	C:\WINDOWS\System32\WS2_32.dll
0x00007ffafce00000 - 0x00007ffafce0a000 	C:\WINDOWS\SYSTEM32\VERSION.dll
0x00007ffafdeb0000 - 0x00007ffafdedb000 	C:\WINDOWS\SYSTEM32\WINMMBASE.dll
0x00007ffb00d20000 - 0x00007ffb00d62000 	C:\WINDOWS\System32\cfgmgr32.dll
0x0000000054bc0000 - 0x0000000054bcf000 	C:\Program Files\Java\jdk1.8.0_92\jre\bin\verify.dll
0x00000000539f0000 - 0x0000000053a19000 	C:\Program Files\Java\jdk1.8.0_92\jre\bin\java.dll
0x00000000539d0000 - 0x00000000539e6000 	C:\Program Files\Java\jdk1.8.0_92\jre\bin\zip.dll
0x00007ffb01e10000 - 0x00007ffb03318000 	C:\WINDOWS\System32\SHELL32.dll
0x00007ffb00170000 - 0x00007ffb0084a000 	C:\WINDOWS\System32\windows.storage.dll
0x00007ffb00120000 - 0x00007ffb0016c000 	C:\WINDOWS\System32\powrprof.dll
0x00007ffb000e0000 - 0x00007ffb000ef000 	C:\WINDOWS\System32\kernel.appcore.dll
0x00007ffb00ac0000 - 0x00007ffb00b69000 	C:\WINDOWS\System32\shcore.dll
0x00007ffb00100000 - 0x00007ffb00114000 	C:\WINDOWS\System32\profapi.dll

VM Arguments:
jvm_args: -Djava.awt.headless=true -Xmx1024M -Dfile.encoding=windows-1252 -Duser.country=US -Duser.language=en -Duser.variant 
java_command: com.android.dx.command.Main --dex --force-jumbo --multi-dex --output C:\Users\kikkos\AndroidStudioProjects\Udacity\Sunshine\app\build\intermediates\transforms\dex\debug\folders\1000\10\com.google.android.gms-play-services-basement-9.6.1_a13223705c92eb087853fec2e24db4103aab1dbf C:\Users\kikkos\AndroidStudioProjects\Udacity\Sunshine\app\build\intermediates\exploded-aar\com.google.android.gms\play-services-basement\9.6.1\jars\classes.jar
java_class_path (initial): C:\Users\kikkos\AppData\Local\Android\sdk\build-tools\22.0.1\lib\dx.jar
Launcher Type: SUN_STANDARD

Environment Variables:
JAVA_HOME=C:\Program Files\Java\jdk1.8.0_92
PATH=C:\Program Files (x86)\Intel\iCLS Client\;C:\Program Files\Intel\iCLS Client\;C:\ProgramData\Oracle\Java\javapath;C:\Program Files\ImageMagick-6.8.9-Q16;C:\WINDOWS\system32;C:\WINDOWS;C:\WINDOWS\System32\Wbem;C:\Program Files\Lenovo\Bluetooth Software\;C:\Program Files\Lenovo\Bluetooth Software\syswow64;C:\Program Files\Intel\WiFi\bin\;C:\Program Files\Common Files\Intel\WirelessCommon\;C:\Program Files\Microsoft\Web Platform Installer\;C:\WINDOWS\System32\WindowsPowerShell\v1.0\;C:\Program Files\Microsoft SQL Server\110\Tools\Binn\;C:\Program Files\Sublime Text 2;C:\Program Files (x86)\Heroku\bin;C:\Program Files\Intel\Intel(R) Management Engine Components\DAL;C:\Program Files\Intel\Intel(R) Management Engine Components\IPT;C:\Program Files (x86)\Intel\Intel(R) Management Engine Components\DAL;C:\Program Files (x86)\Intel\Intel(R) Management Engine Components\IPT;C:\Program Files (x86)\NVIDIA Corporation\PhysX\Common;C:\WINDOWS\system32;C:\WINDOWS;C:\WINDOWS\System32\Wbem;C:\WINDOWS\System32\WindowsPowerShell\v1.0\;C:\Program Files (x86)\Skype\Phone\;C:\Ruby23-x64\bin;C:\Program Files (x86)\MySQL\MySQL Fabric 1.5 & MySQL Utilities 1.5\;C:\Program Files (x86)\MySQL\MySQL Fabric 1.5 & MySQL Utilities 1.5\Doctrine extensions for PHP\;C:\Program Files\MySQL\MySQL Server 5.7\bin;C:\RailsInstaller\Ruby2.2.0\bin;C:\Users\kikkos\AppData\Local\GitHub\PortableGit_d76a6a98c9315931ec4927243517bc09e9b731a0\cmd;C:\Ruby22-x64\bin;C:\Program Files (x86)\Heroku\ruby-1.9.3\bin;C:\Program Files\Intel\WiFi\bin\;C:\Program Files\Common Files\Intel\WirelessCommon\;C:\Program Files\MongoDB\Server\3.2\bin;C:\sqlite;%USERPROFILE%\AppData\Local\Microsoft\WindowsApps;
USERNAME=kikkos
OS=Windows_NT
PROCESSOR_IDENTIFIER=Intel64 Family 6 Model 42 Stepping 7, GenuineIntel



---------------  S Y S T E M  ---------------

OS: Windows 10.0 , 64 bit Build 14393 (10.0.14393.0)

CPU:total 8 (4 cores per cpu, 2 threads per core) family 6 model 42 stepping 7, cmov, cx8, fxsr, mmx, sse, sse2, sse3, ssse3, sse4.1, sse4.2, popcnt, avx, aes, clmul, ht, tsc, tscinvbit

Memory: 4k page, physical 8300684k(1884856k free), swap 8505484k(8008k free)

vm_info: Java HotSpot(TM) 64-Bit Server VM (25.92-b14) for windows-amd64 JRE (1.8.0_92-b14), built on Mar 31 2016 21:03:04 by "java_re" with MS VC++ 10.0 (VS2010)

time: Thu Oct 20 01:50:53 2016
elapsed time: 8 seconds (0d 0h 0m 8s)

