#
# There is insufficient memory for the Java Runtime Environment to continue.
# Native memory allocation (malloc) failed to allocate 505296 bytes for Chunk::new
# Possible reasons:
#   The system is out of physical RAM or swap space
#   In 32 bit mode, the process size limit was hit
# Possible solutions:
#   Reduce memory load on the system
#   Increase physical memory or swap space
#   Check if swap backing store is full
#   Use 64 bit Java on a 64 bit OS
#   Decrease Java heap size (-Xmx/-Xms)
#   Decrease number of Java threads
#   Decrease Java thread stack sizes (-Xss)
#   Set larger code cache with -XX:ReservedCodeCacheSize=
# This output file may be truncated or incomplete.
#
#  Out of Memory Error (allocation.cpp:390), pid=15072, tid=0x0000000000003d58
#
# JRE version: Java(TM) SE Runtime Environment (8.0_92-b14) (build 1.8.0_92-b14)
# Java VM: Java HotSpot(TM) 64-Bit Server VM (25.92-b14 mixed mode windows-amd64 compressed oops)
# Failed to write core dump. Minidumps are not enabled by default on client versions of Windows
#

---------------  T H R E A D  ---------------

Current thread (0x0000000016818800):  JavaThread "C2 CompilerThread1" daemon [_thread_in_native, id=15704, stack(0x0000000017bf0000,0x0000000017cf0000)]

Stack: [0x0000000017bf0000,0x0000000017cf0000]
[error occurred during error reporting (printing stack bounds), id 0xc0000005]

Native frames: (J=compiled Java code, j=interpreted, Vv=VM code, C=native code)


Current CompileTask:
C2:   3102  909       4       com.android.dx.ssa.back.LivenessAnalyzer::run (231 bytes)


---------------  P R O C E S S  ---------------

Java Threads: ( => current thread )
  0x0000000016880000 JavaThread "Service Thread" daemon [_thread_blocked, id=18472, stack(0x0000000017ef0000,0x0000000017ff0000)]
  0x000000001687c800 JavaThread "C1 CompilerThread3" daemon [_thread_blocked, id=10648, stack(0x0000000017df0000,0x0000000017ef0000)]
  0x0000000016878800 JavaThread "C2 CompilerThread2" daemon [_thread_in_native, id=14860, stack(0x0000000017cf0000,0x0000000017df0000)]
=>0x0000000016818800 JavaThread "C2 CompilerThread1" daemon [_thread_in_native, id=15704, stack(0x0000000017bf0000,0x0000000017cf0000)]
  0x0000000016812800 JavaThread "C2 CompilerThread0" daemon [_thread_in_native, id=18920, stack(0x0000000017af0000,0x0000000017bf0000)]
  0x0000000016811800 JavaThread "Attach Listener" daemon [_thread_blocked, id=1460, stack(0x00000000179f0000,0x0000000017af0000)]
  0x0000000016810800 JavaThread "Signal Dispatcher" daemon [_thread_blocked, id=18076, stack(0x00000000178f0000,0x00000000179f0000)]
  0x00000000167c1800 JavaThread "Finalizer" daemon [_thread_blocked, id=18332, stack(0x0000000017700000,0x0000000017800000)]
  0x0000000016796000 JavaThread "Reference Handler" daemon [_thread_blocked, id=18340, stack(0x0000000017600000,0x0000000017700000)]
  0x00000000027e7800 JavaThread "main" [_thread_in_Java, id=15764, stack(0x0000000002630000,0x0000000002730000)]

Other Threads:
  0x0000000015400000 VMThread [stack: 0x0000000017500000,0x0000000017600000] [id=7816]
  0x0000000016889800 WatcherThread [stack: 0x0000000017ff0000,0x00000000180f0000] [id=8768]

VM state:not at safepoint (normal execution)

VM Mutex/Monitor currently owned by a thread: None

Heap:
 PSYoungGen      total 38400K, used 30816K [0x00000000eab00000, 0x00000000ed580000, 0x0000000100000000)
  eden space 33280K, 92% used [0x00000000eab00000,0x00000000ec918258,0x00000000ecb80000)
  from space 5120K, 0% used [0x00000000ed080000,0x00000000ed080000,0x00000000ed580000)
  to   space 5120K, 0% used [0x00000000ecb80000,0x00000000ecb80000,0x00000000ed080000)
 ParOldGen       total 87552K, used 0K [0x00000000c0000000, 0x00000000c5580000, 0x00000000eab00000)
  object space 87552K, 0% used [0x00000000c0000000,0x00000000c0000000,0x00000000c5580000)
 Metaspace       used 5194K, capacity 6608K, committed 6784K, reserved 1056768K
  class space    used 531K, capacity 584K, committed 640K, reserved 1048576K

Card table byte_map: [0x0000000011ca0000,0x0000000011eb0000] byte_map_base: 0x00000000116a0000

Marking Bits: (ParMarkBitMap*) 0x000000006e7964f0
 Begin Bits: [0x0000000012810000, 0x0000000013810000)
 End Bits:   [0x0000000013810000, 0x0000000014810000)

Polling page: 0x0000000000860000

CodeCache: size=245760Kb used=3886Kb max_used=3888Kb free=241873Kb
 bounds [0x00000000028e0000, 0x0000000002cb0000, 0x00000000118e0000]
 total_blobs=1184 nmethods=925 adapters=170
 compilation: enabled

Compilation events (10 events):
Event: 3.063 Thread 0x000000001687c800 nmethod 923 0x0000000002ca6f10 code [0x0000000002ca70e0, 0x0000000002ca7a08]
Event: 3.063 Thread 0x000000001687c800  924       3       com.android.dx.ssa.InterferenceRegisterMapper::interferes (14 bytes)
Event: 3.064 Thread 0x000000001687c800 nmethod 924 0x0000000002c9e810 code [0x0000000002c9e9a0, 0x0000000002c9ee48]
Event: 3.065 Thread 0x000000001687c800  925       3       java.lang.Integer::bitCount (49 bytes)
Event: 3.065 Thread 0x000000001687c800 nmethod 925 0x0000000002c94850 code [0x0000000002c949a0, 0x0000000002c94b10]
Event: 3.066 Thread 0x0000000016878800  926       4       com.android.dx.ssa.NormalSsaInsn::accept (25 bytes)
Event: 3.077 Thread 0x000000001687c800  928       3       com.android.dx.util.Bits::or (24 bytes)
Event: 3.077 Thread 0x000000001687c800 nmethod 928 0x0000000002ca7e10 code [0x0000000002ca7f80, 0x0000000002ca8190]
Event: 3.095 Thread 0x0000000016812800 nmethod 903 0x0000000002cac890 code [0x0000000002cacb00, 0x0000000002cae438]
Event: 3.095 Thread 0x0000000016812800  927 %     4       com.android.dx.ssa.SsaMethod::forEachInsn @ 8 (36 bytes)

GC Heap History (0 events):
No events

Deoptimization events (9 events):
Event: 2.422 Thread 0x00000000027e7800 Uncommon trap: reason=unstable_if action=reinterpret pc=0x0000000002c0652c method=com.android.dx.ssa.Dominators.compress(Lcom/android/dx/ssa/SsaBasicBlock;)V @ 27
Event: 2.449 Thread 0x00000000027e7800 Uncommon trap: reason=unstable_if action=reinterpret pc=0x0000000002bea924 method=java.util.HashMap.getNode(ILjava/lang/Object;)Ljava/util/HashMap$Node; @ 129
Event: 2.449 Thread 0x00000000027e7800 Uncommon trap: reason=unstable_if action=reinterpret pc=0x0000000002c1678c method=java.util.HashMap.putVal(ILjava/lang/Object;Ljava/lang/Object;ZZ)Ljava/lang/Object; @ 193
Event: 2.449 Thread 0x00000000027e7800 Uncommon trap: reason=unstable_if action=reinterpret pc=0x0000000002ae2fbc method=java.util.HashMap.getNode(ILjava/lang/Object;)Ljava/util/HashMap$Node; @ 129
Event: 2.454 Thread 0x00000000027e7800 Uncommon trap: reason=unstable_if action=reinterpret pc=0x0000000002c1abc0 method=java.util.HashMap.putVal(ILjava/lang/Object;Ljava/lang/Object;ZZ)Ljava/lang/Object; @ 193
Event: 3.062 Thread 0x00000000027e7800 Uncommon trap: reason=class_check action=maybe_recompile pc=0x0000000002c46cd0 method=com.android.dx.ssa.NormalSsaInsn.accept(Lcom/android/dx/ssa/SsaInsn$Visitor;)V @ 9
Event: 3.062 Thread 0x00000000027e7800 Uncommon trap: reason=class_check action=maybe_recompile pc=0x0000000002c46cd0 method=com.android.dx.ssa.NormalSsaInsn.accept(Lcom/android/dx/ssa/SsaInsn$Visitor;)V @ 9
Event: 3.065 Thread 0x00000000027e7800 Uncommon trap: reason=class_check action=maybe_recompile pc=0x0000000002c46cd0 method=com.android.dx.ssa.NormalSsaInsn.accept(Lcom/android/dx/ssa/SsaInsn$Visitor;)V @ 9
Event: 3.065 Thread 0x00000000027e7800 Uncommon trap: reason=class_check action=maybe_recompile pc=0x0000000002c46cd0 method=com.android.dx.ssa.NormalSsaInsn.accept(Lcom/android/dx/ssa/SsaInsn$Visitor;)V @ 9

Internal exceptions (2 events):
Event: 0.372 Thread 0x00000000027e7800 Exception <a 'java/lang/NoSuchMethodError': Method sun.misc.Unsafe.defineClass(Ljava/lang/String;[BII)Ljava/lang/Class; name or signature does not match> (0x00000000eab07cc0) thrown at [D:\re\workspace\8-2-build-windows-amd64-cygwin\jdk8u92\6642\hotspot\srфЛиз?
Event: 0.373 Thread 0x00000000027e7800 Exception <a 'java/lang/NoSuchMethodError': Method sun.misc.Unsafe.prefetchRead(Ljava/lang/Object;J)V name or signature does not match> (0x00000000eab07fa8) thrown at [D:\re\workspace\8-2-build-windows-amd64-cygwin\jdk8u92\6642\hotspot\src\share\vm\prims\j

Events (10 events):
Event: 3.062 Thread 0x00000000027e7800 DEOPT UNPACKING pc=0x000000000292582a sp=0x000000000272df50 mode 2
Event: 3.062 Thread 0x00000000027e7800 Uncommon trap: trap_request=0xffffffde fr.pc=0x0000000002c46cd0
Event: 3.062 Thread 0x00000000027e7800 DEOPT PACKING pc=0x0000000002c46cd0 sp=0x000000000272df20
Event: 3.062 Thread 0x00000000027e7800 DEOPT UNPACKING pc=0x000000000292582a sp=0x000000000272df50 mode 2
Event: 3.065 Thread 0x00000000027e7800 Uncommon trap: trap_request=0xffffffde fr.pc=0x0000000002c46cd0
Event: 3.065 Thread 0x00000000027e7800 DEOPT PACKING pc=0x0000000002c46cd0 sp=0x000000000272df20
Event: 3.065 Thread 0x00000000027e7800 DEOPT UNPACKING pc=0x000000000292582a sp=0x000000000272df50 mode 2
Event: 3.065 Thread 0x00000000027e7800 Uncommon trap: trap_request=0xffffffde fr.pc=0x0000000002c46cd0
Event: 3.065 Thread 0x00000000027e7800 DEOPT PACKING pc=0x0000000002c46cd0 sp=0x000000000272df20
Event: 3.065 Thread 0x00000000027e7800 DEOPT UNPACKING pc=0x000000000292582a sp=0x000000000272df50 mode 2


Dynamic libraries:
0x00007ff604ac0000 - 0x00007ff604af7000 	C:\Program Files\Java\jdk1.8.0_92\bin\java.exe
0x00007ffed68d0000 - 0x00007ffed6aa1000 	C:\WINDOWS\SYSTEM32\ntdll.dll
0x00007ffed42d0000 - 0x00007ffed437b000 	C:\WINDOWS\System32\KERNEL32.DLL
0x00007ffed2e70000 - 0x00007ffed308d000 	C:\WINDOWS\System32\KERNELBASE.dll
0x00007ffed10e0000 - 0x00007ffed115a000 	C:\WINDOWS\system32\apphelp.dll
0x00007ffeaaa80000 - 0x00007ffeaaf02000 	C:\WINDOWS\AppPatch\AppPatch64\AcLayers.DLL
0x00007ffed4380000 - 0x00007ffed441e000 	C:\WINDOWS\System32\msvcrt.dll
0x00007ffed6680000 - 0x00007ffed67e5000 	C:\WINDOWS\System32\USER32.dll
0x00007ffed3270000 - 0x00007ffed328e000 	C:\WINDOWS\System32\win32u.dll
0x00007ffed6130000 - 0x00007ffed6164000 	C:\WINDOWS\System32\GDI32.dll
0x00007ffed3090000 - 0x00007ffed3212000 	C:\WINDOWS\System32\gdi32full.dll
0x00007ffed61f0000 - 0x00007ffed6242000 	C:\WINDOWS\System32\SHLWAPI.dll
0x00007ffed3e60000 - 0x00007ffed4127000 	C:\WINDOWS\System32\combase.dll
0x00007ffed3d40000 - 0x00007ffed3e35000 	C:\WINDOWS\System32\ucrtbase.dll
0x00007ffed4880000 - 0x00007ffed49a1000 	C:\WINDOWS\System32\RPCRT4.dll
0x00007ffed2e00000 - 0x00007ffed2e6a000 	C:\WINDOWS\System32\bcryptPrimitives.dll
0x0000000000310000 - 0x0000000000313000 	C:\WINDOWS\SYSTEM32\sfc.dll
0x00007ffecc640000 - 0x00007ffecc6c5000 	C:\WINDOWS\SYSTEM32\WINSPOOL.DRV
0x00007ffed2c50000 - 0x00007ffed2c7b000 	C:\WINDOWS\SYSTEM32\bcrypt.dll
0x00007ffeb7500000 - 0x00007ffeb7511000 	C:\WINDOWS\SYSTEM32\sfc_os.DLL
0x00007ffecb6d0000 - 0x00007ffecb6e1000 	C:\WINDOWS\SYSTEM32\SortWindows61.dll
0x00007ffed4580000 - 0x00007ffed45ae000 	C:\WINDOWS\System32\IMM32.DLL
0x00007ffed4b70000 - 0x00007ffed4c12000 	C:\WINDOWS\System32\ADVAPI32.dll
0x00007ffed4b10000 - 0x00007ffed4b69000 	C:\WINDOWS\System32\sechost.dll
0x00007ffecb2b0000 - 0x00007ffecb529000 	C:\WINDOWS\WinSxS\amd64_microsoft.windows.common-controls_6595b64144ccf1df_6.0.14393.0_none_2d0f50fcbdb171b8\COMCTL32.dll
0x000000006daf0000 - 0x000000006dbc2000 	C:\Program Files\Java\jdk1.8.0_92\jre\bin\msvcr100.dll
0x000000006df80000 - 0x000000006e816000 	C:\Program Files\Java\jdk1.8.0_92\jre\bin\server\jvm.dll
0x00007ffed3e50000 - 0x00007ffed3e58000 	C:\WINDOWS\System32\PSAPI.DLL
0x00007ffec5150000 - 0x00007ffec5159000 	C:\WINDOWS\SYSTEM32\WSOCK32.dll
0x00007ffed6180000 - 0x00007ffed61ea000 	C:\WINDOWS\System32\WS2_32.dll
0x00007ffed0fb0000 - 0x00007ffed0fd3000 	C:\WINDOWS\SYSTEM32\WINMM.dll
0x00007ffecfba0000 - 0x00007ffecfbaa000 	C:\WINDOWS\SYSTEM32\VERSION.dll
0x00007ffed0f50000 - 0x00007ffed0f7b000 	C:\WINDOWS\SYSTEM32\WINMMBASE.dll
0x00007ffed3220000 - 0x00007ffed3262000 	C:\WINDOWS\System32\cfgmgr32.dll
0x000000006df70000 - 0x000000006df7f000 	C:\Program Files\Java\jdk1.8.0_92\jre\bin\verify.dll
0x000000006df40000 - 0x000000006df69000 	C:\Program Files\Java\jdk1.8.0_92\jre\bin\java.dll
0x000000006df20000 - 0x000000006df36000 	C:\Program Files\Java\jdk1.8.0_92\jre\bin\zip.dll
0x00007ffed4c20000 - 0x00007ffed6128000 	C:\WINDOWS\System32\SHELL32.dll
0x00007ffed33e0000 - 0x00007ffed3aba000 	C:\WINDOWS\System32\windows.storage.dll
0x00007ffed2d20000 - 0x00007ffed2d6c000 	C:\WINDOWS\System32\powrprof.dll
0x00007ffed2d70000 - 0x00007ffed2d7f000 	C:\WINDOWS\System32\kernel.appcore.dll
0x00007ffed3ac0000 - 0x00007ffed3b69000 	C:\WINDOWS\System32\shcore.dll
0x00007ffed2d80000 - 0x00007ffed2d94000 	C:\WINDOWS\System32\profapi.dll

VM Arguments:
jvm_args: -Djava.awt.headless=true -Xmx1024M -Dfile.encoding=windows-1252 -Duser.country=US -Duser.language=en -Duser.variant 
java_command: com.android.dx.command.Main --dex --force-jumbo --multi-dex --output C:\Users\kikkos\AndroidStudioProjects\Udacity\Sunshine\app\build\intermediates\transforms\dex\debug\folders\1000\5\slice_4 C:\Users\kikkos\AndroidStudioProjects\Udacity\Sunshine\app\build\intermediates\transforms\instantRunSlicer\debug\folders\1\5\slice_4
java_class_path (initial): C:\Users\kikkos\AppData\Local\Android\sdk\build-tools\22.0.1\lib\dx.jar
Launcher Type: SUN_STANDARD

Environment Variables:
JAVA_HOME=C:\Program Files\Java\jdk1.8.0_92
PATH=C:\Program Files (x86)\Intel\iCLS Client\;C:\Program Files\Intel\iCLS Client\;C:\ProgramData\Oracle\Java\javapath;C:\Program Files\ImageMagick-6.8.9-Q16;C:\WINDOWS\system32;C:\WINDOWS;C:\WINDOWS\System32\Wbem;C:\Program Files\Lenovo\Bluetooth Software\;C:\Program Files\Lenovo\Bluetooth Software\syswow64;C:\Program Files\Intel\WiFi\bin\;C:\Program Files\Common Files\Intel\WirelessCommon\;C:\Program Files\Microsoft\Web Platform Installer\;C:\WINDOWS\System32\WindowsPowerShell\v1.0\;C:\Program Files\Microsoft SQL Server\110\Tools\Binn\;C:\Program Files\Sublime Text 2;C:\Program Files (x86)\Heroku\bin;C:\Program Files\Intel\Intel(R) Management Engine Components\DAL;C:\Program Files\Intel\Intel(R) Management Engine Components\IPT;C:\Program Files (x86)\Intel\Intel(R) Management Engine Components\DAL;C:\Program Files (x86)\Intel\Intel(R) Management Engine Components\IPT;C:\Program Files (x86)\NVIDIA Corporation\PhysX\Common;C:\WINDOWS\system32;C:\WINDOWS;C:\WINDOWS\System32\Wbem;C:\WINDOWS\System32\WindowsPowerShell\v1.0\;C:\Program Files (x86)\Skype\Phone\;C:\Ruby23-x64\bin;C:\Program Files (x86)\MySQL\MySQL Fabric 1.5 & MySQL Utilities 1.5\;C:\Program Files (x86)\MySQL\MySQL Fabric 1.5 & MySQL Utilities 1.5\Doctrine extensions for PHP\;C:\Program Files\MySQL\MySQL Server 5.7\bin;C:\RailsInstaller\Ruby2.2.0\bin;C:\Users\kikkos\AppData\Local\GitHub\PortableGit_d76a6a98c9315931ec4927243517bc09e9b731a0\cmd;C:\Ruby22-x64\bin;C:\Program Files (x86)\Heroku\ruby-1.9.3\bin;C:\Program Files\Intel\WiFi\bin\;C:\Program Files\Common Files\Intel\WirelessCommon\;C:\Program Files\MongoDB\Server\3.2\bin;C:\sqlite;%USERPROFILE%\AppData\Local\Microsoft\WindowsApps;
USERNAME=kikkos
OS=Windows_NT
PROCESSOR_IDENTIFIER=Intel64 Family 6 Model 42 Stepping 7, GenuineIntel



---------------  S Y S T E M  ---------------

OS: Windows 10.0 , 64 bit Build 14393 (10.0.14393.0)

CPU:total 8 (4 cores per cpu, 2 threads per core) family 6 model 42 stepping 7, cmov, cx8, fxsr, mmx, sse, sse2, sse3, ssse3, sse4.1, sse4.2, popcnt, avx, aes, clmul, ht, tsc, tscinvbit

Memory: 4k page, physical 8300684k(1877332k free), swap 8505484k(4064k free)

vm_info: Java HotSpot(TM) 64-Bit Server VM (25.92-b14) for windows-amd64 JRE (1.8.0_92-b14), built on Mar 31 2016 21:03:04 by "java_re" with MS VC++ 10.0 (VS2010)

time: Fri Oct 14 20:51:21 2016
elapsed time: 3 seconds (0d 0h 0m 3s)

