#
# There is insufficient memory for the Java Runtime Environment to continue.
# Native memory allocation (malloc) failed to allocate 1048576 bytes for AllocateHeap
# Possible reasons:
#   The system is out of physical RAM or swap space
#   In 32 bit mode, the process size limit was hit
# Possible solutions:
#   Reduce memory load on the system
#   Increase physical memory or swap space
#   Check if swap backing store is full
#   Use 64 bit Java on a 64 bit OS
#   Decrease Java heap size (-Xmx/-Xms)
#   Decrease number of Java threads
#   Decrease Java thread stack sizes (-Xss)
#   Set larger code cache with -XX:ReservedCodeCacheSize=
# This output file may be truncated or incomplete.
#
#  Out of Memory Error (memory/allocation.inline.hpp:61), pid=15388, tid=0x0000000000003c64
#
# JRE version:  (8.0_92-b14) (build )
# Java VM: Java HotSpot(TM) 64-Bit Server VM (25.92-b14 mixed mode windows-amd64 compressed oops)
# Failed to write core dump. Minidumps are not enabled by default on client versions of Windows
#

---------------  T H R E A D  ---------------

Current thread (0x0000000002317800):  JavaThread "Unknown thread" [_thread_in_vm, id=15460, stack(0x0000000002210000,0x0000000002310000)]

Stack: [0x0000000002210000,0x0000000002310000]
[error occurred during error reporting (printing stack bounds), id 0xc0000005]

Native frames: (J=compiled Java code, j=interpreted, Vv=VM code, C=native code)


---------------  P R O C E S S  ---------------

Java Threads: ( => current thread )

Other Threads:

=>0x0000000002317800 (exited) JavaThread "Unknown thread" [_thread_in_vm, id=15460, stack(0x0000000002210000,0x0000000002310000)]

VM state:not at safepoint (normal execution)

VM Mutex/Monitor currently owned by a thread: None

Heap:
 PSYoungGen      total 38400K, used 665K [0x00000000eab00000, 0x00000000ed580000, 0x0000000100000000)
  eden space 33280K, 2% used [0x00000000eab00000,0x00000000eaba6670,0x00000000ecb80000)
  from space 5120K, 0% used [0x00000000ed080000,0x00000000ed080000,0x00000000ed580000)
  to   space 5120K, 0% used [0x00000000ecb80000,0x00000000ecb80000,0x00000000ed080000)
 ParOldGen       total 87552K, used 0K [0x00000000c0000000, 0x00000000c5580000, 0x00000000eab00000)
  object space 87552K, 0% used [0x00000000c0000000,0x00000000c0000000,0x00000000c5580000)
 Metaspace       used 769K, capacity 4480K, committed 4480K, reserved 1056768K
  class space    used 75K, capacity 384K, committed 384K, reserved 1048576K

Card table byte_map: [0x00000000027d0000,0x00000000029e0000] byte_map_base: 0x00000000021d0000

Marking Bits: (ParMarkBitMap*) 0x00000000561c64f0
 Begin Bits: [0x0000000003340000, 0x0000000004340000)
 End Bits:   [0x0000000004340000, 0x0000000005340000)

Polling page: 0x00000000005b0000

CodeCache: size=245760Kb used=328Kb max_used=328Kb free=245431Kb
 bounds [0x000000000f010000, 0x000000000f280000, 0x000000001e010000]
 total_blobs=58 nmethods=0 adapters=38
 compilation: enabled

Compilation events (0 events):
No events

GC Heap History (0 events):
No events

Deoptimization events (0 events):
No events

Internal exceptions (0 events):
No events

Events (10 events):
Event: 0.100 loading class java/lang/Short
Event: 0.101 loading class java/lang/Short done
Event: 0.101 loading class java/lang/Integer
Event: 0.101 loading class java/lang/Integer done
Event: 0.101 loading class java/lang/Long
Event: 0.101 loading class java/lang/Long done
Event: 0.103 loading class java/lang/NullPointerException
Event: 0.103 loading class java/lang/NullPointerException done
Event: 0.103 loading class java/lang/ArithmeticException
Event: 0.103 loading class java/lang/ArithmeticException done


Dynamic libraries:
0x00007ff667870000 - 0x00007ff6678a7000 	C:\Program Files\Java\jdk1.8.0_92\bin\java.exe
0x00007ffa65e20000 - 0x00007ffa65fe1000 	C:\WINDOWS\SYSTEM32\ntdll.dll
0x00007ffa659e0000 - 0x00007ffa65a8d000 	C:\WINDOWS\system32\KERNEL32.DLL
0x00007ffa625b0000 - 0x00007ffa62798000 	C:\WINDOWS\system32\KERNELBASE.dll
0x0000000056250000 - 0x0000000056301000 	C:\Program Files\Bitdefender\Bitdefender 2016\Active Virus Control\Avc3_00362_035\avcuf64.dll
0x00007ffa60bc0000 - 0x00007ffa60c39000 	C:\WINDOWS\system32\apphelp.dll
0x00007ffa377a0000 - 0x00007ffa37c23000 	C:\WINDOWS\AppPatch\AppPatch64\AcLayers.DLL
0x00007ffa63ff0000 - 0x00007ffa6408d000 	C:\WINDOWS\system32\msvcrt.dll
0x00007ffa639d0000 - 0x00007ffa63b26000 	C:\WINDOWS\system32\USER32.dll
0x00007ffa637e0000 - 0x00007ffa63966000 	C:\WINDOWS\system32\GDI32.dll
0x00007ffa63200000 - 0x00007ffa63252000 	C:\WINDOWS\system32\SHLWAPI.dll
0x00007ffa632c0000 - 0x00007ffa6353d000 	C:\WINDOWS\system32\combase.dll
0x00007ffa65ba0000 - 0x00007ffa65cbc000 	C:\WINDOWS\system32\RPCRT4.dll
0x00007ffa62a80000 - 0x00007ffa62aea000 	C:\WINDOWS\system32\bcryptPrimitives.dll
0x0000000000c00000 - 0x0000000000c03000 	C:\WINDOWS\SYSTEM32\sfc.dll
0x00007ffa5d790000 - 0x00007ffa5d814000 	C:\WINDOWS\SYSTEM32\WINSPOOL.DRV
0x00007ffa62020000 - 0x00007ffa62049000 	C:\WINDOWS\SYSTEM32\bcrypt.dll
0x00007ffa548e0000 - 0x00007ffa548f1000 	C:\WINDOWS\SYSTEM32\sfc_os.DLL
0x00007ffa55570000 - 0x00007ffa55581000 	C:\WINDOWS\SYSTEM32\SortWindows61.dll
0x00007ffa657e0000 - 0x00007ffa6581b000 	C:\WINDOWS\system32\IMM32.DLL
0x00007ffa61680000 - 0x00007ffa616b1000 	C:\Windows\system32\nvinitx.dll
0x00007ffa63540000 - 0x00007ffa635e7000 	C:\WINDOWS\system32\ADVAPI32.dll
0x00007ffa63b60000 - 0x00007ffa63bbb000 	C:\WINDOWS\system32\sechost.dll
0x00007ffa61670000 - 0x00007ffa6167a000 	C:\WINDOWS\SYSTEM32\VERSION.dll
0x000000000f000000 - 0x000000000f006000 	C:\Program Files\NVIDIA Corporation\CoProcManager\_etoured.dll
0x00007ffa5eea0000 - 0x00007ffa5eed3000 	C:\Program Files\NVIDIA Corporation\CoProcManager\nvd3d9wrapx.dll
0x00007ffa63bc0000 - 0x00007ffa63fe9000 	C:\WINDOWS\system32\SETUPAPI.dll
0x00007ffa62560000 - 0x00007ffa625a3000 	C:\WINDOWS\system32\CFGMGR32.dll
0x00007ffa5ee70000 - 0x00007ffa5ee92000 	C:\Program Files\NVIDIA Corporation\CoProcManager\nvdxgiwrapx.dll
0x00007ffa5dbb0000 - 0x00007ffa5de24000 	C:\WINDOWS\WinSxS\amd64_microsoft.windows.common-controls_6595b64144ccf1df_6.0.10586.0_none_8c15ae12515e1c22\COMCTL32.dll
0x0000000055550000 - 0x0000000055622000 	C:\Program Files\Java\jdk1.8.0_92\jre\bin\msvcr100.dll
0x00000000559b0000 - 0x0000000056246000 	C:\Program Files\Java\jdk1.8.0_92\jre\bin\server\jvm.dll
0x00007ffa63b50000 - 0x00007ffa63b58000 	C:\WINDOWS\system32\PSAPI.DLL
0x00007ffa54bd0000 - 0x00007ffa54bd9000 	C:\WINDOWS\SYSTEM32\WSOCK32.dll
0x00007ffa65600000 - 0x00007ffa6566b000 	C:\WINDOWS\system32\WS2_32.dll
0x00007ffa60620000 - 0x00007ffa60643000 	C:\WINDOWS\SYSTEM32\WINMM.dll
0x00007ffa605f0000 - 0x00007ffa6061c000 	C:\WINDOWS\SYSTEM32\WINMMBASE.dll
0x0000000056350000 - 0x000000005635f000 	C:\Program Files\Java\jdk1.8.0_92\jre\bin\verify.dll
0x0000000056320000 - 0x0000000056349000 	C:\Program Files\Java\jdk1.8.0_92\jre\bin\java.dll
0x0000000055990000 - 0x00000000559a6000 	C:\Program Files\Java\jdk1.8.0_92\jre\bin\zip.dll

VM Arguments:
jvm_args: -Djava.awt.headless=true -Xmx1024M -Dfile.encoding=windows-1252 -Duser.country=US -Duser.language=en -Duser.variant 
java_command: com.android.dx.command.Main --dex --force-jumbo --multi-dex --output C:\Users\kikkos\AndroidStudioProjects\Udacity\Sunshine\app\build\intermediates\transforms\dex\debug\folders\1000\10\com.android.support-support-vector-drawable-23.4.0_1e17270db11dcc4c4e036f9d508c1ed1205cc38d C:\Users\kikkos\AndroidStudioProjects\Udacity\Sunshine\app\build\intermediates\exploded-aar\com.android.support\support-vector-drawable\23.4.0\jars\classes.jar
java_class_path (initial): C:\Users\kikkos\AppData\Local\Android\sdk\build-tools\22.0.1\lib\dx.jar
Launcher Type: SUN_STANDARD

Environment Variables:
JAVA_HOME=C:\Program Files\Java\jdk1.8.0_92
PATH=C:\Program Files (x86)\Intel\iCLS Client\;C:\Program Files\Intel\iCLS Client\;C:\ProgramData\Oracle\Java\javapath;C:\Program Files\ImageMagick-6.8.9-Q16;C:\WINDOWS\system32;C:\WINDOWS;C:\WINDOWS\System32\Wbem;C:\Program Files\Lenovo\Bluetooth Software\;C:\Program Files\Lenovo\Bluetooth Software\syswow64;C:\Program Files\Intel\WiFi\bin\;C:\Program Files\Common Files\Intel\WirelessCommon\;C:\Program Files\Microsoft\Web Platform Installer\;C:\WINDOWS\System32\WindowsPowerShell\v1.0\;C:\Program Files\Microsoft SQL Server\110\Tools\Binn\;C:\Program Files\Sublime Text 2;C:\Program Files (x86)\Heroku\bin;C:\Program Files\Intel\Intel(R) Management Engine Components\DAL;C:\Program Files\Intel\Intel(R) Management Engine Components\IPT;C:\Program Files (x86)\Intel\Intel(R) Management Engine Components\DAL;C:\Program Files (x86)\Intel\Intel(R) Management Engine Components\IPT;C:\Program Files (x86)\NVIDIA Corporation\PhysX\Common;C:\WINDOWS\system32;C:\WINDOWS;C:\WINDOWS\System32\Wbem;C:\WINDOWS\System32\WindowsPowerShell\v1.0\;C:\Program Files (x86)\Skype\Phone\;C:\Ruby23-x64\bin;C:\Program Files (x86)\MySQL\MySQL Fabric 1.5 & MySQL Utilities 1.5\;C:\Program Files (x86)\MySQL\MySQL Fabric 1.5 & MySQL Utilities 1.5\Doctrine extensions for PHP\;C:\Program Files\MySQL\MySQL Server 5.7\bin;C:\RailsInstaller\Ruby2.2.0\bin;C:\Users\kikkos\AppData\Local\GitHub\PortableGit_d76a6a98c9315931ec4927243517bc09e9b731a0\cmd;C:\Ruby22-x64\bin;C:\Program Files (x86)\Heroku\ruby-1.9.3\bin;C:\Program Files\Intel\WiFi\bin\;C:\Program Files\Common Files\Intel\WirelessCommon\
USERNAME=kikkos
OS=Windows_NT
PROCESSOR_IDENTIFIER=Intel64 Family 6 Model 42 Stepping 7, GenuineIntel



---------------  S Y S T E M  ---------------

OS: Windows 10.0 , 64 bit Build 10586 (10.0.10586.0)

CPU:total 8 (4 cores per cpu, 2 threads per core) family 6 model 42 stepping 7, cmov, cx8, fxsr, mmx, sse, sse2, sse3, ssse3, sse4.1, sse4.2, popcnt, avx, aes, clmul, ht, tsc, tscinvbit

Memory: 4k page, physical 8300684k(2169880k free), swap 8505484k(4520k free)

vm_info: Java HotSpot(TM) 64-Bit Server VM (25.92-b14) for windows-amd64 JRE (1.8.0_92-b14), built on Mar 31 2016 21:03:04 by "java_re" with MS VC++ 10.0 (VS2010)

time: Thu Jun 16 20:17:53 2016
elapsed time: 0 seconds (0d 0h 0m 0s)

