#
# There is insufficient memory for the Java Runtime Environment to continue.
# Native memory allocation (malloc) failed to allocate 494496 bytes for Chunk::new
# Possible reasons:
#   The system is out of physical RAM or swap space
#   In 32 bit mode, the process size limit was hit
# Possible solutions:
#   Reduce memory load on the system
#   Increase physical memory or swap space
#   Check if swap backing store is full
#   Use 64 bit Java on a 64 bit OS
#   Decrease Java heap size (-Xmx/-Xms)
#   Decrease number of Java threads
#   Decrease Java thread stack sizes (-Xss)
#   Set larger code cache with -XX:ReservedCodeCacheSize=
# This output file may be truncated or incomplete.
#
#  Out of Memory Error (allocation.cpp:390), pid=14904, tid=0x0000000000001768
#
# JRE version: Java(TM) SE Runtime Environment (8.0_92-b14) (build 1.8.0_92-b14)
# Java VM: Java HotSpot(TM) 64-Bit Server VM (25.92-b14 mixed mode windows-amd64 compressed oops)
# Failed to write core dump. Minidumps are not enabled by default on client versions of Windows
#

---------------  T H R E A D  ---------------

Current thread (0x0000000016b78800):  JavaThread "C2 CompilerThread1" daemon [_thread_in_native, id=5992, stack(0x0000000017f60000,0x0000000018060000)]

Stack: [0x0000000017f60000,0x0000000018060000]
[error occurred during error reporting (printing stack bounds), id 0xc0000005]

Native frames: (J=compiled Java code, j=interpreted, Vv=VM code, C=native code)


Current CompileTask:
C2:   3775 1507       4       com.android.dx.rop.code.Rops::ropFor (771 bytes)


---------------  P R O C E S S  ---------------

Java Threads: ( => current thread )
  0x0000000016c14000 JavaThread "Service Thread" daemon [_thread_blocked, id=14252, stack(0x0000000018260000,0x0000000018360000)]
  0x0000000016b86000 JavaThread "C1 CompilerThread3" daemon [_thread_blocked, id=2324, stack(0x0000000018160000,0x0000000018260000)]
  0x0000000016b82000 JavaThread "C2 CompilerThread2" daemon [_thread_in_native, id=4520, stack(0x0000000018060000,0x0000000018160000)]
=>0x0000000016b78800 JavaThread "C2 CompilerThread1" daemon [_thread_in_native, id=5992, stack(0x0000000017f60000,0x0000000018060000)]
  0x0000000016b72800 JavaThread "C2 CompilerThread0" daemon [_thread_blocked, id=15400, stack(0x0000000017e60000,0x0000000017f60000)]
  0x0000000016b71800 JavaThread "Attach Listener" daemon [_thread_blocked, id=13392, stack(0x0000000017d60000,0x0000000017e60000)]
  0x0000000016b70800 JavaThread "Signal Dispatcher" daemon [_thread_blocked, id=11288, stack(0x0000000017c60000,0x0000000017d60000)]
  0x0000000016b28000 JavaThread "Finalizer" daemon [_thread_blocked, id=14724, stack(0x0000000017a70000,0x0000000017b70000)]
  0x0000000016af6000 JavaThread "Reference Handler" daemon [_thread_blocked, id=8756, stack(0x0000000017970000,0x0000000017a70000)]
  0x0000000002b57800 JavaThread "main" [_thread_in_Java, id=15676, stack(0x0000000002950000,0x0000000002a50000)]

Other Threads:
  0x000000001578f800 VMThread [stack: 0x0000000017870000,0x0000000017970000] [id=6996]
  0x0000000016c1b800 WatcherThread [stack: 0x0000000018360000,0x0000000018460000] [id=5444]

VM state:not at safepoint (normal execution)

VM Mutex/Monitor currently owned by a thread: None

Heap:
 PSYoungGen      total 38400K, used 24089K [0x00000000eab00000, 0x00000000ef600000, 0x0000000100000000)
  eden space 33280K, 57% used [0x00000000eab00000,0x00000000ebd86c38,0x00000000ecb80000)
  from space 5120K, 99% used [0x00000000ecb80000,0x00000000ed07f9f8,0x00000000ed080000)
  to   space 5120K, 0% used [0x00000000ef100000,0x00000000ef100000,0x00000000ef600000)
 ParOldGen       total 87552K, used 1687K [0x00000000c0000000, 0x00000000c5580000, 0x00000000eab00000)
  object space 87552K, 1% used [0x00000000c0000000,0x00000000c01a5ee8,0x00000000c5580000)
 Metaspace       used 5859K, capacity 7024K, committed 7296K, reserved 1056768K
  class space    used 567K, capacity 616K, committed 640K, reserved 1048576K

Card table byte_map: [0x0000000012010000,0x0000000012220000] byte_map_base: 0x0000000011a10000

Marking Bits: (ParMarkBitMap*) 0x00000000542364f0
 Begin Bits: [0x0000000012b80000, 0x0000000013b80000)
 End Bits:   [0x0000000013b80000, 0x0000000014b80000)

Polling page: 0x0000000002900000

CodeCache: size=245760Kb used=7013Kb max_used=7029Kb free=238746Kb
 bounds [0x0000000002c50000, 0x0000000003340000, 0x0000000011c50000]
 total_blobs=1776 nmethods=1511 adapters=178
 compilation: enabled

Compilation events (10 events):
Event: 3.669 Thread 0x0000000016b86000 nmethod 1515 0x00000000032e7850 code [0x00000000032e79e0, 0x00000000032e7d18]
Event: 3.669 Thread 0x0000000016b86000 1511       3       com.android.dx.rop.code.Rops::opPutField (97 bytes)
Event: 3.670 Thread 0x0000000016b86000 nmethod 1511 0x00000000032bb190 code [0x00000000032bb3c0, 0x00000000032bc038]
Event: 3.715 Thread 0x0000000016b78800 nmethod 1501 0x000000000332b410 code [0x000000000332bfa0, 0x000000000332e688]
Event: 3.715 Thread 0x0000000016b78800 1513       4       com.android.dx.rop.type.Type::equals (31 bytes)
Event: 3.719 Thread 0x0000000016b78800 nmethod 1513 0x00000000032e74d0 code [0x00000000032e7620, 0x00000000032e7798]
Event: 3.719 Thread 0x0000000016b78800 1507       4       com.android.dx.rop.code.Rops::ropFor (771 bytes)
Event: 3.734 Thread 0x0000000016b72800 nmethod 1514 0x0000000003331a90 code [0x0000000003331ce0, 0x00000000033331f0]
Event: 3.734 Thread 0x0000000016b72800 1509       4       com.android.dx.cf.code.BaseMachine::resultCount (22 bytes)
Event: 3.734 Thread 0x0000000016b72800 nmethod 1509 0x0000000003228cd0 code [0x0000000003228e00, 0x0000000003228e78]

GC Heap History (2 events):
Event: 2.368 GC heap before
{Heap before GC invocations=1 (full 0):
 PSYoungGen      total 38400K, used 33280K [0x00000000eab00000, 0x00000000ed580000, 0x0000000100000000)
  eden space 33280K, 100% used [0x00000000eab00000,0x00000000ecb80000,0x00000000ecb80000)
  from space 5120K, 0% used [0x00000000ed080000,0x00000000ed080000,0x00000000ed580000)
  to   space 5120K, 0% used [0x00000000ecb80000,0x00000000ecb80000,0x00000000ed080000)
 ParOldGen       total 87552K, used 0K [0x00000000c0000000, 0x00000000c5580000, 0x00000000eab00000)
  object space 87552K, 0% used [0x00000000c0000000,0x00000000c0000000,0x00000000c5580000)
 Metaspace       used 5796K, capacity 7024K, committed 7296K, reserved 1056768K
  class space    used 566K, capacity 616K, committed 640K, reserved 1048576K
Event: 2.510 GC heap after
Heap after GC invocations=1 (full 0):
 PSYoungGen      total 38400K, used 5118K [0x00000000eab00000, 0x00000000ef600000, 0x0000000100000000)
  eden space 33280K, 0% used [0x00000000eab00000,0x00000000eab00000,0x00000000ecb80000)
  from space 5120K, 99% used [0x00000000ecb80000,0x00000000ed07f9f8,0x00000000ed080000)
  to   space 5120K, 0% used [0x00000000ef100000,0x00000000ef100000,0x00000000ef600000)
 ParOldGen       total 87552K, used 1687K [0x00000000c0000000, 0x00000000c5580000, 0x00000000eab00000)
  object space 87552K, 1% used [0x00000000c0000000,0x00000000c01a5ee8,0x00000000c5580000)
 Metaspace       used 5796K, capacity 7024K, committed 7296K, reserved 1056768K
  class space    used 566K, capacity 616K, committed 640K, reserved 1048576K
}

Deoptimization events (10 events):
Event: 2.032 Thread 0x0000000002b57800 Uncommon trap: reason=unstable_if action=reinterpret pc=0x0000000002f44b98 method=com.android.dx.rop.code.RegisterSpec.equals(ILcom/android/dx/rop/type/TypeBearer;Lcom/android/dx/rop/code/LocalItem;)Z @ 42
Event: 2.338 Thread 0x0000000002b57800 Uncommon trap: reason=unstable_if action=reinterpret pc=0x00000000031fbcb8 method=com.android.dx.ssa.SsaRenamer$BlockRenamer.visitMoveInsn(Lcom/android/dx/ssa/NormalSsaInsn;)V @ 104
Event: 2.529 Thread 0x0000000002b57800 Uncommon trap: reason=unstable_if action=reinterpret pc=0x000000000300691c method=com.android.dx.rop.cst.Constant.compareTo(Lcom/android/dx/rop/cst/Constant;)I @ 12
Event: 2.602 Thread 0x0000000002b57800 Uncommon trap: reason=bimorphic action=maybe_recompile pc=0x000000000318acf0 method=com.android.dx.cf.code.BytecodeArray.parseInstruction(ILcom/android/dx/cf/code/BytecodeArray$Visitor;)I @ 1130
Event: 2.602 Thread 0x0000000002b57800 Uncommon trap: reason=bimorphic action=maybe_recompile pc=0x000000000318a8c8 method=com.android.dx.cf.code.BytecodeArray.parseInstruction(ILcom/android/dx/cf/code/BytecodeArray$Visitor;)I @ 907
Event: 2.602 Thread 0x0000000002b57800 Uncommon trap: reason=bimorphic action=maybe_recompile pc=0x000000000318a94c method=com.android.dx.cf.code.BytecodeArray.parseInstruction(ILcom/android/dx/cf/code/BytecodeArray$Visitor;)I @ 923
Event: 2.602 Thread 0x0000000002b57800 Uncommon trap: reason=bimorphic action=maybe_recompile pc=0x000000000318a94c method=com.android.dx.cf.code.BytecodeArray.parseInstruction(ILcom/android/dx/cf/code/BytecodeArray$Visitor;)I @ 923
Event: 3.419 Thread 0x0000000002b57800 Uncommon trap: reason=unstable_if action=reinterpret pc=0x000000000308d0fc method=com.android.dx.util.IntList.binarysearch(I)I @ 105
Event: 3.620 Thread 0x0000000002b57800 Uncommon trap: reason=unstable_if action=reinterpret pc=0x00000000032c46b0 method=com.android.dx.cf.code.RopperMachine.run(Lcom/android/dx/cf/code/Frame;II)V @ 1250
Event: 3.634 Thread 0x0000000002b57800 Uncommon trap: reason=bimorphic action=maybe_recompile pc=0x00000000031ddfb4 method=com.android.dx.ssa.LiteralOpUpgrader.tryReplacingWithConstant(Lcom/android/dx/ssa/NormalSsaInsn;)Z @ 52

Internal exceptions (2 events):
Event: 0.185 Thread 0x0000000002b57800 Exception <a 'java/lang/NoSuchMethodError': Method sun.misc.Unsafe.defineClass(Ljava/lang/String;[BII)Ljava/lang/Class; name or signature does not match> (0x00000000eab07cc0) thrown at [D:\re\workspace\8-2-build-windows-amd64-cygwin\jdk8u92\6642\hotspot\srç∂qï\£«?
Event: 0.185 Thread 0x0000000002b57800 Exception <a 'java/lang/NoSuchMethodError': Method sun.misc.Unsafe.prefetchRead(Ljava/lang/Object;J)V name or signature does not match> (0x00000000eab07fa8) thrown at [D:\re\workspace\8-2-build-windows-amd64-cygwin\jdk8u92\6642\hotspot\src\share\vm\prims\j

Events (10 events):
Event: 2.994 loading class com/android/dx/cf/attrib/AttExceptions done
Event: 3.419 Thread 0x0000000002b57800 Uncommon trap: trap_request=0xffffff65 fr.pc=0x000000000308d0fc
Event: 3.419 Thread 0x0000000002b57800 DEOPT PACKING pc=0x000000000308d0fc sp=0x0000000002a4e550
Event: 3.419 Thread 0x0000000002b57800 DEOPT UNPACKING pc=0x0000000002c9582a sp=0x0000000002a4e4c8 mode 2
Event: 3.620 Thread 0x0000000002b57800 Uncommon trap: trap_request=0xffffff65 fr.pc=0x00000000032c46b0
Event: 3.620 Thread 0x0000000002b57800 DEOPT PACKING pc=0x00000000032c46b0 sp=0x0000000002a4e1a0
Event: 3.620 Thread 0x0000000002b57800 DEOPT UNPACKING pc=0x0000000002c9582a sp=0x0000000002a4e168 mode 2
Event: 3.634 Thread 0x0000000002b57800 Uncommon trap: trap_request=0xffffffc6 fr.pc=0x00000000031ddfb4
Event: 3.634 Thread 0x0000000002b57800 DEOPT PACKING pc=0x00000000031ddfb4 sp=0x0000000002a4e620
Event: 3.634 Thread 0x0000000002b57800 DEOPT UNPACKING pc=0x0000000002c9582a sp=0x0000000002a4e508 mode 2


Dynamic libraries:
0x00007ff7ba670000 - 0x00007ff7ba6a7000 	C:\Program Files\Java\jdk1.8.0_92\bin\java.exe
0x00007ffb03ca0000 - 0x00007ffb03e71000 	C:\WINDOWS\SYSTEM32\ntdll.dll
0x00007ffb01210000 - 0x00007ffb012bb000 	C:\WINDOWS\System32\KERNEL32.DLL
0x00007ffb00ef0000 - 0x00007ffb0110d000 	C:\WINDOWS\System32\KERNELBASE.dll
0x00007ffafe630000 - 0x00007ffafe6aa000 	C:\WINDOWS\system32\apphelp.dll
0x00007ffae61f0000 - 0x00007ffae6672000 	C:\WINDOWS\AppPatch\AppPatch64\AcLayers.DLL
0x00007ffb01300000 - 0x00007ffb0139e000 	C:\WINDOWS\System32\msvcrt.dll
0x00007ffb01690000 - 0x00007ffb017f5000 	C:\WINDOWS\System32\USER32.dll
0x00007ffb00d00000 - 0x00007ffb00d1e000 	C:\WINDOWS\System32\win32u.dll
0x00007ffb012c0000 - 0x00007ffb012f4000 	C:\WINDOWS\System32\GDI32.dll
0x00007ffb00b70000 - 0x00007ffb00cf2000 	C:\WINDOWS\System32\gdi32full.dll
0x00007ffb01db0000 - 0x00007ffb01e02000 	C:\WINDOWS\System32\SHLWAPI.dll
0x00007ffb03320000 - 0x00007ffb035e7000 	C:\WINDOWS\System32\combase.dll
0x00007ffb01110000 - 0x00007ffb01205000 	C:\WINDOWS\System32\ucrtbase.dll
0x00007ffb013a0000 - 0x00007ffb014c1000 	C:\WINDOWS\System32\RPCRT4.dll
0x00007ffb00e80000 - 0x00007ffb00eea000 	C:\WINDOWS\System32\bcryptPrimitives.dll
0x0000000000760000 - 0x0000000000763000 	C:\WINDOWS\SYSTEM32\sfc.dll
0x00007ffaf9dc0000 - 0x00007ffaf9e45000 	C:\WINDOWS\SYSTEM32\WINSPOOL.DRV
0x00007ffb00020000 - 0x00007ffb0004b000 	C:\WINDOWS\SYSTEM32\bcrypt.dll
0x00007ffaee500000 - 0x00007ffaee511000 	C:\WINDOWS\SYSTEM32\sfc_os.DLL
0x00007ffaf6090000 - 0x00007ffaf60a1000 	C:\WINDOWS\SYSTEM32\SortWindows61.dll
0x00007ffb015b0000 - 0x00007ffb015de000 	C:\WINDOWS\System32\IMM32.DLL
0x00007ffb015e0000 - 0x00007ffb01682000 	C:\WINDOWS\System32\ADVAPI32.dll
0x00007ffb01800000 - 0x00007ffb01859000 	C:\WINDOWS\System32\sechost.dll
0x00007ffafa2b0000 - 0x00007ffafa529000 	C:\WINDOWS\WinSxS\amd64_microsoft.windows.common-controls_6595b64144ccf1df_6.0.14393.0_none_2d0f50fcbdb171b8\COMCTL32.dll
0x0000000053590000 - 0x0000000053662000 	C:\Program Files\Java\jdk1.8.0_92\jre\bin\msvcr100.dll
0x0000000053a20000 - 0x00000000542b6000 	C:\Program Files\Java\jdk1.8.0_92\jre\bin\server\jvm.dll
0x00007ffb014d0000 - 0x00007ffb014d8000 	C:\WINDOWS\System32\PSAPI.DLL
0x00007ffaf2060000 - 0x00007ffaf2069000 	C:\WINDOWS\SYSTEM32\WSOCK32.dll
0x00007ffb01540000 - 0x00007ffb015aa000 	C:\WINDOWS\System32\WS2_32.dll
0x00007ffafdf10000 - 0x00007ffafdf33000 	C:\WINDOWS\SYSTEM32\WINMM.dll
0x00007ffafce00000 - 0x00007ffafce0a000 	C:\WINDOWS\SYSTEM32\VERSION.dll
0x00007ffafdeb0000 - 0x00007ffafdedb000 	C:\WINDOWS\SYSTEM32\WINMMBASE.dll
0x00007ffb00d20000 - 0x00007ffb00d62000 	C:\WINDOWS\System32\cfgmgr32.dll
0x0000000054bc0000 - 0x0000000054bcf000 	C:\Program Files\Java\jdk1.8.0_92\jre\bin\verify.dll
0x00000000539f0000 - 0x0000000053a19000 	C:\Program Files\Java\jdk1.8.0_92\jre\bin\java.dll
0x00000000539d0000 - 0x00000000539e6000 	C:\Program Files\Java\jdk1.8.0_92\jre\bin\zip.dll
0x00007ffb01e10000 - 0x00007ffb03318000 	C:\WINDOWS\System32\SHELL32.dll
0x00007ffb00170000 - 0x00007ffb0084a000 	C:\WINDOWS\System32\windows.storage.dll
0x00007ffb00120000 - 0x00007ffb0016c000 	C:\WINDOWS\System32\powrprof.dll
0x00007ffb000e0000 - 0x00007ffb000ef000 	C:\WINDOWS\System32\kernel.appcore.dll
0x00007ffb00ac0000 - 0x00007ffb00b69000 	C:\WINDOWS\System32\shcore.dll
0x00007ffb00100000 - 0x00007ffb00114000 	C:\WINDOWS\System32\profapi.dll

VM Arguments:
jvm_args: -Djava.awt.headless=true -Xmx1024M -Dfile.encoding=windows-1252 -Duser.country=US -Duser.language=en -Duser.variant 
java_command: com.android.dx.command.Main --dex --force-jumbo --multi-dex --output C:\Users\kikkos\AndroidStudioProjects\Udacity\Sunshine\app\build\intermediates\transforms\dex\debug\folders\1000\10\com.android.support-appcompat-v7-23.4.0_d8755b5c59a836c358c95117feb65e0d91caedaf C:\Users\kikkos\AndroidStudioProjects\Udacity\Sunshine\app\build\intermediates\exploded-aar\com.android.support\appcompat-v7\23.4.0\jars\classes.jar
java_class_path (initial): C:\Users\kikkos\AppData\Local\Android\sdk\build-tools\22.0.1\lib\dx.jar
Launcher Type: SUN_STANDARD

Environment Variables:
JAVA_HOME=C:\Program Files\Java\jdk1.8.0_92
PATH=C:\Program Files (x86)\Intel\iCLS Client\;C:\Program Files\Intel\iCLS Client\;C:\ProgramData\Oracle\Java\javapath;C:\Program Files\ImageMagick-6.8.9-Q16;C:\WINDOWS\system32;C:\WINDOWS;C:\WINDOWS\System32\Wbem;C:\Program Files\Lenovo\Bluetooth Software\;C:\Program Files\Lenovo\Bluetooth Software\syswow64;C:\Program Files\Intel\WiFi\bin\;C:\Program Files\Common Files\Intel\WirelessCommon\;C:\Program Files\Microsoft\Web Platform Installer\;C:\WINDOWS\System32\WindowsPowerShell\v1.0\;C:\Program Files\Microsoft SQL Server\110\Tools\Binn\;C:\Program Files\Sublime Text 2;C:\Program Files (x86)\Heroku\bin;C:\Program Files\Intel\Intel(R) Management Engine Components\DAL;C:\Program Files\Intel\Intel(R) Management Engine Components\IPT;C:\Program Files (x86)\Intel\Intel(R) Management Engine Components\DAL;C:\Program Files (x86)\Intel\Intel(R) Management Engine Components\IPT;C:\Program Files (x86)\NVIDIA Corporation\PhysX\Common;C:\WINDOWS\system32;C:\WINDOWS;C:\WINDOWS\System32\Wbem;C:\WINDOWS\System32\WindowsPowerShell\v1.0\;C:\Program Files (x86)\Skype\Phone\;C:\Ruby23-x64\bin;C:\Program Files (x86)\MySQL\MySQL Fabric 1.5 & MySQL Utilities 1.5\;C:\Program Files (x86)\MySQL\MySQL Fabric 1.5 & MySQL Utilities 1.5\Doctrine extensions for PHP\;C:\Program Files\MySQL\MySQL Server 5.7\bin;C:\RailsInstaller\Ruby2.2.0\bin;C:\Users\kikkos\AppData\Local\GitHub\PortableGit_d76a6a98c9315931ec4927243517bc09e9b731a0\cmd;C:\Ruby22-x64\bin;C:\Program Files (x86)\Heroku\ruby-1.9.3\bin;C:\Program Files\Intel\WiFi\bin\;C:\Program Files\Common Files\Intel\WirelessCommon\;C:\Program Files\MongoDB\Server\3.2\bin;C:\sqlite;%USERPROFILE%\AppData\Local\Microsoft\WindowsApps;
USERNAME=kikkos
OS=Windows_NT
PROCESSOR_IDENTIFIER=Intel64 Family 6 Model 42 Stepping 7, GenuineIntel



---------------  S Y S T E M  ---------------

OS: Windows 10.0 , 64 bit Build 14393 (10.0.14393.0)

CPU:total 8 (4 cores per cpu, 2 threads per core) family 6 model 42 stepping 7, cmov, cx8, fxsr, mmx, sse, sse2, sse3, ssse3, sse4.1, sse4.2, popcnt, avx, aes, clmul, ht, tsc, tscinvbit

Memory: 4k page, physical 8300684k(2011876k free), swap 8505484k(5432k free)

vm_info: Java HotSpot(TM) 64-Bit Server VM (25.92-b14) for windows-amd64 JRE (1.8.0_92-b14), built on Mar 31 2016 21:03:04 by "java_re" with MS VC++ 10.0 (VS2010)

time: Thu Oct 20 02:16:40 2016
elapsed time: 3 seconds (0d 0h 0m 3s)

