#
# There is insufficient memory for the Java Runtime Environment to continue.
# Native memory allocation (malloc) failed to allocate 193664 bytes for Chunk::new
# Possible reasons:
#   The system is out of physical RAM or swap space
#   In 32 bit mode, the process size limit was hit
# Possible solutions:
#   Reduce memory load on the system
#   Increase physical memory or swap space
#   Check if swap backing store is full
#   Use 64 bit Java on a 64 bit OS
#   Decrease Java heap size (-Xmx/-Xms)
#   Decrease number of Java threads
#   Decrease Java thread stack sizes (-Xss)
#   Set larger code cache with -XX:ReservedCodeCacheSize=
# This output file may be truncated or incomplete.
#
#  Out of Memory Error (allocation.cpp:390), pid=10208, tid=0x0000000000000e78
#
# JRE version: Java(TM) SE Runtime Environment (8.0_92-b14) (build 1.8.0_92-b14)
# Java VM: Java HotSpot(TM) 64-Bit Server VM (25.92-b14 mixed mode windows-amd64 compressed oops)
# Failed to write core dump. Minidumps are not enabled by default on client versions of Windows
#

---------------  T H R E A D  ---------------

Current thread (0x0000000007302800):  JavaThread "C2 CompilerThread0" daemon [_thread_in_native, id=3704, stack(0x00000000085e0000,0x00000000086e0000)]

Stack: [0x00000000085e0000,0x00000000086e0000]
[error occurred during error reporting (printing stack bounds), id 0xc0000005]

Native frames: (J=compiled Java code, j=interpreted, Vv=VM code, C=native code)


Current CompileTask:
C2:   3656 1521       4       com.android.dx.ssa.SCCP::simulateStmt (481 bytes)


---------------  P R O C E S S  ---------------

Java Threads: ( => current thread )
  0x0000000007375800 JavaThread "Service Thread" daemon [_thread_blocked, id=12860, stack(0x00000000089e0000,0x0000000008ae0000)]
  0x000000000736c000 JavaThread "C1 CompilerThread3" daemon [_thread_blocked, id=12564, stack(0x00000000088e0000,0x00000000089e0000)]
  0x0000000007360000 JavaThread "C2 CompilerThread2" daemon [_thread_in_native, id=12548, stack(0x00000000087e0000,0x00000000088e0000)]
  0x0000000007308800 JavaThread "C2 CompilerThread1" daemon [_thread_in_native, id=10684, stack(0x00000000086e0000,0x00000000087e0000)]
=>0x0000000007302800 JavaThread "C2 CompilerThread0" daemon [_thread_in_native, id=3704, stack(0x00000000085e0000,0x00000000086e0000)]
  0x0000000007301000 JavaThread "Attach Listener" daemon [_thread_blocked, id=6584, stack(0x00000000084e0000,0x00000000085e0000)]
  0x0000000007300000 JavaThread "Signal Dispatcher" daemon [_thread_blocked, id=6760, stack(0x00000000083e0000,0x00000000084e0000)]
  0x00000000072b8000 JavaThread "Finalizer" daemon [_thread_blocked, id=8692, stack(0x0000000008200000,0x0000000008300000)]
  0x0000000007286000 JavaThread "Reference Handler" daemon [_thread_blocked, id=5972, stack(0x0000000008100000,0x0000000008200000)]
  0x00000000022e7800 JavaThread "main" [_thread_in_Java, id=5772, stack(0x0000000002190000,0x0000000002290000)]

Other Threads:
  0x0000000005f00800 VMThread [stack: 0x0000000008000000,0x0000000008100000] [id=3256]
  0x0000000007383800 WatcherThread [stack: 0x0000000008ae0000,0x0000000008be0000] [id=10356]

VM state:not at safepoint (normal execution)

VM Mutex/Monitor currently owned by a thread: None

Heap:
 PSYoungGen      total 38400K, used 30113K [0x00000000eab00000, 0x00000000ef600000, 0x0000000100000000)
  eden space 33280K, 75% used [0x00000000eab00000,0x00000000ec36a7c0,0x00000000ecb80000)
  from space 5120K, 99% used [0x00000000ecb80000,0x00000000ed07dc88,0x00000000ed080000)
  to   space 5120K, 0% used [0x00000000ef100000,0x00000000ef100000,0x00000000ef600000)
 ParOldGen       total 87552K, used 1697K [0x00000000c0000000, 0x00000000c5580000, 0x00000000eab00000)
  object space 87552K, 1% used [0x00000000c0000000,0x00000000c01a87f8,0x00000000c5580000)
 Metaspace       used 5897K, capacity 7088K, committed 7296K, reserved 1056768K
  class space    used 566K, capacity 616K, committed 640K, reserved 1048576K

Card table byte_map: [0x00000000027a0000,0x00000000029b0000] byte_map_base: 0x00000000021a0000

Marking Bits: (ParMarkBitMap*) 0x00000000561c64f0
 Begin Bits: [0x0000000003310000, 0x0000000004310000)
 End Bits:   [0x0000000004310000, 0x0000000005310000)

Polling page: 0x0000000000750000

CodeCache: size=245760Kb used=6852Kb max_used=6864Kb free=238907Kb
 bounds [0x000000000f010000, 0x000000000f6d0000, 0x000000001e010000]
 total_blobs=1830 nmethods=1565 adapters=178
 compilation: enabled

Compilation events (10 events):
Event: 3.620 Thread 0x0000000007308800 nmethod 1522 0x000000000f6c4cd0 code [0x000000000f6c4e00, 0x000000000f6c4e58]
Event: 3.620 Thread 0x0000000007308800 1570       4       com.android.dx.ssa.SsaBasicBlock::exitBlockFixup (58 bytes)
Event: 3.631 Thread 0x000000000736c000 1572       3       com.android.dx.rop.code.Rops::opReturn (89 bytes)
Event: 3.632 Thread 0x000000000736c000 nmethod 1572 0x000000000f6c2e90 code [0x000000000f6c30c0, 0x000000000f6c3cb8]
Event: 3.632 Thread 0x000000000736c000 1574       3       com.android.dx.rop.code.RegisterSpec::withLocalItem (41 bytes)
Event: 3.632 Thread 0x000000000736c000 nmethod 1574 0x000000000f6c1790 code [0x000000000f6c1920, 0x000000000f6c1e38]
Event: 3.636 Thread 0x0000000007308800 nmethod 1570 0x000000000f6c8490 code [0x000000000f6c8600, 0x000000000f6c8d58]
Event: 3.636 Thread 0x0000000007308800 1573       4       java.util.HashMap::getNode (148 bytes)
Event: 3.639 Thread 0x0000000007308800 nmethod 1573 0x000000000f6c50d0 code [0x000000000f6c5220, 0x000000000f6c5448]
Event: 3.639 Thread 0x0000000007308800 1569       4       com.android.dx.rop.code.Rop::hashCode (54 bytes)

GC Heap History (2 events):
Event: 2.632 GC heap before
{Heap before GC invocations=1 (full 0):
 PSYoungGen      total 38400K, used 33280K [0x00000000eab00000, 0x00000000ed580000, 0x0000000100000000)
  eden space 33280K, 100% used [0x00000000eab00000,0x00000000ecb80000,0x00000000ecb80000)
  from space 5120K, 0% used [0x00000000ed080000,0x00000000ed080000,0x00000000ed580000)
  to   space 5120K, 0% used [0x00000000ecb80000,0x00000000ecb80000,0x00000000ed080000)
 ParOldGen       total 87552K, used 0K [0x00000000c0000000, 0x00000000c5580000, 0x00000000eab00000)
  object space 87552K, 0% used [0x00000000c0000000,0x00000000c0000000,0x00000000c5580000)
 Metaspace       used 5763K, capacity 6960K, committed 7040K, reserved 1056768K
  class space    used 559K, capacity 616K, committed 640K, reserved 1048576K
Event: 2.678 GC heap after
Heap after GC invocations=1 (full 0):
 PSYoungGen      total 38400K, used 5111K [0x00000000eab00000, 0x00000000ef600000, 0x0000000100000000)
  eden space 33280K, 0% used [0x00000000eab00000,0x00000000eab00000,0x00000000ecb80000)
  from space 5120K, 99% used [0x00000000ecb80000,0x00000000ed07dc88,0x00000000ed080000)
  to   space 5120K, 0% used [0x00000000ef100000,0x00000000ef100000,0x00000000ef600000)
 ParOldGen       total 87552K, used 1697K [0x00000000c0000000, 0x00000000c5580000, 0x00000000eab00000)
  object space 87552K, 1% used [0x00000000c0000000,0x00000000c01a87f8,0x00000000c5580000)
 Metaspace       used 5763K, capacity 6960K, committed 7040K, reserved 1056768K
  class space    used 559K, capacity 616K, committed 640K, reserved 1048576K
}

Deoptimization events (10 events):
Event: 2.715 Thread 0x00000000022e7800 Uncommon trap: reason=unstable_if action=reinterpret pc=0x000000000f5ba3a8 method=com.android.dx.rop.code.RegisterSpec.equals(ILcom/android/dx/rop/type/TypeBearer;Lcom/android/dx/rop/code/LocalItem;)Z @ 42
Event: 2.718 Thread 0x00000000022e7800 Uncommon trap: reason=unstable_if action=reinterpret pc=0x000000000f38c450 method=com.android.dx.rop.code.RegisterSpec.equals(ILcom/android/dx/rop/type/TypeBearer;Lcom/android/dx/rop/code/LocalItem;)Z @ 42
Event: 2.737 Thread 0x00000000022e7800 Uncommon trap: reason=uninitialized action=reinterpret pc=0x000000000f5628f0 method=com.android.dx.cf.code.BytecodeArray.parseInstruction(ILcom/android/dx/cf/code/BytecodeArray$Visitor;)I @ 999
Event: 2.746 Thread 0x00000000022e7800 Uncommon trap: reason=bimorphic action=maybe_recompile pc=0x000000000f599f48 method=com.android.dx.ssa.LiteralOpUpgrader.tryReplacingWithConstant(Lcom/android/dx/ssa/NormalSsaInsn;)Z @ 52
Event: 2.746 Thread 0x00000000022e7800 Uncommon trap: reason=unstable_if action=reinterpret pc=0x000000000f47359c method=com.android.dx.rop.cst.Constant.compareTo(Lcom/android/dx/rop/cst/Constant;)I @ 12
Event: 2.747 Thread 0x00000000022e7800 Uncommon trap: reason=unstable_if action=reinterpret pc=0x000000000f582c28 method=com.android.dx.rop.code.DexTranslationAdvice.requiresSourcesInOrder(Lcom/android/dx/rop/code/Rop;Lcom/android/dx/rop/code/RegisterSpecList;)Z @ 21
Event: 2.830 Thread 0x00000000022e7800 Uncommon trap: reason=unstable_if action=reinterpret pc=0x000000000f5c2ce4 method=com.android.dx.dex.code.RopToDop.dopFor(Lcom/android/dx/rop/code/Insn;)Lcom/android/dx/dex/code/Dop; @ 747
Event: 2.947 Thread 0x00000000022e7800 Uncommon trap: reason=bimorphic action=maybe_recompile pc=0x000000000f41e21c method=java.util.HashMap.getNode(ILjava/lang/Object;)Ljava/util/HashMap$Node; @ 126
Event: 3.524 Thread 0x00000000022e7800 Uncommon trap: reason=unstable_if action=reinterpret pc=0x000000000f4d6a34 method=java.util.HashMap.putVal(ILjava/lang/Object;Ljava/lang/Object;ZZ)Ljava/lang/Object; @ 162
Event: 3.524 Thread 0x00000000022e7800 Uncommon trap: reason=unstable_if action=reinterpret pc=0x000000000f41e200 method=java.util.HashMap.getNode(ILjava/lang/Object;)Ljava/util/HashMap$Node; @ 84

Internal exceptions (4 events):
Event: 0.105 Thread 0x00000000022e7800 Exception <a 'java/lang/NoSuchMethodError': Method sun.misc.Unsafe.defineClass(Ljava/lang/String;[BII)Ljava/lang/Class; name or signature does not match> (0x00000000eab07cc0) thrown at [D:\re\workspace\8-2-build-windows-amd64-cygwin\jdk8u92\6642\hotspot\srªÅ®ã
Event: 0.105 Thread 0x00000000022e7800 Exception <a 'java/lang/NoSuchMethodError': Method sun.misc.Unsafe.prefetchRead(Ljava/lang/Object;J)V name or signature does not match> (0x00000000eab07fa8) thrown at [D:\re\workspace\8-2-build-windows-amd64-cygwin\jdk8u92\6642\hotspot\src\share\vm\prims\jä`§4À˚?
Event: 1.693 Thread 0x00000000022e7800 Implicit null exception at 0x000000000f40e0b3 to 0x000000000f40f099
Event: 1.912 Thread 0x00000000022e7800 Implicit null exception at 0x000000000f407884 to 0x000000000f40854d

Events (10 events):
Event: 2.982 loading class com/android/dx/dex/file/UniformListItem
Event: 2.982 loading class com/android/dx/dex/file/UniformListItem done
Event: 2.983 loading class com/android/dx/dex/file/AnnotationSetRefItem
Event: 2.983 loading class com/android/dx/dex/file/AnnotationSetRefItem done
Event: 3.524 Thread 0x00000000022e7800 Uncommon trap: trap_request=0xffffff65 fr.pc=0x000000000f4d6a34
Event: 3.524 Thread 0x00000000022e7800 DEOPT PACKING pc=0x000000000f4d6a34 sp=0x000000000228e2f0
Event: 3.524 Thread 0x00000000022e7800 DEOPT UNPACKING pc=0x000000000f05582a sp=0x000000000228e278 mode 2
Event: 3.524 Thread 0x00000000022e7800 Uncommon trap: trap_request=0xffffff65 fr.pc=0x000000000f41e200
Event: 3.524 Thread 0x00000000022e7800 DEOPT PACKING pc=0x000000000f41e200 sp=0x000000000228e320
Event: 3.524 Thread 0x00000000022e7800 DEOPT UNPACKING pc=0x000000000f05582a sp=0x000000000228e2a8 mode 2


Dynamic libraries:
0x00007ff667870000 - 0x00007ff6678a7000 	C:\Program Files\Java\jdk1.8.0_92\bin\java.exe
0x00007ffa65e20000 - 0x00007ffa65fe1000 	C:\WINDOWS\SYSTEM32\ntdll.dll
0x00007ffa659e0000 - 0x00007ffa65a8d000 	C:\WINDOWS\system32\KERNEL32.DLL
0x00007ffa625b0000 - 0x00007ffa62798000 	C:\WINDOWS\system32\KERNELBASE.dll
0x0000000056250000 - 0x0000000056301000 	C:\Program Files\Bitdefender\Bitdefender 2016\Active Virus Control\Avc3_00362_035\avcuf64.dll
0x00007ffa60bc0000 - 0x00007ffa60c39000 	C:\WINDOWS\system32\apphelp.dll
0x00007ffa377a0000 - 0x00007ffa37c23000 	C:\WINDOWS\AppPatch\AppPatch64\AcLayers.DLL
0x00007ffa63ff0000 - 0x00007ffa6408d000 	C:\WINDOWS\system32\msvcrt.dll
0x00007ffa639d0000 - 0x00007ffa63b26000 	C:\WINDOWS\system32\USER32.dll
0x00007ffa637e0000 - 0x00007ffa63966000 	C:\WINDOWS\system32\GDI32.dll
0x00007ffa63200000 - 0x00007ffa63252000 	C:\WINDOWS\system32\SHLWAPI.dll
0x00007ffa632c0000 - 0x00007ffa6353d000 	C:\WINDOWS\system32\combase.dll
0x00007ffa65ba0000 - 0x00007ffa65cbc000 	C:\WINDOWS\system32\RPCRT4.dll
0x00007ffa62a80000 - 0x00007ffa62aea000 	C:\WINDOWS\system32\bcryptPrimitives.dll
0x0000000000520000 - 0x0000000000523000 	C:\WINDOWS\SYSTEM32\sfc.dll
0x00007ffa5d790000 - 0x00007ffa5d814000 	C:\WINDOWS\SYSTEM32\WINSPOOL.DRV
0x00007ffa62020000 - 0x00007ffa62049000 	C:\WINDOWS\SYSTEM32\bcrypt.dll
0x00007ffa548e0000 - 0x00007ffa548f1000 	C:\WINDOWS\SYSTEM32\sfc_os.DLL
0x00007ffa55570000 - 0x00007ffa55581000 	C:\WINDOWS\SYSTEM32\SortWindows61.dll
0x00007ffa657e0000 - 0x00007ffa6581b000 	C:\WINDOWS\system32\IMM32.DLL
0x00007ffa61680000 - 0x00007ffa616b1000 	C:\Windows\system32\nvinitx.dll
0x00007ffa63540000 - 0x00007ffa635e7000 	C:\WINDOWS\system32\ADVAPI32.dll
0x00007ffa63b60000 - 0x00007ffa63bbb000 	C:\WINDOWS\system32\sechost.dll
0x00007ffa61670000 - 0x00007ffa6167a000 	C:\WINDOWS\SYSTEM32\VERSION.dll
0x000000000f000000 - 0x000000000f006000 	C:\Program Files\NVIDIA Corporation\CoProcManager\_etoured.dll
0x00007ffa5eea0000 - 0x00007ffa5eed3000 	C:\Program Files\NVIDIA Corporation\CoProcManager\nvd3d9wrapx.dll
0x00007ffa63bc0000 - 0x00007ffa63fe9000 	C:\WINDOWS\system32\SETUPAPI.dll
0x00007ffa62560000 - 0x00007ffa625a3000 	C:\WINDOWS\system32\CFGMGR32.dll
0x00007ffa5ee70000 - 0x00007ffa5ee92000 	C:\Program Files\NVIDIA Corporation\CoProcManager\nvdxgiwrapx.dll
0x00007ffa5dbb0000 - 0x00007ffa5de24000 	C:\WINDOWS\WinSxS\amd64_microsoft.windows.common-controls_6595b64144ccf1df_6.0.10586.0_none_8c15ae12515e1c22\COMCTL32.dll
0x0000000055550000 - 0x0000000055622000 	C:\Program Files\Java\jdk1.8.0_92\jre\bin\msvcr100.dll
0x00000000559b0000 - 0x0000000056246000 	C:\Program Files\Java\jdk1.8.0_92\jre\bin\server\jvm.dll
0x00007ffa63b50000 - 0x00007ffa63b58000 	C:\WINDOWS\system32\PSAPI.DLL
0x00007ffa54bd0000 - 0x00007ffa54bd9000 	C:\WINDOWS\SYSTEM32\WSOCK32.dll
0x00007ffa65600000 - 0x00007ffa6566b000 	C:\WINDOWS\system32\WS2_32.dll
0x00007ffa60620000 - 0x00007ffa60643000 	C:\WINDOWS\SYSTEM32\WINMM.dll
0x00007ffa605f0000 - 0x00007ffa6061c000 	C:\WINDOWS\SYSTEM32\WINMMBASE.dll
0x0000000056350000 - 0x000000005635f000 	C:\Program Files\Java\jdk1.8.0_92\jre\bin\verify.dll
0x0000000056320000 - 0x0000000056349000 	C:\Program Files\Java\jdk1.8.0_92\jre\bin\java.dll
0x0000000055990000 - 0x00000000559a6000 	C:\Program Files\Java\jdk1.8.0_92\jre\bin\zip.dll
0x00007ffa64090000 - 0x00007ffa655ec000 	C:\WINDOWS\system32\SHELL32.dll
0x00007ffa62bb0000 - 0x00007ffa631f4000 	C:\WINDOWS\system32\windows.storage.dll
0x00007ffa62430000 - 0x00007ffa6243f000 	C:\WINDOWS\system32\kernel.appcore.dll
0x00007ffa62af0000 - 0x00007ffa62ba5000 	C:\WINDOWS\system32\shcore.dll
0x00007ffa62440000 - 0x00007ffa6248b000 	C:\WINDOWS\system32\powrprof.dll
0x00007ffa62490000 - 0x00007ffa624a4000 	C:\WINDOWS\system32\profapi.dll

VM Arguments:
jvm_args: -Djava.awt.headless=true -Xmx1024M -Dfile.encoding=windows-1252 -Duser.country=US -Duser.language=en -Duser.variant 
java_command: com.android.dx.command.Main --dex --force-jumbo --multi-dex --output C:\Users\kikkos\AndroidStudioProjects\Udacity\Sunshine\app\build\intermediates\transforms\dex\debug\folders\1000\10\com.android.support-support-v4-23.4.0_c230b01a6739b2dfa837316b28c5af1bf126ad01 C:\Users\kikkos\AndroidStudioProjects\Udacity\Sunshine\app\build\intermediates\exploded-aar\com.android.support\support-v4\23.4.0\jars\classes.jar
java_class_path (initial): C:\Users\kikkos\AppData\Local\Android\sdk\build-tools\22.0.1\lib\dx.jar
Launcher Type: SUN_STANDARD

Environment Variables:
JAVA_HOME=C:\Program Files\Java\jdk1.8.0_92
PATH=C:\Program Files (x86)\Intel\iCLS Client\;C:\Program Files\Intel\iCLS Client\;C:\ProgramData\Oracle\Java\javapath;C:\Program Files\ImageMagick-6.8.9-Q16;C:\WINDOWS\system32;C:\WINDOWS;C:\WINDOWS\System32\Wbem;C:\Program Files\Lenovo\Bluetooth Software\;C:\Program Files\Lenovo\Bluetooth Software\syswow64;C:\Program Files\Intel\WiFi\bin\;C:\Program Files\Common Files\Intel\WirelessCommon\;C:\Program Files\Microsoft\Web Platform Installer\;C:\WINDOWS\System32\WindowsPowerShell\v1.0\;C:\Program Files\Microsoft SQL Server\110\Tools\Binn\;C:\Program Files\Sublime Text 2;C:\Program Files (x86)\Heroku\bin;C:\Program Files\Intel\Intel(R) Management Engine Components\DAL;C:\Program Files\Intel\Intel(R) Management Engine Components\IPT;C:\Program Files (x86)\Intel\Intel(R) Management Engine Components\DAL;C:\Program Files (x86)\Intel\Intel(R) Management Engine Components\IPT;C:\Program Files (x86)\NVIDIA Corporation\PhysX\Common;C:\WINDOWS\system32;C:\WINDOWS;C:\WINDOWS\System32\Wbem;C:\WINDOWS\System32\WindowsPowerShell\v1.0\;C:\Program Files (x86)\Skype\Phone\;C:\Ruby23-x64\bin;C:\Program Files (x86)\MySQL\MySQL Fabric 1.5 & MySQL Utilities 1.5\;C:\Program Files (x86)\MySQL\MySQL Fabric 1.5 & MySQL Utilities 1.5\Doctrine extensions for PHP\;C:\Program Files\MySQL\MySQL Server 5.7\bin;C:\RailsInstaller\Ruby2.2.0\bin;C:\Users\kikkos\AppData\Local\GitHub\PortableGit_d76a6a98c9315931ec4927243517bc09e9b731a0\cmd;C:\Ruby22-x64\bin;C:\Program Files (x86)\Heroku\ruby-1.9.3\bin;C:\Program Files\Intel\WiFi\bin\;C:\Program Files\Common Files\Intel\WirelessCommon\
USERNAME=kikkos
OS=Windows_NT
PROCESSOR_IDENTIFIER=Intel64 Family 6 Model 42 Stepping 7, GenuineIntel



---------------  S Y S T E M  ---------------

OS: Windows 10.0 , 64 bit Build 10586 (10.0.10586.0)

CPU:total 8 (4 cores per cpu, 2 threads per core) family 6 model 42 stepping 7, cmov, cx8, fxsr, mmx, sse, sse2, sse3, ssse3, sse4.1, sse4.2, popcnt, avx, aes, clmul, ht, tsc, tscinvbit

Memory: 4k page, physical 8300684k(2646128k free), swap 8505484k(4644k free)

vm_info: Java HotSpot(TM) 64-Bit Server VM (25.92-b14) for windows-amd64 JRE (1.8.0_92-b14), built on Mar 31 2016 21:03:04 by "java_re" with MS VC++ 10.0 (VS2010)

time: Thu Jun 16 00:49:08 2016
elapsed time: 3 seconds (0d 0h 0m 3s)

