#
# There is insufficient memory for the Java Runtime Environment to continue.
# Native memory allocation (malloc) failed to allocate 464336 bytes for Chunk::new
# Possible reasons:
#   The system is out of physical RAM or swap space
#   In 32 bit mode, the process size limit was hit
# Possible solutions:
#   Reduce memory load on the system
#   Increase physical memory or swap space
#   Check if swap backing store is full
#   Use 64 bit Java on a 64 bit OS
#   Decrease Java heap size (-Xmx/-Xms)
#   Decrease number of Java threads
#   Decrease Java thread stack sizes (-Xss)
#   Set larger code cache with -XX:ReservedCodeCacheSize=
# This output file may be truncated or incomplete.
#
#  Out of Memory Error (allocation.cpp:390), pid=18228, tid=0x0000000000002108
#
# JRE version: Java(TM) SE Runtime Environment (8.0_92-b14) (build 1.8.0_92-b14)
# Java VM: Java HotSpot(TM) 64-Bit Server VM (25.92-b14 mixed mode windows-amd64 compressed oops)
# Failed to write core dump. Minidumps are not enabled by default on client versions of Windows
#

---------------  T H R E A D  ---------------

Current thread (0x0000000016d42800):  JavaThread "C2 CompilerThread0" daemon [_thread_in_native, id=8456, stack(0x0000000018020000,0x0000000018120000)]

Stack: [0x0000000018020000,0x0000000018120000]
[error occurred during error reporting (printing stack bounds), id 0xc0000005]

Native frames: (J=compiled Java code, j=interpreted, Vv=VM code, C=native code)


Current CompileTask:
C2:   4390 1176   !   4       com.android.dx.cf.code.RopperMachine::run (1550 bytes)


---------------  P R O C E S S  ---------------

Java Threads: ( => current thread )
  0x0000000016dbe800 JavaThread "Service Thread" daemon [_thread_blocked, id=14796, stack(0x0000000018420000,0x0000000018520000)]
  0x0000000016d56000 JavaThread "C1 CompilerThread3" daemon [_thread_blocked, id=2460, stack(0x0000000018320000,0x0000000018420000)]
  0x0000000016d52000 JavaThread "C2 CompilerThread2" daemon [_thread_in_native, id=13460, stack(0x0000000018220000,0x0000000018320000)]
  0x0000000016d48800 JavaThread "C2 CompilerThread1" daemon [_thread_in_native, id=16968, stack(0x0000000018120000,0x0000000018220000)]
=>0x0000000016d42800 JavaThread "C2 CompilerThread0" daemon [_thread_in_native, id=8456, stack(0x0000000018020000,0x0000000018120000)]
  0x0000000016d41800 JavaThread "Attach Listener" daemon [_thread_blocked, id=16244, stack(0x0000000017f20000,0x0000000018020000)]
  0x0000000016d40800 JavaThread "Signal Dispatcher" daemon [_thread_blocked, id=12264, stack(0x0000000017e20000,0x0000000017f20000)]
  0x0000000016cf1000 JavaThread "Finalizer" daemon [_thread_blocked, id=8312, stack(0x0000000017c30000,0x0000000017d30000)]
  0x0000000016cc6000 JavaThread "Reference Handler" daemon [_thread_blocked, id=14592, stack(0x0000000017b30000,0x0000000017c30000)]
  0x0000000002d37800 JavaThread "main" [_thread_in_Java, id=11588, stack(0x0000000002c30000,0x0000000002d30000)]

Other Threads:
  0x0000000015950000 VMThread [stack: 0x0000000017a30000,0x0000000017b30000] [id=9544]
  0x0000000016de3800 WatcherThread [stack: 0x0000000018520000,0x0000000018620000] [id=17488]

VM state:not at safepoint (normal execution)

VM Mutex/Monitor currently owned by a thread: None

Heap:
 PSYoungGen      total 38400K, used 12814K [0x00000000eab00000, 0x00000000ed580000, 0x0000000100000000)
  eden space 33280K, 23% used [0x00000000eab00000,0x00000000eb2853f0,0x00000000ecb80000)
  from space 5120K, 99% used [0x00000000ecb80000,0x00000000ed07e5b8,0x00000000ed080000)
  to   space 5120K, 0% used [0x00000000ed080000,0x00000000ed080000,0x00000000ed580000)
 ParOldGen       total 87552K, used 963K [0x00000000c0000000, 0x00000000c5580000, 0x00000000eab00000)
  object space 87552K, 1% used [0x00000000c0000000,0x00000000c00f0e08,0x00000000c5580000)
 Metaspace       used 5369K, capacity 6768K, committed 7040K, reserved 1056768K
  class space    used 544K, capacity 616K, committed 640K, reserved 1048576K

Card table byte_map: [0x00000000121f0000,0x0000000012400000] byte_map_base: 0x0000000011bf0000

Marking Bits: (ParMarkBitMap*) 0x000000006e7964f0
 Begin Bits: [0x0000000012d60000, 0x0000000013d60000)
 End Bits:   [0x0000000013d60000, 0x0000000014d60000)

Polling page: 0x0000000002ba0000

CodeCache: size=245760Kb used=4864Kb max_used=4878Kb free=240895Kb
 bounds [0x0000000002e30000, 0x0000000003300000, 0x0000000011e30000]
 total_blobs=1440 nmethods=1182 adapters=171
 compilation: enabled

Compilation events (10 events):
Event: 4.305 Thread 0x0000000016d52000 nmethod 1178 0x00000000032ebd10 code [0x00000000032ebea0, 0x00000000032ec298]
Event: 4.307 Thread 0x0000000016d48800 nmethod 1177 0x00000000032ee050 code [0x00000000032ee9e0, 0x00000000032ef108]
Event: 4.307 Thread 0x0000000016d52000 1180   !   4       com.android.dx.cf.code.ExecutionStack::push (102 bytes)
Event: 4.307 Thread 0x0000000016d48800 1181       4       com.android.dx.cf.code.ExecutionStack::pop (54 bytes)
Event: 4.310 Thread 0x0000000016d48800 nmethod 1181 0x00000000032e9f90 code [0x00000000032ea0e0, 0x00000000032ea278]
Event: 4.310 Thread 0x0000000016d52000 nmethod 1180 0x00000000032e9950 code [0x00000000032e9ac0, 0x00000000032e9d38]
Event: 4.330 Thread 0x0000000016d48800 1182       4       com.android.dx.util.IntList::mutableCopy (39 bytes)
Event: 4.341 Thread 0x0000000016d48800 nmethod 1182 0x00000000032eb1d0 code [0x00000000032eb340, 0x00000000032eb958]
Event: 4.342 Thread 0x0000000016d52000 1183   !   4       com.android.dx.cf.code.Ropper::processBlock (1101 bytes)
Event: 4.365 Thread 0x0000000016d48800 1184       4       com.android.dx.cf.code.RopperMachine::getSources (264 bytes)

GC Heap History (2 events):
Event: 3.545 GC heap before
{Heap before GC invocations=1 (full 0):
 PSYoungGen      total 38400K, used 33280K [0x00000000eab00000, 0x00000000ed580000, 0x0000000100000000)
  eden space 33280K, 100% used [0x00000000eab00000,0x00000000ecb80000,0x00000000ecb80000)
  from space 5120K, 0% used [0x00000000ed080000,0x00000000ed080000,0x00000000ed580000)
  to   space 5120K, 0% used [0x00000000ecb80000,0x00000000ecb80000,0x00000000ed080000)
 ParOldGen       total 87552K, used 0K [0x00000000c0000000, 0x00000000c5580000, 0x00000000eab00000)
  object space 87552K, 0% used [0x00000000c0000000,0x00000000c0000000,0x00000000c5580000)
 Metaspace       used 5267K, capacity 6672K, committed 6784K, reserved 1056768K
  class space    used 532K, capacity 584K, committed 640K, reserved 1048576K
Event: 3.837 GC heap after
Heap after GC invocations=1 (full 0):
 PSYoungGen      total 38400K, used 5113K [0x00000000eab00000, 0x00000000ed580000, 0x0000000100000000)
  eden space 33280K, 0% used [0x00000000eab00000,0x00000000eab00000,0x00000000ecb80000)
  from space 5120K, 99% used [0x00000000ecb80000,0x00000000ed07e5b8,0x00000000ed080000)
  to   space 5120K, 0% used [0x00000000ed080000,0x00000000ed080000,0x00000000ed580000)
 ParOldGen       total 87552K, used 963K [0x00000000c0000000, 0x00000000c5580000, 0x00000000eab00000)
  object space 87552K, 1% used [0x00000000c0000000,0x00000000c00f0e08,0x00000000c5580000)
 Metaspace       used 5267K, capacity 6672K, committed 6784K, reserved 1056768K
  class space    used 532K, capacity 584K, committed 640K, reserved 1048576K
}

Deoptimization events (10 events):
Event: 3.963 Thread 0x0000000002d37800 Uncommon trap: reason=class_check action=maybe_recompile pc=0x0000000003223d94 method=java.util.Collections$UnmodifiableCollection$1.<init>(Ljava/util/Collections$UnmodifiableCollection;)V @ 17
Event: 3.963 Thread 0x0000000002d37800 Uncommon trap: reason=class_check action=maybe_recompile pc=0x000000000313cf94 method=java.util.Collections$UnmodifiableCollection$1.hasNext()Z @ 4
Event: 3.963 Thread 0x0000000002d37800 Uncommon trap: reason=class_check action=maybe_recompile pc=0x000000000321f7d4 method=java.util.Collections$UnmodifiableCollection$1.next()Ljava/lang/Object; @ 4
Event: 3.965 Thread 0x0000000002d37800 Uncommon trap: reason=class_check action=maybe_recompile pc=0x000000000313cf94 method=java.util.Collections$UnmodifiableCollection$1.hasNext()Z @ 4
Event: 3.965 Thread 0x0000000002d37800 Uncommon trap: reason=class_check action=maybe_recompile pc=0x000000000313cf94 method=java.util.Collections$UnmodifiableCollection$1.hasNext()Z @ 4
Event: 3.992 Thread 0x0000000002d37800 Uncommon trap: reason=bimorphic action=maybe_recompile pc=0x0000000003278208 method=com.android.dx.rop.code.InsnList.contentEquals(Lcom/android/dx/rop/code/InsnList;)Z @ 38
Event: 3.993 Thread 0x0000000002d37800 Uncommon trap: reason=class_check action=maybe_recompile pc=0x0000000003223d94 method=java.util.Collections$UnmodifiableCollection$1.<init>(Ljava/util/Collections$UnmodifiableCollection;)V @ 17
Event: 3.993 Thread 0x0000000002d37800 Uncommon trap: reason=class_check action=maybe_recompile pc=0x000000000321f7d4 method=java.util.Collections$UnmodifiableCollection$1.next()Ljava/lang/Object; @ 4
Event: 3.993 Thread 0x0000000002d37800 Uncommon trap: reason=class_check action=maybe_recompile pc=0x0000000003223d94 method=java.util.Collections$UnmodifiableCollection$1.<init>(Ljava/util/Collections$UnmodifiableCollection;)V @ 17
Event: 3.993 Thread 0x0000000002d37800 Uncommon trap: reason=class_check action=maybe_recompile pc=0x000000000321f7d4 method=java.util.Collections$UnmodifiableCollection$1.next()Ljava/lang/Object; @ 4

Internal exceptions (5 events):
Event: 0.220 Thread 0x0000000002d37800 Exception <a 'java/lang/NoSuchMethodError': Method sun.misc.Unsafe.defineClass(Ljava/lang/String;[BII)Ljava/lang/Class; name or signature does not match> (0x00000000eab07cc0) thrown at [D:\re\workspace\8-2-build-windows-amd64-cygwin\jdk8u92\6642\hotspot\srTP!¦¿,Ì?
Event: 0.220 Thread 0x0000000002d37800 Exception <a 'java/lang/NoSuchMethodError': Method sun.misc.Unsafe.prefetchRead(Ljava/lang/Object;J)V name or signature does not match> (0x00000000eab07fa8) thrown at [D:\re\workspace\8-2-build-windows-amd64-cygwin\jdk8u92\6642\hotspot\src\share\vm\prims\j3…mª2ãü?
Event: 1.805 Thread 0x0000000002d37800 Implicit null exception at 0x0000000003105d22 to 0x0000000003105e21
Event: 2.280 Thread 0x0000000002d37800 Implicit null exception at 0x0000000003183030 to 0x0000000003183bdd
Event: 2.280 Thread 0x0000000002d37800 Implicit null exception at 0x0000000003176559 to 0x0000000003176f49

Events (10 events):
Event: 3.993 Thread 0x0000000002d37800 DEOPT UNPACKING pc=0x0000000002e7582a sp=0x0000000002d2e708 mode 2
Event: 3.993 Thread 0x0000000002d37800 Uncommon trap: trap_request=0xffffffde fr.pc=0x000000000321f7d4
Event: 3.993 Thread 0x0000000002d37800 DEOPT PACKING pc=0x000000000321f7d4 sp=0x0000000002d2e7c0
Event: 3.993 Thread 0x0000000002d37800 DEOPT UNPACKING pc=0x0000000002e7582a sp=0x0000000002d2e778 mode 2
Event: 3.993 Thread 0x0000000002d37800 Uncommon trap: trap_request=0xffffffde fr.pc=0x0000000003223d94
Event: 3.993 Thread 0x0000000002d37800 DEOPT PACKING pc=0x0000000003223d94 sp=0x0000000002d2e660
Event: 3.993 Thread 0x0000000002d37800 DEOPT UNPACKING pc=0x0000000002e7582a sp=0x0000000002d2e5a8 mode 2
Event: 3.993 Thread 0x0000000002d37800 Uncommon trap: trap_request=0xffffffde fr.pc=0x000000000321f7d4
Event: 3.993 Thread 0x0000000002d37800 DEOPT PACKING pc=0x000000000321f7d4 sp=0x0000000002d2e660
Event: 3.993 Thread 0x0000000002d37800 DEOPT UNPACKING pc=0x0000000002e7582a sp=0x0000000002d2e618 mode 2


Dynamic libraries:
0x00007ff6fbe00000 - 0x00007ff6fbe37000 	C:\Program Files\Java\jdk1.8.0_92\bin\java.exe
0x00007ffed68d0000 - 0x00007ffed6aa1000 	C:\WINDOWS\SYSTEM32\ntdll.dll
0x00007ffed42d0000 - 0x00007ffed437b000 	C:\WINDOWS\System32\KERNEL32.DLL
0x00007ffed2e70000 - 0x00007ffed308d000 	C:\WINDOWS\System32\KERNELBASE.dll
0x00007ffed10e0000 - 0x00007ffed115a000 	C:\WINDOWS\system32\apphelp.dll
0x00007ffeacb00000 - 0x00007ffeacf82000 	C:\WINDOWS\AppPatch\AppPatch64\AcLayers.DLL
0x00007ffed4380000 - 0x00007ffed441e000 	C:\WINDOWS\System32\msvcrt.dll
0x00007ffed6680000 - 0x00007ffed67e5000 	C:\WINDOWS\System32\USER32.dll
0x00007ffed3270000 - 0x00007ffed328e000 	C:\WINDOWS\System32\win32u.dll
0x00007ffed6130000 - 0x00007ffed6164000 	C:\WINDOWS\System32\GDI32.dll
0x00007ffed3090000 - 0x00007ffed3212000 	C:\WINDOWS\System32\gdi32full.dll
0x00007ffed61f0000 - 0x00007ffed6242000 	C:\WINDOWS\System32\SHLWAPI.dll
0x00007ffed3e60000 - 0x00007ffed4127000 	C:\WINDOWS\System32\combase.dll
0x00007ffed3d40000 - 0x00007ffed3e35000 	C:\WINDOWS\System32\ucrtbase.dll
0x00007ffed4880000 - 0x00007ffed49a1000 	C:\WINDOWS\System32\RPCRT4.dll
0x00007ffed2e00000 - 0x00007ffed2e6a000 	C:\WINDOWS\System32\bcryptPrimitives.dll
0x00000000007d0000 - 0x00000000007d3000 	C:\WINDOWS\SYSTEM32\sfc.dll
0x00007ffecc640000 - 0x00007ffecc6c5000 	C:\WINDOWS\SYSTEM32\WINSPOOL.DRV
0x00007ffed2c50000 - 0x00007ffed2c7b000 	C:\WINDOWS\SYSTEM32\bcrypt.dll
0x00007ffeb7500000 - 0x00007ffeb7511000 	C:\WINDOWS\SYSTEM32\sfc_os.DLL
0x00007ffec57a0000 - 0x00007ffec57b1000 	C:\WINDOWS\SYSTEM32\SortWindows61.dll
0x00007ffed4580000 - 0x00007ffed45ae000 	C:\WINDOWS\System32\IMM32.DLL
0x00007ffed4b70000 - 0x00007ffed4c12000 	C:\WINDOWS\System32\ADVAPI32.dll
0x00007ffed4b10000 - 0x00007ffed4b69000 	C:\WINDOWS\System32\sechost.dll
0x00007ffecb2b0000 - 0x00007ffecb529000 	C:\WINDOWS\WinSxS\amd64_microsoft.windows.common-controls_6595b64144ccf1df_6.0.14393.0_none_2d0f50fcbdb171b8\COMCTL32.dll
0x000000006eac0000 - 0x000000006eb92000 	C:\Program Files\Java\jdk1.8.0_92\jre\bin\msvcr100.dll
0x000000006df80000 - 0x000000006e816000 	C:\Program Files\Java\jdk1.8.0_92\jre\bin\server\jvm.dll
0x00007ffed3e50000 - 0x00007ffed3e58000 	C:\WINDOWS\System32\PSAPI.DLL
0x00007ffec5150000 - 0x00007ffec5159000 	C:\WINDOWS\SYSTEM32\WSOCK32.dll
0x00007ffed0fb0000 - 0x00007ffed0fd3000 	C:\WINDOWS\SYSTEM32\WINMM.dll
0x00007ffed6180000 - 0x00007ffed61ea000 	C:\WINDOWS\System32\WS2_32.dll
0x00007ffecfba0000 - 0x00007ffecfbaa000 	C:\WINDOWS\SYSTEM32\VERSION.dll
0x0000000002b70000 - 0x0000000002b9b000 	C:\WINDOWS\SYSTEM32\WINMMBASE.dll
0x00007ffed3220000 - 0x00007ffed3262000 	C:\WINDOWS\System32\cfgmgr32.dll
0x000000006ef40000 - 0x000000006ef4f000 	C:\Program Files\Java\jdk1.8.0_92\jre\bin\verify.dll
0x000000006ef10000 - 0x000000006ef39000 	C:\Program Files\Java\jdk1.8.0_92\jre\bin\java.dll
0x000000006eef0000 - 0x000000006ef06000 	C:\Program Files\Java\jdk1.8.0_92\jre\bin\zip.dll
0x00007ffed4c20000 - 0x00007ffed6128000 	C:\WINDOWS\System32\SHELL32.dll
0x00007ffed33e0000 - 0x00007ffed3aba000 	C:\WINDOWS\System32\windows.storage.dll
0x00007ffed2d20000 - 0x00007ffed2d6c000 	C:\WINDOWS\System32\powrprof.dll
0x00007ffed2d70000 - 0x00007ffed2d7f000 	C:\WINDOWS\System32\kernel.appcore.dll
0x00007ffed3ac0000 - 0x00007ffed3b69000 	C:\WINDOWS\System32\shcore.dll
0x00007ffed2d80000 - 0x00007ffed2d94000 	C:\WINDOWS\System32\profapi.dll

VM Arguments:
jvm_args: -Djava.awt.headless=true -Xmx1024M -Dfile.encoding=windows-1252 -Duser.country=US -Duser.language=en -Duser.variant 
java_command: com.android.dx.command.Main --dex --force-jumbo --multi-dex --output C:\Users\kikkos\AndroidStudioProjects\Udacity\Sunshine\app\build\intermediates\transforms\dex\debug\folders\1000\5\slice_3 C:\Users\kikkos\AndroidStudioProjects\Udacity\Sunshine\app\build\intermediates\transforms\instantRunSlicer\debug\folders\1\5\slice_3
java_class_path (initial): C:\Users\kikkos\AppData\Local\Android\sdk\build-tools\22.0.1\lib\dx.jar
Launcher Type: SUN_STANDARD

Environment Variables:
JAVA_HOME=C:\Program Files\Java\jdk1.8.0_92
PATH=C:\Program Files (x86)\Intel\iCLS Client\;C:\Program Files\Intel\iCLS Client\;C:\ProgramData\Oracle\Java\javapath;C:\Program Files\ImageMagick-6.8.9-Q16;C:\WINDOWS\system32;C:\WINDOWS;C:\WINDOWS\System32\Wbem;C:\Program Files\Lenovo\Bluetooth Software\;C:\Program Files\Lenovo\Bluetooth Software\syswow64;C:\Program Files\Intel\WiFi\bin\;C:\Program Files\Common Files\Intel\WirelessCommon\;C:\Program Files\Microsoft\Web Platform Installer\;C:\WINDOWS\System32\WindowsPowerShell\v1.0\;C:\Program Files\Microsoft SQL Server\110\Tools\Binn\;C:\Program Files\Sublime Text 2;C:\Program Files (x86)\Heroku\bin;C:\Program Files\Intel\Intel(R) Management Engine Components\DAL;C:\Program Files\Intel\Intel(R) Management Engine Components\IPT;C:\Program Files (x86)\Intel\Intel(R) Management Engine Components\DAL;C:\Program Files (x86)\Intel\Intel(R) Management Engine Components\IPT;C:\Program Files (x86)\NVIDIA Corporation\PhysX\Common;C:\WINDOWS\system32;C:\WINDOWS;C:\WINDOWS\System32\Wbem;C:\WINDOWS\System32\WindowsPowerShell\v1.0\;C:\Program Files (x86)\Skype\Phone\;C:\Ruby23-x64\bin;C:\Program Files (x86)\MySQL\MySQL Fabric 1.5 & MySQL Utilities 1.5\;C:\Program Files (x86)\MySQL\MySQL Fabric 1.5 & MySQL Utilities 1.5\Doctrine extensions for PHP\;C:\Program Files\MySQL\MySQL Server 5.7\bin;C:\RailsInstaller\Ruby2.2.0\bin;C:\Users\kikkos\AppData\Local\GitHub\PortableGit_d76a6a98c9315931ec4927243517bc09e9b731a0\cmd;C:\Ruby22-x64\bin;C:\Program Files (x86)\Heroku\ruby-1.9.3\bin;C:\Program Files\Intel\WiFi\bin\;C:\Program Files\Common Files\Intel\WirelessCommon\;C:\Program Files\MongoDB\Server\3.2\bin;C:\sqlite;%USERPROFILE%\AppData\Local\Microsoft\WindowsApps;
USERNAME=kikkos
OS=Windows_NT
PROCESSOR_IDENTIFIER=Intel64 Family 6 Model 42 Stepping 7, GenuineIntel



---------------  S Y S T E M  ---------------

OS: Windows 10.0 , 64 bit Build 14393 (10.0.14393.0)

CPU:total 8 (4 cores per cpu, 2 threads per core) family 6 model 42 stepping 7, cmov, cx8, fxsr, mmx, sse, sse2, sse3, ssse3, sse4.1, sse4.2, popcnt, avx, aes, clmul, ht, tsc, tscinvbit

Memory: 4k page, physical 8300684k(1651716k free), swap 8505484k(5348k free)

vm_info: Java HotSpot(TM) 64-Bit Server VM (25.92-b14) for windows-amd64 JRE (1.8.0_92-b14), built on Mar 31 2016 21:03:04 by "java_re" with MS VC++ 10.0 (VS2010)

time: Sun Oct 16 00:52:59 2016
elapsed time: 4 seconds (0d 0h 0m 4s)

