#
# There is insufficient memory for the Java Runtime Environment to continue.
# Native memory allocation (malloc) failed to allocate 120 bytes for AllocateHeap
# Possible reasons:
#   The system is out of physical RAM or swap space
#   In 32 bit mode, the process size limit was hit
# Possible solutions:
#   Reduce memory load on the system
#   Increase physical memory or swap space
#   Check if swap backing store is full
#   Use 64 bit Java on a 64 bit OS
#   Decrease Java heap size (-Xmx/-Xms)
#   Decrease number of Java threads
#   Decrease Java thread stack sizes (-Xss)
#   Set larger code cache with -XX:ReservedCodeCacheSize=
# This output file may be truncated or incomplete.
#
#  Out of Memory Error (memory/allocation.inline.hpp:61), pid=13780, tid=0x0000000000002338
#
# JRE version: Java(TM) SE Runtime Environment (8.0_92-b14) (build 1.8.0_92-b14)
# Java VM: Java HotSpot(TM) 64-Bit Server VM (25.92-b14 mixed mode windows-amd64 compressed oops)
# Failed to write core dump. Minidumps are not enabled by default on client versions of Windows
#

---------------  T H R E A D  ---------------

Current thread (0x0000000002357800):  JavaThread "main" [_thread_in_vm, id=9016, stack(0x0000000002180000,0x0000000002280000)]

Stack: [0x0000000002180000,0x0000000002280000]
[error occurred during error reporting (printing stack bounds), id 0xc0000005]

Native frames: (J=compiled Java code, j=interpreted, Vv=VM code, C=native code)

Java frames: (J=compiled Java code, j=interpreted, Vv=VM code)
j  java.lang.Throwable.printStackTrace(Ljava/io/PrintStream;)V+1
j  java.lang.Throwable.printStackTrace()V+4
j  com.android.dx.command.Main.main([Ljava/lang/String;)V+208
v  ~StubRoutines::call_stub

---------------  P R O C E S S  ---------------

Java Threads: ( => current thread )
  0x0000000007403800 JavaThread "Service Thread" daemon [_thread_blocked, id=11236, stack(0x0000000008a60000,0x0000000008b60000)]
  0x000000000737d000 JavaThread "C1 CompilerThread3" daemon [_thread_blocked, id=15104, stack(0x0000000008960000,0x0000000008a60000)]
  0x0000000007371800 JavaThread "C2 CompilerThread2" daemon [_thread_blocked, id=12492, stack(0x0000000008860000,0x0000000008960000)]
  0x000000000736c800 JavaThread "C2 CompilerThread1" daemon [_thread_blocked, id=2616, stack(0x0000000008760000,0x0000000008860000)]
  0x0000000007362800 JavaThread "C2 CompilerThread0" daemon [_thread_blocked, id=13288, stack(0x0000000008660000,0x0000000008760000)]
  0x0000000007361000 JavaThread "Attach Listener" daemon [_thread_blocked, id=13052, stack(0x0000000008560000,0x0000000008660000)]
  0x0000000007360000 JavaThread "Signal Dispatcher" daemon [_thread_blocked, id=3452, stack(0x0000000008460000,0x0000000008560000)]
  0x0000000007318000 JavaThread "Finalizer" daemon [_thread_blocked, id=4640, stack(0x0000000008280000,0x0000000008380000)]
  0x00000000072e6000 JavaThread "Reference Handler" daemon [_thread_blocked, id=12596, stack(0x0000000008180000,0x0000000008280000)]
=>0x0000000002357800 JavaThread "main" [_thread_in_vm, id=9016, stack(0x0000000002180000,0x0000000002280000)]

Other Threads:
  0x0000000005f70800 VMThread [stack: 0x0000000008080000,0x0000000008180000] [id=10564]
  0x000000000741b800 WatcherThread [stack: 0x0000000008b60000,0x0000000008c60000] [id=13000]

VM state:not at safepoint (normal execution)

VM Mutex/Monitor currently owned by a thread: None

Heap:
 PSYoungGen      total 38400K, used 2679K [0x00000000eab00000, 0x00000000ed580000, 0x0000000100000000)
  eden space 33280K, 8% used [0x00000000eab00000,0x00000000ead9dcc8,0x00000000ecb80000)
  from space 5120K, 0% used [0x00000000ed080000,0x00000000ed080000,0x00000000ed580000)
  to   space 5120K, 0% used [0x00000000ecb80000,0x00000000ecb80000,0x00000000ed080000)
 ParOldGen       total 87552K, used 0K [0x00000000c0000000, 0x00000000c5580000, 0x00000000eab00000)
  object space 87552K, 0% used [0x00000000c0000000,0x00000000c0000000,0x00000000c5580000)
 Metaspace       used 3153K, capacity 4784K, committed 5120K, reserved 1058816K
  class space    used 351K, capacity 424K, committed 512K, reserved 1048576K

Card table byte_map: [0x0000000002810000,0x0000000002a20000] byte_map_base: 0x0000000002210000

Marking Bits: (ParMarkBitMap*) 0x00000000562864f0
 Begin Bits: [0x0000000003380000, 0x0000000004380000)
 End Bits:   [0x0000000004380000, 0x0000000005380000)

Polling page: 0x0000000000a10000

CodeCache: size=245760Kb used=1227Kb max_used=1228Kb free=244533Kb
 bounds [0x000000000f010000, 0x000000000f280000, 0x000000001e010000]
 total_blobs=334 nmethods=96 adapters=151
 compilation: enabled

Compilation events (10 events):
Event: 0.266 Thread 0x000000000737d000   91       1       java.net.URLClassLoader::access$000 (5 bytes)
Event: 0.266 Thread 0x000000000737d000 nmethod 91 0x000000000f142410 code [0x000000000f142560, 0x000000000f142650]
Event: 0.267 Thread 0x000000000737d000   92       1       sun.misc.URLClassPath$JarLoader::access$600 (5 bytes)
Event: 0.267 Thread 0x000000000737d000 nmethod 92 0x000000000f142150 code [0x000000000f1422a0, 0x000000000f142390]
Event: 0.267 Thread 0x000000000737d000   94       1       java.security.CodeSource::getLocation (5 bytes)
Event: 0.267 Thread 0x000000000737d000 nmethod 94 0x000000000f141b10 code [0x000000000f141c60, 0x000000000f141d70]
Event: 0.267 Thread 0x000000000737d000   95  s    3       sun.misc.PerfCounter::add (18 bytes)
Event: 0.268 Thread 0x000000000737d000 nmethod 95 0x000000000f1410d0 code [0x000000000f141260, 0x000000000f1418d8]
Event: 0.268 Thread 0x000000000737d000   96  s    3       sun.misc.PerfCounter::get (9 bytes)
Event: 0.268 Thread 0x000000000737d000 nmethod 96 0x000000000f140ad0 code [0x000000000f140c40, 0x000000000f140fc8]

GC Heap History (0 events):
No events

Deoptimization events (0 events):
No events

Internal exceptions (4 events):
Event: 0.060 Thread 0x0000000002357800 Exception <a 'java/lang/NoSuchMethodError': Method sun.misc.Unsafe.defineClass(Ljava/lang/String;[BII)Ljava/lang/Class; name or signature does not match> (0x00000000eab07cc0) thrown at [D:\re\workspace\8-2-build-windows-amd64-cygwin\jdk8u92\6642\hotspot\sr)æs`½«®?
Event: 0.060 Thread 0x0000000002357800 Exception <a 'java/lang/NoSuchMethodError': Method sun.misc.Unsafe.prefetchRead(Ljava/lang/Object;J)V name or signature does not match> (0x00000000eab07fa8) thrown at [D:\re\workspace\8-2-build-windows-amd64-cygwin\jdk8u92\6642\hotspot\src\share\vm\prims\j(‹o¢´!Ñ?
Event: 0.268 Thread 0x0000000002357800 Exception <a 'java/lang/OutOfMemoryError'> (0x00000000ead29728) thrown at [D:\re\workspace\8-2-build-windows-amd64-cygwin\jdk8u92\6642\hotspot\src\share\vm\prims\jni.cpp, line 735]
Event: 0.268 Thread 0x0000000002357800 Exception <a 'java/lang/OutOfMemoryError'> (0x00000000ead29728) thrown at [D:\re\workspace\8-2-build-windows-amd64-cygwin\jdk8u92\6642\hotspot\src\share\vm\prims\jvm.cpp, line 1390]

Events (10 events):
Event: 0.266 loading class com/android/dx/rop/cst/CstLiteral32 done
Event: 0.266 loading class com/android/dx/rop/cst/CstLiteralBits
Event: 0.266 loading class com/android/dx/rop/cst/CstLiteralBits done
Event: 0.267 loading class com/android/dx/rop/cst/CstFloat
Event: 0.267 loading class com/android/dx/rop/cst/CstFloat done
Event: 0.267 loading class com/android/dx/rop/cst/CstLong
Event: 0.267 loading class com/android/dx/rop/cst/CstLong done
Event: 0.268 loading class java/security/PrivilegedActionException
Event: 0.268 loading class java/security/PrivilegedActionException done
Event: 0.268 loading class java/lang/Throwable$WrappedPrintStream


Dynamic libraries:
0x00007ff6c1860000 - 0x00007ff6c1897000 	C:\Program Files\Java\jdk1.8.0_92\bin\java.exe
0x00007ffa65e20000 - 0x00007ffa65fe1000 	C:\WINDOWS\SYSTEM32\ntdll.dll
0x00007ffa659e0000 - 0x00007ffa65a8d000 	C:\WINDOWS\system32\KERNEL32.DLL
0x00007ffa625b0000 - 0x00007ffa62798000 	C:\WINDOWS\system32\KERNELBASE.dll
0x0000000056640000 - 0x00000000566f1000 	C:\Program Files\Bitdefender\Bitdefender 2016\Active Virus Control\Avc3_00361_034\avcuf64.dll
0x00007ffa60bc0000 - 0x00007ffa60c39000 	C:\WINDOWS\system32\apphelp.dll
0x00007ffa3e1a0000 - 0x00007ffa3e623000 	C:\WINDOWS\AppPatch\AppPatch64\AcLayers.DLL
0x00007ffa63ff0000 - 0x00007ffa6408d000 	C:\WINDOWS\system32\msvcrt.dll
0x00007ffa639d0000 - 0x00007ffa63b26000 	C:\WINDOWS\system32\USER32.dll
0x00007ffa637e0000 - 0x00007ffa63966000 	C:\WINDOWS\system32\GDI32.dll
0x00007ffa63200000 - 0x00007ffa63252000 	C:\WINDOWS\system32\SHLWAPI.dll
0x00007ffa632c0000 - 0x00007ffa6353d000 	C:\WINDOWS\system32\combase.dll
0x00007ffa65ba0000 - 0x00007ffa65cbc000 	C:\WINDOWS\system32\RPCRT4.dll
0x00007ffa62a80000 - 0x00007ffa62aea000 	C:\WINDOWS\system32\bcryptPrimitives.dll
0x0000000000a50000 - 0x0000000000a53000 	C:\WINDOWS\SYSTEM32\sfc.dll
0x00007ffa5d790000 - 0x00007ffa5d814000 	C:\WINDOWS\SYSTEM32\WINSPOOL.DRV
0x00007ffa62020000 - 0x00007ffa62049000 	C:\WINDOWS\SYSTEM32\bcrypt.dll
0x00007ffa548e0000 - 0x00007ffa548f1000 	C:\WINDOWS\SYSTEM32\sfc_os.DLL
0x00007ffa4c040000 - 0x00007ffa4c051000 	C:\WINDOWS\SYSTEM32\SortWindows61.dll
0x00007ffa657e0000 - 0x00007ffa6581b000 	C:\WINDOWS\system32\IMM32.DLL
0x00007ffa61680000 - 0x00007ffa616b1000 	C:\Windows\system32\nvinitx.dll
0x00007ffa63540000 - 0x00007ffa635e7000 	C:\WINDOWS\system32\ADVAPI32.dll
0x00007ffa63b60000 - 0x00007ffa63bbb000 	C:\WINDOWS\system32\sechost.dll
0x00007ffa61670000 - 0x00007ffa6167a000 	C:\WINDOWS\SYSTEM32\VERSION.dll
0x000000000f000000 - 0x000000000f006000 	C:\Program Files\NVIDIA Corporation\CoProcManager\_etoured.dll
0x00007ffa5eea0000 - 0x00007ffa5eed3000 	C:\Program Files\NVIDIA Corporation\CoProcManager\nvd3d9wrapx.dll
0x00007ffa63bc0000 - 0x00007ffa63fe9000 	C:\WINDOWS\system32\SETUPAPI.dll
0x00007ffa62560000 - 0x00007ffa625a3000 	C:\WINDOWS\system32\CFGMGR32.dll
0x00007ffa5ee70000 - 0x00007ffa5ee92000 	C:\Program Files\NVIDIA Corporation\CoProcManager\nvdxgiwrapx.dll
0x00007ffa5dbb0000 - 0x00007ffa5de24000 	C:\WINDOWS\WinSxS\amd64_microsoft.windows.common-controls_6595b64144ccf1df_6.0.10586.0_none_8c15ae12515e1c22\COMCTL32.dll
0x0000000054e10000 - 0x0000000054ee2000 	C:\Program Files\Java\jdk1.8.0_92\jre\bin\msvcr100.dll
0x0000000055a70000 - 0x0000000056306000 	C:\Program Files\Java\jdk1.8.0_92\jre\bin\server\jvm.dll
0x00007ffa63b50000 - 0x00007ffa63b58000 	C:\WINDOWS\system32\PSAPI.DLL
0x00007ffa54bd0000 - 0x00007ffa54bd9000 	C:\WINDOWS\SYSTEM32\WSOCK32.dll
0x00007ffa65600000 - 0x00007ffa6566b000 	C:\WINDOWS\system32\WS2_32.dll
0x00007ffa60620000 - 0x00007ffa60643000 	C:\WINDOWS\SYSTEM32\WINMM.dll
0x00007ffa605f0000 - 0x00007ffa6061c000 	C:\WINDOWS\SYSTEM32\WINMMBASE.dll
0x0000000055a60000 - 0x0000000055a6f000 	C:\Program Files\Java\jdk1.8.0_92\jre\bin\verify.dll
0x0000000055a30000 - 0x0000000055a59000 	C:\Program Files\Java\jdk1.8.0_92\jre\bin\java.dll
0x0000000055a10000 - 0x0000000055a26000 	C:\Program Files\Java\jdk1.8.0_92\jre\bin\zip.dll
0x00007ffa64090000 - 0x00007ffa655ec000 	C:\WINDOWS\system32\SHELL32.dll
0x00007ffa62bb0000 - 0x00007ffa631f4000 	C:\WINDOWS\system32\windows.storage.dll
0x00007ffa62430000 - 0x00007ffa6243f000 	C:\WINDOWS\system32\kernel.appcore.dll
0x00007ffa62af0000 - 0x00007ffa62ba5000 	C:\WINDOWS\system32\shcore.dll
0x00007ffa62440000 - 0x00007ffa6248b000 	C:\WINDOWS\system32\powrprof.dll
0x00007ffa62490000 - 0x00007ffa624a4000 	C:\WINDOWS\system32\profapi.dll

VM Arguments:
jvm_args: -Djava.awt.headless=true -Xmx1024M -Dfile.encoding=windows-1252 -Duser.country=US -Duser.language=en -Duser.variant 
java_command: com.android.dx.command.Main --dex --force-jumbo --multi-dex --output C:\Users\kikkos\AndroidStudioProjects\Udacity\Sunshine\app\build\intermediates\transforms\dex\debug\folders\1000\5\slice_7 C:\Users\kikkos\AndroidStudioProjects\Udacity\Sunshine\app\build\intermediates\transforms\instantRunSlicer\debug\folders\1\5\slice_7
java_class_path (initial): C:\Users\kikkos\AppData\Local\Android\sdk\build-tools\22.0.1\lib\dx.jar
Launcher Type: SUN_STANDARD

Environment Variables:
JAVA_HOME=C:\Program Files\Java\jdk1.8.0_92
PATH=C:\Program Files (x86)\Intel\iCLS Client\;C:\Program Files\Intel\iCLS Client\;C:\ProgramData\Oracle\Java\javapath;C:\Program Files\ImageMagick-6.8.9-Q16;C:\WINDOWS\system32;C:\WINDOWS;C:\WINDOWS\System32\Wbem;C:\Program Files\Lenovo\Bluetooth Software\;C:\Program Files\Lenovo\Bluetooth Software\syswow64;C:\Program Files\Intel\WiFi\bin\;C:\Program Files\Common Files\Intel\WirelessCommon\;C:\Program Files\Microsoft\Web Platform Installer\;C:\WINDOWS\System32\WindowsPowerShell\v1.0\;C:\Program Files\Microsoft SQL Server\110\Tools\Binn\;C:\Program Files\Sublime Text 2;C:\Program Files (x86)\Heroku\bin;C:\Program Files\Intel\Intel(R) Management Engine Components\DAL;C:\Program Files\Intel\Intel(R) Management Engine Components\IPT;C:\Program Files (x86)\Intel\Intel(R) Management Engine Components\DAL;C:\Program Files (x86)\Intel\Intel(R) Management Engine Components\IPT;C:\Program Files (x86)\NVIDIA Corporation\PhysX\Common;C:\WINDOWS\system32;C:\WINDOWS;C:\WINDOWS\System32\Wbem;C:\WINDOWS\System32\WindowsPowerShell\v1.0\;C:\Program Files (x86)\Skype\Phone\;C:\Ruby23-x64\bin;C:\Program Files (x86)\MySQL\MySQL Fabric 1.5 & MySQL Utilities 1.5\;C:\Program Files (x86)\MySQL\MySQL Fabric 1.5 & MySQL Utilities 1.5\Doctrine extensions for PHP\;C:\Program Files\MySQL\MySQL Server 5.7\bin;C:\RailsInstaller\Ruby2.2.0\bin;C:\Users\kikkos\AppData\Local\GitHub\PortableGit_d76a6a98c9315931ec4927243517bc09e9b731a0\cmd;C:\Ruby22-x64\bin;C:\Program Files (x86)\Heroku\ruby-1.9.3\bin;C:\Program Files\Intel\WiFi\bin\;C:\Program Files\Common Files\Intel\WirelessCommon\
USERNAME=kikkos
OS=Windows_NT
PROCESSOR_IDENTIFIER=Intel64 Family 6 Model 42 Stepping 7, GenuineIntel



---------------  S Y S T E M  ---------------

OS: Windows 10.0 , 64 bit Build 10586 (10.0.10586.0)

CPU:total 8 (4 cores per cpu, 2 threads per core) family 6 model 42 stepping 7, cmov, cx8, fxsr, mmx, sse, sse2, sse3, ssse3, sse4.1, sse4.2, popcnt, avx, aes, clmul, ht, tsc, tscinvbit

Memory: 4k page, physical 8300684k(2603036k free), swap 8505484k(3088k free)

vm_info: Java HotSpot(TM) 64-Bit Server VM (25.92-b14) for windows-amd64 JRE (1.8.0_92-b14), built on Mar 31 2016 21:03:04 by "java_re" with MS VC++ 10.0 (VS2010)

time: Tue Jun 14 18:55:24 2016
elapsed time: 0 seconds (0d 0h 0m 0s)

