#
# There is insufficient memory for the Java Runtime Environment to continue.
# Native memory allocation (malloc) failed to allocate 318640 bytes for Chunk::new
# Possible reasons:
#   The system is out of physical RAM or swap space
#   In 32 bit mode, the process size limit was hit
# Possible solutions:
#   Reduce memory load on the system
#   Increase physical memory or swap space
#   Check if swap backing store is full
#   Use 64 bit Java on a 64 bit OS
#   Decrease Java heap size (-Xmx/-Xms)
#   Decrease number of Java threads
#   Decrease Java thread stack sizes (-Xss)
#   Set larger code cache with -XX:ReservedCodeCacheSize=
# This output file may be truncated or incomplete.
#
#  Out of Memory Error (allocation.cpp:390), pid=16112, tid=0x00000000000020c0
#
# JRE version: Java(TM) SE Runtime Environment (8.0_92-b14) (build 1.8.0_92-b14)
# Java VM: Java HotSpot(TM) 64-Bit Server VM (25.92-b14 mixed mode windows-amd64 compressed oops)
# Failed to write core dump. Minidumps are not enabled by default on client versions of Windows
#

---------------  T H R E A D  ---------------

Current thread (0x0000000016d46800):  JavaThread "C2 CompilerThread0" daemon [_thread_in_native, id=8384, stack(0x0000000018030000,0x0000000018130000)]

Stack: [0x0000000018030000,0x0000000018130000]
[error occurred during error reporting (printing stack bounds), id 0xc0000005]

Native frames: (J=compiled Java code, j=interpreted, Vv=VM code, C=native code)


Current CompileTask:
C2:  10635 2266       4       com.android.dx.dex.cf.CfTranslator::translate0 (259 bytes)


---------------  P R O C E S S  ---------------

Java Threads: ( => current thread )
  0x0000000016dc0800 JavaThread "Service Thread" daemon [_thread_blocked, id=18000, stack(0x0000000018430000,0x0000000018530000)]
  0x0000000016d5a000 JavaThread "C1 CompilerThread3" daemon [_thread_blocked, id=16448, stack(0x0000000018330000,0x0000000018430000)]
  0x0000000016d51800 JavaThread "C2 CompilerThread2" daemon [_thread_in_native, id=12760, stack(0x0000000018230000,0x0000000018330000)]
  0x0000000016d4c800 JavaThread "C2 CompilerThread1" daemon [_thread_in_native, id=18928, stack(0x0000000018130000,0x0000000018230000)]
=>0x0000000016d46800 JavaThread "C2 CompilerThread0" daemon [_thread_in_native, id=8384, stack(0x0000000018030000,0x0000000018130000)]
  0x0000000016d41800 JavaThread "Attach Listener" daemon [_thread_blocked, id=8352, stack(0x0000000017f30000,0x0000000018030000)]
  0x0000000016d40800 JavaThread "Signal Dispatcher" daemon [_thread_blocked, id=8876, stack(0x0000000017e30000,0x0000000017f30000)]
  0x0000000016cf8000 JavaThread "Finalizer" daemon [_thread_blocked, id=13776, stack(0x0000000017c40000,0x0000000017d40000)]
  0x0000000016cc6000 JavaThread "Reference Handler" daemon [_thread_blocked, id=18504, stack(0x0000000017b40000,0x0000000017c40000)]
  0x0000000002d57800 JavaThread "main" [_thread_in_Java, id=17136, stack(0x0000000002a60000,0x0000000002b60000)]

Other Threads:
  0x0000000015972800 VMThread [stack: 0x0000000017a40000,0x0000000017b40000] [id=9528]
  0x0000000016ddb800 WatcherThread [stack: 0x0000000018530000,0x0000000018630000] [id=14764]

VM state:not at safepoint (normal execution)

VM Mutex/Monitor currently owned by a thread: None

Heap:
 PSYoungGen      total 288768K, used 58690K [0x00000000eab00000, 0x00000000fef00000, 0x0000000100000000)
  eden space 261120K, 12% used [0x00000000eab00000,0x00000000ec9d8760,0x00000000faa00000)
  from space 27648K, 98% used [0x00000000fca00000,0x00000000fe478400,0x00000000fe500000)
  to   space 32768K, 0% used [0x00000000faa00000,0x00000000faa00000,0x00000000fca00000)
 ParOldGen       total 87552K, used 47782K [0x00000000c0000000, 0x00000000c5580000, 0x00000000eab00000)
  object space 87552K, 54% used [0x00000000c0000000,0x00000000c2ea98f0,0x00000000c5580000)
 Metaspace       used 6489K, capacity 7408K, committed 7552K, reserved 1056768K
  class space    used 605K, capacity 616K, committed 640K, reserved 1048576K

Card table byte_map: [0x0000000012210000,0x0000000012420000] byte_map_base: 0x0000000011c10000

Marking Bits: (ParMarkBitMap*) 0x000000006e7964f0
 Begin Bits: [0x0000000012d80000, 0x0000000013d80000)
 End Bits:   [0x0000000013d80000, 0x0000000014d80000)

Polling page: 0x0000000000f20000

CodeCache: size=245760Kb used=12076Kb max_used=12076Kb free=233683Kb
 bounds [0x0000000002e50000, 0x0000000003a30000, 0x0000000011e50000]
 total_blobs=2742 nmethods=2477 adapters=178
 compilation: enabled

Compilation events (10 events):
Event: 10.626 Thread 0x0000000016d5a000 2629       2       com.android.dx.dex.code.form.Form21s::isCompatible (89 bytes)
Event: 10.626 Thread 0x0000000016d5a000 nmethod 2629 0x0000000003a226d0 code [0x0000000003a22860, 0x0000000003a22c28]
Event: 10.626 Thread 0x0000000016d5a000 2630       2       com.android.dx.rop.code.RegisterSpecSet::getMaxSize (6 bytes)
Event: 10.627 Thread 0x0000000016d5a000 nmethod 2630 0x0000000003a22e90 code [0x0000000003a22fe0, 0x0000000003a23130]
Event: 10.627 Thread 0x0000000016d5a000 2631       2       com.android.dx.dex.code.SimpleInsn::withRegisters (17 bytes)
Event: 10.628 Thread 0x0000000016d5a000 nmethod 2631 0x0000000003a231d0 code [0x0000000003a23340, 0x0000000003a23528]
Event: 10.630 Thread 0x0000000016d5a000 2632       2       com.android.dx.dex.code.form.Form23x::isCompatible (68 bytes)
Event: 10.630 Thread 0x0000000016d5a000 nmethod 2632 0x0000000003a23610 code [0x0000000003a237a0, 0x0000000003a23b28]
Event: 10.630 Thread 0x0000000016d5a000 2633       1       com.android.dx.dex.code.form.Form21h::codeSize (2 bytes)
Event: 10.630 Thread 0x0000000016d5a000 nmethod 2633 0x0000000003a23d90 code [0x0000000003a23ee0, 0x0000000003a23ff0]

GC Heap History (10 events):
Event: 2.344 GC heap before
{Heap before GC invocations=2 (full 0):
 PSYoungGen      total 38400K, used 38394K [0x00000000eab00000, 0x00000000ef600000, 0x0000000100000000)
  eden space 33280K, 100% used [0x00000000eab00000,0x00000000ecb80000,0x00000000ecb80000)
  from space 5120K, 99% used [0x00000000ecb80000,0x00000000ed07eaa8,0x00000000ed080000)
  to   space 5120K, 0% used [0x00000000ef100000,0x00000000ef100000,0x00000000ef600000)
 ParOldGen       total 87552K, used 1706K [0x00000000c0000000, 0x00000000c5580000, 0x00000000eab00000)
  object space 87552K, 1% used [0x00000000c0000000,0x00000000c01aabf0,0x00000000c5580000)
 Metaspace       used 5915K, capacity 7088K, committed 7296K, reserved 1056768K
  class space    used 566K, capacity 616K, committed 640K, reserved 1048576K
Event: 2.363 GC heap after
Heap after GC invocations=2 (full 0):
 PSYoungGen      total 71680K, used 5090K [0x00000000eab00000, 0x00000000ef600000, 0x0000000100000000)
  eden space 66560K, 0% used [0x00000000eab00000,0x00000000eab00000,0x00000000eec00000)
  from space 5120K, 99% used [0x00000000ef100000,0x00000000ef5f8ae0,0x00000000ef600000)
  to   space 5120K, 0% used [0x00000000eec00000,0x00000000eec00000,0x00000000ef100000)
 ParOldGen       total 87552K, used 6809K [0x00000000c0000000, 0x00000000c5580000, 0x00000000eab00000)
  object space 87552K, 7% used [0x00000000c0000000,0x00000000c06a6428,0x00000000c5580000)
 Metaspace       used 5915K, capacity 7088K, committed 7296K, reserved 1056768K
  class space    used 566K, capacity 616K, committed 640K, reserved 1048576K
}
Event: 4.056 GC heap before
{Heap before GC invocations=3 (full 0):
 PSYoungGen      total 71680K, used 71650K [0x00000000eab00000, 0x00000000ef600000, 0x0000000100000000)
  eden space 66560K, 100% used [0x00000000eab00000,0x00000000eec00000,0x00000000eec00000)
  from space 5120K, 99% used [0x00000000ef100000,0x00000000ef5f8ae0,0x00000000ef600000)
  to   space 5120K, 0% used [0x00000000eec00000,0x00000000eec00000,0x00000000ef100000)
 ParOldGen       total 87552K, used 6809K [0x00000000c0000000, 0x00000000c5580000, 0x00000000eab00000)
  object space 87552K, 7% used [0x00000000c0000000,0x00000000c06a6428,0x00000000c5580000)
 Metaspace       used 6052K, capacity 7088K, committed 7296K, reserved 1056768K
  class space    used 586K, capacity 616K, committed 640K, reserved 1048576K
Event: 4.181 GC heap after
Heap after GC invocations=3 (full 0):
 PSYoungGen      total 71680K, used 5116K [0x00000000eab00000, 0x00000000f3700000, 0x0000000100000000)
  eden space 66560K, 0% used [0x00000000eab00000,0x00000000eab00000,0x00000000eec00000)
  from space 5120K, 99% used [0x00000000eec00000,0x00000000ef0ff2e8,0x00000000ef100000)
  to   space 5120K, 0% used [0x00000000f3200000,0x00000000f3200000,0x00000000f3700000)
 ParOldGen       total 87552K, used 15961K [0x00000000c0000000, 0x00000000c5580000, 0x00000000eab00000)
  object space 87552K, 18% used [0x00000000c0000000,0x00000000c0f96660,0x00000000c5580000)
 Metaspace       used 6052K, capacity 7088K, committed 7296K, reserved 1056768K
  class space    used 586K, capacity 616K, committed 640K, reserved 1048576K
}
Event: 6.009 GC heap before
{Heap before GC invocations=4 (full 0):
 PSYoungGen      total 71680K, used 71676K [0x00000000eab00000, 0x00000000f3700000, 0x0000000100000000)
  eden space 66560K, 100% used [0x00000000eab00000,0x00000000eec00000,0x00000000eec00000)
  from space 5120K, 99% used [0x00000000eec00000,0x00000000ef0ff2e8,0x00000000ef100000)
  to   space 5120K, 0% used [0x00000000f3200000,0x00000000f3200000,0x00000000f3700000)
 ParOldGen       total 87552K, used 15961K [0x00000000c0000000, 0x00000000c5580000, 0x00000000eab00000)
  object space 87552K, 18% used [0x00000000c0000000,0x00000000c0f96660,0x00000000c5580000)
 Metaspace       used 6087K, capacity 7152K, committed 7296K, reserved 1056768K
  class space    used 587K, capacity 616K, committed 640K, reserved 1048576K
Event: 6.187 GC heap after
Heap after GC invocations=4 (full 0):
 PSYoungGen      total 138240K, used 5114K [0x00000000eab00000, 0x00000000f3700000, 0x0000000100000000)
  eden space 133120K, 0% used [0x00000000eab00000,0x00000000eab00000,0x00000000f2d00000)
  from space 5120K, 99% used [0x00000000f3200000,0x00000000f36fe888,0x00000000f3700000)
  to   space 5120K, 0% used [0x00000000f2d00000,0x00000000f2d00000,0x00000000f3200000)
 ParOldGen       total 87552K, used 25561K [0x00000000c0000000, 0x00000000c5580000, 0x00000000eab00000)
  object space 87552K, 29% used [0x00000000c0000000,0x00000000c18f67b0,0x00000000c5580000)
 Metaspace       used 6087K, capacity 7152K, committed 7296K, reserved 1056768K
  class space    used 587K, capacity 616K, committed 640K, reserved 1048576K
}
Event: 8.483 GC heap before
{Heap before GC invocations=5 (full 0):
 PSYoungGen      total 138240K, used 138234K [0x00000000eab00000, 0x00000000f3700000, 0x0000000100000000)
  eden space 133120K, 100% used [0x00000000eab00000,0x00000000f2d00000,0x00000000f2d00000)
  from space 5120K, 99% used [0x00000000f3200000,0x00000000f36fe888,0x00000000f3700000)
  to   space 5120K, 0% used [0x00000000f2d00000,0x00000000f2d00000,0x00000000f3200000)
 ParOldGen       total 87552K, used 25561K [0x00000000c0000000, 0x00000000c5580000, 0x00000000eab00000)
  object space 87552K, 29% used [0x00000000c0000000,0x00000000c18f67b0,0x00000000c5580000)
 Metaspace       used 6135K, capacity 7152K, committed 7296K, reserved 1056768K
  class space    used 587K, capacity 616K, committed 640K, reserved 1048576K
Event: 8.576 GC heap after
Heap after GC invocations=5 (full 0):
 PSYoungGen      total 138240K, used 5118K [0x00000000eab00000, 0x00000000fe500000, 0x0000000100000000)
  eden space 133120K, 0% used [0x00000000eab00000,0x00000000eab00000,0x00000000f2d00000)
  from space 5120K, 99% used [0x00000000f2d00000,0x00000000f31ff888,0x00000000f3200000)
  to   space 27648K, 0% used [0x00000000fca00000,0x00000000fca00000,0x00000000fe500000)
 ParOldGen       total 87552K, used 47782K [0x00000000c0000000, 0x00000000c5580000, 0x00000000eab00000)
  object space 87552K, 54% used [0x00000000c0000000,0x00000000c2ea98f0,0x00000000c5580000)
 Metaspace       used 6135K, capacity 7152K, committed 7296K, reserved 1056768K
  class space    used 587K, capacity 616K, committed 640K, reserved 1048576K
}
Event: 9.886 GC heap before
{Heap before GC invocations=6 (full 0):
 PSYoungGen      total 138240K, used 138238K [0x00000000eab00000, 0x00000000fe500000, 0x0000000100000000)
  eden space 133120K, 100% used [0x00000000eab00000,0x00000000f2d00000,0x00000000f2d00000)
  from space 5120K, 99% used [0x00000000f2d00000,0x00000000f31ff888,0x00000000f3200000)
  to   space 27648K, 0% used [0x00000000fca00000,0x00000000fca00000,0x00000000fe500000)
 ParOldGen       total 87552K, used 47782K [0x00000000c0000000, 0x00000000c5580000, 0x00000000eab00000)
  object space 87552K, 54% used [0x00000000c0000000,0x00000000c2ea98f0,0x00000000c5580000)
 Metaspace       used 6173K, capacity 7152K, committed 7296K, reserved 1056768K
  class space    used 587K, capacity 616K, committed 640K, reserved 1048576K
Event: 9.963 GC heap after
Heap after GC invocations=6 (full 0):
 PSYoungGen      total 288768K, used 27105K [0x00000000eab00000, 0x00000000fef00000, 0x0000000100000000)
  eden space 261120K, 0% used [0x00000000eab00000,0x00000000eab00000,0x00000000faa00000)
  from space 27648K, 98% used [0x00000000fca00000,0x00000000fe478400,0x00000000fe500000)
  to   space 32768K, 0% used [0x00000000faa00000,0x00000000faa00000,0x00000000fca00000)
 ParOldGen       total 87552K, used 47782K [0x00000000c0000000, 0x00000000c5580000, 0x00000000eab00000)
  object space 87552K, 54% used [0x00000000c0000000,0x00000000c2ea98f0,0x00000000c5580000)
 Metaspace       used 6173K, capacity 7152K, committed 7296K, reserved 1056768K
  class space    used 587K, capacity 616K, committed 640K, reserved 1048576K
}

Deoptimization events (10 events):
Event: 10.057 Thread 0x0000000002d57800 Uncommon trap: reason=class_check action=maybe_recompile pc=0x00000000032e5508 method=java.util.Arrays.hashCode([Ljava/lang/Object;)I @ 43
Event: 10.057 Thread 0x0000000002d57800 Uncommon trap: reason=class_check action=maybe_recompile pc=0x00000000032e5508 method=java.util.Arrays.hashCode([Ljava/lang/Object;)I @ 43
Event: 10.058 Thread 0x0000000002d57800 Uncommon trap: reason=class_check action=maybe_recompile pc=0x00000000032e5508 method=java.util.Arrays.hashCode([Ljava/lang/Object;)I @ 43
Event: 10.058 Thread 0x0000000002d57800 Uncommon trap: reason=class_check action=maybe_recompile pc=0x00000000032e5508 method=java.util.Arrays.hashCode([Ljava/lang/Object;)I @ 43
Event: 10.058 Thread 0x0000000002d57800 Uncommon trap: reason=class_check action=maybe_recompile pc=0x00000000032e5af4 method=java.util.Arrays.hashCode([Ljava/lang/Object;)I @ 43
Event: 10.388 Thread 0x0000000002d57800 Uncommon trap: reason=speculate_class_check action=maybe_recompile pc=0x00000000032061f8 method=com.android.dx.util.FixedSizeList.equals(Ljava/lang/Object;)Z @ 25
Event: 10.388 Thread 0x0000000002d57800 Uncommon trap: reason=speculate_class_check action=maybe_recompile pc=0x00000000032061f8 method=com.android.dx.util.FixedSizeList.equals(Ljava/lang/Object;)Z @ 25
Event: 10.389 Thread 0x0000000002d57800 Uncommon trap: reason=speculate_class_check action=maybe_recompile pc=0x00000000032061f8 method=com.android.dx.util.FixedSizeList.equals(Ljava/lang/Object;)Z @ 25
Event: 10.389 Thread 0x0000000002d57800 Uncommon trap: reason=speculate_class_check action=maybe_recompile pc=0x00000000032061f8 method=com.android.dx.util.FixedSizeList.equals(Ljava/lang/Object;)Z @ 25
Event: 10.389 Thread 0x0000000002d57800 Uncommon trap: reason=unstable_if action=reinterpret pc=0x0000000003559b68 method=java.util.TreeMap.put(Ljava/lang/Object;Ljava/lang/Object;)Ljava/lang/Object; @ 163

Internal exceptions (8 events):
Event: 0.053 Thread 0x0000000002d57800 Exception <a 'java/lang/NoSuchMethodError': Method sun.misc.Unsafe.defineClass(Ljava/lang/String;[BII)Ljava/lang/Class; name or signature does not match> (0x00000000eab07cc0) thrown at [D:\re\workspace\8-2-build-windows-amd64-cygwin\jdk8u92\6642\hotspot\srƒ­$h%«?
Event: 0.053 Thread 0x0000000002d57800 Exception <a 'java/lang/NoSuchMethodError': Method sun.misc.Unsafe.prefetchRead(Ljava/lang/Object;J)V name or signature does not match> (0x00000000eab07fa8) thrown at [D:\re\workspace\8-2-build-windows-amd64-cygwin\jdk8u92\6642\hotspot\src\share\vm\prims\jÛŽ˜MGó?
Event: 1.194 Thread 0x0000000002d57800 Implicit null exception at 0x00000000032534b3 to 0x0000000003254499
Event: 1.315 Thread 0x0000000002d57800 Implicit null exception at 0x000000000324cc84 to 0x000000000324d94d
Event: 3.108 Thread 0x0000000002d57800 Exception <a 'java/lang/ArrayIndexOutOfBoundsException': 18> (0x00000000ecdaef70) thrown at [D:\re\workspace\8-2-build-windows-amd64-cygwin\jdk8u92\6642\hotspot\src\share\vm\interpreter\interpreterRuntime.cpp, line 366]
Event: 3.108 Thread 0x0000000002d57800 Exception <a 'java/lang/ArrayIndexOutOfBoundsException': 145> (0x00000000ecdb0af0) thrown at [D:\re\workspace\8-2-build-windows-amd64-cygwin\jdk8u92\6642\hotspot\src\share\vm\interpreter\interpreterRuntime.cpp, line 366]
Event: 3.110 Thread 0x0000000002d57800 Exception <a 'java/lang/ArrayIndexOutOfBoundsException'> (0x00000000ecdb1dd8) thrown at [D:\re\workspace\8-2-build-windows-amd64-cygwin\jdk8u92\6642\hotspot\src\share\vm\runtime\sharedRuntime.cpp, line 605]
Event: 8.368 Thread 0x0000000002d57800 Implicit null exception at 0x00000000034d3750 to 0x00000000034d4d05

Events (10 events):
Event: 10.474 Thread 0x0000000002d57800 DEOPT PACKING pc=0x00000000039b9e79 sp=0x0000000002b5f260
Event: 10.474 Thread 0x0000000002d57800 DEOPT UNPACKING pc=0x0000000002e9787f sp=0x0000000002b5efe0 mode 0
Event: 10.474 Thread 0x0000000002d57800 DEOPT PACKING pc=0x00000000039bdb1e sp=0x0000000002b5f1a0
Event: 10.474 Thread 0x0000000002d57800 DEOPT UNPACKING pc=0x0000000002e9787f sp=0x0000000002b5ef28 mode 0
Event: 10.475 Thread 0x0000000002d57800 DEOPT PACKING pc=0x00000000039c7519 sp=0x0000000002b5f160
Event: 10.475 Thread 0x0000000002d57800 DEOPT UNPACKING pc=0x0000000002e9787f sp=0x0000000002b5ef28 mode 0
Event: 10.475 Thread 0x0000000002d57800 DEOPT PACKING pc=0x00000000039ca2cd sp=0x0000000002b5f220
Event: 10.475 Thread 0x0000000002d57800 DEOPT UNPACKING pc=0x0000000002e9787f sp=0x0000000002b5ef78 mode 0
Event: 10.477 Thread 0x0000000002d57800 DEOPT PACKING pc=0x00000000039c85d1 sp=0x0000000002b5f190
Event: 10.477 Thread 0x0000000002d57800 DEOPT UNPACKING pc=0x0000000002e9787f sp=0x0000000002b5ef18 mode 0


Dynamic libraries:
0x00007ff604ac0000 - 0x00007ff604af7000 	C:\Program Files\Java\jdk1.8.0_92\bin\java.exe
0x00007ffed68d0000 - 0x00007ffed6aa1000 	C:\WINDOWS\SYSTEM32\ntdll.dll
0x00007ffed42d0000 - 0x00007ffed437b000 	C:\WINDOWS\System32\KERNEL32.DLL
0x00007ffed2e70000 - 0x00007ffed308d000 	C:\WINDOWS\System32\KERNELBASE.dll
0x00007ffed10e0000 - 0x00007ffed115a000 	C:\WINDOWS\system32\apphelp.dll
0x00007ffea1db0000 - 0x00007ffea2232000 	C:\WINDOWS\AppPatch\AppPatch64\AcLayers.DLL
0x00007ffed4380000 - 0x00007ffed441e000 	C:\WINDOWS\System32\msvcrt.dll
0x00007ffed6680000 - 0x00007ffed67e5000 	C:\WINDOWS\System32\USER32.dll
0x00007ffed3270000 - 0x00007ffed328e000 	C:\WINDOWS\System32\win32u.dll
0x00007ffed6130000 - 0x00007ffed6164000 	C:\WINDOWS\System32\GDI32.dll
0x00007ffed3090000 - 0x00007ffed3212000 	C:\WINDOWS\System32\gdi32full.dll
0x00007ffed61f0000 - 0x00007ffed6242000 	C:\WINDOWS\System32\SHLWAPI.dll
0x00007ffed3e60000 - 0x00007ffed4127000 	C:\WINDOWS\System32\combase.dll
0x00007ffed3d40000 - 0x00007ffed3e35000 	C:\WINDOWS\System32\ucrtbase.dll
0x00007ffed4880000 - 0x00007ffed49a1000 	C:\WINDOWS\System32\RPCRT4.dll
0x00007ffed2e00000 - 0x00007ffed2e6a000 	C:\WINDOWS\System32\bcryptPrimitives.dll
0x0000000000890000 - 0x0000000000893000 	C:\WINDOWS\SYSTEM32\sfc.dll
0x00007ffecc640000 - 0x00007ffecc6c5000 	C:\WINDOWS\SYSTEM32\WINSPOOL.DRV
0x00007ffed2c50000 - 0x00007ffed2c7b000 	C:\WINDOWS\SYSTEM32\bcrypt.dll
0x00007ffeb7500000 - 0x00007ffeb7511000 	C:\WINDOWS\SYSTEM32\sfc_os.DLL
0x00007ffec5780000 - 0x00007ffec5791000 	C:\WINDOWS\SYSTEM32\SortWindows61.dll
0x00007ffed4580000 - 0x00007ffed45ae000 	C:\WINDOWS\System32\IMM32.DLL
0x00007ffed4b70000 - 0x00007ffed4c12000 	C:\WINDOWS\System32\ADVAPI32.dll
0x00007ffed4b10000 - 0x00007ffed4b69000 	C:\WINDOWS\System32\sechost.dll
0x00007ffecb2b0000 - 0x00007ffecb529000 	C:\WINDOWS\WinSxS\amd64_microsoft.windows.common-controls_6595b64144ccf1df_6.0.14393.0_none_2d0f50fcbdb171b8\COMCTL32.dll
0x000000006daf0000 - 0x000000006dbc2000 	C:\Program Files\Java\jdk1.8.0_92\jre\bin\msvcr100.dll
0x000000006df80000 - 0x000000006e816000 	C:\Program Files\Java\jdk1.8.0_92\jre\bin\server\jvm.dll
0x00007ffed3e50000 - 0x00007ffed3e58000 	C:\WINDOWS\System32\PSAPI.DLL
0x00007ffec5150000 - 0x00007ffec5159000 	C:\WINDOWS\SYSTEM32\WSOCK32.dll
0x00007ffed6180000 - 0x00007ffed61ea000 	C:\WINDOWS\System32\WS2_32.dll
0x00007ffed0fb0000 - 0x00007ffed0fd3000 	C:\WINDOWS\SYSTEM32\WINMM.dll
0x00007ffecfba0000 - 0x00007ffecfbaa000 	C:\WINDOWS\SYSTEM32\VERSION.dll
0x00007ffed0f50000 - 0x00007ffed0f7b000 	C:\WINDOWS\SYSTEM32\WINMMBASE.dll
0x00007ffed3220000 - 0x00007ffed3262000 	C:\WINDOWS\System32\cfgmgr32.dll
0x000000006df70000 - 0x000000006df7f000 	C:\Program Files\Java\jdk1.8.0_92\jre\bin\verify.dll
0x000000006df40000 - 0x000000006df69000 	C:\Program Files\Java\jdk1.8.0_92\jre\bin\java.dll
0x000000006df20000 - 0x000000006df36000 	C:\Program Files\Java\jdk1.8.0_92\jre\bin\zip.dll
0x00007ffed4c20000 - 0x00007ffed6128000 	C:\WINDOWS\System32\SHELL32.dll
0x00007ffed33e0000 - 0x00007ffed3aba000 	C:\WINDOWS\System32\windows.storage.dll
0x00007ffed2d20000 - 0x00007ffed2d6c000 	C:\WINDOWS\System32\powrprof.dll
0x00007ffed2d70000 - 0x00007ffed2d7f000 	C:\WINDOWS\System32\kernel.appcore.dll
0x00007ffed3ac0000 - 0x00007ffed3b69000 	C:\WINDOWS\System32\shcore.dll
0x00007ffed2d80000 - 0x00007ffed2d94000 	C:\WINDOWS\System32\profapi.dll

VM Arguments:
jvm_args: -Djava.awt.headless=true -Xmx1024M -Dfile.encoding=windows-1252 -Duser.country=US -Duser.language=en -Duser.variant 
java_command: com.android.dx.command.Main --dex --force-jumbo --multi-dex --output C:\Users\kikkos\AndroidStudioProjects\Udacity\Sunshine\app\build\intermediates\transforms\dex\debug\folders\1000\10\com.android.support-support-v4-23.4.0_c230b01a6739b2dfa837316b28c5af1bf126ad01 C:\Users\kikkos\AndroidStudioProjects\Udacity\Sunshine\app\build\intermediates\exploded-aar\com.android.support\support-v4\23.4.0\jars\classes.jar
java_class_path (initial): C:\Users\kikkos\AppData\Local\Android\sdk\build-tools\22.0.1\lib\dx.jar
Launcher Type: SUN_STANDARD

Environment Variables:
JAVA_HOME=C:\Program Files\Java\jdk1.8.0_92
PATH=C:\Program Files (x86)\Intel\iCLS Client\;C:\Program Files\Intel\iCLS Client\;C:\ProgramData\Oracle\Java\javapath;C:\Program Files\ImageMagick-6.8.9-Q16;C:\WINDOWS\system32;C:\WINDOWS;C:\WINDOWS\System32\Wbem;C:\Program Files\Lenovo\Bluetooth Software\;C:\Program Files\Lenovo\Bluetooth Software\syswow64;C:\Program Files\Intel\WiFi\bin\;C:\Program Files\Common Files\Intel\WirelessCommon\;C:\Program Files\Microsoft\Web Platform Installer\;C:\WINDOWS\System32\WindowsPowerShell\v1.0\;C:\Program Files\Microsoft SQL Server\110\Tools\Binn\;C:\Program Files\Sublime Text 2;C:\Program Files (x86)\Heroku\bin;C:\Program Files\Intel\Intel(R) Management Engine Components\DAL;C:\Program Files\Intel\Intel(R) Management Engine Components\IPT;C:\Program Files (x86)\Intel\Intel(R) Management Engine Components\DAL;C:\Program Files (x86)\Intel\Intel(R) Management Engine Components\IPT;C:\Program Files (x86)\NVIDIA Corporation\PhysX\Common;C:\WINDOWS\system32;C:\WINDOWS;C:\WINDOWS\System32\Wbem;C:\WINDOWS\System32\WindowsPowerShell\v1.0\;C:\Program Files (x86)\Skype\Phone\;C:\Ruby23-x64\bin;C:\Program Files (x86)\MySQL\MySQL Fabric 1.5 & MySQL Utilities 1.5\;C:\Program Files (x86)\MySQL\MySQL Fabric 1.5 & MySQL Utilities 1.5\Doctrine extensions for PHP\;C:\Program Files\MySQL\MySQL Server 5.7\bin;C:\RailsInstaller\Ruby2.2.0\bin;C:\Users\kikkos\AppData\Local\GitHub\PortableGit_d76a6a98c9315931ec4927243517bc09e9b731a0\cmd;C:\Ruby22-x64\bin;C:\Program Files (x86)\Heroku\ruby-1.9.3\bin;C:\Program Files\Intel\WiFi\bin\;C:\Program Files\Common Files\Intel\WirelessCommon\;C:\Program Files\MongoDB\Server\3.2\bin;C:\sqlite;%USERPROFILE%\AppData\Local\Microsoft\WindowsApps;
USERNAME=kikkos
OS=Windows_NT
PROCESSOR_IDENTIFIER=Intel64 Family 6 Model 42 Stepping 7, GenuineIntel



---------------  S Y S T E M  ---------------

OS: Windows 10.0 , 64 bit Build 14393 (10.0.14393.0)

CPU:total 8 (4 cores per cpu, 2 threads per core) family 6 model 42 stepping 7, cmov, cx8, fxsr, mmx, sse, sse2, sse3, ssse3, sse4.1, sse4.2, popcnt, avx, aes, clmul, ht, tsc, tscinvbit

Memory: 4k page, physical 8300684k(1742520k free), swap 8505484k(185152k free)

vm_info: Java HotSpot(TM) 64-Bit Server VM (25.92-b14) for windows-amd64 JRE (1.8.0_92-b14), built on Mar 31 2016 21:03:04 by "java_re" with MS VC++ 10.0 (VS2010)

time: Fri Oct 14 16:36:21 2016
elapsed time: 10 seconds (0d 0h 0m 10s)

